1742585156054,cbs,1,init,11,jaber1,792847205,792847205,0,0,1IkXIOwbDZkJLCxsRdSsZ7a6uQWuqssK,
1742585156307,cbs,1,startup,11,jaber1,792847205,792847205,2.002,0.169,1IkXIOwbDZkJLCxsRdSsZ7a6uQWuqssK,
1742585156307,cbs,1,timer,11,jaber1,792847205,792847205,2.002,0.169,1IkXIOwbDZkJLCxsRdSsZ7a6uQWuqssK,
1742585156582,cbs,1,timer,11,jaber1,792847205,792847205,1.738,0.169,1IkXIOwbDZkJLCxsRdSsZ7a6uQWuqssK,
1742585156772,cbs,1,timer,11,jaber1,792847205,792847205,3.551,0.169,1IkXIOwbDZkJLCxsRdSsZ7a6uQWuqssK,
1742585157023,cbs,1,timer,11,jaber1,792847205,792847205,3.300,0.169,1IkXIOwbDZkJLCxsRdSsZ7a6uQWuqssK,
1742585157273,cbs,1,timer,11,jaber1,792847205,792847205,5.052,0.169,1IkXIOwbDZkJLCxsRdSsZ7a6uQWuqssK,
1742585157523,cbs,1,timer,11,jaber1,792847205,792847205,4.802,0.169,1IkXIOwbDZkJLCxsRdSsZ7a6uQWuqssK,
1742585157772,cbs,1,timer,11,jaber1,792847205,792847205,4.553,0.169,1IkXIOwbDZkJLCxsRdSsZ7a6uQWuqssK,
1742585158023,cbs,1,timer,11,jaber1,792847205,792847205,6.304,0.169,1IkXIOwbDZkJLCxsRdSsZ7a6uQWuqssK,
1742585158272,cbs,1,timer,11,jaber1,792847205,792847205,6.079,0.169,1IkXIOwbDZkJLCxsRdSsZ7a6uQWuqssK,
1742585158522,cbs,1,timer,11,jaber1,792847205,792847205,5.825,0.169,1IkXIOwbDZkJLCxsRdSsZ7a6uQWuqssK,
1742585158772,cbs,1,timer,11,jaber1,792847205,792847205,7.577,0.169,1IkXIOwbDZkJLCxsRdSsZ7a6uQWuqssK,
1742585159022,cbs,1,timer,11,jaber1,792847205,792847205,7.329,0.169,1IkXIOwbDZkJLCxsRdSsZ7a6uQWuqssK,
1742585159272,cbs,1,timer,11,jaber1,792847205,792847205,7.076,0.169,1IkXIOwbDZkJLCxsRdSsZ7a6uQWuqssK,
1742585159523,cbs,1,timer,11,jaber1,792847205,792847205,6.826,0.169,1IkXIOwbDZkJLCxsRdSsZ7a6uQWuqssK,
1742585159771,cbs,1,timer,11,jaber1,792847205,792847205,8.579,0.169,1IkXIOwbDZkJLCxsRdSsZ7a6uQWuqssK,
1742585160022,cbs,1,timer,11,jaber1,792847205,792847205,8.328,0.169,1IkXIOwbDZkJLCxsRdSsZ7a6uQWuqssK,
1742585160272,cbs,1,timer,11,jaber1,792847205,792847205,8.078,0.169,1IkXIOwbDZkJLCxsRdSsZ7a6uQWuqssK,
1742585160521,cbs,1,timer,11,jaber1,792847205,792847205,7.831,0.169,1IkXIOwbDZkJLCxsRdSsZ7a6uQWuqssK,
1742585160771,cbs,1,timer,11,jaber1,792847205,792847205,9.581,0.169,1IkXIOwbDZkJLCxsRdSsZ7a6uQWuqssK,
1742585161022,cbs,1,timer,11,jaber1,792847205,792847205,9.333,0.169,1IkXIOwbDZkJLCxsRdSsZ7a6uQWuqssK,
1742585161272,cbs,1,timer,11,jaber1,792847205,792847205,9.080,0.169,1IkXIOwbDZkJLCxsRdSsZ7a6uQWuqssK,
1742585161551,cbs,1,timer,11,jaber1,792847205,792847205,10.833,0.169,1IkXIOwbDZkJLCxsRdSsZ7a6uQWuqssK,
1742585161772,cbs,1,timer,11,jaber1,792847205,792847205,10.583,0.169,1IkXIOwbDZkJLCxsRdSsZ7a6uQWuqssK,
1742585162022,cbs,1,timer,11,jaber1,792847205,792847205,10.334,0.169,1IkXIOwbDZkJLCxsRdSsZ7a6uQWuqssK,
1742585162272,cbs,1,timer,11,jaber1,792847205,792847205,10.082,0.169,1IkXIOwbDZkJLCxsRdSsZ7a6uQWuqssK,
1742585162522,cbs,1,timer,11,jaber1,792847205,792847205,11.855,0.169,1IkXIOwbDZkJLCxsRdSsZ7a6uQWuqssK,
1742585162772,cbs,1,timer,11,jaber1,792847205,792847205,11.605,0.169,1IkXIOwbDZkJLCxsRdSsZ7a6uQWuqssK,
1742585163023,cbs,1,timer,11,jaber1,792847205,792847205,11.354,0.169,1IkXIOwbDZkJLCxsRdSsZ7a6uQWuqssK,
1742585163272,cbs,1,timer,11,jaber1,792847205,792847205,11.113,0.169,1IkXIOwbDZkJLCxsRdSsZ7a6uQWuqssK,
1742585163522,cbs,1,timer,11,jaber1,792847205,792847205,10.855,0.169,1IkXIOwbDZkJLCxsRdSsZ7a6uQWuqssK,
1742585163772,cbs,1,timer,11,jaber1,792847205,792847205,10.605,0.169,1IkXIOwbDZkJLCxsRdSsZ7a6uQWuqssK,
1742585164022,cbs,1,timer,11,jaber1,792847205,792847205,12.357,0.169,1IkXIOwbDZkJLCxsRdSsZ7a6uQWuqssK,
1742585164273,cbs,1,timer,11,jaber1,792847205,792847205,12.129,0.169,1IkXIOwbDZkJLCxsRdSsZ7a6uQWuqssK,
1742585164523,cbs,1,timer,11,jaber1,792847205,792847205,11.876,0.169,1IkXIOwbDZkJLCxsRdSsZ7a6uQWuqssK,
1742585164772,cbs,1,timer,11,jaber1,792847205,792847205,11.627,0.169,1IkXIOwbDZkJLCxsRdSsZ7a6uQWuqssK,
1742585165022,cbs,1,timer,11,jaber1,792847205,792847205,11.377,0.169,1IkXIOwbDZkJLCxsRdSsZ7a6uQWuqssK,
1742585165273,cbs,1,timer,11,jaber1,792847205,792847205,13.128,0.169,1IkXIOwbDZkJLCxsRdSsZ7a6uQWuqssK,
1742585165523,cbs,1,timer,11,jaber1,792847205,792847205,12.878,0.169,1IkXIOwbDZkJLCxsRdSsZ7a6uQWuqssK,
1742585165772,cbs,1,timer,11,jaber1,792847205,792847205,12.632,0.169,1IkXIOwbDZkJLCxsRdSsZ7a6uQWuqssK,
1742585166038,cbs,1,timer,11,jaber1,792847205,792847205,14.388,0.169,1IkXIOwbDZkJLCxsRdSsZ7a6uQWuqssK,
1742585166276,cbs,1,timer,11,jaber1,792847205,792847205,14.127,0.169,1IkXIOwbDZkJLCxsRdSsZ7a6uQWuqssK,
1742585166524,cbs,1,timer,11,jaber1,792847205,792847205,13.913,0.169,1IkXIOwbDZkJLCxsRdSsZ7a6uQWuqssK,
1742585166771,cbs,1,timer,11,jaber1,792847205,792847205,13.651,0.169,1IkXIOwbDZkJLCxsRdSsZ7a6uQWuqssK,
1742585167023,cbs,1,timer,11,jaber1,792847205,792847205,13.404,0.169,1IkXIOwbDZkJLCxsRdSsZ7a6uQWuqssK,
1742585167276,cbs,1,timer,11,jaber1,792847205,792847205,15.149,0.169,1IkXIOwbDZkJLCxsRdSsZ7a6uQWuqssK,
1742585167524,cbs,1,timer,11,jaber1,792847205,792847205,14.901,0.169,1IkXIOwbDZkJLCxsRdSsZ7a6uQWuqssK,
1742585167771,cbs,1,timer,11,jaber1,792847205,792847205,14.653,0.169,1IkXIOwbDZkJLCxsRdSsZ7a6uQWuqssK,
1742585168022,cbs,1,timer,11,jaber1,792847205,792847205,14.402,0.169,1IkXIOwbDZkJLCxsRdSsZ7a6uQWuqssK,
1742585168273,cbs,1,timer,11,jaber1,792847205,792847205,14.152,0.169,1IkXIOwbDZkJLCxsRdSsZ7a6uQWuqssK,
1742585168524,cbs,1,timer,11,jaber1,792847205,792847205,15.903,0.169,1IkXIOwbDZkJLCxsRdSsZ7a6uQWuqssK,
1742585168772,cbs,1,timer,11,jaber1,792847205,792847205,15.655,0.169,1IkXIOwbDZkJLCxsRdSsZ7a6uQWuqssK,
1742585169028,cbs,1,timer,11,jaber1,792847205,792847205,15.404,0.169,1IkXIOwbDZkJLCxsRdSsZ7a6uQWuqssK,
1742585169277,cbs,1,timer,11,jaber1,792847205,792847205,15.150,0.169,1IkXIOwbDZkJLCxsRdSsZ7a6uQWuqssK,
1742585169524,cbs,1,timer,11,jaber1,792847205,792847205,14.907,0.169,1IkXIOwbDZkJLCxsRdSsZ7a6uQWuqssK,
1742585169772,cbs,1,timer,11,jaber1,792847205,792847205,14.655,0.169,1IkXIOwbDZkJLCxsRdSsZ7a6uQWuqssK,
1742585170022,cbs,1,timer,11,jaber1,792847205,792847205,14.405,0.169,1IkXIOwbDZkJLCxsRdSsZ7a6uQWuqssK,
1742585170272,cbs,1,timer,11,jaber1,792847205,792847205,14.156,0.169,1IkXIOwbDZkJLCxsRdSsZ7a6uQWuqssK,
1742585170522,cbs,1,timer,11,jaber1,792847205,792847205,13.913,0.169,1IkXIOwbDZkJLCxsRdSsZ7a6uQWuqssK,
1742585170772,cbs,1,timer,11,jaber1,792847205,792847205,15.657,0.169,1IkXIOwbDZkJLCxsRdSsZ7a6uQWuqssK,
1742585171028,cbs,1,timer,11,jaber1,792847205,792847205,15.407,0.169,1IkXIOwbDZkJLCxsRdSsZ7a6uQWuqssK,
1742585171276,cbs,1,timer,11,jaber1,792847205,792847205,15.153,0.169,1IkXIOwbDZkJLCxsRdSsZ7a6uQWuqssK,
1742585171524,cbs,1,timer,11,jaber1,792847205,792847205,14.909,0.169,1IkXIOwbDZkJLCxsRdSsZ7a6uQWuqssK,
1742585171772,cbs,1,timer,11,jaber1,792847205,792847205,14.657,0.169,1IkXIOwbDZkJLCxsRdSsZ7a6uQWuqssK,
1742585172021,cbs,1,timer,11,jaber1,792847205,792847205,14.420,0.169,1IkXIOwbDZkJLCxsRdSsZ7a6uQWuqssK,
1742585172271,cbs,1,timer,11,jaber1,792847205,792847205,14.157,0.169,1IkXIOwbDZkJLCxsRdSsZ7a6uQWuqssK,
1742585172524,cbs,1,timer,11,jaber1,792847205,792847205,15.911,0.169,1IkXIOwbDZkJLCxsRdSsZ7a6uQWuqssK,
1742585172772,cbs,1,timer,11,jaber1,792847205,792847205,15.659,0.169,1IkXIOwbDZkJLCxsRdSsZ7a6uQWuqssK,
1742585173028,cbs,1,timer,11,jaber1,792847205,792847205,15.406,0.169,1IkXIOwbDZkJLCxsRdSsZ7a6uQWuqssK,
1742585173276,cbs,1,timer,11,jaber1,792847205,792847205,15.155,0.169,1IkXIOwbDZkJLCxsRdSsZ7a6uQWuqssK,
1742585173524,cbs,1,timer,11,jaber1,792847205,792847205,14.911,0.169,1IkXIOwbDZkJLCxsRdSsZ7a6uQWuqssK,
1742585173772,cbs,1,timer,11,jaber1,792847205,792847205,14.659,0.169,1IkXIOwbDZkJLCxsRdSsZ7a6uQWuqssK,
1742585174028,cbs,1,timer,11,jaber1,792847205,792847205,14.407,0.169,1IkXIOwbDZkJLCxsRdSsZ7a6uQWuqssK,
1742585174272,cbs,1,timer,11,jaber1,792847205,792847205,14.159,0.169,1IkXIOwbDZkJLCxsRdSsZ7a6uQWuqssK,
1742585174524,cbs,1,timer,11,jaber1,792847205,792847205,13.911,0.169,1IkXIOwbDZkJLCxsRdSsZ7a6uQWuqssK,
1742585174772,cbs,1,timer,11,jaber1,792847205,792847205,13.659,0.169,1IkXIOwbDZkJLCxsRdSsZ7a6uQWuqssK,
1742585175022,cbs,1,timer,11,jaber1,792847205,792847205,13.412,0.169,1IkXIOwbDZkJLCxsRdSsZ7a6uQWuqssK,
1742585175272,cbs,1,timer,11,jaber1,792847205,792847205,15.205,0.169,1IkXIOwbDZkJLCxsRdSsZ7a6uQWuqssK,
1742585175524,cbs,1,timer,11,jaber1,792847205,792847205,14.950,0.169,1IkXIOwbDZkJLCxsRdSsZ7a6uQWuqssK,
1742585175772,cbs,1,timer,11,jaber1,792847205,792847205,14.710,0.169,1IkXIOwbDZkJLCxsRdSsZ7a6uQWuqssK,
1742585176028,cbs,1,timer,11,jaber1,792847205,792847205,14.446,0.169,1IkXIOwbDZkJLCxsRdSsZ7a6uQWuqssK,
1742585176273,cbs,1,timer,11,jaber1,792847205,792847205,14.200,0.169,1IkXIOwbDZkJLCxsRdSsZ7a6uQWuqssK,
1742585176523,cbs,1,timer,11,jaber1,792847205,792847205,13.970,0.169,1IkXIOwbDZkJLCxsRdSsZ7a6uQWuqssK,
1742585176772,cbs,1,timer,11,jaber1,792847205,792847205,13.721,0.169,1IkXIOwbDZkJLCxsRdSsZ7a6uQWuqssK,
1742585177028,cbs,1,timer,11,jaber1,792847205,792847205,15.471,0.169,1IkXIOwbDZkJLCxsRdSsZ7a6uQWuqssK,
1742585177276,cbs,1,timer,11,jaber1,792847205,792847205,15.218,0.169,1IkXIOwbDZkJLCxsRdSsZ7a6uQWuqssK,
1742585177524,cbs,1,timer,11,jaber1,792847205,792847205,14.976,0.169,1IkXIOwbDZkJLCxsRdSsZ7a6uQWuqssK,
1742585177772,cbs,1,timer,11,jaber1,792847205,792847205,14.723,0.169,1IkXIOwbDZkJLCxsRdSsZ7a6uQWuqssK,
1742585178028,cbs,1,timer,11,jaber1,792847205,792847205,14.470,0.169,1IkXIOwbDZkJLCxsRdSsZ7a6uQWuqssK,
1742585178272,cbs,1,timer,11,jaber1,792847205,792847205,14.222,0.169,1IkXIOwbDZkJLCxsRdSsZ7a6uQWuqssK,
1742585178522,cbs,1,timer,11,jaber1,792847205,792847205,13.993,0.169,1IkXIOwbDZkJLCxsRdSsZ7a6uQWuqssK,
1742585178772,cbs,1,timer,11,jaber1,792847205,792847205,13.743,0.169,1IkXIOwbDZkJLCxsRdSsZ7a6uQWuqssK,
1742585179028,cbs,1,timer,11,jaber1,792847205,792847205,15.492,0.169,1IkXIOwbDZkJLCxsRdSsZ7a6uQWuqssK,
1742585179276,cbs,1,timer,11,jaber1,792847205,792847205,15.246,0.169,1IkXIOwbDZkJLCxsRdSsZ7a6uQWuqssK,
1742585179524,cbs,1,timer,11,jaber1,792847205,792847205,15.000,0.169,1IkXIOwbDZkJLCxsRdSsZ7a6uQWuqssK,
1742585179772,cbs,1,timer,11,jaber1,792847205,792847205,14.745,0.169,1IkXIOwbDZkJLCxsRdSsZ7a6uQWuqssK,
1742585180023,cbs,1,timer,11,jaber1,792847205,792847205,14.497,0.169,1IkXIOwbDZkJLCxsRdSsZ7a6uQWuqssK,
1742585180271,cbs,1,timer,11,jaber1,792847205,792847205,14.247,0.169,1IkXIOwbDZkJLCxsRdSsZ7a6uQWuqssK,
1742585180522,cbs,1,timer,11,jaber1,792847205,792847205,14.018,0.169,1IkXIOwbDZkJLCxsRdSsZ7a6uQWuqssK,
1742585180772,cbs,1,timer,11,jaber1,792847205,792847205,15.768,0.169,1IkXIOwbDZkJLCxsRdSsZ7a6uQWuqssK,
1742585181028,cbs,1,timer,11,jaber1,792847205,792847205,15.519,0.169,1IkXIOwbDZkJLCxsRdSsZ7a6uQWuqssK,
1742585181276,cbs,1,timer,11,jaber1,792847205,792847205,15.263,0.169,1IkXIOwbDZkJLCxsRdSsZ7a6uQWuqssK,
1742585181524,cbs,1,timer,11,jaber1,792847205,792847205,15.018,0.169,1IkXIOwbDZkJLCxsRdSsZ7a6uQWuqssK,
1742585181772,cbs,1,timer,11,jaber1,792847205,792847205,14.767,0.169,1IkXIOwbDZkJLCxsRdSsZ7a6uQWuqssK,
1742585182028,cbs,1,timer,11,jaber1,792847205,792847205,14.519,0.169,1IkXIOwbDZkJLCxsRdSsZ7a6uQWuqssK,
1742585182273,cbs,1,timer,11,jaber1,792847205,792847205,14.266,0.169,1IkXIOwbDZkJLCxsRdSsZ7a6uQWuqssK,
1742585182521,cbs,1,timer,11,jaber1,792847205,792847205,14.045,0.169,1IkXIOwbDZkJLCxsRdSsZ7a6uQWuqssK,
1742585182772,cbs,1,timer,11,jaber1,792847205,792847205,13.787,0.169,1IkXIOwbDZkJLCxsRdSsZ7a6uQWuqssK,
1742585183023,cbs,1,timer,11,jaber1,792847205,792847205,13.543,0.169,1IkXIOwbDZkJLCxsRdSsZ7a6uQWuqssK,
1742585183276,cbs,1,timer,11,jaber1,792847205,792847205,13.283,0.169,1IkXIOwbDZkJLCxsRdSsZ7a6uQWuqssK,
1742585183524,cbs,1,timer,11,jaber1,792847205,792847205,13.039,0.169,1IkXIOwbDZkJLCxsRdSsZ7a6uQWuqssK,
1742585183793,cbs,1,timer,11,jaber1,792847205,792847205,14.789,0.169,1IkXIOwbDZkJLCxsRdSsZ7a6uQWuqssK,
1742585184028,cbs,1,timer,11,jaber1,792847205,792847205,14.536,0.169,1IkXIOwbDZkJLCxsRdSsZ7a6uQWuqssK,
1742585184276,cbs,1,timer,11,jaber1,792847205,792847205,14.285,0.169,1IkXIOwbDZkJLCxsRdSsZ7a6uQWuqssK,
1742585184521,cbs,1,timer,11,jaber1,792847205,792847205,14.063,0.169,1IkXIOwbDZkJLCxsRdSsZ7a6uQWuqssK,
1742585184772,cbs,1,timer,11,jaber1,792847205,792847205,13.809,0.169,1IkXIOwbDZkJLCxsRdSsZ7a6uQWuqssK,
1742585185022,cbs,1,timer,11,jaber1,792847205,792847205,13.562,0.169,1IkXIOwbDZkJLCxsRdSsZ7a6uQWuqssK,
1742585185272,cbs,1,timer,11,jaber1,792847205,792847205,13.311,0.169,1IkXIOwbDZkJLCxsRdSsZ7a6uQWuqssK,
1742585185521,cbs,1,timer,11,jaber1,792847205,792847205,15.069,0.169,1IkXIOwbDZkJLCxsRdSsZ7a6uQWuqssK,
1742585185772,cbs,1,timer,11,jaber1,792847205,792847205,14.811,0.169,1IkXIOwbDZkJLCxsRdSsZ7a6uQWuqssK,
1742585186022,cbs,1,timer,11,jaber1,792847205,792847205,14.564,0.169,1IkXIOwbDZkJLCxsRdSsZ7a6uQWuqssK,
1742585186276,cbs,1,timer,11,jaber1,792847205,792847205,14.310,0.169,1IkXIOwbDZkJLCxsRdSsZ7a6uQWuqssK,
1742585186522,cbs,1,timer,11,jaber1,792847205,792847205,14.080,0.169,1IkXIOwbDZkJLCxsRdSsZ7a6uQWuqssK,
1742585186772,cbs,1,timer,11,jaber1,792847205,792847205,13.833,0.169,1IkXIOwbDZkJLCxsRdSsZ7a6uQWuqssK,
1742585187028,cbs,1,timer,11,jaber1,792847205,792847205,13.582,0.169,1IkXIOwbDZkJLCxsRdSsZ7a6uQWuqssK,
1742585187276,cbs,1,timer,11,jaber1,792847205,792847205,15.329,0.169,1IkXIOwbDZkJLCxsRdSsZ7a6uQWuqssK,
1742585187524,cbs,1,timer,11,jaber1,792847205,792847205,15.083,0.169,1IkXIOwbDZkJLCxsRdSsZ7a6uQWuqssK,
1742585187772,cbs,1,timer,11,jaber1,792847205,792847205,14.835,0.169,1IkXIOwbDZkJLCxsRdSsZ7a6uQWuqssK,
1742585188022,cbs,1,timer,11,jaber1,792847205,792847205,14.590,0.169,1IkXIOwbDZkJLCxsRdSsZ7a6uQWuqssK,
1742585188272,cbs,1,timer,11,jaber1,792847205,792847205,14.332,0.169,1IkXIOwbDZkJLCxsRdSsZ7a6uQWuqssK,
1742585188524,cbs,1,timer,11,jaber1,792847205,792847205,14.102,0.169,1IkXIOwbDZkJLCxsRdSsZ7a6uQWuqssK,
1742585188771,cbs,1,timer,11,jaber1,792847205,792847205,13.853,0.169,1IkXIOwbDZkJLCxsRdSsZ7a6uQWuqssK,
1742585189028,cbs,1,timer,11,jaber1,792847205,792847205,15.602,0.169,1IkXIOwbDZkJLCxsRdSsZ7a6uQWuqssK,
1742585189276,cbs,1,timer,11,jaber1,792847205,792847205,15.351,0.169,1IkXIOwbDZkJLCxsRdSsZ7a6uQWuqssK,
1742585189524,cbs,1,timer,11,jaber1,792847205,792847205,15.107,0.169,1IkXIOwbDZkJLCxsRdSsZ7a6uQWuqssK,
1742585189772,cbs,1,timer,11,jaber1,792847205,792847205,14.855,0.169,1IkXIOwbDZkJLCxsRdSsZ7a6uQWuqssK,
1742585190028,cbs,1,timer,11,jaber1,792847205,792847205,14.601,0.169,1IkXIOwbDZkJLCxsRdSsZ7a6uQWuqssK,
1742585190276,cbs,1,timer,11,jaber1,792847205,792847205,14.351,0.169,1IkXIOwbDZkJLCxsRdSsZ7a6uQWuqssK,
1742585190522,cbs,1,timer,11,jaber1,792847205,792847205,14.123,0.169,1IkXIOwbDZkJLCxsRdSsZ7a6uQWuqssK,
1742585190771,cbs,1,timer,11,jaber1,792847205,792847205,13.855,0.169,1IkXIOwbDZkJLCxsRdSsZ7a6uQWuqssK,
1742585191028,cbs,1,timer,11,jaber1,792847205,792847205,15.604,0.169,1IkXIOwbDZkJLCxsRdSsZ7a6uQWuqssK,
1742585191276,cbs,1,timer,11,jaber1,792847205,792847205,15.353,0.169,1IkXIOwbDZkJLCxsRdSsZ7a6uQWuqssK,
1742585191524,cbs,1,timer,11,jaber1,792847205,792847205,15.108,0.169,1IkXIOwbDZkJLCxsRdSsZ7a6uQWuqssK,
1742585191775,cbs,1,timer,11,jaber1,792847205,792847205,14.857,0.169,1IkXIOwbDZkJLCxsRdSsZ7a6uQWuqssK,
1742585192023,cbs,1,timer,11,jaber1,792847205,792847205,14.608,0.169,1IkXIOwbDZkJLCxsRdSsZ7a6uQWuqssK,
1742585192272,cbs,1,timer,11,jaber1,792847205,792847205,14.367,0.169,1IkXIOwbDZkJLCxsRdSsZ7a6uQWuqssK,
1742585192524,cbs,1,timer,11,jaber1,792847205,792847205,16.110,0.169,1IkXIOwbDZkJLCxsRdSsZ7a6uQWuqssK,
1742585192772,cbs,1,timer,11,jaber1,792847205,792847205,15.859,0.169,1IkXIOwbDZkJLCxsRdSsZ7a6uQWuqssK,
1742585193028,cbs,1,timer,11,jaber1,792847205,792847205,15.605,0.169,1IkXIOwbDZkJLCxsRdSsZ7a6uQWuqssK,
1742585193276,cbs,1,timer,11,jaber1,792847205,792847205,15.357,0.169,1IkXIOwbDZkJLCxsRdSsZ7a6uQWuqssK,
1742585193524,cbs,1,timer,11,jaber1,792847205,792847205,15.113,0.169,1IkXIOwbDZkJLCxsRdSsZ7a6uQWuqssK,
1742585193772,cbs,1,timer,11,jaber1,792847205,792847205,14.859,0.169,1IkXIOwbDZkJLCxsRdSsZ7a6uQWuqssK,
1742585194022,cbs,1,timer,11,jaber1,792847205,792847205,14.611,0.169,1IkXIOwbDZkJLCxsRdSsZ7a6uQWuqssK,
1742585194273,cbs,1,timer,11,jaber1,792847205,792847205,14.359,0.169,1IkXIOwbDZkJLCxsRdSsZ7a6uQWuqssK,
1742585194522,cbs,1,timer,11,jaber1,792847205,792847205,14.109,0.169,1IkXIOwbDZkJLCxsRdSsZ7a6uQWuqssK,
1742585194772,cbs,1,timer,11,jaber1,792847205,792847205,15.881,0.169,1IkXIOwbDZkJLCxsRdSsZ7a6uQWuqssK,
1742585195028,cbs,1,timer,11,jaber1,792847205,792847205,15.628,0.169,1IkXIOwbDZkJLCxsRdSsZ7a6uQWuqssK,
1742585195276,cbs,1,timer,11,jaber1,792847205,792847205,15.379,0.169,1IkXIOwbDZkJLCxsRdSsZ7a6uQWuqssK,
1742585195524,cbs,1,timer,11,jaber1,792847205,792847205,15.132,0.169,1IkXIOwbDZkJLCxsRdSsZ7a6uQWuqssK,
1742585195772,cbs,1,timer,11,jaber1,792847205,792847205,14.881,0.169,1IkXIOwbDZkJLCxsRdSsZ7a6uQWuqssK,
1742585196022,cbs,1,timer,11,jaber1,792847205,792847205,14.643,0.169,1IkXIOwbDZkJLCxsRdSsZ7a6uQWuqssK,
1742585196274,cbs,1,timer,11,jaber1,792847205,792847205,14.378,0.169,1IkXIOwbDZkJLCxsRdSsZ7a6uQWuqssK,
1742585196522,cbs,1,timer,11,jaber1,792847205,792847205,14.140,0.169,1IkXIOwbDZkJLCxsRdSsZ7a6uQWuqssK,
1742585196772,cbs,1,timer,11,jaber1,792847205,792847205,13.904,0.169,1IkXIOwbDZkJLCxsRdSsZ7a6uQWuqssK,
1742585197024,cbs,1,timer,11,jaber1,792847205,792847205,13.655,0.169,1IkXIOwbDZkJLCxsRdSsZ7a6uQWuqssK,
1742585197276,cbs,1,timer,11,jaber1,792847205,792847205,15.399,0.169,1IkXIOwbDZkJLCxsRdSsZ7a6uQWuqssK,
1742585197524,cbs,1,timer,11,jaber1,792847205,792847205,15.153,0.169,1IkXIOwbDZkJLCxsRdSsZ7a6uQWuqssK,
1742585197772,cbs,1,timer,11,jaber1,792847205,792847205,14.906,0.169,1IkXIOwbDZkJLCxsRdSsZ7a6uQWuqssK,
1742585198022,cbs,1,timer,11,jaber1,792847205,792847205,14.659,0.169,1IkXIOwbDZkJLCxsRdSsZ7a6uQWuqssK,
1742585198271,cbs,1,timer,11,jaber1,792847205,792847205,14.403,0.169,1IkXIOwbDZkJLCxsRdSsZ7a6uQWuqssK,
1742585198522,cbs,1,timer,11,jaber1,792847205,792847205,14.160,0.169,1IkXIOwbDZkJLCxsRdSsZ7a6uQWuqssK,
1742585198772,cbs,1,timer,11,jaber1,792847205,792847205,13.903,0.169,1IkXIOwbDZkJLCxsRdSsZ7a6uQWuqssK,
1742585199028,cbs,1,timer,11,jaber1,792847205,792847205,15.651,0.169,1IkXIOwbDZkJLCxsRdSsZ7a6uQWuqssK,
1742585199276,cbs,1,timer,11,jaber1,792847205,792847205,15.401,0.169,1IkXIOwbDZkJLCxsRdSsZ7a6uQWuqssK,
1742585199524,cbs,1,timer,11,jaber1,792847205,792847205,15.157,0.169,1IkXIOwbDZkJLCxsRdSsZ7a6uQWuqssK,
1742585199772,cbs,1,timer,11,jaber1,792847205,792847205,14.905,0.169,1IkXIOwbDZkJLCxsRdSsZ7a6uQWuqssK,
1742585200028,cbs,1,timer,11,jaber1,792847205,792847205,14.652,0.169,1IkXIOwbDZkJLCxsRdSsZ7a6uQWuqssK,
1742585200276,cbs,1,timer,11,jaber1,792847205,792847205,14.401,0.169,1IkXIOwbDZkJLCxsRdSsZ7a6uQWuqssK,
1742585200522,cbs,1,timer,11,jaber1,792847205,792847205,14.161,0.169,1IkXIOwbDZkJLCxsRdSsZ7a6uQWuqssK,
1742585200772,cbs,1,timer,11,jaber1,792847205,792847205,13.925,0.169,1IkXIOwbDZkJLCxsRdSsZ7a6uQWuqssK,
1742585201028,cbs,1,timer,11,jaber1,792847205,792847205,13.673,0.169,1IkXIOwbDZkJLCxsRdSsZ7a6uQWuqssK,
1742585201276,cbs,1,timer,11,jaber1,792847205,792847205,15.423,0.169,1IkXIOwbDZkJLCxsRdSsZ7a6uQWuqssK,
1742585201524,cbs,1,timer,11,jaber1,792847205,792847205,15.180,0.169,1IkXIOwbDZkJLCxsRdSsZ7a6uQWuqssK,
1742585201772,cbs,1,timer,11,jaber1,792847205,792847205,14.927,0.169,1IkXIOwbDZkJLCxsRdSsZ7a6uQWuqssK,
1742585202022,cbs,1,timer,11,jaber1,792847205,792847205,14.683,0.169,1IkXIOwbDZkJLCxsRdSsZ7a6uQWuqssK,
1742585202272,cbs,1,timer,11,jaber1,792847205,792847205,14.427,0.169,1IkXIOwbDZkJLCxsRdSsZ7a6uQWuqssK,
1742585202522,cbs,1,timer,11,jaber1,792847205,792847205,14.180,0.169,1IkXIOwbDZkJLCxsRdSsZ7a6uQWuqssK,
1742585202772,cbs,1,timer,11,jaber1,792847205,792847205,15.929,0.169,1IkXIOwbDZkJLCxsRdSsZ7a6uQWuqssK,
1742585203028,cbs,1,timer,11,jaber1,792847205,792847205,15.675,0.169,1IkXIOwbDZkJLCxsRdSsZ7a6uQWuqssK,
1742585203276,cbs,1,timer,11,jaber1,792847205,792847205,15.427,0.169,1IkXIOwbDZkJLCxsRdSsZ7a6uQWuqssK,
1742585203524,cbs,1,timer,11,jaber1,792847205,792847205,15.183,0.169,1IkXIOwbDZkJLCxsRdSsZ7a6uQWuqssK,
1742585203772,cbs,1,timer,11,jaber1,792847205,792847205,14.929,0.169,1IkXIOwbDZkJLCxsRdSsZ7a6uQWuqssK,
1742585204022,cbs,1,timer,11,jaber1,792847205,792847205,14.681,0.169,1IkXIOwbDZkJLCxsRdSsZ7a6uQWuqssK,
1742585204274,cbs,1,timer,11,jaber1,792847205,792847205,14.435,0.169,1IkXIOwbDZkJLCxsRdSsZ7a6uQWuqssK,
1742585204524,cbs,1,timer,11,jaber1,792847205,792847205,14.179,0.169,1IkXIOwbDZkJLCxsRdSsZ7a6uQWuqssK,
1742585204772,cbs,1,timer,11,jaber1,792847205,792847205,15.951,0.169,1IkXIOwbDZkJLCxsRdSsZ7a6uQWuqssK,
1742585205028,cbs,1,timer,11,jaber1,792847205,792847205,15.698,0.169,1IkXIOwbDZkJLCxsRdSsZ7a6uQWuqssK,
1742585205276,cbs,1,timer,11,jaber1,792847205,792847205,15.447,0.169,1IkXIOwbDZkJLCxsRdSsZ7a6uQWuqssK,
1742585205524,cbs,1,timer,11,jaber1,792847205,792847205,15.202,0.169,1IkXIOwbDZkJLCxsRdSsZ7a6uQWuqssK,
1742585205772,cbs,1,timer,11,jaber1,792847205,792847205,14.951,0.169,1IkXIOwbDZkJLCxsRdSsZ7a6uQWuqssK,
1742585206025,cbs,1,timer,11,jaber1,792847205,792847205,14.702,0.169,1IkXIOwbDZkJLCxsRdSsZ7a6uQWuqssK,
1742585206273,cbs,1,timer,11,jaber1,792847205,792847205,14.450,0.169,1IkXIOwbDZkJLCxsRdSsZ7a6uQWuqssK,
1742585206524,cbs,1,timer,11,jaber1,792847205,792847205,14.202,0.169,1IkXIOwbDZkJLCxsRdSsZ7a6uQWuqssK,
1742585206772,cbs,1,timer,11,jaber1,792847205,792847205,13.951,0.169,1IkXIOwbDZkJLCxsRdSsZ7a6uQWuqssK,
1742585207023,cbs,1,timer,11,jaber1,792847205,792847205,13.703,0.169,1IkXIOwbDZkJLCxsRdSsZ7a6uQWuqssK,
