1742585156054,cbs,1,11,jaber1,792847205,792847205,11,0,79808,179450,17767,0.000,0.000,1IkXIOwbDZkJLCxsRdSsZ7a6uQWuqssK,,0
1742585156255,cbs,1,11,jaber1,792847205,792847205,49,0,332,45049,716825,2.002,0.000,1IkXIOwbDZkJLCxsRdSsZ7a6uQWuqssK,,0
1742585156455,cbs,1,11,jaber1,792847205,792847205,53,53,332,116868,716825,2.002,0.169,1IkXIOwbDZkJLCxsRdSsZ7a6uQWuqssK,,0
1742585156655,cbs,1,11,jaber1,792847205,792847205,24,2,332,111703,567034,1.737,0.169,1IkXIOwbDZkJLCxsRdSsZ7a6uQWuqssK,,0
1742585156855,cbs,1,11,jaber1,792847205,792847205,18,18,332,46546,593151,3.492,0.169,1IkXIOwbDZkJLCxsRdSsZ7a6uQWuqssK,,0
1742585157055,cbs,1,11,jaber1,792847205,792847205,10,10,332,21813,712562,3.300,0.169,1IkXIOwbDZkJLCxsRdSsZ7a6uQWuqssK,,0
1742585157256,cbs,1,11,jaber1,792847205,792847205,10,8,332,18548,716252,5.194,0.169,1IkXIOwbDZkJLCxsRdSsZ7a6uQWuqssK,,0
1742585157456,cbs,1,11,jaber1,792847205,792847205,10,10,332,47712,161540,5.052,0.169,1IkXIOwbDZkJLCxsRdSsZ7a6uQWuqssK,,0
1742585157656,cbs,1,11,jaber1,792847205,792847205,12,12,332,20919,717030,4.773,0.169,1IkXIOwbDZkJLCxsRdSsZ7a6uQWuqssK,,0
1742585157856,cbs,1,11,jaber1,792847205,792847205,10,10,332,21127,640000,4.488,0.169,1IkXIOwbDZkJLCxsRdSsZ7a6uQWuqssK,,0
1742585158056,cbs,1,11,jaber1,792847205,792847205,18,18,332,36076,674973,6.304,0.169,1IkXIOwbDZkJLCxsRdSsZ7a6uQWuqssK,,0
1742585158257,cbs,1,11,jaber1,792847205,792847205,20,20,332,35629,712821,6.106,0.169,1IkXIOwbDZkJLCxsRdSsZ7a6uQWuqssK,,0
1742585158457,cbs,1,11,jaber1,792847205,792847205,12,12,332,29275,607124,5.912,0.169,1IkXIOwbDZkJLCxsRdSsZ7a6uQWuqssK,,0
1742585158657,cbs,1,11,jaber1,792847205,792847205,10,10,332,20544,711276,7.727,0.169,1IkXIOwbDZkJLCxsRdSsZ7a6uQWuqssK,,0
1742585158857,cbs,1,11,jaber1,792847205,792847205,10,10,332,41434,154768,7.519,0.169,1IkXIOwbDZkJLCxsRdSsZ7a6uQWuqssK,,0
1742585159058,cbs,1,11,jaber1,792847205,792847205,10,10,332,21296,637940,7.329,0.169,1IkXIOwbDZkJLCxsRdSsZ7a6uQWuqssK,,0
1742585159258,cbs,1,11,jaber1,792847205,792847205,10,10,332,31211,630066,7.099,0.169,1IkXIOwbDZkJLCxsRdSsZ7a6uQWuqssK,,0
1742585159458,cbs,1,11,jaber1,792847205,792847205,12,10,332,21523,594848,6.953,0.169,1IkXIOwbDZkJLCxsRdSsZ7a6uQWuqssK,,0
1742585159658,cbs,1,11,jaber1,792847205,792847205,14,0,332,25442,426524,8.707,0.169,1IkXIOwbDZkJLCxsRdSsZ7a6uQWuqssK,,0
1742585159858,cbs,1,11,jaber1,792847205,792847205,10,10,332,25314,703198,8.529,0.169,1IkXIOwbDZkJLCxsRdSsZ7a6uQWuqssK,,0
1742585160059,cbs,1,11,jaber1,792847205,792847205,10,10,332,20618,711133,8.328,0.169,1IkXIOwbDZkJLCxsRdSsZ7a6uQWuqssK,,0
1742585160259,cbs,1,11,jaber1,792847205,792847205,12,12,332,20263,716161,8.096,0.169,1IkXIOwbDZkJLCxsRdSsZ7a6uQWuqssK,,0
1742585160459,cbs,1,11,jaber1,792847205,792847205,10,10,332,19823,716958,7.948,0.169,1IkXIOwbDZkJLCxsRdSsZ7a6uQWuqssK,,0
1742585160659,cbs,1,11,jaber1,792847205,792847205,12,12,332,22249,716432,9.797,0.169,1IkXIOwbDZkJLCxsRdSsZ7a6uQWuqssK,,0
1742585160859,cbs,1,11,jaber1,792847205,792847205,10,10,332,22376,555207,9.581,0.169,1IkXIOwbDZkJLCxsRdSsZ7a6uQWuqssK,,0
1742585161060,cbs,1,11,jaber1,792847205,792847205,10,10,332,20303,715908,9.330,0.169,1IkXIOwbDZkJLCxsRdSsZ7a6uQWuqssK,,0
1742585161260,cbs,1,11,jaber1,792847205,792847205,10,10,332,20615,716372,9.183,0.169,1IkXIOwbDZkJLCxsRdSsZ7a6uQWuqssK,,0
1742585161460,cbs,1,11,jaber1,792847205,792847205,10,10,332,20963,689856,9.034,0.169,1IkXIOwbDZkJLCxsRdSsZ7a6uQWuqssK,,0
1742585161660,cbs,1,11,jaber1,792847205,792847205,10,10,332,20592,706632,10.779,0.169,1IkXIOwbDZkJLCxsRdSsZ7a6uQWuqssK,,0
1742585161861,cbs,1,11,jaber1,792847205,792847205,10,10,332,19938,568963,10.583,0.169,1IkXIOwbDZkJLCxsRdSsZ7a6uQWuqssK,,0
1742585162061,cbs,1,11,jaber1,792847205,792847205,10,10,332,20794,717284,10.334,0.169,1IkXIOwbDZkJLCxsRdSsZ7a6uQWuqssK,,0
1742585162261,cbs,1,11,jaber1,792847205,792847205,10,10,332,20214,710705,10.203,0.169,1IkXIOwbDZkJLCxsRdSsZ7a6uQWuqssK,,0
1742585162461,cbs,1,11,jaber1,792847205,792847205,11,0,332,20873,534466,11.936,0.169,1IkXIOwbDZkJLCxsRdSsZ7a6uQWuqssK,,0
1742585162661,cbs,1,11,jaber1,792847205,792847205,10,10,332,20939,710776,11.763,0.169,1IkXIOwbDZkJLCxsRdSsZ7a6uQWuqssK,,0
1742585162862,cbs,1,11,jaber1,792847205,792847205,10,10,332,20387,709958,11.605,0.169,1IkXIOwbDZkJLCxsRdSsZ7a6uQWuqssK,,0
1742585163062,cbs,1,11,jaber1,792847205,792847205,10,10,332,20199,710883,11.335,0.169,1IkXIOwbDZkJLCxsRdSsZ7a6uQWuqssK,,0
1742585163262,cbs,1,11,jaber1,792847205,792847205,10,10,332,20258,715944,11.189,0.169,1IkXIOwbDZkJLCxsRdSsZ7a6uQWuqssK,,0
1742585163462,cbs,1,11,jaber1,792847205,792847205,10,10,332,20293,707973,11.053,0.169,1IkXIOwbDZkJLCxsRdSsZ7a6uQWuqssK,,0
1742585163663,cbs,1,11,jaber1,792847205,792847205,10,10,332,20991,716463,10.761,0.169,1IkXIOwbDZkJLCxsRdSsZ7a6uQWuqssK,,0
1742585163863,cbs,1,11,jaber1,792847205,792847205,12,12,332,20212,716523,10.605,0.169,1IkXIOwbDZkJLCxsRdSsZ7a6uQWuqssK,,0
1742585164063,cbs,1,11,jaber1,792847205,792847205,10,10,332,22331,625606,12.357,0.169,1IkXIOwbDZkJLCxsRdSsZ7a6uQWuqssK,,0
1742585164263,cbs,1,11,jaber1,792847205,792847205,10,10,332,58443,163546,12.357,0.169,1IkXIOwbDZkJLCxsRdSsZ7a6uQWuqssK,,0
1742585164463,cbs,1,11,jaber1,792847205,792847205,12,6,332,18979,716583,11.975,0.169,1IkXIOwbDZkJLCxsRdSsZ7a6uQWuqssK,,0
1742585164664,cbs,1,11,jaber1,792847205,792847205,14,14,332,22476,461678,11.825,0.169,1IkXIOwbDZkJLCxsRdSsZ7a6uQWuqssK,,0
1742585164864,cbs,1,11,jaber1,792847205,792847205,14,14,332,26450,639660,11.627,0.169,1IkXIOwbDZkJLCxsRdSsZ7a6uQWuqssK,,0
1742585165064,cbs,1,11,jaber1,792847205,792847205,10,10,332,30677,711454,11.377,0.169,1IkXIOwbDZkJLCxsRdSsZ7a6uQWuqssK,,0
1742585165264,cbs,1,11,jaber1,792847205,792847205,16,16,332,29993,716184,13.288,0.169,1IkXIOwbDZkJLCxsRdSsZ7a6uQWuqssK,,0
1742585165464,cbs,1,11,jaber1,792847205,792847205,10,10,332,28200,710751,12.963,0.169,1IkXIOwbDZkJLCxsRdSsZ7a6uQWuqssK,,0
1742585165665,cbs,1,11,jaber1,792847205,792847205,10,10,332,20495,712026,12.820,0.169,1IkXIOwbDZkJLCxsRdSsZ7a6uQWuqssK,,0
1742585165865,cbs,1,11,jaber1,792847205,792847205,12,7,332,21074,711877,12.632,0.169,1IkXIOwbDZkJLCxsRdSsZ7a6uQWuqssK,,0
1742585166065,cbs,1,11,jaber1,792847205,792847205,12,8,332,23723,708793,14.388,0.169,1IkXIOwbDZkJLCxsRdSsZ7a6uQWuqssK,,0
1742585166265,cbs,1,11,jaber1,792847205,792847205,4,4,332,13249,721628,14.291,0.169,1IkXIOwbDZkJLCxsRdSsZ7a6uQWuqssK,,0
1742585166466,cbs,1,11,jaber1,792847205,792847205,14,12,332,22204,718546,14.096,0.169,1IkXIOwbDZkJLCxsRdSsZ7a6uQWuqssK,,0
1742585166666,cbs,1,11,jaber1,792847205,792847205,16,16,332,25068,714867,13.913,0.169,1IkXIOwbDZkJLCxsRdSsZ7a6uQWuqssK,,0
1742585166866,cbs,1,11,jaber1,792847205,792847205,14,14,332,31514,660527,13.581,0.169,1IkXIOwbDZkJLCxsRdSsZ7a6uQWuqssK,,0
1742585167066,cbs,1,11,jaber1,792847205,792847205,14,12,332,24760,714794,13.404,0.169,1IkXIOwbDZkJLCxsRdSsZ7a6uQWuqssK,,0
1742585167266,cbs,1,11,jaber1,792847205,792847205,16,0,332,28383,638656,15.303,0.169,1IkXIOwbDZkJLCxsRdSsZ7a6uQWuqssK,,0
1742585167467,cbs,1,11,jaber1,792847205,792847205,16,0,332,28383,638656,15.149,0.169,1IkXIOwbDZkJLCxsRdSsZ7a6uQWuqssK,,0
1742585167667,cbs,1,11,jaber1,792847205,792847205,16,16,332,30726,712697,14.901,0.169,1IkXIOwbDZkJLCxsRdSsZ7a6uQWuqssK,,0
1742585167867,cbs,1,11,jaber1,792847205,792847205,16,16,332,33033,717079,14.592,0.169,1IkXIOwbDZkJLCxsRdSsZ7a6uQWuqssK,,0
1742585168067,cbs,1,11,jaber1,792847205,792847205,12,12,332,26708,681375,14.402,0.169,1IkXIOwbDZkJLCxsRdSsZ7a6uQWuqssK,,0
1742585168268,cbs,1,11,jaber1,792847205,792847205,10,10,332,21014,716342,14.258,0.169,1IkXIOwbDZkJLCxsRdSsZ7a6uQWuqssK,,0
1742585168468,cbs,1,11,jaber1,792847205,792847205,12,0,332,20569,693771,16.003,0.169,1IkXIOwbDZkJLCxsRdSsZ7a6uQWuqssK,,0
1742585168668,cbs,1,11,jaber1,792847205,792847205,12,0,332,20569,693771,15.903,0.169,1IkXIOwbDZkJLCxsRdSsZ7a6uQWuqssK,,0
1742585168868,cbs,1,11,jaber1,792847205,792847205,12,0,332,20569,693771,15.655,0.169,1IkXIOwbDZkJLCxsRdSsZ7a6uQWuqssK,,0
1742585169068,cbs,1,11,jaber1,792847205,792847205,12,0,332,20569,693771,15.404,0.169,1IkXIOwbDZkJLCxsRdSsZ7a6uQWuqssK,,0
1742585169269,cbs,1,11,jaber1,792847205,792847205,12,0,332,20569,693771,15.404,0.169,1IkXIOwbDZkJLCxsRdSsZ7a6uQWuqssK,,0
1742585169469,cbs,1,11,jaber1,792847205,792847205,12,0,332,20569,693771,15.150,0.169,1IkXIOwbDZkJLCxsRdSsZ7a6uQWuqssK,,0
1742585169669,cbs,1,11,jaber1,792847205,792847205,10,10,332,21474,713369,14.907,0.169,1IkXIOwbDZkJLCxsRdSsZ7a6uQWuqssK,,0
1742585169869,cbs,1,11,jaber1,792847205,792847205,12,12,332,21952,716270,14.639,0.169,1IkXIOwbDZkJLCxsRdSsZ7a6uQWuqssK,,0
1742585170070,cbs,1,11,jaber1,792847205,792847205,10,10,332,20228,594848,14.405,0.169,1IkXIOwbDZkJLCxsRdSsZ7a6uQWuqssK,,0
1742585170270,cbs,1,11,jaber1,792847205,792847205,10,10,332,44902,160658,14.349,0.169,1IkXIOwbDZkJLCxsRdSsZ7a6uQWuqssK,,0
1742585170470,cbs,1,11,jaber1,792847205,792847205,10,10,332,20429,716704,13.996,0.169,1IkXIOwbDZkJLCxsRdSsZ7a6uQWuqssK,,0
1742585170670,cbs,1,11,jaber1,792847205,792847205,10,0,332,19734,701343,15.770,0.169,1IkXIOwbDZkJLCxsRdSsZ7a6uQWuqssK,,0
1742585170870,cbs,1,11,jaber1,792847205,792847205,10,0,332,19734,701343,15.657,0.169,1IkXIOwbDZkJLCxsRdSsZ7a6uQWuqssK,,0
1742585171071,cbs,1,11,jaber1,792847205,792847205,10,0,332,19734,701343,15.407,0.169,1IkXIOwbDZkJLCxsRdSsZ7a6uQWuqssK,,0
1742585171271,cbs,1,11,jaber1,792847205,792847205,10,0,332,19734,701343,15.407,0.169,1IkXIOwbDZkJLCxsRdSsZ7a6uQWuqssK,,0
1742585171471,cbs,1,11,jaber1,792847205,792847205,10,0,332,19734,701343,15.153,0.169,1IkXIOwbDZkJLCxsRdSsZ7a6uQWuqssK,,0
1742585171671,cbs,1,11,jaber1,792847205,792847205,16,16,332,31216,710376,14.909,0.169,1IkXIOwbDZkJLCxsRdSsZ7a6uQWuqssK,,0
1742585171872,cbs,1,11,jaber1,792847205,792847205,16,16,332,60778,327652,14.657,0.169,1IkXIOwbDZkJLCxsRdSsZ7a6uQWuqssK,,0
1742585172072,cbs,1,11,jaber1,792847205,792847205,10,10,332,25202,585128,14.420,0.169,1IkXIOwbDZkJLCxsRdSsZ7a6uQWuqssK,,0
1742585172272,cbs,1,11,jaber1,792847205,792847205,12,11,332,21240,535251,14.157,0.169,1IkXIOwbDZkJLCxsRdSsZ7a6uQWuqssK,,0
1742585172472,cbs,1,11,jaber1,792847205,792847205,10,9,332,20315,716414,14.061,0.169,1IkXIOwbDZkJLCxsRdSsZ7a6uQWuqssK,,0
1742585172672,cbs,1,11,jaber1,792847205,792847205,12,0,332,20764,559001,15.911,0.169,1IkXIOwbDZkJLCxsRdSsZ7a6uQWuqssK,,0
1742585172873,cbs,1,11,jaber1,792847205,792847205,12,0,332,20764,559001,15.659,0.169,1IkXIOwbDZkJLCxsRdSsZ7a6uQWuqssK,,0
1742585173073,cbs,1,11,jaber1,792847205,792847205,12,0,332,20764,559001,15.406,0.169,1IkXIOwbDZkJLCxsRdSsZ7a6uQWuqssK,,0
1742585173273,cbs,1,11,jaber1,792847205,792847205,12,0,332,20764,559001,15.406,0.169,1IkXIOwbDZkJLCxsRdSsZ7a6uQWuqssK,,0
1742585173473,cbs,1,11,jaber1,792847205,792847205,12,0,332,20764,559001,15.155,0.169,1IkXIOwbDZkJLCxsRdSsZ7a6uQWuqssK,,0
1742585173674,cbs,1,11,jaber1,792847205,792847205,12,12,332,37448,290479,14.911,0.169,1IkXIOwbDZkJLCxsRdSsZ7a6uQWuqssK,,0
1742585173874,cbs,1,11,jaber1,792847205,792847205,14,14,332,60282,226750,14.659,0.169,1IkXIOwbDZkJLCxsRdSsZ7a6uQWuqssK,,0
1742585174074,cbs,1,11,jaber1,792847205,792847205,14,14,332,66046,182140,14.407,0.169,1IkXIOwbDZkJLCxsRdSsZ7a6uQWuqssK,,0
1742585174274,cbs,1,11,jaber1,792847205,792847205,12,11,332,31800,601821,14.159,0.169,1IkXIOwbDZkJLCxsRdSsZ7a6uQWuqssK,,0
1742585174474,cbs,1,11,jaber1,792847205,792847205,12,12,332,59291,196305,14.122,0.169,1IkXIOwbDZkJLCxsRdSsZ7a6uQWuqssK,,0
1742585174675,cbs,1,11,jaber1,792847205,792847205,12,12,332,75284,164409,13.911,0.169,1IkXIOwbDZkJLCxsRdSsZ7a6uQWuqssK,,0
1742585174875,cbs,1,11,jaber1,792847205,792847205,10,10,332,59358,246557,13.647,0.169,1IkXIOwbDZkJLCxsRdSsZ7a6uQWuqssK,,0
1742585175075,cbs,1,11,jaber1,792847205,792847205,12,12,332,27908,611404,13.357,0.169,1IkXIOwbDZkJLCxsRdSsZ7a6uQWuqssK,,0
1742585175275,cbs,1,11,jaber1,792847205,792847205,10,10,332,28443,374021,15.205,0.169,1IkXIOwbDZkJLCxsRdSsZ7a6uQWuqssK,,0
1742585175475,cbs,1,11,jaber1,792847205,792847205,12,0,332,29978,458869,15.153,0.169,1IkXIOwbDZkJLCxsRdSsZ7a6uQWuqssK,,0
1742585175676,cbs,1,11,jaber1,792847205,792847205,14,14,332,27585,556751,14.950,0.169,1IkXIOwbDZkJLCxsRdSsZ7a6uQWuqssK,,0
1742585175876,cbs,1,11,jaber1,792847205,792847205,10,10,332,24614,692608,14.601,0.169,1IkXIOwbDZkJLCxsRdSsZ7a6uQWuqssK,,0
1742585176076,cbs,1,11,jaber1,792847205,792847205,10,10,332,58938,157190,14.446,0.169,1IkXIOwbDZkJLCxsRdSsZ7a6uQWuqssK,,0
1742585176276,cbs,1,11,jaber1,792847205,792847205,10,9,332,65800,145843,14.200,0.169,1IkXIOwbDZkJLCxsRdSsZ7a6uQWuqssK,,0
1742585176477,cbs,1,11,jaber1,792847205,792847205,10,10,332,21693,652163,14.085,0.169,1IkXIOwbDZkJLCxsRdSsZ7a6uQWuqssK,,0
1742585176677,cbs,1,11,jaber1,792847205,792847205,10,10,332,29704,338295,13.932,0.169,1IkXIOwbDZkJLCxsRdSsZ7a6uQWuqssK,,0
1742585176877,cbs,1,11,jaber1,792847205,792847205,10,10,332,22359,645954,13.701,0.169,1IkXIOwbDZkJLCxsRdSsZ7a6uQWuqssK,,0
1742585177077,cbs,1,11,jaber1,792847205,792847205,10,0,332,22933,578846,15.471,0.169,1IkXIOwbDZkJLCxsRdSsZ7a6uQWuqssK,,0
1742585177277,cbs,1,11,jaber1,792847205,792847205,10,0,332,22933,578846,15.218,0.169,1IkXIOwbDZkJLCxsRdSsZ7a6uQWuqssK,,0
1742585177478,cbs,1,11,jaber1,792847205,792847205,10,0,332,22933,578846,15.218,0.169,1IkXIOwbDZkJLCxsRdSsZ7a6uQWuqssK,,0
1742585177678,cbs,1,11,jaber1,792847205,792847205,14,14,332,46961,245513,14.976,0.169,1IkXIOwbDZkJLCxsRdSsZ7a6uQWuqssK,,0
1742585177878,cbs,1,11,jaber1,792847205,792847205,12,12,332,30758,657623,14.669,0.169,1IkXIOwbDZkJLCxsRdSsZ7a6uQWuqssK,,0
1742585178078,cbs,1,11,jaber1,792847205,792847205,14,14,332,55921,210661,14.470,0.169,1IkXIOwbDZkJLCxsRdSsZ7a6uQWuqssK,,0
1742585178278,cbs,1,11,jaber1,792847205,792847205,14,14,332,28786,712383,14.222,0.169,1IkXIOwbDZkJLCxsRdSsZ7a6uQWuqssK,,0
1742585178479,cbs,1,11,jaber1,792847205,792847205,14,14,332,27299,709413,14.123,0.169,1IkXIOwbDZkJLCxsRdSsZ7a6uQWuqssK,,0
1742585178679,cbs,1,11,jaber1,792847205,792847205,14,14,332,31890,512203,13.988,0.169,1IkXIOwbDZkJLCxsRdSsZ7a6uQWuqssK,,0
1742585178879,cbs,1,11,jaber1,792847205,792847205,14,13,332,30650,620297,13.644,0.169,1IkXIOwbDZkJLCxsRdSsZ7a6uQWuqssK,,0
1742585179079,cbs,1,11,jaber1,792847205,792847205,12,0,332,32201,468498,15.492,0.169,1IkXIOwbDZkJLCxsRdSsZ7a6uQWuqssK,,0
1742585179279,cbs,1,11,jaber1,792847205,792847205,12,0,332,32201,468498,15.246,0.169,1IkXIOwbDZkJLCxsRdSsZ7a6uQWuqssK,,0
1742585179480,cbs,1,11,jaber1,792847205,792847205,12,0,332,32201,468498,15.246,0.169,1IkXIOwbDZkJLCxsRdSsZ7a6uQWuqssK,,0
1742585179680,cbs,1,11,jaber1,792847205,792847205,20,20,332,42479,410323,15.000,0.169,1IkXIOwbDZkJLCxsRdSsZ7a6uQWuqssK,,0
1742585179880,cbs,1,11,jaber1,792847205,792847205,18,20,332,35249,712902,14.652,0.169,1IkXIOwbDZkJLCxsRdSsZ7a6uQWuqssK,,0
1742585180080,cbs,1,11,jaber1,792847205,792847205,12,12,332,23627,689157,14.497,0.169,1IkXIOwbDZkJLCxsRdSsZ7a6uQWuqssK,,0
1742585180281,cbs,1,11,jaber1,792847205,792847205,10,10,332,20543,696737,14.247,0.169,1IkXIOwbDZkJLCxsRdSsZ7a6uQWuqssK,,0
1742585180481,cbs,1,11,jaber1,792847205,792847205,10,10,332,20838,680324,14.090,0.169,1IkXIOwbDZkJLCxsRdSsZ7a6uQWuqssK,,0
1742585180681,cbs,1,11,jaber1,792847205,792847205,12,0,332,20435,625159,15.886,0.169,1IkXIOwbDZkJLCxsRdSsZ7a6uQWuqssK,,0
1742585180881,cbs,1,11,jaber1,792847205,792847205,12,0,332,20435,625159,15.768,0.169,1IkXIOwbDZkJLCxsRdSsZ7a6uQWuqssK,,0
1742585181081,cbs,1,11,jaber1,792847205,792847205,12,0,332,20435,625159,15.519,0.169,1IkXIOwbDZkJLCxsRdSsZ7a6uQWuqssK,,0
1742585181282,cbs,1,11,jaber1,792847205,792847205,12,0,332,20435,625159,15.263,0.169,1IkXIOwbDZkJLCxsRdSsZ7a6uQWuqssK,,0
1742585181482,cbs,1,11,jaber1,792847205,792847205,12,0,332,20435,625159,15.263,0.169,1IkXIOwbDZkJLCxsRdSsZ7a6uQWuqssK,,0
1742585181682,cbs,1,11,jaber1,792847205,792847205,12,0,332,20435,625159,15.018,0.169,1IkXIOwbDZkJLCxsRdSsZ7a6uQWuqssK,,0
1742585181882,cbs,1,11,jaber1,792847205,792847205,20,20,332,30480,550098,14.767,0.169,1IkXIOwbDZkJLCxsRdSsZ7a6uQWuqssK,,0
1742585182082,cbs,1,11,jaber1,792847205,792847205,20,20,332,101390,269474,14.460,0.169,1IkXIOwbDZkJLCxsRdSsZ7a6uQWuqssK,,0
1742585182283,cbs,1,11,jaber1,792847205,792847205,20,20,332,102245,270252,14.266,0.169,1IkXIOwbDZkJLCxsRdSsZ7a6uQWuqssK,,0
1742585182483,cbs,1,11,jaber1,792847205,792847205,20,20,332,114998,183187,14.266,0.169,1IkXIOwbDZkJLCxsRdSsZ7a6uQWuqssK,,0
1742585182683,cbs,1,11,jaber1,792847205,792847205,18,18,332,112088,277433,14.045,0.169,1IkXIOwbDZkJLCxsRdSsZ7a6uQWuqssK,,0
1742585182883,cbs,1,11,jaber1,792847205,792847205,24,12,332,54633,80894,13.713,0.169,1IkXIOwbDZkJLCxsRdSsZ7a6uQWuqssK,,0
1742585183083,cbs,1,11,jaber1,792847205,792847205,38,38,332,79253,590120,13.543,0.169,1IkXIOwbDZkJLCxsRdSsZ7a6uQWuqssK,,0
1742585183284,cbs,1,11,jaber1,792847205,792847205,38,38,332,158934,333984,13.283,0.169,1IkXIOwbDZkJLCxsRdSsZ7a6uQWuqssK,,0
1742585183484,cbs,1,11,jaber1,792847205,792847205,24,24,332,138296,373851,13.283,0.169,1IkXIOwbDZkJLCxsRdSsZ7a6uQWuqssK,,0
1742585183684,cbs,1,11,jaber1,792847205,792847205,24,16,332,135600,279963,12.970,0.169,1IkXIOwbDZkJLCxsRdSsZ7a6uQWuqssK,,0
1742585183884,cbs,1,11,jaber1,792847205,792847205,22,22,332,79727,441850,14.789,0.169,1IkXIOwbDZkJLCxsRdSsZ7a6uQWuqssK,,0
1742585184085,cbs,1,11,jaber1,792847205,792847205,14,14,332,53020,593209,14.536,0.169,1IkXIOwbDZkJLCxsRdSsZ7a6uQWuqssK,,0
1742585184285,cbs,1,11,jaber1,792847205,792847205,14,14,332,93556,193223,14.285,0.169,1IkXIOwbDZkJLCxsRdSsZ7a6uQWuqssK,,0
1742585184485,cbs,1,11,jaber1,792847205,792847205,14,14,332,58251,257293,14.170,0.169,1IkXIOwbDZkJLCxsRdSsZ7a6uQWuqssK,,0
1742585184685,cbs,1,11,jaber1,792847205,792847205,14,10,332,58593,200480,14.063,0.169,1IkXIOwbDZkJLCxsRdSsZ7a6uQWuqssK,,0
1742585184885,cbs,1,11,jaber1,792847205,792847205,16,16,332,69395,228001,13.809,0.169,1IkXIOwbDZkJLCxsRdSsZ7a6uQWuqssK,,0
1742585185086,cbs,1,11,jaber1,792847205,792847205,16,16,332,93865,217674,13.562,0.169,1IkXIOwbDZkJLCxsRdSsZ7a6uQWuqssK,,0
1742585185286,cbs,1,11,jaber1,792847205,792847205,14,14,332,66731,250506,13.311,0.169,1IkXIOwbDZkJLCxsRdSsZ7a6uQWuqssK,,0
1742585185486,cbs,1,11,jaber1,792847205,792847205,10,10,332,24785,288727,13.271,0.169,1IkXIOwbDZkJLCxsRdSsZ7a6uQWuqssK,,0
1742585185686,cbs,1,11,jaber1,792847205,792847205,12,16,332,19247,698645,14.977,0.169,1IkXIOwbDZkJLCxsRdSsZ7a6uQWuqssK,,0
1742585185887,cbs,1,11,jaber1,792847205,792847205,14,14,332,41580,349525,14.811,0.169,1IkXIOwbDZkJLCxsRdSsZ7a6uQWuqssK,,0
1742585186087,cbs,1,11,jaber1,792847205,792847205,14,14,332,30288,685970,14.564,0.169,1IkXIOwbDZkJLCxsRdSsZ7a6uQWuqssK,,0
1742585186287,cbs,1,11,jaber1,792847205,792847205,10,10,332,39597,215921,14.310,0.169,1IkXIOwbDZkJLCxsRdSsZ7a6uQWuqssK,,0
1742585186487,cbs,1,11,jaber1,792847205,792847205,10,10,332,54666,174124,14.221,0.169,1IkXIOwbDZkJLCxsRdSsZ7a6uQWuqssK,,0
1742585186687,cbs,1,11,jaber1,792847205,792847205,10,10,332,38122,203673,13.935,0.169,1IkXIOwbDZkJLCxsRdSsZ7a6uQWuqssK,,0
1742585186888,cbs,1,11,jaber1,792847205,792847205,12,12,332,49783,301330,13.833,0.169,1IkXIOwbDZkJLCxsRdSsZ7a6uQWuqssK,,0
1742585187088,cbs,1,11,jaber1,792847205,792847205,14,14,332,62565,287209,13.582,0.169,1IkXIOwbDZkJLCxsRdSsZ7a6uQWuqssK,,0
1742585187288,cbs,1,11,jaber1,792847205,792847205,24,0,332,38479,713616,15.329,0.169,1IkXIOwbDZkJLCxsRdSsZ7a6uQWuqssK,,0
1742585187488,cbs,1,11,jaber1,792847205,792847205,24,0,332,38479,713616,15.329,0.169,1IkXIOwbDZkJLCxsRdSsZ7a6uQWuqssK,,0
1742585187688,cbs,1,11,jaber1,792847205,792847205,24,0,332,38479,713616,15.083,0.169,1IkXIOwbDZkJLCxsRdSsZ7a6uQWuqssK,,0
1742585187889,cbs,1,11,jaber1,792847205,792847205,26,26,332,38675,616812,14.835,0.169,1IkXIOwbDZkJLCxsRdSsZ7a6uQWuqssK,,0
1742585188089,cbs,1,11,jaber1,792847205,792847205,24,24,332,67637,287204,14.590,0.169,1IkXIOwbDZkJLCxsRdSsZ7a6uQWuqssK,,0
1742585188289,cbs,1,11,jaber1,792847205,792847205,24,24,332,61195,382049,14.332,0.169,1IkXIOwbDZkJLCxsRdSsZ7a6uQWuqssK,,0
1742585188489,cbs,1,11,jaber1,792847205,792847205,12,12,332,79794,184611,14.205,0.169,1IkXIOwbDZkJLCxsRdSsZ7a6uQWuqssK,,0
1742585188689,cbs,1,11,jaber1,792847205,792847205,12,12,332,23477,711240,13.945,0.169,1IkXIOwbDZkJLCxsRdSsZ7a6uQWuqssK,,0
1742585188890,cbs,1,11,jaber1,792847205,792847205,10,10,332,20469,595898,13.802,0.169,1IkXIOwbDZkJLCxsRdSsZ7a6uQWuqssK,,0
1742585189090,cbs,1,11,jaber1,792847205,792847205,12,0,332,20180,597807,15.602,0.169,1IkXIOwbDZkJLCxsRdSsZ7a6uQWuqssK,,0
1742585189290,cbs,1,11,jaber1,792847205,792847205,12,0,332,20180,597807,15.351,0.169,1IkXIOwbDZkJLCxsRdSsZ7a6uQWuqssK,,0
1742585189490,cbs,1,11,jaber1,792847205,792847205,12,0,332,20180,597807,15.351,0.169,1IkXIOwbDZkJLCxsRdSsZ7a6uQWuqssK,,0
1742585189691,cbs,1,11,jaber1,792847205,792847205,12,0,332,20180,597807,15.107,0.169,1IkXIOwbDZkJLCxsRdSsZ7a6uQWuqssK,,0
1742585189891,cbs,1,11,jaber1,792847205,792847205,10,10,332,25057,279452,14.855,0.169,1IkXIOwbDZkJLCxsRdSsZ7a6uQWuqssK,,0
1742585190091,cbs,1,11,jaber1,792847205,792847205,10,10,332,51765,227148,14.583,0.169,1IkXIOwbDZkJLCxsRdSsZ7a6uQWuqssK,,0
1742585190291,cbs,1,11,jaber1,792847205,792847205,12,12,332,23865,677690,14.351,0.169,1IkXIOwbDZkJLCxsRdSsZ7a6uQWuqssK,,0
1742585190491,cbs,1,11,jaber1,792847205,792847205,10,10,332,21150,707690,14.274,0.169,1IkXIOwbDZkJLCxsRdSsZ7a6uQWuqssK,,0
1742585190692,cbs,1,11,jaber1,792847205,792847205,10,10,332,20407,707832,13.987,0.169,1IkXIOwbDZkJLCxsRdSsZ7a6uQWuqssK,,0
1742585190892,cbs,1,11,jaber1,792847205,792847205,10,0,332,21969,713018,15.826,0.169,1IkXIOwbDZkJLCxsRdSsZ7a6uQWuqssK,,0
1742585191092,cbs,1,11,jaber1,792847205,792847205,10,0,332,21969,713018,15.604,0.169,1IkXIOwbDZkJLCxsRdSsZ7a6uQWuqssK,,0
1742585191292,cbs,1,11,jaber1,792847205,792847205,10,0,332,21969,713018,15.353,0.169,1IkXIOwbDZkJLCxsRdSsZ7a6uQWuqssK,,0
1742585191492,cbs,1,11,jaber1,792847205,792847205,10,0,332,21969,713018,15.353,0.169,1IkXIOwbDZkJLCxsRdSsZ7a6uQWuqssK,,0
1742585191693,cbs,1,11,jaber1,792847205,792847205,10,0,332,21969,713018,15.108,0.169,1IkXIOwbDZkJLCxsRdSsZ7a6uQWuqssK,,0
1742585191893,cbs,1,11,jaber1,792847205,792847205,16,16,332,28952,716591,14.857,0.169,1IkXIOwbDZkJLCxsRdSsZ7a6uQWuqssK,,0
1742585192093,cbs,1,11,jaber1,792847205,792847205,12,13,332,29465,662593,14.539,0.169,1IkXIOwbDZkJLCxsRdSsZ7a6uQWuqssK,,0
1742585192293,cbs,1,11,jaber1,792847205,792847205,10,10,332,21649,638343,14.367,0.169,1IkXIOwbDZkJLCxsRdSsZ7a6uQWuqssK,,0
1742585192494,cbs,1,11,jaber1,792847205,792847205,10,0,332,20751,579985,16.162,0.169,1IkXIOwbDZkJLCxsRdSsZ7a6uQWuqssK,,0
1742585192694,cbs,1,11,jaber1,792847205,792847205,10,0,332,20751,579985,16.110,0.169,1IkXIOwbDZkJLCxsRdSsZ7a6uQWuqssK,,0
1742585192894,cbs,1,11,jaber1,792847205,792847205,10,0,332,20751,579985,15.859,0.169,1IkXIOwbDZkJLCxsRdSsZ7a6uQWuqssK,,0
1742585193094,cbs,1,11,jaber1,792847205,792847205,10,0,332,20751,579985,15.605,0.169,1IkXIOwbDZkJLCxsRdSsZ7a6uQWuqssK,,0
1742585193294,cbs,1,11,jaber1,792847205,792847205,10,0,332,20751,579985,15.357,0.169,1IkXIOwbDZkJLCxsRdSsZ7a6uQWuqssK,,0
1742585193495,cbs,1,11,jaber1,792847205,792847205,10,0,332,20751,579985,15.357,0.169,1IkXIOwbDZkJLCxsRdSsZ7a6uQWuqssK,,0
1742585193695,cbs,1,11,jaber1,792847205,792847205,10,0,332,20751,579985,15.113,0.169,1IkXIOwbDZkJLCxsRdSsZ7a6uQWuqssK,,0
1742585193895,cbs,1,11,jaber1,792847205,792847205,14,14,332,26446,713330,14.859,0.169,1IkXIOwbDZkJLCxsRdSsZ7a6uQWuqssK,,0
1742585194095,cbs,1,11,jaber1,792847205,792847205,10,10,332,25058,650567,14.542,0.169,1IkXIOwbDZkJLCxsRdSsZ7a6uQWuqssK,,0
1742585194295,cbs,1,11,jaber1,792847205,792847205,10,10,332,20773,596199,14.359,0.169,1IkXIOwbDZkJLCxsRdSsZ7a6uQWuqssK,,0
1742585194496,cbs,1,11,jaber1,792847205,792847205,10,10,332,20745,675752,14.252,0.169,1IkXIOwbDZkJLCxsRdSsZ7a6uQWuqssK,,0
1742585194696,cbs,1,11,jaber1,792847205,792847205,10,8,332,28275,260068,16.083,0.169,1IkXIOwbDZkJLCxsRdSsZ7a6uQWuqssK,,0
1742585194896,cbs,1,11,jaber1,792847205,792847205,11,0,332,73816,105632,15.784,0.169,1IkXIOwbDZkJLCxsRdSsZ7a6uQWuqssK,,0
1742585195096,cbs,1,11,jaber1,792847205,792847205,11,0,332,73816,105632,15.628,0.169,1IkXIOwbDZkJLCxsRdSsZ7a6uQWuqssK,,0
1742585195296,cbs,1,11,jaber1,792847205,792847205,11,0,332,73816,105632,15.379,0.169,1IkXIOwbDZkJLCxsRdSsZ7a6uQWuqssK,,0
1742585195497,cbs,1,11,jaber1,792847205,792847205,11,0,332,73816,105632,15.379,0.169,1IkXIOwbDZkJLCxsRdSsZ7a6uQWuqssK,,0
1742585195697,cbs,1,11,jaber1,792847205,792847205,11,0,332,73816,105632,15.132,0.169,1IkXIOwbDZkJLCxsRdSsZ7a6uQWuqssK,,0
1742585195897,cbs,1,11,jaber1,792847205,792847205,10,10,332,22527,672898,14.881,0.169,1IkXIOwbDZkJLCxsRdSsZ7a6uQWuqssK,,0
1742585196097,cbs,1,11,jaber1,792847205,792847205,14,14,332,32111,491706,14.643,0.169,1IkXIOwbDZkJLCxsRdSsZ7a6uQWuqssK,,0
1742585196298,cbs,1,11,jaber1,792847205,792847205,14,14,332,47178,317833,14.378,0.169,1IkXIOwbDZkJLCxsRdSsZ7a6uQWuqssK,,0
1742585196498,cbs,1,11,jaber1,792847205,792847205,16,16,332,83836,225191,14.378,0.169,1IkXIOwbDZkJLCxsRdSsZ7a6uQWuqssK,,0
1742585196698,cbs,1,11,jaber1,792847205,792847205,12,10,332,25338,614850,14.025,0.169,1IkXIOwbDZkJLCxsRdSsZ7a6uQWuqssK,,0
1742585196898,cbs,1,11,jaber1,792847205,792847205,12,12,332,39014,264942,13.876,0.169,1IkXIOwbDZkJLCxsRdSsZ7a6uQWuqssK,,0
1742585197098,cbs,1,11,jaber1,792847205,792847205,11,11,332,41419,191595,13.626,0.169,1IkXIOwbDZkJLCxsRdSsZ7a6uQWuqssK,,0
1742585197299,cbs,1,11,jaber1,792847205,792847205,20,0,293,38311,593240,15.399,0.169,1IkXIOwbDZkJLCxsRdSsZ7a6uQWuqssK,,0
1742585197499,cbs,1,11,jaber1,792847205,792847205,20,0,293,38311,593240,15.399,0.169,1IkXIOwbDZkJLCxsRdSsZ7a6uQWuqssK,,0
1742585197699,cbs,1,11,jaber1,792847205,792847205,20,0,293,38311,593240,15.153,0.169,1IkXIOwbDZkJLCxsRdSsZ7a6uQWuqssK,,0
1742585197899,cbs,1,11,jaber1,792847205,792847205,14,14,293,45330,695367,14.906,0.169,1IkXIOwbDZkJLCxsRdSsZ7a6uQWuqssK,,0
1742585198100,cbs,1,11,jaber1,792847205,792847205,14,14,293,28918,690720,14.659,0.169,1IkXIOwbDZkJLCxsRdSsZ7a6uQWuqssK,,0
1742585198300,cbs,1,11,jaber1,792847205,792847205,10,10,293,21393,700973,14.403,0.169,1IkXIOwbDZkJLCxsRdSsZ7a6uQWuqssK,,0
1742585198500,cbs,1,11,jaber1,792847205,792847205,10,10,293,20254,597329,14.283,0.169,1IkXIOwbDZkJLCxsRdSsZ7a6uQWuqssK,,0
1742585198700,cbs,1,11,jaber1,792847205,792847205,12,12,293,23942,613764,13.995,0.169,1IkXIOwbDZkJLCxsRdSsZ7a6uQWuqssK,,0
1742585198900,cbs,1,11,jaber1,792847205,792847205,14,0,293,22304,700765,15.865,0.169,1IkXIOwbDZkJLCxsRdSsZ7a6uQWuqssK,,0
1742585199101,cbs,1,11,jaber1,792847205,792847205,14,0,293,22304,700765,15.651,0.169,1IkXIOwbDZkJLCxsRdSsZ7a6uQWuqssK,,0
1742585199301,cbs,1,11,jaber1,792847205,792847205,20,20,293,15935,392173,15.401,0.169,1IkXIOwbDZkJLCxsRdSsZ7a6uQWuqssK,,0
1742585199501,cbs,1,11,jaber1,792847205,792847205,28,0,293,45055,642931,15.278,0.169,1IkXIOwbDZkJLCxsRdSsZ7a6uQWuqssK,,0
1742585199701,cbs,1,11,jaber1,792847205,792847205,28,0,293,45055,642931,15.157,0.169,1IkXIOwbDZkJLCxsRdSsZ7a6uQWuqssK,,0
1742585199901,cbs,1,11,jaber1,792847205,792847205,16,22,293,41975,599254,14.905,0.169,1IkXIOwbDZkJLCxsRdSsZ7a6uQWuqssK,,0
1742585200102,cbs,1,11,jaber1,792847205,792847205,18,20,293,87178,278824,14.652,0.169,1IkXIOwbDZkJLCxsRdSsZ7a6uQWuqssK,,0
1742585200302,cbs,1,11,jaber1,792847205,792847205,10,16,293,109142,277406,14.384,0.169,1IkXIOwbDZkJLCxsRdSsZ7a6uQWuqssK,,0
1742585200502,cbs,1,11,jaber1,792847205,792847205,10,10,293,26367,593379,14.384,0.169,1IkXIOwbDZkJLCxsRdSsZ7a6uQWuqssK,,0
1742585200702,cbs,1,11,jaber1,792847205,792847205,10,10,293,20629,677561,14.046,0.169,1IkXIOwbDZkJLCxsRdSsZ7a6uQWuqssK,,0
1742585200903,cbs,1,11,jaber1,792847205,792847205,12,12,293,27175,632071,13.897,0.169,1IkXIOwbDZkJLCxsRdSsZ7a6uQWuqssK,,0
1742585201103,cbs,1,11,jaber1,792847205,792847205,10,7,293,35177,464258,13.673,0.169,1IkXIOwbDZkJLCxsRdSsZ7a6uQWuqssK,,0
1742585201303,cbs,1,11,jaber1,792847205,792847205,12,0,293,30604,422932,15.423,0.169,1IkXIOwbDZkJLCxsRdSsZ7a6uQWuqssK,,0
1742585201503,cbs,1,11,jaber1,792847205,792847205,12,0,293,30604,422932,15.423,0.169,1IkXIOwbDZkJLCxsRdSsZ7a6uQWuqssK,,0
1742585201703,cbs,1,11,jaber1,792847205,792847205,12,0,293,30604,422932,15.180,0.169,1IkXIOwbDZkJLCxsRdSsZ7a6uQWuqssK,,0
1742585201904,cbs,1,11,jaber1,792847205,792847205,12,12,293,25175,711014,14.927,0.169,1IkXIOwbDZkJLCxsRdSsZ7a6uQWuqssK,,0
1742585202104,cbs,1,11,jaber1,792847205,792847205,10,10,293,20243,602050,14.603,0.169,1IkXIOwbDZkJLCxsRdSsZ7a6uQWuqssK,,0
1742585202304,cbs,1,11,jaber1,792847205,792847205,10,10,293,20586,573554,14.427,0.169,1IkXIOwbDZkJLCxsRdSsZ7a6uQWuqssK,,0
1742585202504,cbs,1,11,jaber1,792847205,792847205,10,10,293,20540,685454,14.313,0.169,1IkXIOwbDZkJLCxsRdSsZ7a6uQWuqssK,,0
1742585202704,cbs,1,11,jaber1,792847205,792847205,12,0,293,19059,689185,16.039,0.169,1IkXIOwbDZkJLCxsRdSsZ7a6uQWuqssK,,0
1742585202905,cbs,1,11,jaber1,792847205,792847205,12,0,293,19059,689185,15.929,0.169,1IkXIOwbDZkJLCxsRdSsZ7a6uQWuqssK,,0
1742585203105,cbs,1,11,jaber1,792847205,792847205,12,0,293,19059,689185,15.675,0.169,1IkXIOwbDZkJLCxsRdSsZ7a6uQWuqssK,,0
1742585203305,cbs,1,11,jaber1,792847205,792847205,12,0,293,19059,689185,15.427,0.169,1IkXIOwbDZkJLCxsRdSsZ7a6uQWuqssK,,0
1742585203505,cbs,1,11,jaber1,792847205,792847205,12,0,293,19059,689185,15.427,0.169,1IkXIOwbDZkJLCxsRdSsZ7a6uQWuqssK,,0
1742585203705,cbs,1,11,jaber1,792847205,792847205,12,0,293,19059,689185,15.183,0.169,1IkXIOwbDZkJLCxsRdSsZ7a6uQWuqssK,,0
1742585203906,cbs,1,11,jaber1,792847205,792847205,12,12,293,23798,682578,14.929,0.169,1IkXIOwbDZkJLCxsRdSsZ7a6uQWuqssK,,0
1742585204106,cbs,1,11,jaber1,792847205,792847205,10,10,293,20584,671337,14.609,0.169,1IkXIOwbDZkJLCxsRdSsZ7a6uQWuqssK,,0
1742585204306,cbs,1,11,jaber1,792847205,792847205,10,10,293,24781,237512,14.435,0.169,1IkXIOwbDZkJLCxsRdSsZ7a6uQWuqssK,,0
1742585204506,cbs,1,11,jaber1,792847205,792847205,10,10,293,84667,161299,14.435,0.169,1IkXIOwbDZkJLCxsRdSsZ7a6uQWuqssK,,0
1742585204706,cbs,1,11,jaber1,792847205,792847205,10,10,293,22646,653365,14.069,0.169,1IkXIOwbDZkJLCxsRdSsZ7a6uQWuqssK,,0
1742585204907,cbs,1,11,jaber1,792847205,792847205,18,0,293,22482,662402,15.888,0.169,1IkXIOwbDZkJLCxsRdSsZ7a6uQWuqssK,,0
1742585205107,cbs,1,11,jaber1,792847205,792847205,18,0,293,22482,662402,15.698,0.169,1IkXIOwbDZkJLCxsRdSsZ7a6uQWuqssK,,0
1742585205307,cbs,1,11,jaber1,792847205,792847205,18,0,293,22482,662402,15.447,0.169,1IkXIOwbDZkJLCxsRdSsZ7a6uQWuqssK,,0
1742585205507,cbs,1,11,jaber1,792847205,792847205,18,0,293,22482,662402,15.447,0.169,1IkXIOwbDZkJLCxsRdSsZ7a6uQWuqssK,,0
1742585205708,cbs,1,11,jaber1,792847205,792847205,18,0,293,22482,662402,15.202,0.169,1IkXIOwbDZkJLCxsRdSsZ7a6uQWuqssK,,0
1742585205908,cbs,1,11,jaber1,792847205,792847205,18,18,293,28805,715800,14.951,0.169,1IkXIOwbDZkJLCxsRdSsZ7a6uQWuqssK,,0
1742585206108,cbs,1,11,jaber1,792847205,792847205,10,10,293,68444,341851,14.702,0.169,1IkXIOwbDZkJLCxsRdSsZ7a6uQWuqssK,,0
1742585206308,cbs,1,11,jaber1,792847205,792847205,10,10,293,67398,194615,14.450,0.169,1IkXIOwbDZkJLCxsRdSsZ7a6uQWuqssK,,0
1742585206508,cbs,1,11,jaber1,792847205,792847205,10,10,293,36153,223521,14.395,0.169,1IkXIOwbDZkJLCxsRdSsZ7a6uQWuqssK,,0
1742585206709,cbs,1,11,jaber1,792847205,792847205,10,10,293,27105,535033,14.135,0.169,1IkXIOwbDZkJLCxsRdSsZ7a6uQWuqssK,,0
1742585206909,cbs,1,11,jaber1,792847205,792847205,12,9,293,27899,696777,13.899,0.169,1IkXIOwbDZkJLCxsRdSsZ7a6uQWuqssK,,0
1742585207109,cbs,1,11,jaber1,792847205,792847205,4,8,293,27021,636492,13.667,0.169,1IkXIOwbDZkJLCxsRdSsZ7a6uQWuqssK,,0
