1742585670113,cbs,1,init,11,jaber1,1611861640,1611861640,0,0,BiSmWBFNfXUpMzjr8vLI1G6n8m0WkfWq,
1742585670885,cbs,1,startup,11,jaber1,1611861640,1611861640,2.002,0.706,BiSmWBFNfXUpMzjr8vLI1G6n8m0WkfWq,
1742585670885,cbs,1,timer,11,jaber1,1611861640,1611861640,1.986,0.706,BiSmWBFNfXUpMzjr8vLI1G6n8m0WkfWq,
1742585671116,cbs,1,timer,11,jaber1,1611861640,1611861640,1.775,0.706,BiSmWBFNfXUpMzjr8vLI1G6n8m0WkfWq,
1742585671363,cbs,1,timer,11,jaber1,1611861640,1611861640,1.529,0.706,BiSmWBFNfXUpMzjr8vLI1G6n8m0WkfWq,
1742585671620,cbs,1,timer,11,jaber1,1611861640,1611861640,3.274,0.706,BiSmWBFNfXUpMzjr8vLI1G6n8m0WkfWq,
1742585671868,cbs,1,timer,11,jaber1,1611861640,1611861640,3.025,0.706,BiSmWBFNfXUpMzjr8vLI1G6n8m0WkfWq,
1742585672115,cbs,1,timer,11,jaber1,1611861640,1611861640,2.779,0.706,BiSmWBFNfXUpMzjr8vLI1G6n8m0WkfWq,
1742585672364,cbs,1,timer,11,jaber1,1611861640,1611861640,4.531,0.706,BiSmWBFNfXUpMzjr8vLI1G6n8m0WkfWq,
1742585672613,cbs,1,timer,11,jaber1,1611861640,1611861640,4.283,0.706,BiSmWBFNfXUpMzjr8vLI1G6n8m0WkfWq,
1742585672868,cbs,1,timer,11,jaber1,1611861640,1611861640,4.027,0.706,BiSmWBFNfXUpMzjr8vLI1G6n8m0WkfWq,
1742585673140,cbs,1,timer,11,jaber1,1611861640,1611861640,5.785,0.706,BiSmWBFNfXUpMzjr8vLI1G6n8m0WkfWq,
1742585673364,cbs,1,timer,11,jaber1,1611861640,1611861640,5.534,0.706,BiSmWBFNfXUpMzjr8vLI1G6n8m0WkfWq,
1742585673614,cbs,1,timer,11,jaber1,1611861640,1611861640,5.284,0.706,BiSmWBFNfXUpMzjr8vLI1G6n8m0WkfWq,
1742585673868,cbs,1,timer,11,jaber1,1611861640,1611861640,5.030,0.706,BiSmWBFNfXUpMzjr8vLI1G6n8m0WkfWq,
1742585674113,cbs,1,timer,11,jaber1,1611861640,1611861640,4.784,0.706,BiSmWBFNfXUpMzjr8vLI1G6n8m0WkfWq,
1742585674364,cbs,1,timer,11,jaber1,1611861640,1611861640,4.533,0.706,BiSmWBFNfXUpMzjr8vLI1G6n8m0WkfWq,
1742585674616,cbs,1,timer,11,jaber1,1611861640,1611861640,6.286,0.706,BiSmWBFNfXUpMzjr8vLI1G6n8m0WkfWq,
1742585674869,cbs,1,timer,11,jaber1,1611861640,1611861640,6.033,0.706,BiSmWBFNfXUpMzjr8vLI1G6n8m0WkfWq,
1742585675116,cbs,1,timer,11,jaber1,1611861640,1611861640,5.784,0.706,BiSmWBFNfXUpMzjr8vLI1G6n8m0WkfWq,
1742585675364,cbs,1,timer,11,jaber1,1611861640,1611861640,5.535,0.706,BiSmWBFNfXUpMzjr8vLI1G6n8m0WkfWq,
1742585675620,cbs,1,timer,11,jaber1,1611861640,1611861640,5.280,0.706,BiSmWBFNfXUpMzjr8vLI1G6n8m0WkfWq,
1742585675868,cbs,1,timer,11,jaber1,1611861640,1611861640,7.035,0.706,BiSmWBFNfXUpMzjr8vLI1G6n8m0WkfWq,
1742585676113,cbs,1,timer,11,jaber1,1611861640,1611861640,6.788,0.706,BiSmWBFNfXUpMzjr8vLI1G6n8m0WkfWq,
1742585676363,cbs,1,timer,11,jaber1,1611861640,1611861640,6.539,0.706,BiSmWBFNfXUpMzjr8vLI1G6n8m0WkfWq,
1742585676620,cbs,1,timer,11,jaber1,1611861640,1611861640,6.281,0.706,BiSmWBFNfXUpMzjr8vLI1G6n8m0WkfWq,
1742585676868,cbs,1,timer,11,jaber1,1611861640,1611861640,6.036,0.706,BiSmWBFNfXUpMzjr8vLI1G6n8m0WkfWq,
1742585677116,cbs,1,timer,11,jaber1,1611861640,1611861640,5.786,0.706,BiSmWBFNfXUpMzjr8vLI1G6n8m0WkfWq,
1742585677364,cbs,1,timer,11,jaber1,1611861640,1611861640,7.540,0.706,BiSmWBFNfXUpMzjr8vLI1G6n8m0WkfWq,
1742585677613,cbs,1,timer,11,jaber1,1611861640,1611861640,7.290,0.706,BiSmWBFNfXUpMzjr8vLI1G6n8m0WkfWq,
1742585677863,cbs,1,timer,11,jaber1,1611861640,1611861640,7.046,0.706,BiSmWBFNfXUpMzjr8vLI1G6n8m0WkfWq,
1742585678116,cbs,1,timer,11,jaber1,1611861640,1611861640,6.787,0.706,BiSmWBFNfXUpMzjr8vLI1G6n8m0WkfWq,
1742585678364,cbs,1,timer,11,jaber1,1611861640,1611861640,6.540,0.706,BiSmWBFNfXUpMzjr8vLI1G6n8m0WkfWq,
1742585678618,cbs,1,timer,11,jaber1,1611861640,1611861640,6.285,0.706,BiSmWBFNfXUpMzjr8vLI1G6n8m0WkfWq,
1742585678868,cbs,1,timer,11,jaber1,1611861640,1611861640,6.035,0.706,BiSmWBFNfXUpMzjr8vLI1G6n8m0WkfWq,
1742585679116,cbs,1,timer,11,jaber1,1611861640,1611861640,7.790,0.706,BiSmWBFNfXUpMzjr8vLI1G6n8m0WkfWq,
1742585679364,cbs,1,timer,11,jaber1,1611861640,1611861640,7.543,0.706,BiSmWBFNfXUpMzjr8vLI1G6n8m0WkfWq,
1742585679620,cbs,1,timer,11,jaber1,1611861640,1611861640,7.286,0.706,BiSmWBFNfXUpMzjr8vLI1G6n8m0WkfWq,
1742585679866,cbs,1,timer,11,jaber1,1611861640,1611861640,7.039,0.706,BiSmWBFNfXUpMzjr8vLI1G6n8m0WkfWq,
1742585680113,cbs,1,timer,11,jaber1,1611861640,1611861640,6.792,0.706,BiSmWBFNfXUpMzjr8vLI1G6n8m0WkfWq,
1742585680364,cbs,1,timer,11,jaber1,1611861640,1611861640,6.542,0.706,BiSmWBFNfXUpMzjr8vLI1G6n8m0WkfWq,
1742585680620,cbs,1,timer,11,jaber1,1611861640,1611861640,6.285,0.706,BiSmWBFNfXUpMzjr8vLI1G6n8m0WkfWq,
1742585680868,cbs,1,timer,11,jaber1,1611861640,1611861640,8.040,0.706,BiSmWBFNfXUpMzjr8vLI1G6n8m0WkfWq,
1742585681113,cbs,1,timer,11,jaber1,1611861640,1611861640,7.794,0.706,BiSmWBFNfXUpMzjr8vLI1G6n8m0WkfWq,
1742585681364,cbs,1,timer,11,jaber1,1611861640,1611861640,7.543,0.706,BiSmWBFNfXUpMzjr8vLI1G6n8m0WkfWq,
1742585681618,cbs,1,timer,11,jaber1,1611861640,1611861640,7.289,0.706,BiSmWBFNfXUpMzjr8vLI1G6n8m0WkfWq,
1742585681872,cbs,1,timer,11,jaber1,1611861640,1611861640,7.039,0.706,BiSmWBFNfXUpMzjr8vLI1G6n8m0WkfWq,
1742585682116,cbs,1,timer,11,jaber1,1611861640,1611861640,6.791,0.706,BiSmWBFNfXUpMzjr8vLI1G6n8m0WkfWq,
1742585682363,cbs,1,timer,11,jaber1,1611861640,1611861640,6.546,0.706,BiSmWBFNfXUpMzjr8vLI1G6n8m0WkfWq,
1742585682615,cbs,1,timer,11,jaber1,1611861640,1611861640,6.292,0.706,BiSmWBFNfXUpMzjr8vLI1G6n8m0WkfWq,
1742585682862,cbs,1,timer,11,jaber1,1611861640,1611861640,6.045,0.706,BiSmWBFNfXUpMzjr8vLI1G6n8m0WkfWq,
1742585683115,cbs,1,timer,11,jaber1,1611861640,1611861640,5.792,0.706,BiSmWBFNfXUpMzjr8vLI1G6n8m0WkfWq,
1742585683364,cbs,1,timer,11,jaber1,1611861640,1611861640,5.544,0.706,BiSmWBFNfXUpMzjr8vLI1G6n8m0WkfWq,
1742585683614,cbs,1,timer,11,jaber1,1611861640,1611861640,5.293,0.706,BiSmWBFNfXUpMzjr8vLI1G6n8m0WkfWq,
1742585683868,cbs,1,timer,11,jaber1,1611861640,1611861640,7.041,0.706,BiSmWBFNfXUpMzjr8vLI1G6n8m0WkfWq,
1742585684116,cbs,1,timer,11,jaber1,1611861640,1611861640,6.793,0.706,BiSmWBFNfXUpMzjr8vLI1G6n8m0WkfWq,
1742585684363,cbs,1,timer,11,jaber1,1611861640,1611861640,6.547,0.706,BiSmWBFNfXUpMzjr8vLI1G6n8m0WkfWq,
1742585684618,cbs,1,timer,11,jaber1,1611861640,1611861640,6.291,0.706,BiSmWBFNfXUpMzjr8vLI1G6n8m0WkfWq,
1742585684868,cbs,1,timer,11,jaber1,1611861640,1611861640,6.062,0.706,BiSmWBFNfXUpMzjr8vLI1G6n8m0WkfWq,
1742585685115,cbs,1,timer,11,jaber1,1611861640,1611861640,5.814,0.706,BiSmWBFNfXUpMzjr8vLI1G6n8m0WkfWq,
1742585685363,cbs,1,timer,11,jaber1,1611861640,1611861640,5.569,0.706,BiSmWBFNfXUpMzjr8vLI1G6n8m0WkfWq,
1742585685620,cbs,1,timer,11,jaber1,1611861640,1611861640,7.311,0.706,BiSmWBFNfXUpMzjr8vLI1G6n8m0WkfWq,
1742585685868,cbs,1,timer,11,jaber1,1611861640,1611861640,7.071,0.706,BiSmWBFNfXUpMzjr8vLI1G6n8m0WkfWq,
1742585686116,cbs,1,timer,11,jaber1,1611861640,1611861640,6.815,0.706,BiSmWBFNfXUpMzjr8vLI1G6n8m0WkfWq,
1742585686363,cbs,1,timer,11,jaber1,1611861640,1611861640,6.572,0.706,BiSmWBFNfXUpMzjr8vLI1G6n8m0WkfWq,
1742585686620,cbs,1,timer,11,jaber1,1611861640,1611861640,6.311,0.706,BiSmWBFNfXUpMzjr8vLI1G6n8m0WkfWq,
1742585686863,cbs,1,timer,11,jaber1,1611861640,1611861640,6.068,0.706,BiSmWBFNfXUpMzjr8vLI1G6n8m0WkfWq,
1742585687116,cbs,1,timer,11,jaber1,1611861640,1611861640,5.815,0.706,BiSmWBFNfXUpMzjr8vLI1G6n8m0WkfWq,
1742585687363,cbs,1,timer,11,jaber1,1611861640,1611861640,7.577,0.706,BiSmWBFNfXUpMzjr8vLI1G6n8m0WkfWq,
1742585687620,cbs,1,timer,11,jaber1,1611861640,1611861640,7.313,0.706,BiSmWBFNfXUpMzjr8vLI1G6n8m0WkfWq,
1742585687868,cbs,1,timer,11,jaber1,1611861640,1611861640,7.066,0.706,BiSmWBFNfXUpMzjr8vLI1G6n8m0WkfWq,
1742585688113,cbs,1,timer,11,jaber1,1611861640,1611861640,6.821,0.706,BiSmWBFNfXUpMzjr8vLI1G6n8m0WkfWq,
1742585688364,cbs,1,timer,11,jaber1,1611861640,1611861640,6.577,0.706,BiSmWBFNfXUpMzjr8vLI1G6n8m0WkfWq,
1742585688619,cbs,1,timer,11,jaber1,1611861640,1611861640,6.315,0.706,BiSmWBFNfXUpMzjr8vLI1G6n8m0WkfWq,
1742585688864,cbs,1,timer,11,jaber1,1611861640,1611861640,6.070,0.706,BiSmWBFNfXUpMzjr8vLI1G6n8m0WkfWq,
1742585689114,cbs,1,timer,11,jaber1,1611861640,1611861640,5.820,0.706,BiSmWBFNfXUpMzjr8vLI1G6n8m0WkfWq,
1742585689363,cbs,1,timer,11,jaber1,1611861640,1611861640,7.579,0.706,BiSmWBFNfXUpMzjr8vLI1G6n8m0WkfWq,
1742585689620,cbs,1,timer,11,jaber1,1611861640,1611861640,7.316,0.706,BiSmWBFNfXUpMzjr8vLI1G6n8m0WkfWq,
1742585689868,cbs,1,timer,11,jaber1,1611861640,1611861640,7.114,0.706,BiSmWBFNfXUpMzjr8vLI1G6n8m0WkfWq,
1742585690114,cbs,1,timer,11,jaber1,1611861640,1611861640,6.862,0.706,BiSmWBFNfXUpMzjr8vLI1G6n8m0WkfWq,
1742585690364,cbs,1,timer,11,jaber1,1611861640,1611861640,6.615,0.706,BiSmWBFNfXUpMzjr8vLI1G6n8m0WkfWq,
1742585690620,cbs,1,timer,11,jaber1,1611861640,1611861640,6.356,0.706,BiSmWBFNfXUpMzjr8vLI1G6n8m0WkfWq,
1742585690868,cbs,1,timer,11,jaber1,1611861640,1611861640,6.114,0.706,BiSmWBFNfXUpMzjr8vLI1G6n8m0WkfWq,
1742585691115,cbs,1,timer,11,jaber1,1611861640,1611861640,5.881,0.706,BiSmWBFNfXUpMzjr8vLI1G6n8m0WkfWq,
1742585691364,cbs,1,timer,11,jaber1,1611861640,1611861640,7.640,0.706,BiSmWBFNfXUpMzjr8vLI1G6n8m0WkfWq,
1742585691614,cbs,1,timer,11,jaber1,1611861640,1611861640,7.383,0.706,BiSmWBFNfXUpMzjr8vLI1G6n8m0WkfWq,
1742585691865,cbs,1,timer,11,jaber1,1611861640,1611861640,7.136,0.706,BiSmWBFNfXUpMzjr8vLI1G6n8m0WkfWq,
1742585692116,cbs,1,timer,11,jaber1,1611861640,1611861640,6.881,0.706,BiSmWBFNfXUpMzjr8vLI1G6n8m0WkfWq,
1742585692364,cbs,1,timer,11,jaber1,1611861640,1611861640,6.639,0.706,BiSmWBFNfXUpMzjr8vLI1G6n8m0WkfWq,
1742585692620,cbs,1,timer,11,jaber1,1611861640,1611861640,6.378,0.706,BiSmWBFNfXUpMzjr8vLI1G6n8m0WkfWq,
1742585692867,cbs,1,timer,11,jaber1,1611861640,1611861640,6.134,0.706,BiSmWBFNfXUpMzjr8vLI1G6n8m0WkfWq,
1742585693115,cbs,1,timer,11,jaber1,1611861640,1611861640,7.905,0.706,BiSmWBFNfXUpMzjr8vLI1G6n8m0WkfWq,
1742585693364,cbs,1,timer,11,jaber1,1611861640,1611861640,7.658,0.706,BiSmWBFNfXUpMzjr8vLI1G6n8m0WkfWq,
1742585693620,cbs,1,timer,11,jaber1,1611861640,1611861640,7.400,0.706,BiSmWBFNfXUpMzjr8vLI1G6n8m0WkfWq,
1742585693868,cbs,1,timer,11,jaber1,1611861640,1611861640,7.155,0.706,BiSmWBFNfXUpMzjr8vLI1G6n8m0WkfWq,
1742585694116,cbs,1,timer,11,jaber1,1611861640,1611861640,6.903,0.706,BiSmWBFNfXUpMzjr8vLI1G6n8m0WkfWq,
1742585694363,cbs,1,timer,11,jaber1,1611861640,1611861640,6.658,0.706,BiSmWBFNfXUpMzjr8vLI1G6n8m0WkfWq,
1742585694620,cbs,1,timer,11,jaber1,1611861640,1611861640,6.399,0.706,BiSmWBFNfXUpMzjr8vLI1G6n8m0WkfWq,
1742585694864,cbs,1,timer,11,jaber1,1611861640,1611861640,6.159,0.706,BiSmWBFNfXUpMzjr8vLI1G6n8m0WkfWq,
1742585695127,cbs,1,timer,11,jaber1,1611861640,1611861640,7.925,0.706,BiSmWBFNfXUpMzjr8vLI1G6n8m0WkfWq,
1742585695364,cbs,1,timer,11,jaber1,1611861640,1611861640,7.680,0.706,BiSmWBFNfXUpMzjr8vLI1G6n8m0WkfWq,
1742585695620,cbs,1,timer,11,jaber1,1611861640,1611861640,7.422,0.706,BiSmWBFNfXUpMzjr8vLI1G6n8m0WkfWq,
1742585695868,cbs,1,timer,11,jaber1,1611861640,1611861640,7.179,0.706,BiSmWBFNfXUpMzjr8vLI1G6n8m0WkfWq,
1742585696116,cbs,1,timer,11,jaber1,1611861640,1611861640,6.925,0.706,BiSmWBFNfXUpMzjr8vLI1G6n8m0WkfWq,
1742585696363,cbs,1,timer,11,jaber1,1611861640,1611861640,6.681,0.706,BiSmWBFNfXUpMzjr8vLI1G6n8m0WkfWq,
1742585696613,cbs,1,timer,11,jaber1,1611861640,1611861640,6.428,0.706,BiSmWBFNfXUpMzjr8vLI1G6n8m0WkfWq,
1742585696868,cbs,1,timer,11,jaber1,1611861640,1611861640,8.180,0.706,BiSmWBFNfXUpMzjr8vLI1G6n8m0WkfWq,
1742585697136,cbs,1,timer,11,jaber1,1611861640,1611861640,7.947,0.706,BiSmWBFNfXUpMzjr8vLI1G6n8m0WkfWq,
1742585697364,cbs,1,timer,11,jaber1,1611861640,1611861640,7.706,0.706,BiSmWBFNfXUpMzjr8vLI1G6n8m0WkfWq,
1742585697614,cbs,1,timer,11,jaber1,1611861640,1611861640,7.449,0.706,BiSmWBFNfXUpMzjr8vLI1G6n8m0WkfWq,
1742585697863,cbs,1,timer,11,jaber1,1611861640,1611861640,7.202,0.706,BiSmWBFNfXUpMzjr8vLI1G6n8m0WkfWq,
1742585698113,cbs,1,timer,11,jaber1,1611861640,1611861640,6.950,0.706,BiSmWBFNfXUpMzjr8vLI1G6n8m0WkfWq,
1742585698366,cbs,1,timer,11,jaber1,1611861640,1611861640,6.705,0.706,BiSmWBFNfXUpMzjr8vLI1G6n8m0WkfWq,
1742585698620,cbs,1,timer,11,jaber1,1611861640,1611861640,6.444,0.706,BiSmWBFNfXUpMzjr8vLI1G6n8m0WkfWq,
1742585698868,cbs,1,timer,11,jaber1,1611861640,1611861640,6.198,0.706,BiSmWBFNfXUpMzjr8vLI1G6n8m0WkfWq,
1742585699116,cbs,1,timer,11,jaber1,1611861640,1611861640,7.969,0.706,BiSmWBFNfXUpMzjr8vLI1G6n8m0WkfWq,
1742585699364,cbs,1,timer,11,jaber1,1611861640,1611861640,7.724,0.706,BiSmWBFNfXUpMzjr8vLI1G6n8m0WkfWq,
1742585699613,cbs,1,timer,11,jaber1,1611861640,1611861640,7.473,0.706,BiSmWBFNfXUpMzjr8vLI1G6n8m0WkfWq,
1742585699868,cbs,1,timer,11,jaber1,1611861640,1611861640,7.221,0.706,BiSmWBFNfXUpMzjr8vLI1G6n8m0WkfWq,
1742585700113,cbs,1,timer,11,jaber1,1611861640,1611861640,6.972,0.706,BiSmWBFNfXUpMzjr8vLI1G6n8m0WkfWq,
1742585700364,cbs,1,timer,11,jaber1,1611861640,1611861640,6.724,0.706,BiSmWBFNfXUpMzjr8vLI1G6n8m0WkfWq,
1742585700620,cbs,1,timer,11,jaber1,1611861640,1611861640,6.466,0.706,BiSmWBFNfXUpMzjr8vLI1G6n8m0WkfWq,
1742585700864,cbs,1,timer,11,jaber1,1611861640,1611861640,6.226,0.706,BiSmWBFNfXUpMzjr8vLI1G6n8m0WkfWq,
1742585701116,cbs,1,timer,11,jaber1,1611861640,1611861640,7.991,0.706,BiSmWBFNfXUpMzjr8vLI1G6n8m0WkfWq,
1742585701364,cbs,1,timer,11,jaber1,1611861640,1611861640,7.746,0.706,BiSmWBFNfXUpMzjr8vLI1G6n8m0WkfWq,
1742585701616,cbs,1,timer,11,jaber1,1611861640,1611861640,7.491,0.706,BiSmWBFNfXUpMzjr8vLI1G6n8m0WkfWq,
1742585701868,cbs,1,timer,11,jaber1,1611861640,1611861640,7.248,0.706,BiSmWBFNfXUpMzjr8vLI1G6n8m0WkfWq,
1742585702114,cbs,1,timer,11,jaber1,1611861640,1611861640,6.994,0.706,BiSmWBFNfXUpMzjr8vLI1G6n8m0WkfWq,
1742585702366,cbs,1,timer,11,jaber1,1611861640,1611861640,6.746,0.706,BiSmWBFNfXUpMzjr8vLI1G6n8m0WkfWq,
1742585702620,cbs,1,timer,11,jaber1,1611861640,1611861640,6.487,0.706,BiSmWBFNfXUpMzjr8vLI1G6n8m0WkfWq,
1742585702868,cbs,1,timer,11,jaber1,1611861640,1611861640,6.244,0.706,BiSmWBFNfXUpMzjr8vLI1G6n8m0WkfWq,
1742585703113,cbs,1,timer,11,jaber1,1611861640,1611861640,6.014,0.706,BiSmWBFNfXUpMzjr8vLI1G6n8m0WkfWq,
1742585703364,cbs,1,timer,11,jaber1,1611861640,1611861640,5.770,0.706,BiSmWBFNfXUpMzjr8vLI1G6n8m0WkfWq,
1742585703613,cbs,1,timer,11,jaber1,1611861640,1611861640,5.514,0.706,BiSmWBFNfXUpMzjr8vLI1G6n8m0WkfWq,
1742585703868,cbs,1,timer,11,jaber1,1611861640,1611861640,7.264,0.706,BiSmWBFNfXUpMzjr8vLI1G6n8m0WkfWq,
1742585704116,cbs,1,timer,11,jaber1,1611861640,1611861640,7.014,0.706,BiSmWBFNfXUpMzjr8vLI1G6n8m0WkfWq,
1742585704364,cbs,1,timer,11,jaber1,1611861640,1611861640,6.771,0.706,BiSmWBFNfXUpMzjr8vLI1G6n8m0WkfWq,
1742585704613,cbs,1,timer,11,jaber1,1611861640,1611861640,6.516,0.706,BiSmWBFNfXUpMzjr8vLI1G6n8m0WkfWq,
1742585704868,cbs,1,timer,11,jaber1,1611861640,1611861640,6.263,0.706,BiSmWBFNfXUpMzjr8vLI1G6n8m0WkfWq,
1742585705116,cbs,1,timer,11,jaber1,1611861640,1611861640,6.014,0.706,BiSmWBFNfXUpMzjr8vLI1G6n8m0WkfWq,
1742585705363,cbs,1,timer,11,jaber1,1611861640,1611861640,5.772,0.706,BiSmWBFNfXUpMzjr8vLI1G6n8m0WkfWq,
1742585705620,cbs,1,timer,11,jaber1,1611861640,1611861640,7.511,0.706,BiSmWBFNfXUpMzjr8vLI1G6n8m0WkfWq,
1742585705863,cbs,1,timer,11,jaber1,1611861640,1611861640,7.270,0.706,BiSmWBFNfXUpMzjr8vLI1G6n8m0WkfWq,
1742585706114,cbs,1,timer,11,jaber1,1611861640,1611861640,7.017,0.706,BiSmWBFNfXUpMzjr8vLI1G6n8m0WkfWq,
1742585706363,cbs,1,timer,11,jaber1,1611861640,1611861640,6.774,0.706,BiSmWBFNfXUpMzjr8vLI1G6n8m0WkfWq,
1742585706614,cbs,1,timer,11,jaber1,1611861640,1611861640,6.517,0.706,BiSmWBFNfXUpMzjr8vLI1G6n8m0WkfWq,
1742585706868,cbs,1,timer,11,jaber1,1611861640,1611861640,6.267,0.706,BiSmWBFNfXUpMzjr8vLI1G6n8m0WkfWq,
1742585707115,cbs,1,timer,11,jaber1,1611861640,1611861640,8.038,0.706,BiSmWBFNfXUpMzjr8vLI1G6n8m0WkfWq,
1742585707364,cbs,1,timer,11,jaber1,1611861640,1611861640,7.790,0.706,BiSmWBFNfXUpMzjr8vLI1G6n8m0WkfWq,
1742585707620,cbs,1,timer,11,jaber1,1611861640,1611861640,7.533,0.706,BiSmWBFNfXUpMzjr8vLI1G6n8m0WkfWq,
1742585707868,cbs,1,timer,11,jaber1,1611861640,1611861640,7.288,0.706,BiSmWBFNfXUpMzjr8vLI1G6n8m0WkfWq,
1742585708126,cbs,1,timer,11,jaber1,1611861640,1611861640,7.038,0.706,BiSmWBFNfXUpMzjr8vLI1G6n8m0WkfWq,
1742585708364,cbs,1,timer,11,jaber1,1611861640,1611861640,6.789,0.706,BiSmWBFNfXUpMzjr8vLI1G6n8m0WkfWq,
1742585708613,cbs,1,timer,11,jaber1,1611861640,1611861640,6.540,0.706,BiSmWBFNfXUpMzjr8vLI1G6n8m0WkfWq,
1742585708868,cbs,1,timer,11,jaber1,1611861640,1611861640,8.288,0.706,BiSmWBFNfXUpMzjr8vLI1G6n8m0WkfWq,
1742585709116,cbs,1,timer,11,jaber1,1611861640,1611861640,8.060,0.706,BiSmWBFNfXUpMzjr8vLI1G6n8m0WkfWq,
1742585709364,cbs,1,timer,11,jaber1,1611861640,1611861640,7.811,0.706,BiSmWBFNfXUpMzjr8vLI1G6n8m0WkfWq,
1742585709620,cbs,1,timer,11,jaber1,1611861640,1611861640,7.555,0.706,BiSmWBFNfXUpMzjr8vLI1G6n8m0WkfWq,
1742585709868,cbs,1,timer,11,jaber1,1611861640,1611861640,7.309,0.706,BiSmWBFNfXUpMzjr8vLI1G6n8m0WkfWq,
1742585710116,cbs,1,timer,11,jaber1,1611861640,1611861640,7.060,0.706,BiSmWBFNfXUpMzjr8vLI1G6n8m0WkfWq,
1742585710364,cbs,1,timer,11,jaber1,1611861640,1611861640,6.814,0.706,BiSmWBFNfXUpMzjr8vLI1G6n8m0WkfWq,
1742585710613,cbs,1,timer,11,jaber1,1611861640,1611861640,6.563,0.706,BiSmWBFNfXUpMzjr8vLI1G6n8m0WkfWq,
1742585710864,cbs,1,timer,11,jaber1,1611861640,1611861640,6.313,0.706,BiSmWBFNfXUpMzjr8vLI1G6n8m0WkfWq,
1742585711112,cbs,1,timer,11,jaber1,1611861640,1611861640,6.065,0.706,BiSmWBFNfXUpMzjr8vLI1G6n8m0WkfWq,
1742585711364,cbs,1,timer,11,jaber1,1611861640,1611861640,7.814,0.706,BiSmWBFNfXUpMzjr8vLI1G6n8m0WkfWq,
1742585711620,cbs,1,timer,11,jaber1,1611861640,1611861640,7.557,0.706,BiSmWBFNfXUpMzjr8vLI1G6n8m0WkfWq,
1742585711864,cbs,1,timer,11,jaber1,1611861640,1611861640,7.313,0.706,BiSmWBFNfXUpMzjr8vLI1G6n8m0WkfWq,
1742585712116,cbs,1,timer,11,jaber1,1611861640,1611861640,7.062,0.706,BiSmWBFNfXUpMzjr8vLI1G6n8m0WkfWq,
1742585712364,cbs,1,timer,11,jaber1,1611861640,1611861640,6.814,0.706,BiSmWBFNfXUpMzjr8vLI1G6n8m0WkfWq,
1742585712613,cbs,1,timer,11,jaber1,1611861640,1611861640,6.564,0.706,BiSmWBFNfXUpMzjr8vLI1G6n8m0WkfWq,
1742585712868,cbs,1,timer,11,jaber1,1611861640,1611861640,6.309,0.706,BiSmWBFNfXUpMzjr8vLI1G6n8m0WkfWq,
1742585713162,cbs,1,timer,11,jaber1,1611861640,1611861640,8.088,0.706,BiSmWBFNfXUpMzjr8vLI1G6n8m0WkfWq,
1742585713364,cbs,1,timer,11,jaber1,1611861640,1611861640,7.840,0.706,BiSmWBFNfXUpMzjr8vLI1G6n8m0WkfWq,
1742585713620,cbs,1,timer,11,jaber1,1611861640,1611861640,7.580,0.706,BiSmWBFNfXUpMzjr8vLI1G6n8m0WkfWq,
1742585713868,cbs,1,timer,11,jaber1,1611861640,1611861640,7.333,0.706,BiSmWBFNfXUpMzjr8vLI1G6n8m0WkfWq,
1742585714116,cbs,1,timer,11,jaber1,1611861640,1611861640,7.083,0.706,BiSmWBFNfXUpMzjr8vLI1G6n8m0WkfWq,
1742585714364,cbs,1,timer,11,jaber1,1611861640,1611861640,6.841,0.706,BiSmWBFNfXUpMzjr8vLI1G6n8m0WkfWq,
1742585714620,cbs,1,timer,11,jaber1,1611861640,1611861640,6.579,0.706,BiSmWBFNfXUpMzjr8vLI1G6n8m0WkfWq,
1742585714863,cbs,1,timer,11,jaber1,1611861640,1611861640,6.337,0.706,BiSmWBFNfXUpMzjr8vLI1G6n8m0WkfWq,
1742585715113,cbs,1,timer,11,jaber1,1611861640,1611861640,6.107,0.706,BiSmWBFNfXUpMzjr8vLI1G6n8m0WkfWq,
1742585715364,cbs,1,timer,11,jaber1,1611861640,1611861640,5.857,0.706,BiSmWBFNfXUpMzjr8vLI1G6n8m0WkfWq,
1742585715620,cbs,1,timer,11,jaber1,1611861640,1611861640,7.602,0.706,BiSmWBFNfXUpMzjr8vLI1G6n8m0WkfWq,
1742585715868,cbs,1,timer,11,jaber1,1611861640,1611861640,7.355,0.706,BiSmWBFNfXUpMzjr8vLI1G6n8m0WkfWq,
1742585716114,cbs,1,timer,11,jaber1,1611861640,1611861640,7.108,0.706,BiSmWBFNfXUpMzjr8vLI1G6n8m0WkfWq,
1742585716363,cbs,1,timer,11,jaber1,1611861640,1611861640,6.860,0.706,BiSmWBFNfXUpMzjr8vLI1G6n8m0WkfWq,
1742585716613,cbs,1,timer,11,jaber1,1611861640,1611861640,6.608,0.706,BiSmWBFNfXUpMzjr8vLI1G6n8m0WkfWq,
1742585716868,cbs,1,timer,11,jaber1,1611861640,1611861640,6.356,0.706,BiSmWBFNfXUpMzjr8vLI1G6n8m0WkfWq,
1742585717116,cbs,1,timer,11,jaber1,1611861640,1611861640,6.126,0.706,BiSmWBFNfXUpMzjr8vLI1G6n8m0WkfWq,
1742585717363,cbs,1,timer,11,jaber1,1611861640,1611861640,5.878,0.706,BiSmWBFNfXUpMzjr8vLI1G6n8m0WkfWq,
1742585717616,cbs,1,timer,11,jaber1,1611861640,1611861640,5.626,0.706,BiSmWBFNfXUpMzjr8vLI1G6n8m0WkfWq,
1742585717868,cbs,1,timer,11,jaber1,1611861640,1611861640,7.377,0.706,BiSmWBFNfXUpMzjr8vLI1G6n8m0WkfWq,
1742585718113,cbs,1,timer,11,jaber1,1611861640,1611861640,7.130,0.706,BiSmWBFNfXUpMzjr8vLI1G6n8m0WkfWq,
1742585718364,cbs,1,timer,11,jaber1,1611861640,1611861640,6.883,0.706,BiSmWBFNfXUpMzjr8vLI1G6n8m0WkfWq,
1742585718613,cbs,1,timer,11,jaber1,1611861640,1611861640,6.630,0.706,BiSmWBFNfXUpMzjr8vLI1G6n8m0WkfWq,
1742585718868,cbs,1,timer,11,jaber1,1611861640,1611861640,6.375,0.706,BiSmWBFNfXUpMzjr8vLI1G6n8m0WkfWq,
1742585719116,cbs,1,timer,11,jaber1,1611861640,1611861640,6.127,0.706,BiSmWBFNfXUpMzjr8vLI1G6n8m0WkfWq,
1742585719364,cbs,1,timer,11,jaber1,1611861640,1611861640,5.881,0.706,BiSmWBFNfXUpMzjr8vLI1G6n8m0WkfWq,
1742585719615,cbs,1,timer,11,jaber1,1611861640,1611861640,5.628,0.706,BiSmWBFNfXUpMzjr8vLI1G6n8m0WkfWq,
1742585719868,cbs,1,timer,11,jaber1,1611861640,1611861640,7.378,0.706,BiSmWBFNfXUpMzjr8vLI1G6n8m0WkfWq,
1742585720116,cbs,1,timer,11,jaber1,1611861640,1611861640,7.129,0.706,BiSmWBFNfXUpMzjr8vLI1G6n8m0WkfWq,
1742585720363,cbs,1,timer,11,jaber1,1611861640,1611861640,6.884,0.706,BiSmWBFNfXUpMzjr8vLI1G6n8m0WkfWq,
1742585720620,cbs,1,timer,11,jaber1,1611861640,1611861640,6.626,0.706,BiSmWBFNfXUpMzjr8vLI1G6n8m0WkfWq,
1742585720868,cbs,1,timer,11,jaber1,1611861640,1611861640,6.377,0.706,BiSmWBFNfXUpMzjr8vLI1G6n8m0WkfWq,
1742585721114,cbs,1,timer,11,jaber1,1611861640,1611861640,6.131,0.706,BiSmWBFNfXUpMzjr8vLI1G6n8m0WkfWq,
1742585721364,cbs,1,timer,11,jaber1,1611861640,1611861640,5.883,0.706,BiSmWBFNfXUpMzjr8vLI1G6n8m0WkfWq,
1742585721614,cbs,1,timer,11,jaber1,1611861640,1611861640,5.632,0.706,BiSmWBFNfXUpMzjr8vLI1G6n8m0WkfWq,
1742585721872,cbs,1,timer,11,jaber1,1611861640,1611861640,7.380,0.706,BiSmWBFNfXUpMzjr8vLI1G6n8m0WkfWq,
1742585722116,cbs,1,timer,11,jaber1,1611861640,1611861640,7.131,0.706,BiSmWBFNfXUpMzjr8vLI1G6n8m0WkfWq,
1742585722364,cbs,1,timer,11,jaber1,1611861640,1611861640,6.886,0.706,BiSmWBFNfXUpMzjr8vLI1G6n8m0WkfWq,
1742585722617,cbs,1,timer,11,jaber1,1611861640,1611861640,6.631,0.706,BiSmWBFNfXUpMzjr8vLI1G6n8m0WkfWq,
1742585722868,cbs,1,timer,11,jaber1,1611861640,1611861640,6.379,0.706,BiSmWBFNfXUpMzjr8vLI1G6n8m0WkfWq,
1742585723114,cbs,1,timer,11,jaber1,1611861640,1611861640,6.133,0.706,BiSmWBFNfXUpMzjr8vLI1G6n8m0WkfWq,
1742585723364,cbs,1,timer,11,jaber1,1611861640,1611861640,5.885,0.706,BiSmWBFNfXUpMzjr8vLI1G6n8m0WkfWq,
1742585723620,cbs,1,timer,11,jaber1,1611861640,1611861640,7.632,0.706,BiSmWBFNfXUpMzjr8vLI1G6n8m0WkfWq,
1742585723868,cbs,1,timer,11,jaber1,1611861640,1611861640,7.383,0.706,BiSmWBFNfXUpMzjr8vLI1G6n8m0WkfWq,
1742585724116,cbs,1,timer,11,jaber1,1611861640,1611861640,7.133,0.706,BiSmWBFNfXUpMzjr8vLI1G6n8m0WkfWq,
1742585724364,cbs,1,timer,11,jaber1,1611861640,1611861640,6.887,0.706,BiSmWBFNfXUpMzjr8vLI1G6n8m0WkfWq,
1742585724614,cbs,1,timer,11,jaber1,1611861640,1611861640,6.635,0.706,BiSmWBFNfXUpMzjr8vLI1G6n8m0WkfWq,
1742585724864,cbs,1,timer,11,jaber1,1611861640,1611861640,6.386,0.706,BiSmWBFNfXUpMzjr8vLI1G6n8m0WkfWq,
1742585725116,cbs,1,timer,11,jaber1,1611861640,1611861640,6.133,0.706,BiSmWBFNfXUpMzjr8vLI1G6n8m0WkfWq,
