1742585670114,cbs,1,11,jaber1,1611861640,1611861640,11,0,229791,252317,6170,0.000,0.000,BiSmWBFNfXUpMzjr8vLI1G6n8m0WkfWq,,0
1742585670314,cbs,1,11,jaber1,1611861640,1611861640,19,7,134588,206462,77212,0.000,0.000,BiSmWBFNfXUpMzjr8vLI1G6n8m0WkfWq,,0
1742585670514,cbs,1,11,jaber1,1611861640,1611861640,22,22,134588,203458,77212,0.000,0.000,BiSmWBFNfXUpMzjr8vLI1G6n8m0WkfWq,,0
1742585670715,cbs,1,11,jaber1,1611861640,1611861640,34,7,134588,236867,100053,0.000,0.000,BiSmWBFNfXUpMzjr8vLI1G6n8m0WkfWq,,0
1742585670915,cbs,1,11,jaber1,1611861640,1611861640,39,10,134588,253144,115141,1.986,0.706,BiSmWBFNfXUpMzjr8vLI1G6n8m0WkfWq,,0
1742585671115,cbs,1,11,jaber1,1611861640,1611861640,41,40,134588,194212,115141,1.986,0.706,BiSmWBFNfXUpMzjr8vLI1G6n8m0WkfWq,,0
1742585671315,cbs,1,11,jaber1,1611861640,1611861640,77,11,134588,186187,302616,1.775,0.706,BiSmWBFNfXUpMzjr8vLI1G6n8m0WkfWq,,0
1742585671516,cbs,1,11,jaber1,1611861640,1611861640,88,67,134588,193928,250899,3.496,0.706,BiSmWBFNfXUpMzjr8vLI1G6n8m0WkfWq,,0
1742585671716,cbs,1,11,jaber1,1611861640,1611861640,94,94,134588,203717,250899,3.274,0.706,BiSmWBFNfXUpMzjr8vLI1G6n8m0WkfWq,,0
1742585671916,cbs,1,11,jaber1,1611861640,1611861640,112,54,134588,309232,417888,3.025,0.706,BiSmWBFNfXUpMzjr8vLI1G6n8m0WkfWq,,0
1742585672116,cbs,1,11,jaber1,1611861640,1611861640,126,19,134588,340253,341531,2.779,0.706,BiSmWBFNfXUpMzjr8vLI1G6n8m0WkfWq,,0
1742585672317,cbs,1,11,jaber1,1611861640,1611861640,126,126,134588,379051,335418,4.732,0.706,BiSmWBFNfXUpMzjr8vLI1G6n8m0WkfWq,,0
1742585672517,cbs,1,11,jaber1,1611861640,1611861640,126,125,134588,306159,335418,4.531,0.706,BiSmWBFNfXUpMzjr8vLI1G6n8m0WkfWq,,0
1742585672717,cbs,1,11,jaber1,1611861640,1611861640,126,89,134588,420726,335418,4.246,0.706,BiSmWBFNfXUpMzjr8vLI1G6n8m0WkfWq,,0
1742585672917,cbs,1,11,jaber1,1611861640,1611861640,126,61,134588,456708,383722,4.027,0.706,BiSmWBFNfXUpMzjr8vLI1G6n8m0WkfWq,,0
1742585673117,cbs,1,11,jaber1,1611861640,1611861640,126,0,134588,491317,381760,5.785,0.706,BiSmWBFNfXUpMzjr8vLI1G6n8m0WkfWq,,0
1742585673318,cbs,1,11,jaber1,1611861640,1611861640,126,126,134588,491317,381760,5.785,0.706,BiSmWBFNfXUpMzjr8vLI1G6n8m0WkfWq,,0
1742585673518,cbs,1,11,jaber1,1611861640,1611861640,126,126,134588,448171,381760,5.534,0.706,BiSmWBFNfXUpMzjr8vLI1G6n8m0WkfWq,,0
1742585673718,cbs,1,11,jaber1,1611861640,1611861640,126,126,134588,454217,381760,5.230,0.706,BiSmWBFNfXUpMzjr8vLI1G6n8m0WkfWq,,0
1742585673918,cbs,1,11,jaber1,1611861640,1611861640,126,126,134588,524307,381760,5.030,0.706,BiSmWBFNfXUpMzjr8vLI1G6n8m0WkfWq,,0
1742585674119,cbs,1,11,jaber1,1611861640,1611861640,126,114,134588,520798,338695,4.784,0.706,BiSmWBFNfXUpMzjr8vLI1G6n8m0WkfWq,,0
1742585674319,cbs,1,11,jaber1,1611861640,1611861640,126,58,134588,581356,310020,4.600,0.706,BiSmWBFNfXUpMzjr8vLI1G6n8m0WkfWq,,0
1742585674519,cbs,1,11,jaber1,1611861640,1611861640,126,86,134588,620889,273621,6.479,0.706,BiSmWBFNfXUpMzjr8vLI1G6n8m0WkfWq,,0
1742585674719,cbs,1,11,jaber1,1611861640,1611861640,126,126,134588,579616,315155,6.237,0.706,BiSmWBFNfXUpMzjr8vLI1G6n8m0WkfWq,,0
1742585674920,cbs,1,11,jaber1,1611861640,1611861640,108,108,134588,392397,315155,6.033,0.706,BiSmWBFNfXUpMzjr8vLI1G6n8m0WkfWq,,18
1742585675120,cbs,1,11,jaber1,1611861640,1611861640,104,104,134588,422987,315155,5.784,0.706,BiSmWBFNfXUpMzjr8vLI1G6n8m0WkfWq,,22
1742585675320,cbs,1,11,jaber1,1611861640,1611861640,104,104,134588,398779,361897,5.784,0.706,BiSmWBFNfXUpMzjr8vLI1G6n8m0WkfWq,,22
1742585675520,cbs,1,11,jaber1,1611861640,1611861640,152,49,134588,465627,314327,5.535,0.706,BiSmWBFNfXUpMzjr8vLI1G6n8m0WkfWq,,1
1742585675721,cbs,1,11,jaber1,1611861640,1611861640,120,6,134588,434500,282685,5.252,0.706,BiSmWBFNfXUpMzjr8vLI1G6n8m0WkfWq,,0
1742585675921,cbs,1,11,jaber1,1611861640,1611861640,120,44,134588,411404,228855,7.035,0.706,BiSmWBFNfXUpMzjr8vLI1G6n8m0WkfWq,,0
1742585676121,cbs,1,11,jaber1,1611861640,1611861640,120,70,134588,252471,228855,6.788,0.706,BiSmWBFNfXUpMzjr8vLI1G6n8m0WkfWq,,0
1742585676321,cbs,1,11,jaber1,1611861640,1611861640,122,90,134588,302831,228855,6.585,0.706,BiSmWBFNfXUpMzjr8vLI1G6n8m0WkfWq,,0
1742585676522,cbs,1,11,jaber1,1611861640,1611861640,120,120,134588,339805,270831,6.539,0.706,BiSmWBFNfXUpMzjr8vLI1G6n8m0WkfWq,,0
1742585676722,cbs,1,11,jaber1,1611861640,1611861640,120,97,134588,393894,333237,6.238,0.706,BiSmWBFNfXUpMzjr8vLI1G6n8m0WkfWq,,0
1742585676922,cbs,1,11,jaber1,1611861640,1611861640,120,56,134588,442637,319090,6.036,0.706,BiSmWBFNfXUpMzjr8vLI1G6n8m0WkfWq,,0
1742585677122,cbs,1,11,jaber1,1611861640,1611861640,120,7,134588,478759,349685,5.786,0.706,BiSmWBFNfXUpMzjr8vLI1G6n8m0WkfWq,,0
1742585677323,cbs,1,11,jaber1,1611861640,1611861640,120,38,134588,492061,325068,7.730,0.706,BiSmWBFNfXUpMzjr8vLI1G6n8m0WkfWq,,0
1742585677523,cbs,1,11,jaber1,1611861640,1611861640,120,92,134588,432458,325068,7.540,0.706,BiSmWBFNfXUpMzjr8vLI1G6n8m0WkfWq,,0
1742585677723,cbs,1,11,jaber1,1611861640,1611861640,122,120,134588,359283,325068,7.290,0.706,BiSmWBFNfXUpMzjr8vLI1G6n8m0WkfWq,,0
1742585677923,cbs,1,11,jaber1,1611861640,1611861640,96,105,134588,397733,338283,7.046,0.706,BiSmWBFNfXUpMzjr8vLI1G6n8m0WkfWq,,0
1742585678124,cbs,1,11,jaber1,1611861640,1611861640,96,94,134588,435898,308287,6.787,0.706,BiSmWBFNfXUpMzjr8vLI1G6n8m0WkfWq,,0
1742585678324,cbs,1,11,jaber1,1611861640,1611861640,98,89,134588,496813,357379,6.766,0.706,BiSmWBFNfXUpMzjr8vLI1G6n8m0WkfWq,,0
1742585678524,cbs,1,11,jaber1,1611861640,1611861640,98,98,134588,493089,267349,6.540,0.706,BiSmWBFNfXUpMzjr8vLI1G6n8m0WkfWq,,0
1742585678724,cbs,1,11,jaber1,1611861640,1611861640,98,82,134588,486684,255536,6.285,0.706,BiSmWBFNfXUpMzjr8vLI1G6n8m0WkfWq,,0
1742585678925,cbs,1,11,jaber1,1611861640,1611861640,100,47,134588,532115,257800,5.994,0.706,BiSmWBFNfXUpMzjr8vLI1G6n8m0WkfWq,,0
1742585679125,cbs,1,11,jaber1,1611861640,1611861640,100,33,134588,467787,283652,7.790,0.706,BiSmWBFNfXUpMzjr8vLI1G6n8m0WkfWq,,0
1742585679325,cbs,1,11,jaber1,1611861640,1611861640,100,100,134588,467380,280293,7.769,0.706,BiSmWBFNfXUpMzjr8vLI1G6n8m0WkfWq,,0
1742585679525,cbs,1,11,jaber1,1611861640,1611861640,98,90,134588,394956,280293,7.543,0.706,BiSmWBFNfXUpMzjr8vLI1G6n8m0WkfWq,,0
1742585679725,cbs,1,11,jaber1,1611861640,1611861640,98,88,134588,429963,280293,7.213,0.706,BiSmWBFNfXUpMzjr8vLI1G6n8m0WkfWq,,0
1742585679926,cbs,1,11,jaber1,1611861640,1611861640,96,96,134588,379829,323711,7.039,0.706,BiSmWBFNfXUpMzjr8vLI1G6n8m0WkfWq,,0
1742585680126,cbs,1,11,jaber1,1611861640,1611861640,96,93,134588,405598,290127,6.792,0.706,BiSmWBFNfXUpMzjr8vLI1G6n8m0WkfWq,,0
1742585680326,cbs,1,11,jaber1,1611861640,1611861640,98,88,134588,429717,281886,6.792,0.706,BiSmWBFNfXUpMzjr8vLI1G6n8m0WkfWq,,0
1742585680526,cbs,1,11,jaber1,1611861640,1611861640,4,53,134588,450633,279577,6.542,0.706,BiSmWBFNfXUpMzjr8vLI1G6n8m0WkfWq,,0
1742585680727,cbs,1,11,jaber1,1611861640,1611861640,4,3,134588,484053,278249,6.210,0.706,BiSmWBFNfXUpMzjr8vLI1G6n8m0WkfWq,,0
1742585680927,cbs,1,11,jaber1,1611861640,1611861640,4,4,134588,489593,255861,8.040,0.706,BiSmWBFNfXUpMzjr8vLI1G6n8m0WkfWq,,0
1742585681127,cbs,1,11,jaber1,1611861640,1611861640,130,6,134588,449902,255861,7.794,0.706,BiSmWBFNfXUpMzjr8vLI1G6n8m0WkfWq,,0
1742585681327,cbs,1,11,jaber1,1611861640,1611861640,130,59,134588,449902,255861,7.794,0.706,BiSmWBFNfXUpMzjr8vLI1G6n8m0WkfWq,,0
1742585681528,cbs,1,11,jaber1,1611861640,1611861640,140,72,134588,264997,255861,7.543,0.706,BiSmWBFNfXUpMzjr8vLI1G6n8m0WkfWq,,0
1742585681728,cbs,1,11,jaber1,1611861640,1611861640,140,78,134588,290094,333880,7.236,0.706,BiSmWBFNfXUpMzjr8vLI1G6n8m0WkfWq,,0
1742585681928,cbs,1,11,jaber1,1611861640,1611861640,142,97,134588,320906,292633,7.039,0.706,BiSmWBFNfXUpMzjr8vLI1G6n8m0WkfWq,,0
1742585682128,cbs,1,11,jaber1,1611861640,1611861640,136,115,134588,352607,310469,6.791,0.706,BiSmWBFNfXUpMzjr8vLI1G6n8m0WkfWq,,0
1742585682328,cbs,1,11,jaber1,1611861640,1611861640,138,98,134588,405922,349999,6.609,0.706,BiSmWBFNfXUpMzjr8vLI1G6n8m0WkfWq,,0
1742585682529,cbs,1,11,jaber1,1611861640,1611861640,140,104,134588,425802,340934,6.546,0.706,BiSmWBFNfXUpMzjr8vLI1G6n8m0WkfWq,,0
1742585682729,cbs,1,11,jaber1,1611861640,1611861640,140,124,134588,454299,329177,6.292,0.706,BiSmWBFNfXUpMzjr8vLI1G6n8m0WkfWq,,0
1742585682929,cbs,1,11,jaber1,1611861640,1611861640,140,133,134588,488653,279872,6.045,0.706,BiSmWBFNfXUpMzjr8vLI1G6n8m0WkfWq,,0
1742585683129,cbs,1,11,jaber1,1611861640,1611861640,140,138,134588,539450,282019,5.792,0.706,BiSmWBFNfXUpMzjr8vLI1G6n8m0WkfWq,,0
1742585683330,cbs,1,11,jaber1,1611861640,1611861640,140,114,134588,562758,302822,5.622,0.706,BiSmWBFNfXUpMzjr8vLI1G6n8m0WkfWq,,0
1742585683530,cbs,1,11,jaber1,1611861640,1611861640,140,65,134588,590939,314735,5.544,0.706,BiSmWBFNfXUpMzjr8vLI1G6n8m0WkfWq,,0
1742585683730,cbs,1,11,jaber1,1611861640,1611861640,142,23,134588,611371,327413,7.192,0.706,BiSmWBFNfXUpMzjr8vLI1G6n8m0WkfWq,,0
1742585683930,cbs,1,11,jaber1,1611861640,1611861640,142,63,134588,632456,303051,7.041,0.706,BiSmWBFNfXUpMzjr8vLI1G6n8m0WkfWq,,0
1742585684130,cbs,1,11,jaber1,1611861640,1611861640,142,130,134588,632456,303051,6.793,0.706,BiSmWBFNfXUpMzjr8vLI1G6n8m0WkfWq,,0
1742585684331,cbs,1,11,jaber1,1611861640,1611861640,140,132,134588,504494,303051,6.793,0.706,BiSmWBFNfXUpMzjr8vLI1G6n8m0WkfWq,,0
1742585684531,cbs,1,11,jaber1,1611861640,1611861640,140,135,134588,537678,303051,6.408,0.706,BiSmWBFNfXUpMzjr8vLI1G6n8m0WkfWq,,0
1742585684731,cbs,1,11,jaber1,1611861640,1611861640,140,138,134588,597268,303051,6.291,0.706,BiSmWBFNfXUpMzjr8vLI1G6n8m0WkfWq,,0
1742585684931,cbs,1,11,jaber1,1611861640,1611861640,140,120,134588,624830,314089,6.062,0.706,BiSmWBFNfXUpMzjr8vLI1G6n8m0WkfWq,,0
1742585685132,cbs,1,11,jaber1,1611861640,1611861640,140,77,134588,607707,308178,5.814,0.706,BiSmWBFNfXUpMzjr8vLI1G6n8m0WkfWq,,0
1742585685332,cbs,1,11,jaber1,1611861640,1611861640,140,27,134588,629377,311180,5.765,0.706,BiSmWBFNfXUpMzjr8vLI1G6n8m0WkfWq,,0
1742585685532,cbs,1,11,jaber1,1611861640,1611861640,140,6,134588,636689,312348,7.445,0.706,BiSmWBFNfXUpMzjr8vLI1G6n8m0WkfWq,,0
1742585685732,cbs,1,11,jaber1,1611861640,1611861640,140,59,134588,636689,312348,7.311,0.706,BiSmWBFNfXUpMzjr8vLI1G6n8m0WkfWq,,0
1742585685933,cbs,1,11,jaber1,1611861640,1611861640,140,110,134588,582958,312348,7.071,0.706,BiSmWBFNfXUpMzjr8vLI1G6n8m0WkfWq,,0
1742585686133,cbs,1,11,jaber1,1611861640,1611861640,140,129,134588,458242,312348,6.815,0.706,BiSmWBFNfXUpMzjr8vLI1G6n8m0WkfWq,,0
1742585686333,cbs,1,11,jaber1,1611861640,1611861640,142,136,134588,480084,312348,6.662,0.706,BiSmWBFNfXUpMzjr8vLI1G6n8m0WkfWq,,0
1742585686533,cbs,1,11,jaber1,1611861640,1611861640,140,134,134588,511021,283140,6.572,0.706,BiSmWBFNfXUpMzjr8vLI1G6n8m0WkfWq,,0
1742585686733,cbs,1,11,jaber1,1611861640,1611861640,140,140,134588,546007,335819,6.311,0.706,BiSmWBFNfXUpMzjr8vLI1G6n8m0WkfWq,,0
1742585686934,cbs,1,11,jaber1,1611861640,1611861640,140,85,134588,608254,319311,6.028,0.706,BiSmWBFNfXUpMzjr8vLI1G6n8m0WkfWq,,0
1742585687134,cbs,1,11,jaber1,1611861640,1611861640,140,52,134588,638264,299557,5.815,0.706,BiSmWBFNfXUpMzjr8vLI1G6n8m0WkfWq,,0
1742585687334,cbs,1,11,jaber1,1611861640,1611861640,140,37,134588,648798,286768,7.692,0.706,BiSmWBFNfXUpMzjr8vLI1G6n8m0WkfWq,,0
1742585687534,cbs,1,11,jaber1,1611861640,1611861640,140,75,134588,652985,295950,7.523,0.706,BiSmWBFNfXUpMzjr8vLI1G6n8m0WkfWq,,0
1742585687734,cbs,1,11,jaber1,1611861640,1611861640,140,128,134588,652985,295950,7.313,0.706,BiSmWBFNfXUpMzjr8vLI1G6n8m0WkfWq,,0
1742585687935,cbs,1,11,jaber1,1611861640,1611861640,140,133,134588,546749,295950,7.066,0.706,BiSmWBFNfXUpMzjr8vLI1G6n8m0WkfWq,,0
1742585688135,cbs,1,11,jaber1,1611861640,1611861640,140,135,134588,554214,295950,6.821,0.706,BiSmWBFNfXUpMzjr8vLI1G6n8m0WkfWq,,0
1742585688335,cbs,1,11,jaber1,1611861640,1611861640,142,142,134588,606170,295950,6.821,0.706,BiSmWBFNfXUpMzjr8vLI1G6n8m0WkfWq,,0
1742585688535,cbs,1,11,jaber1,1611861640,1611861640,140,122,134588,645929,298007,6.503,0.706,BiSmWBFNfXUpMzjr8vLI1G6n8m0WkfWq,,0
1742585688735,cbs,1,11,jaber1,1611861640,1611861640,140,87,134588,658144,294173,6.315,0.706,BiSmWBFNfXUpMzjr8vLI1G6n8m0WkfWq,,0
1742585688936,cbs,1,11,jaber1,1611861640,1611861640,140,40,134588,695011,287239,6.070,0.706,BiSmWBFNfXUpMzjr8vLI1G6n8m0WkfWq,,0
1742585689136,cbs,1,11,jaber1,1611861640,1611861640,126,5,134588,699178,286674,5.820,0.706,BiSmWBFNfXUpMzjr8vLI1G6n8m0WkfWq,,0
1742585689336,cbs,1,11,jaber1,1611861640,1611861640,126,28,134588,714857,249601,7.740,0.706,BiSmWBFNfXUpMzjr8vLI1G6n8m0WkfWq,,0
1742585689536,cbs,1,11,jaber1,1611861640,1611861640,126,75,134588,714857,249601,7.579,0.706,BiSmWBFNfXUpMzjr8vLI1G6n8m0WkfWq,,0
1742585689736,cbs,1,11,jaber1,1611861640,1611861640,126,120,134588,662792,249601,7.316,0.706,BiSmWBFNfXUpMzjr8vLI1G6n8m0WkfWq,,0
1742585689937,cbs,1,11,jaber1,1611861640,1611861640,134,115,134588,515880,249601,7.114,0.706,BiSmWBFNfXUpMzjr8vLI1G6n8m0WkfWq,,0
1742585690137,cbs,1,11,jaber1,1611861640,1611861640,134,125,134588,525125,249601,6.862,0.706,BiSmWBFNfXUpMzjr8vLI1G6n8m0WkfWq,,0
1742585690337,cbs,1,11,jaber1,1611861640,1611861640,134,132,134588,563352,285403,6.862,0.706,BiSmWBFNfXUpMzjr8vLI1G6n8m0WkfWq,,0
1742585690537,cbs,1,11,jaber1,1611861640,1611861640,136,119,134588,566264,266792,6.543,0.706,BiSmWBFNfXUpMzjr8vLI1G6n8m0WkfWq,,0
1742585690738,cbs,1,11,jaber1,1611861640,1611861640,134,72,134588,596077,287043,6.356,0.706,BiSmWBFNfXUpMzjr8vLI1G6n8m0WkfWq,,0
1742585690938,cbs,1,11,jaber1,1611861640,1611861640,134,27,134588,626519,299362,6.114,0.706,BiSmWBFNfXUpMzjr8vLI1G6n8m0WkfWq,,0
1742585691138,cbs,1,11,jaber1,1611861640,1611861640,134,2,134588,656281,281130,7.874,0.706,BiSmWBFNfXUpMzjr8vLI1G6n8m0WkfWq,,0
1742585691338,cbs,1,11,jaber1,1611861640,1611861640,134,49,134588,656281,281130,7.874,0.706,BiSmWBFNfXUpMzjr8vLI1G6n8m0WkfWq,,0
1742585691538,cbs,1,11,jaber1,1611861640,1611861640,134,98,134588,656281,281130,7.640,0.706,BiSmWBFNfXUpMzjr8vLI1G6n8m0WkfWq,,0
1742585691739,cbs,1,11,jaber1,1611861640,1611861640,170,109,134588,475404,281130,7.383,0.706,BiSmWBFNfXUpMzjr8vLI1G6n8m0WkfWq,,0
1742585691939,cbs,1,11,jaber1,1611861640,1611861640,205,121,134588,473541,281130,7.136,0.706,BiSmWBFNfXUpMzjr8vLI1G6n8m0WkfWq,,0
1742585692139,cbs,1,11,jaber1,1611861640,1611861640,234,119,134588,499691,294445,6.881,0.706,BiSmWBFNfXUpMzjr8vLI1G6n8m0WkfWq,,0
1742585692339,cbs,1,11,jaber1,1611861640,1611861640,234,123,134588,532834,311739,6.698,0.706,BiSmWBFNfXUpMzjr8vLI1G6n8m0WkfWq,,0
1742585692540,cbs,1,11,jaber1,1611861640,1611861640,234,124,134588,565678,292821,6.639,0.706,BiSmWBFNfXUpMzjr8vLI1G6n8m0WkfWq,,0
1742585692740,cbs,1,11,jaber1,1611861640,1611861640,234,83,134588,582681,276122,6.355,0.706,BiSmWBFNfXUpMzjr8vLI1G6n8m0WkfWq,,0
1742585692940,cbs,1,11,jaber1,1611861640,1611861640,234,36,134588,599480,298029,6.134,0.706,BiSmWBFNfXUpMzjr8vLI1G6n8m0WkfWq,,0
1742585693140,cbs,1,11,jaber1,1611861640,1611861640,234,26,134588,644188,276270,7.889,0.706,BiSmWBFNfXUpMzjr8vLI1G6n8m0WkfWq,,0
1742585693340,cbs,1,11,jaber1,1611861640,1611861640,234,75,134588,644188,276270,7.889,0.706,BiSmWBFNfXUpMzjr8vLI1G6n8m0WkfWq,,0
1742585693541,cbs,1,11,jaber1,1611861640,1611861640,234,122,134588,644188,276270,7.658,0.706,BiSmWBFNfXUpMzjr8vLI1G6n8m0WkfWq,,0
1742585693741,cbs,1,11,jaber1,1611861640,1611861640,236,135,134588,503185,276270,7.400,0.706,BiSmWBFNfXUpMzjr8vLI1G6n8m0WkfWq,,0
1742585693941,cbs,1,11,jaber1,1611861640,1611861640,236,146,134588,528081,276270,7.129,0.706,BiSmWBFNfXUpMzjr8vLI1G6n8m0WkfWq,,0
1742585694141,cbs,1,11,jaber1,1611861640,1611861640,214,150,134588,561029,291093,6.903,0.706,BiSmWBFNfXUpMzjr8vLI1G6n8m0WkfWq,,0
1742585694342,cbs,1,11,jaber1,1611861640,1611861640,218,114,134588,587727,294415,6.853,0.706,BiSmWBFNfXUpMzjr8vLI1G6n8m0WkfWq,,0
1742585694542,cbs,1,11,jaber1,1611861640,1611861640,228,64,134588,642613,333258,6.502,0.706,BiSmWBFNfXUpMzjr8vLI1G6n8m0WkfWq,,0
1742585694742,cbs,1,11,jaber1,1611861640,1611861640,232,30,134588,667673,309343,6.399,0.706,BiSmWBFNfXUpMzjr8vLI1G6n8m0WkfWq,,0
1742585694942,cbs,1,11,jaber1,1611861640,1611861640,232,4,134588,680285,291395,8.120,0.706,BiSmWBFNfXUpMzjr8vLI1G6n8m0WkfWq,,0
1742585695142,cbs,1,11,jaber1,1611861640,1611861640,232,53,134588,680285,291395,7.925,0.706,BiSmWBFNfXUpMzjr8vLI1G6n8m0WkfWq,,0
1742585695342,cbs,1,11,jaber1,1611861640,1611861640,232,100,134588,680285,291395,7.925,0.706,BiSmWBFNfXUpMzjr8vLI1G6n8m0WkfWq,,0
1742585695543,cbs,1,11,jaber1,1611861640,1611861640,232,117,134588,484304,291395,7.680,0.706,BiSmWBFNfXUpMzjr8vLI1G6n8m0WkfWq,,0
1742585695743,cbs,1,11,jaber1,1611861640,1611861640,232,125,134588,488941,291395,7.422,0.706,BiSmWBFNfXUpMzjr8vLI1G6n8m0WkfWq,,0
1742585695943,cbs,1,11,jaber1,1611861640,1611861640,232,125,134588,522101,316487,7.179,0.706,BiSmWBFNfXUpMzjr8vLI1G6n8m0WkfWq,,0
1742585696143,cbs,1,11,jaber1,1611861640,1611861640,232,133,134588,558622,280686,6.925,0.706,BiSmWBFNfXUpMzjr8vLI1G6n8m0WkfWq,,0
1742585696344,cbs,1,11,jaber1,1611861640,1611861640,232,119,134588,574234,276342,6.925,0.706,BiSmWBFNfXUpMzjr8vLI1G6n8m0WkfWq,,0
1742585696544,cbs,1,11,jaber1,1611861640,1611861640,232,70,134588,600057,290601,6.630,0.706,BiSmWBFNfXUpMzjr8vLI1G6n8m0WkfWq,,0
1742585696744,cbs,1,11,jaber1,1611861640,1611861640,232,23,134588,631264,321144,8.309,0.706,BiSmWBFNfXUpMzjr8vLI1G6n8m0WkfWq,,0
1742585696944,cbs,1,11,jaber1,1611861640,1611861640,232,46,134588,636758,300157,8.180,0.706,BiSmWBFNfXUpMzjr8vLI1G6n8m0WkfWq,,0
1742585697145,cbs,1,11,jaber1,1611861640,1611861640,232,94,134588,636758,300157,7.947,0.706,BiSmWBFNfXUpMzjr8vLI1G6n8m0WkfWq,,0
1742585697345,cbs,1,11,jaber1,1611861640,1611861640,234,123,134588,524322,300157,7.947,0.706,BiSmWBFNfXUpMzjr8vLI1G6n8m0WkfWq,,0
1742585697545,cbs,1,11,jaber1,1611861640,1611861640,234,140,134588,530794,300157,7.706,0.706,BiSmWBFNfXUpMzjr8vLI1G6n8m0WkfWq,,0
1742585697745,cbs,1,11,jaber1,1611861640,1611861640,232,160,134588,558517,300157,7.443,0.706,BiSmWBFNfXUpMzjr8vLI1G6n8m0WkfWq,,0
1742585697946,cbs,1,11,jaber1,1611861640,1611861640,232,151,134588,580995,293043,7.129,0.706,BiSmWBFNfXUpMzjr8vLI1G6n8m0WkfWq,,0
1742585698146,cbs,1,11,jaber1,1611861640,1611861640,232,136,134588,632655,321375,6.950,0.706,BiSmWBFNfXUpMzjr8vLI1G6n8m0WkfWq,,0
1742585698346,cbs,1,11,jaber1,1611861640,1611861640,232,134,134588,663248,310299,6.819,0.706,BiSmWBFNfXUpMzjr8vLI1G6n8m0WkfWq,,0
1742585698546,cbs,1,11,jaber1,1611861640,1611861640,232,93,134588,694600,334584,6.705,0.706,BiSmWBFNfXUpMzjr8vLI1G6n8m0WkfWq,,0
1742585698747,cbs,1,11,jaber1,1611861640,1611861640,232,61,134588,706676,291525,6.444,0.706,BiSmWBFNfXUpMzjr8vLI1G6n8m0WkfWq,,0
1742585698947,cbs,1,11,jaber1,1611861640,1611861640,232,20,134588,721280,278584,6.198,0.706,BiSmWBFNfXUpMzjr8vLI1G6n8m0WkfWq,,0
1742585699147,cbs,1,11,jaber1,1611861640,1611861640,232,22,134588,738810,265566,7.969,0.706,BiSmWBFNfXUpMzjr8vLI1G6n8m0WkfWq,,0
1742585699347,cbs,1,11,jaber1,1611861640,1611861640,232,69,134588,738810,265566,7.969,0.706,BiSmWBFNfXUpMzjr8vLI1G6n8m0WkfWq,,0
1742585699548,cbs,1,11,jaber1,1611861640,1611861640,232,118,134588,738810,265566,7.724,0.706,BiSmWBFNfXUpMzjr8vLI1G6n8m0WkfWq,,0
1742585699748,cbs,1,11,jaber1,1611861640,1611861640,232,125,134588,537381,265566,7.473,0.706,BiSmWBFNfXUpMzjr8vLI1G6n8m0WkfWq,,0
1742585699948,cbs,1,11,jaber1,1611861640,1611861640,232,135,134588,558249,265566,7.154,0.706,BiSmWBFNfXUpMzjr8vLI1G6n8m0WkfWq,,0
1742585700148,cbs,1,11,jaber1,1611861640,1611861640,232,145,134588,581009,265566,6.972,0.706,BiSmWBFNfXUpMzjr8vLI1G6n8m0WkfWq,,0
1742585700349,cbs,1,11,jaber1,1611861640,1611861640,232,149,134588,605234,302818,6.801,0.706,BiSmWBFNfXUpMzjr8vLI1G6n8m0WkfWq,,0
1742585700549,cbs,1,11,jaber1,1611861640,1611861640,232,100,134588,637175,313684,6.724,0.706,BiSmWBFNfXUpMzjr8vLI1G6n8m0WkfWq,,0
1742585700749,cbs,1,11,jaber1,1611861640,1611861640,232,67,134588,662969,289536,6.466,0.706,BiSmWBFNfXUpMzjr8vLI1G6n8m0WkfWq,,0
1742585700949,cbs,1,11,jaber1,1611861640,1611861640,233,28,134588,689026,275688,6.226,0.706,BiSmWBFNfXUpMzjr8vLI1G6n8m0WkfWq,,0
1742585701150,cbs,1,11,jaber1,1611861640,1611861640,234,28,134588,696843,297554,7.991,0.706,BiSmWBFNfXUpMzjr8vLI1G6n8m0WkfWq,,0
1742585701350,cbs,1,11,jaber1,1611861640,1611861640,234,87,134588,696843,297554,7.991,0.706,BiSmWBFNfXUpMzjr8vLI1G6n8m0WkfWq,,0
1742585701550,cbs,1,11,jaber1,1611861640,1611861640,234,143,134588,641025,297554,7.746,0.706,BiSmWBFNfXUpMzjr8vLI1G6n8m0WkfWq,,0
1742585701750,cbs,1,11,jaber1,1611861640,1611861640,4,112,134588,508454,297554,7.491,0.706,BiSmWBFNfXUpMzjr8vLI1G6n8m0WkfWq,,0
1742585701951,cbs,1,11,jaber1,1611861640,1611861640,4,70,134588,547731,297554,7.248,0.706,BiSmWBFNfXUpMzjr8vLI1G6n8m0WkfWq,,0
1742585702151,cbs,1,11,jaber1,1611861640,1611861640,4,22,134588,590875,318067,6.966,0.706,BiSmWBFNfXUpMzjr8vLI1G6n8m0WkfWq,,0
1742585702351,cbs,1,11,jaber1,1611861640,1611861640,4,4,134588,600955,336830,6.966,0.706,BiSmWBFNfXUpMzjr8vLI1G6n8m0WkfWq,,0
1742585702551,cbs,1,11,jaber1,1611861640,1611861640,4,4,134588,600955,336830,6.746,0.706,BiSmWBFNfXUpMzjr8vLI1G6n8m0WkfWq,,0
1742585702752,cbs,1,11,jaber1,1611861640,1611861640,224,29,134588,557975,336830,6.487,0.706,BiSmWBFNfXUpMzjr8vLI1G6n8m0WkfWq,,0
1742585702952,cbs,1,11,jaber1,1611861640,1611861640,224,76,134588,557975,336830,6.244,0.706,BiSmWBFNfXUpMzjr8vLI1G6n8m0WkfWq,,0
1742585703152,cbs,1,11,jaber1,1611861640,1611861640,174,79,134588,356940,336830,6.014,0.706,BiSmWBFNfXUpMzjr8vLI1G6n8m0WkfWq,,0
1742585703352,cbs,1,11,jaber1,1611861640,1611861640,174,92,134588,372585,336830,5.976,0.706,BiSmWBFNfXUpMzjr8vLI1G6n8m0WkfWq,,0
1742585703553,cbs,1,11,jaber1,1611861640,1611861640,172,70,134588,389725,292623,5.601,0.706,BiSmWBFNfXUpMzjr8vLI1G6n8m0WkfWq,,0
1742585703753,cbs,1,11,jaber1,1611861640,1611861640,174,25,134588,422416,310919,7.404,0.706,BiSmWBFNfXUpMzjr8vLI1G6n8m0WkfWq,,0
1742585703953,cbs,1,11,jaber1,1611861640,1611861640,174,61,134588,436066,307691,7.264,0.706,BiSmWBFNfXUpMzjr8vLI1G6n8m0WkfWq,,0
1742585704153,cbs,1,11,jaber1,1611861640,1611861640,172,98,134588,373769,307691,7.014,0.706,BiSmWBFNfXUpMzjr8vLI1G6n8m0WkfWq,,0
1742585704354,cbs,1,11,jaber1,1611861640,1611861640,172,93,134588,382637,307691,7.014,0.706,BiSmWBFNfXUpMzjr8vLI1G6n8m0WkfWq,,0
1742585704554,cbs,1,11,jaber1,1611861640,1611861640,172,83,134588,427068,331545,6.730,0.706,BiSmWBFNfXUpMzjr8vLI1G6n8m0WkfWq,,0
1742585704754,cbs,1,11,jaber1,1611861640,1611861640,186,96,134588,402581,313060,6.417,0.706,BiSmWBFNfXUpMzjr8vLI1G6n8m0WkfWq,,0
1742585704954,cbs,1,11,jaber1,1611861640,1611861640,186,99,134588,423819,281783,6.263,0.706,BiSmWBFNfXUpMzjr8vLI1G6n8m0WkfWq,,0
1742585705155,cbs,1,11,jaber1,1611861640,1611861640,186,58,134588,459495,277802,6.014,0.706,BiSmWBFNfXUpMzjr8vLI1G6n8m0WkfWq,,0
1742585705355,cbs,1,11,jaber1,1611861640,1611861640,186,18,134588,488204,290889,6.014,0.706,BiSmWBFNfXUpMzjr8vLI1G6n8m0WkfWq,,0
1742585705555,cbs,1,11,jaber1,1611861640,1611861640,186,36,134588,492687,316112,7.722,0.706,BiSmWBFNfXUpMzjr8vLI1G6n8m0WkfWq,,0
1742585705756,cbs,1,11,jaber1,1611861640,1611861640,186,87,134588,492687,316112,7.511,0.706,BiSmWBFNfXUpMzjr8vLI1G6n8m0WkfWq,,0
1742585705956,cbs,1,11,jaber1,1611861640,1611861640,186,103,134588,394280,316112,7.270,0.706,BiSmWBFNfXUpMzjr8vLI1G6n8m0WkfWq,,0
1742585706156,cbs,1,11,jaber1,1611861640,1611861640,186,106,134588,397318,316112,7.017,0.706,BiSmWBFNfXUpMzjr8vLI1G6n8m0WkfWq,,0
1742585706356,cbs,1,11,jaber1,1611861640,1611861640,186,111,134588,440601,315634,7.017,0.706,BiSmWBFNfXUpMzjr8vLI1G6n8m0WkfWq,,0
1742585706556,cbs,1,11,jaber1,1611861640,1611861640,188,135,134588,474121,292694,6.690,0.706,BiSmWBFNfXUpMzjr8vLI1G6n8m0WkfWq,,0
1742585706757,cbs,1,11,jaber1,1611861640,1611861640,188,101,134588,500506,287600,6.517,0.706,BiSmWBFNfXUpMzjr8vLI1G6n8m0WkfWq,,0
1742585706957,cbs,1,11,jaber1,1611861640,1611861640,188,51,134588,532128,333859,6.267,0.706,BiSmWBFNfXUpMzjr8vLI1G6n8m0WkfWq,,0
1742585707157,cbs,1,11,jaber1,1611861640,1611861640,188,43,134588,566509,313871,8.038,0.706,BiSmWBFNfXUpMzjr8vLI1G6n8m0WkfWq,,0
1742585707357,cbs,1,11,jaber1,1611861640,1611861640,188,91,134588,593012,308276,7.972,0.706,BiSmWBFNfXUpMzjr8vLI1G6n8m0WkfWq,,0
1742585707558,cbs,1,11,jaber1,1611861640,1611861640,186,139,134588,505370,308276,7.790,0.706,BiSmWBFNfXUpMzjr8vLI1G6n8m0WkfWq,,0
1742585707758,cbs,1,11,jaber1,1611861640,1611861640,186,134,134588,488746,308276,7.533,0.706,BiSmWBFNfXUpMzjr8vLI1G6n8m0WkfWq,,0
1742585707958,cbs,1,11,jaber1,1611861640,1611861640,186,123,134588,531077,308276,7.288,0.706,BiSmWBFNfXUpMzjr8vLI1G6n8m0WkfWq,,0
1742585708158,cbs,1,11,jaber1,1611861640,1611861640,186,129,134588,579160,331311,7.038,0.706,BiSmWBFNfXUpMzjr8vLI1G6n8m0WkfWq,,0
1742585708359,cbs,1,11,jaber1,1611861640,1611861640,186,97,134588,579120,317222,7.038,0.706,BiSmWBFNfXUpMzjr8vLI1G6n8m0WkfWq,,0
1742585708559,cbs,1,11,jaber1,1611861640,1611861640,192,31,134588,528492,323967,6.724,0.706,BiSmWBFNfXUpMzjr8vLI1G6n8m0WkfWq,,0
1742585708759,cbs,1,11,jaber1,1611861640,1611861640,192,0,134588,567421,315862,8.425,0.706,BiSmWBFNfXUpMzjr8vLI1G6n8m0WkfWq,,0
1742585708959,cbs,1,11,jaber1,1611861640,1611861640,192,53,134588,567421,315862,8.288,0.706,BiSmWBFNfXUpMzjr8vLI1G6n8m0WkfWq,,0
1742585709160,cbs,1,11,jaber1,1611861640,1611861640,192,104,134588,567421,315862,8.060,0.706,BiSmWBFNfXUpMzjr8vLI1G6n8m0WkfWq,,0
1742585709360,cbs,1,11,jaber1,1611861640,1611861640,192,109,134588,418122,315862,8.060,0.706,BiSmWBFNfXUpMzjr8vLI1G6n8m0WkfWq,,0
1742585709560,cbs,1,11,jaber1,1611861640,1611861640,192,117,134588,455625,315862,7.693,0.706,BiSmWBFNfXUpMzjr8vLI1G6n8m0WkfWq,,0
1742585709760,cbs,1,11,jaber1,1611861640,1611861640,192,131,134588,499163,286003,7.555,0.706,BiSmWBFNfXUpMzjr8vLI1G6n8m0WkfWq,,0
1742585709961,cbs,1,11,jaber1,1611861640,1611861640,192,135,134588,515589,309095,7.309,0.706,BiSmWBFNfXUpMzjr8vLI1G6n8m0WkfWq,,0
1742585710161,cbs,1,11,jaber1,1611861640,1611861640,192,140,134588,543079,314055,7.031,0.706,BiSmWBFNfXUpMzjr8vLI1G6n8m0WkfWq,,0
1742585710361,cbs,1,11,jaber1,1611861640,1611861640,194,170,134588,578779,296268,7.031,0.706,BiSmWBFNfXUpMzjr8vLI1G6n8m0WkfWq,,0
1742585710561,cbs,1,11,jaber1,1611861640,1611861640,192,155,134588,615543,297296,6.677,0.706,BiSmWBFNfXUpMzjr8vLI1G6n8m0WkfWq,,0
1742585710762,cbs,1,11,jaber1,1611861640,1611861640,192,106,134588,655816,294700,6.563,0.706,BiSmWBFNfXUpMzjr8vLI1G6n8m0WkfWq,,0
1742585710962,cbs,1,11,jaber1,1611861640,1611861640,192,66,134588,683009,318735,6.313,0.706,BiSmWBFNfXUpMzjr8vLI1G6n8m0WkfWq,,0
1742585711162,cbs,1,11,jaber1,1611861640,1611861640,186,21,134588,737790,323849,8.060,0.706,BiSmWBFNfXUpMzjr8vLI1G6n8m0WkfWq,,0
1742585711362,cbs,1,11,jaber1,1611861640,1611861640,186,59,134588,761488,317343,7.936,0.706,BiSmWBFNfXUpMzjr8vLI1G6n8m0WkfWq,,0
1742585711562,cbs,1,11,jaber1,1611861640,1611861640,186,108,134588,761488,317343,7.814,0.706,BiSmWBFNfXUpMzjr8vLI1G6n8m0WkfWq,,0
1742585711763,cbs,1,11,jaber1,1611861640,1611861640,186,131,134588,571358,317343,7.557,0.706,BiSmWBFNfXUpMzjr8vLI1G6n8m0WkfWq,,0
1742585711963,cbs,1,11,jaber1,1611861640,1611861640,186,143,134588,553214,317343,7.313,0.706,BiSmWBFNfXUpMzjr8vLI1G6n8m0WkfWq,,0
1742585712163,cbs,1,11,jaber1,1611861640,1611861640,186,145,134588,580678,317343,7.062,0.706,BiSmWBFNfXUpMzjr8vLI1G6n8m0WkfWq,,0
1742585712363,cbs,1,11,jaber1,1611861640,1611861640,186,145,134588,595015,314719,6.869,0.706,BiSmWBFNfXUpMzjr8vLI1G6n8m0WkfWq,,0
1742585712564,cbs,1,11,jaber1,1611861640,1611861640,186,101,134588,627415,302665,6.814,0.706,BiSmWBFNfXUpMzjr8vLI1G6n8m0WkfWq,,0
1742585712764,cbs,1,11,jaber1,1611861640,1611861640,186,61,134588,661401,300886,6.519,0.706,BiSmWBFNfXUpMzjr8vLI1G6n8m0WkfWq,,0
1742585712964,cbs,1,11,jaber1,1611861640,1611861640,188,17,134588,691822,294597,6.309,0.706,BiSmWBFNfXUpMzjr8vLI1G6n8m0WkfWq,,0
1742585713164,cbs,1,11,jaber1,1611861640,1611861640,4,4,134588,707595,291771,8.088,0.706,BiSmWBFNfXUpMzjr8vLI1G6n8m0WkfWq,,0
1742585713365,cbs,1,11,jaber1,1611861640,1611861640,4,4,134588,707595,291771,7.840,0.706,BiSmWBFNfXUpMzjr8vLI1G6n8m0WkfWq,,0
1742585713565,cbs,1,11,jaber1,1611861640,1611861640,4,4,134588,707595,291771,7.840,0.706,BiSmWBFNfXUpMzjr8vLI1G6n8m0WkfWq,,0
1742585713765,cbs,1,11,jaber1,1611861640,1611861640,236,49,134588,661261,291771,7.580,0.706,BiSmWBFNfXUpMzjr8vLI1G6n8m0WkfWq,,0
1742585713965,cbs,1,11,jaber1,1611861640,1611861640,194,84,134588,465869,291771,7.333,0.706,BiSmWBFNfXUpMzjr8vLI1G6n8m0WkfWq,,0
1742585714166,cbs,1,11,jaber1,1611861640,1611861640,194,95,134588,388541,291771,7.083,0.706,BiSmWBFNfXUpMzjr8vLI1G6n8m0WkfWq,,0
1742585714366,cbs,1,11,jaber1,1611861640,1611861640,178,112,134588,402788,286942,6.841,0.706,BiSmWBFNfXUpMzjr8vLI1G6n8m0WkfWq,,0
1742585714566,cbs,1,11,jaber1,1611861640,1611861640,178,118,134588,422223,311142,6.653,0.706,BiSmWBFNfXUpMzjr8vLI1G6n8m0WkfWq,,0
1742585714766,cbs,1,11,jaber1,1611861640,1611861640,176,117,134588,466441,293378,6.579,0.706,BiSmWBFNfXUpMzjr8vLI1G6n8m0WkfWq,,0
1742585714967,cbs,1,11,jaber1,1611861640,1611861640,178,108,134588,501648,280866,6.306,0.706,BiSmWBFNfXUpMzjr8vLI1G6n8m0WkfWq,,0
1742585715167,cbs,1,11,jaber1,1611861640,1611861640,182,53,134588,545788,339696,6.107,0.706,BiSmWBFNfXUpMzjr8vLI1G6n8m0WkfWq,,0
1742585715367,cbs,1,11,jaber1,1611861640,1611861640,182,18,134588,563342,302835,5.857,0.706,BiSmWBFNfXUpMzjr8vLI1G6n8m0WkfWq,,0
1742585715567,cbs,1,11,jaber1,1611861640,1611861640,182,16,134588,566581,279794,7.741,0.706,BiSmWBFNfXUpMzjr8vLI1G6n8m0WkfWq,,0
1742585715767,cbs,1,11,jaber1,1611861640,1611861640,182,63,134588,566581,279794,7.602,0.706,BiSmWBFNfXUpMzjr8vLI1G6n8m0WkfWq,,0
1742585715968,cbs,1,11,jaber1,1611861640,1611861640,182,98,134588,477192,279794,7.355,0.706,BiSmWBFNfXUpMzjr8vLI1G6n8m0WkfWq,,0
1742585716168,cbs,1,11,jaber1,1611861640,1611861640,182,102,134588,407387,279794,7.108,0.706,BiSmWBFNfXUpMzjr8vLI1G6n8m0WkfWq,,0
1742585716368,cbs,1,11,jaber1,1611861640,1611861640,182,101,134588,434014,309591,6.860,0.706,BiSmWBFNfXUpMzjr8vLI1G6n8m0WkfWq,,0
1742585716568,cbs,1,11,jaber1,1611861640,1611861640,182,96,134588,417261,330795,6.694,0.706,BiSmWBFNfXUpMzjr8vLI1G6n8m0WkfWq,,0
1742585716768,cbs,1,11,jaber1,1611861640,1611861640,186,104,134588,396479,336285,6.608,0.706,BiSmWBFNfXUpMzjr8vLI1G6n8m0WkfWq,,0
1742585716969,cbs,1,11,jaber1,1611861640,1611861640,186,107,134588,448331,325578,6.356,0.706,BiSmWBFNfXUpMzjr8vLI1G6n8m0WkfWq,,0
1742585717169,cbs,1,11,jaber1,1611861640,1611861640,186,113,134588,481896,276028,6.126,0.706,BiSmWBFNfXUpMzjr8vLI1G6n8m0WkfWq,,0
1742585717369,cbs,1,11,jaber1,1611861640,1611861640,188,89,134588,494098,270180,5.878,0.706,BiSmWBFNfXUpMzjr8vLI1G6n8m0WkfWq,,0
1742585717569,cbs,1,11,jaber1,1611861640,1611861640,188,41,134588,516724,303830,5.710,0.706,BiSmWBFNfXUpMzjr8vLI1G6n8m0WkfWq,,0
1742585717770,cbs,1,11,jaber1,1611861640,1611861640,188,30,134588,546709,289012,7.485,0.706,BiSmWBFNfXUpMzjr8vLI1G6n8m0WkfWq,,0
1742585717970,cbs,1,11,jaber1,1611861640,1611861640,188,91,134588,546709,289012,7.377,0.706,BiSmWBFNfXUpMzjr8vLI1G6n8m0WkfWq,,0
1742585718170,cbs,1,11,jaber1,1611861640,1611861640,186,122,134588,455363,289012,7.130,0.706,BiSmWBFNfXUpMzjr8vLI1G6n8m0WkfWq,,0
1742585718370,cbs,1,11,jaber1,1611861640,1611861640,186,113,134588,475942,289012,6.883,0.706,BiSmWBFNfXUpMzjr8vLI1G6n8m0WkfWq,,0
1742585718570,cbs,1,11,jaber1,1611861640,1611861640,186,113,134588,507706,289012,6.857,0.706,BiSmWBFNfXUpMzjr8vLI1G6n8m0WkfWq,,0
1742585718771,cbs,1,11,jaber1,1611861640,1611861640,188,114,134588,542511,330089,6.511,0.706,BiSmWBFNfXUpMzjr8vLI1G6n8m0WkfWq,,0
1742585718971,cbs,1,11,jaber1,1611861640,1611861640,188,129,134588,553614,279295,6.375,0.706,BiSmWBFNfXUpMzjr8vLI1G6n8m0WkfWq,,0
1742585719171,cbs,1,11,jaber1,1611861640,1611861640,188,115,134588,582187,286399,6.110,0.706,BiSmWBFNfXUpMzjr8vLI1G6n8m0WkfWq,,0
1742585719371,cbs,1,11,jaber1,1611861640,1611861640,188,73,134588,595159,267591,5.881,0.706,BiSmWBFNfXUpMzjr8vLI1G6n8m0WkfWq,,0
1742585719572,cbs,1,11,jaber1,1611861640,1611861640,188,31,134588,615433,294171,5.781,0.706,BiSmWBFNfXUpMzjr8vLI1G6n8m0WkfWq,,0
1742585719772,cbs,1,11,jaber1,1611861640,1611861640,188,0,134588,654440,280575,7.510,0.706,BiSmWBFNfXUpMzjr8vLI1G6n8m0WkfWq,,0
1742585719972,cbs,1,11,jaber1,1611861640,1611861640,188,49,134588,654440,280575,7.378,0.706,BiSmWBFNfXUpMzjr8vLI1G6n8m0WkfWq,,0
1742585720172,cbs,1,11,jaber1,1611861640,1611861640,188,98,134588,654440,280575,7.129,0.706,BiSmWBFNfXUpMzjr8vLI1G6n8m0WkfWq,,0
1742585720373,cbs,1,11,jaber1,1611861640,1611861640,188,107,134588,467327,280575,6.884,0.706,BiSmWBFNfXUpMzjr8vLI1G6n8m0WkfWq,,0
1742585720573,cbs,1,11,jaber1,1611861640,1611861640,188,121,134588,485764,280575,6.680,0.706,BiSmWBFNfXUpMzjr8vLI1G6n8m0WkfWq,,0
1742585720773,cbs,1,11,jaber1,1611861640,1611861640,188,133,134588,515299,280575,6.626,0.706,BiSmWBFNfXUpMzjr8vLI1G6n8m0WkfWq,,0
1742585720973,cbs,1,11,jaber1,1611861640,1611861640,190,135,134588,540762,305086,6.322,0.706,BiSmWBFNfXUpMzjr8vLI1G6n8m0WkfWq,,0
1742585721173,cbs,1,11,jaber1,1611861640,1611861640,190,130,134588,577012,287311,6.131,0.706,BiSmWBFNfXUpMzjr8vLI1G6n8m0WkfWq,,0
1742585721374,cbs,1,11,jaber1,1611861640,1611861640,188,96,134588,594703,280215,5.883,0.706,BiSmWBFNfXUpMzjr8vLI1G6n8m0WkfWq,,0
1742585721574,cbs,1,11,jaber1,1611861640,1611861640,188,50,134588,621961,312154,5.883,0.706,BiSmWBFNfXUpMzjr8vLI1G6n8m0WkfWq,,0
1742585721774,cbs,1,11,jaber1,1611861640,1611861640,188,26,134588,679954,301092,7.475,0.706,BiSmWBFNfXUpMzjr8vLI1G6n8m0WkfWq,,0
1742585721974,cbs,1,11,jaber1,1611861640,1611861640,188,75,134588,679954,301092,7.380,0.706,BiSmWBFNfXUpMzjr8vLI1G6n8m0WkfWq,,0
1742585722175,cbs,1,11,jaber1,1611861640,1611861640,188,122,134588,679954,301092,7.131,0.706,BiSmWBFNfXUpMzjr8vLI1G6n8m0WkfWq,,0
1742585722375,cbs,1,11,jaber1,1611861640,1611861640,188,131,134588,528934,301092,6.886,0.706,BiSmWBFNfXUpMzjr8vLI1G6n8m0WkfWq,,0
1742585722575,cbs,1,11,jaber1,1611861640,1611861640,188,131,134588,539518,301092,6.752,0.706,BiSmWBFNfXUpMzjr8vLI1G6n8m0WkfWq,,0
1742585722775,cbs,1,11,jaber1,1611861640,1611861640,188,132,134588,549615,304950,6.631,0.706,BiSmWBFNfXUpMzjr8vLI1G6n8m0WkfWq,,0
1742585722975,cbs,1,11,jaber1,1611861640,1611861640,188,127,134588,571642,288259,6.379,0.706,BiSmWBFNfXUpMzjr8vLI1G6n8m0WkfWq,,0
1742585723176,cbs,1,11,jaber1,1611861640,1611861640,188,78,134588,607743,309315,6.133,0.706,BiSmWBFNfXUpMzjr8vLI1G6n8m0WkfWq,,0
1742585723376,cbs,1,11,jaber1,1611861640,1611861640,188,39,134588,640883,286802,5.885,0.706,BiSmWBFNfXUpMzjr8vLI1G6n8m0WkfWq,,0
1742585723576,cbs,1,11,jaber1,1611861640,1611861640,184,0,134588,683024,287632,7.677,0.706,BiSmWBFNfXUpMzjr8vLI1G6n8m0WkfWq,,0
1742585723776,cbs,1,11,jaber1,1611861640,1611861640,184,53,134588,683024,287632,7.632,0.706,BiSmWBFNfXUpMzjr8vLI1G6n8m0WkfWq,,0
1742585723977,cbs,1,11,jaber1,1611861640,1611861640,184,114,134588,683024,287632,7.383,0.706,BiSmWBFNfXUpMzjr8vLI1G6n8m0WkfWq,,0
1742585724177,cbs,1,11,jaber1,1611861640,1611861640,222,117,134588,467667,287632,7.133,0.706,BiSmWBFNfXUpMzjr8vLI1G6n8m0WkfWq,,0
1742585724377,cbs,1,11,jaber1,1611861640,1611861640,224,121,134588,482270,287632,6.887,0.706,BiSmWBFNfXUpMzjr8vLI1G6n8m0WkfWq,,0
1742585724577,cbs,1,11,jaber1,1611861640,1611861640,224,116,134588,536823,328648,6.887,0.706,BiSmWBFNfXUpMzjr8vLI1G6n8m0WkfWq,,0
1742585724778,cbs,1,11,jaber1,1611861640,1611861640,224,128,134588,560906,298948,6.594,0.706,BiSmWBFNfXUpMzjr8vLI1G6n8m0WkfWq,,0
1742585724978,cbs,1,11,jaber1,1611861640,1611861640,224,90,134588,583344,282776,6.386,0.706,BiSmWBFNfXUpMzjr8vLI1G6n8m0WkfWq,,0
1742585725178,cbs,1,11,jaber1,1611861640,1611861640,224,52,134588,600594,255931,6.133,0.706,BiSmWBFNfXUpMzjr8vLI1G6n8m0WkfWq,,0
