1742584681427,cbs,1,timer,11,jaber1,219643018,219643018,7.243,0.629,haSGl4qKM855MwAhCzybEn1cNmSjDI1N,
1742584681678,cbs,1,timer,11,jaber1,219643018,219643018,6.993,0.629,haSGl4qKM855MwAhCzybEn1cNmSjDI1N,
1742584681931,cbs,1,timer,11,jaber1,219643018,219643018,6.739,0.629,haSGl4qKM855MwAhCzybEn1cNmSjDI1N,
1742584682185,cbs,1,timer,11,jaber1,219643018,219643018,6.491,0.629,haSGl4qKM855MwAhCzybEn1cNmSjDI1N,
1742584682428,cbs,1,timer,11,jaber1,219643018,219643018,6.243,0.629,haSGl4qKM855MwAhCzybEn1cNmSjDI1N,
1742584682683,cbs,1,timer,11,jaber1,219643018,219643018,8.010,0.629,haSGl4qKM855MwAhCzybEn1cNmSjDI1N,
1742584682930,cbs,1,timer,11,jaber1,219643018,219643018,7.771,0.629,haSGl4qKM855MwAhCzybEn1cNmSjDI1N,
1742584683180,cbs,1,timer,11,jaber1,219643018,219643018,7.513,0.629,haSGl4qKM855MwAhCzybEn1cNmSjDI1N,
1742584683428,cbs,1,timer,11,jaber1,219643018,219643018,7.272,0.629,haSGl4qKM855MwAhCzybEn1cNmSjDI1N,
1742584683678,cbs,1,timer,11,jaber1,219643018,219643018,7.015,0.629,haSGl4qKM855MwAhCzybEn1cNmSjDI1N,
1742584683929,cbs,1,timer,11,jaber1,219643018,219643018,6.773,0.629,haSGl4qKM855MwAhCzybEn1cNmSjDI1N,
1742584684180,cbs,1,timer,11,jaber1,219643018,219643018,6.512,0.629,haSGl4qKM855MwAhCzybEn1cNmSjDI1N,
1742584684428,cbs,1,timer,11,jaber1,219643018,219643018,6.272,0.629,haSGl4qKM855MwAhCzybEn1cNmSjDI1N,
1742584684684,cbs,1,timer,11,jaber1,219643018,219643018,6.029,0.629,haSGl4qKM855MwAhCzybEn1cNmSjDI1N,
1742584684932,cbs,1,timer,11,jaber1,219643018,219643018,7.790,0.629,haSGl4qKM855MwAhCzybEn1cNmSjDI1N,
1742584685180,cbs,1,timer,11,jaber1,219643018,219643018,7.535,0.629,haSGl4qKM855MwAhCzybEn1cNmSjDI1N,
1742584685428,cbs,1,timer,11,jaber1,219643018,219643018,7.295,0.629,haSGl4qKM855MwAhCzybEn1cNmSjDI1N,
1742584685678,cbs,1,timer,11,jaber1,219643018,219643018,7.037,0.629,haSGl4qKM855MwAhCzybEn1cNmSjDI1N,
1742584685932,cbs,1,timer,11,jaber1,219643018,219643018,6.789,0.629,haSGl4qKM855MwAhCzybEn1cNmSjDI1N,
1742584686180,cbs,1,timer,11,jaber1,219643018,219643018,6.535,0.629,haSGl4qKM855MwAhCzybEn1cNmSjDI1N,
1742584686428,cbs,1,timer,11,jaber1,219643018,219643018,6.295,0.629,haSGl4qKM855MwAhCzybEn1cNmSjDI1N,
1742584686692,cbs,1,timer,11,jaber1,219643018,219643018,8.053,0.629,haSGl4qKM855MwAhCzybEn1cNmSjDI1N,
1742584686932,cbs,1,timer,11,jaber1,219643018,219643018,7.813,0.629,haSGl4qKM855MwAhCzybEn1cNmSjDI1N,
1742584687180,cbs,1,timer,11,jaber1,219643018,219643018,7.557,0.629,haSGl4qKM855MwAhCzybEn1cNmSjDI1N,
1742584687428,cbs,1,timer,11,jaber1,219643018,219643018,7.309,0.629,haSGl4qKM855MwAhCzybEn1cNmSjDI1N,
1742584687712,cbs,1,timer,11,jaber1,219643018,219643018,7.055,0.629,haSGl4qKM855MwAhCzybEn1cNmSjDI1N,
1742584687936,cbs,1,timer,11,jaber1,219643018,219643018,6.816,0.629,haSGl4qKM855MwAhCzybEn1cNmSjDI1N,
1742584688179,cbs,1,timer,11,jaber1,219643018,219643018,6.558,0.629,haSGl4qKM855MwAhCzybEn1cNmSjDI1N,
1742584688428,cbs,1,timer,11,jaber1,219643018,219643018,6.309,0.629,haSGl4qKM855MwAhCzybEn1cNmSjDI1N,
1742584688681,cbs,1,timer,11,jaber1,219643018,219643018,6.056,0.629,haSGl4qKM855MwAhCzybEn1cNmSjDI1N,
1742584688932,cbs,1,timer,11,jaber1,219643018,219643018,7.813,0.629,haSGl4qKM855MwAhCzybEn1cNmSjDI1N,
1742584689181,cbs,1,timer,11,jaber1,219643018,219643018,7.559,0.629,haSGl4qKM855MwAhCzybEn1cNmSjDI1N,
1742584689430,cbs,1,timer,11,jaber1,219643018,219643018,7.311,0.629,haSGl4qKM855MwAhCzybEn1cNmSjDI1N,
1742584689684,cbs,1,timer,11,jaber1,219643018,219643018,7.055,0.629,haSGl4qKM855MwAhCzybEn1cNmSjDI1N,
1742584689929,cbs,1,timer,11,jaber1,219643018,219643018,6.817,0.629,haSGl4qKM855MwAhCzybEn1cNmSjDI1N,
1742584690180,cbs,1,timer,11,jaber1,219643018,219643018,6.559,0.629,haSGl4qKM855MwAhCzybEn1cNmSjDI1N,
1742584690428,cbs,1,timer,11,jaber1,219643018,219643018,6.311,0.629,haSGl4qKM855MwAhCzybEn1cNmSjDI1N,
1742584690678,cbs,1,timer,11,jaber1,219643018,219643018,6.061,0.629,haSGl4qKM855MwAhCzybEn1cNmSjDI1N,
1742584690928,cbs,1,timer,11,jaber1,219643018,219643018,5.819,0.629,haSGl4qKM855MwAhCzybEn1cNmSjDI1N,
1742584691181,cbs,1,timer,11,jaber1,219643018,219643018,7.561,0.629,haSGl4qKM855MwAhCzybEn1cNmSjDI1N,
1742584691429,cbs,1,timer,11,jaber1,219643018,219643018,7.313,0.629,haSGl4qKM855MwAhCzybEn1cNmSjDI1N,
1742584691678,cbs,1,timer,11,jaber1,219643018,219643018,7.063,0.629,haSGl4qKM855MwAhCzybEn1cNmSjDI1N,
1742584691932,cbs,1,timer,11,jaber1,219643018,219643018,6.816,0.629,haSGl4qKM855MwAhCzybEn1cNmSjDI1N,
1742584692180,cbs,1,timer,11,jaber1,219643018,219643018,6.561,0.629,haSGl4qKM855MwAhCzybEn1cNmSjDI1N,
1742584692428,cbs,1,timer,11,jaber1,219643018,219643018,6.317,0.629,haSGl4qKM855MwAhCzybEn1cNmSjDI1N,
1742584692679,cbs,1,timer,11,jaber1,219643018,219643018,6.081,0.629,haSGl4qKM855MwAhCzybEn1cNmSjDI1N,
1742584692927,cbs,1,timer,11,jaber1,219643018,219643018,7.819,0.629,haSGl4qKM855MwAhCzybEn1cNmSjDI1N,
1742584693180,cbs,1,timer,11,jaber1,219643018,219643018,7.563,0.629,haSGl4qKM855MwAhCzybEn1cNmSjDI1N,
1742584693428,cbs,1,timer,11,jaber1,219643018,219643018,7.320,0.629,haSGl4qKM855MwAhCzybEn1cNmSjDI1N,
1742584693679,cbs,1,timer,11,jaber1,219643018,219643018,7.064,0.629,haSGl4qKM855MwAhCzybEn1cNmSjDI1N,
1742584693929,cbs,1,timer,11,jaber1,219643018,219643018,6.818,0.629,haSGl4qKM855MwAhCzybEn1cNmSjDI1N,
1742584694180,cbs,1,timer,11,jaber1,219643018,219643018,6.563,0.629,haSGl4qKM855MwAhCzybEn1cNmSjDI1N,
1742584694427,cbs,1,timer,11,jaber1,219643018,219643018,6.320,0.629,haSGl4qKM855MwAhCzybEn1cNmSjDI1N,
1742584694684,cbs,1,timer,11,jaber1,219643018,219643018,8.061,0.629,haSGl4qKM855MwAhCzybEn1cNmSjDI1N,
1742584694928,cbs,1,timer,11,jaber1,219643018,219643018,7.837,0.629,haSGl4qKM855MwAhCzybEn1cNmSjDI1N,
1742584695178,cbs,1,timer,11,jaber1,219643018,219643018,7.587,0.629,haSGl4qKM855MwAhCzybEn1cNmSjDI1N,
1742584695428,cbs,1,timer,11,jaber1,219643018,219643018,7.343,0.629,haSGl4qKM855MwAhCzybEn1cNmSjDI1N,
1742584695684,cbs,1,timer,11,jaber1,219643018,219643018,7.081,0.629,haSGl4qKM855MwAhCzybEn1cNmSjDI1N,
1742584695932,cbs,1,timer,11,jaber1,219643018,219643018,6.842,0.629,haSGl4qKM855MwAhCzybEn1cNmSjDI1N,
1742584696180,cbs,1,timer,11,jaber1,219643018,219643018,6.585,0.629,haSGl4qKM855MwAhCzybEn1cNmSjDI1N,
1742584696428,cbs,1,timer,11,jaber1,219643018,219643018,8.345,0.629,haSGl4qKM855MwAhCzybEn1cNmSjDI1N,
1742584696691,cbs,1,timer,11,jaber1,219643018,219643018,8.103,0.629,haSGl4qKM855MwAhCzybEn1cNmSjDI1N,
1742584696932,cbs,1,timer,11,jaber1,219643018,219643018,7.863,0.629,haSGl4qKM855MwAhCzybEn1cNmSjDI1N,
1742584697180,cbs,1,timer,11,jaber1,219643018,219643018,7.607,0.629,haSGl4qKM855MwAhCzybEn1cNmSjDI1N,
1742584697428,cbs,1,timer,11,jaber1,219643018,219643018,7.367,0.629,haSGl4qKM855MwAhCzybEn1cNmSjDI1N,
1742584697684,cbs,1,timer,11,jaber1,219643018,219643018,9.106,0.629,haSGl4qKM855MwAhCzybEn1cNmSjDI1N,
1742584697932,cbs,1,timer,11,jaber1,219643018,219643018,8.864,0.629,haSGl4qKM855MwAhCzybEn1cNmSjDI1N,
1742584698178,cbs,1,timer,11,jaber1,219643018,219643018,8.612,0.629,haSGl4qKM855MwAhCzybEn1cNmSjDI1N,
1742584698428,cbs,1,timer,11,jaber1,219643018,219643018,8.370,0.629,haSGl4qKM855MwAhCzybEn1cNmSjDI1N,
1742584698678,cbs,1,timer,11,jaber1,219643018,219643018,8.117,0.629,haSGl4qKM855MwAhCzybEn1cNmSjDI1N,
1742584698929,cbs,1,timer,11,jaber1,219643018,219643018,7.866,0.629,haSGl4qKM855MwAhCzybEn1cNmSjDI1N,
1742584699180,cbs,1,timer,11,jaber1,219643018,219643018,9.611,0.629,haSGl4qKM855MwAhCzybEn1cNmSjDI1N,
1742584699429,cbs,1,timer,11,jaber1,219643018,219643018,9.369,0.629,haSGl4qKM855MwAhCzybEn1cNmSjDI1N,
1742584699682,cbs,1,timer,11,jaber1,219643018,219643018,9.108,0.629,haSGl4qKM855MwAhCzybEn1cNmSjDI1N,
1742584699932,cbs,1,timer,11,jaber1,219643018,219643018,8.865,0.629,haSGl4qKM855MwAhCzybEn1cNmSjDI1N,
1742584700180,cbs,1,timer,11,jaber1,219643018,219643018,8.610,0.629,haSGl4qKM855MwAhCzybEn1cNmSjDI1N,
1742584700428,cbs,1,timer,11,jaber1,219643018,219643018,8.370,0.629,haSGl4qKM855MwAhCzybEn1cNmSjDI1N,
1742584700685,cbs,1,timer,11,jaber1,219643018,219643018,8.129,0.629,haSGl4qKM855MwAhCzybEn1cNmSjDI1N,
1742584700932,cbs,1,timer,11,jaber1,219643018,219643018,7.884,0.629,haSGl4qKM855MwAhCzybEn1cNmSjDI1N,
1742584701182,cbs,1,timer,11,jaber1,219643018,219643018,7.631,0.629,haSGl4qKM855MwAhCzybEn1cNmSjDI1N,
1742584701428,cbs,1,timer,11,jaber1,219643018,219643018,9.385,0.629,haSGl4qKM855MwAhCzybEn1cNmSjDI1N,
1742584701677,cbs,1,timer,11,jaber1,219643018,219643018,9.136,0.629,haSGl4qKM855MwAhCzybEn1cNmSjDI1N,
1742584701928,cbs,1,timer,11,jaber1,219643018,219643018,8.890,0.629,haSGl4qKM855MwAhCzybEn1cNmSjDI1N,
1742584702196,cbs,1,timer,11,jaber1,219643018,219643018,8.637,0.629,haSGl4qKM855MwAhCzybEn1cNmSjDI1N,
1742584702428,cbs,1,timer,11,jaber1,219643018,219643018,8.385,0.629,haSGl4qKM855MwAhCzybEn1cNmSjDI1N,
1742584702679,cbs,1,timer,11,jaber1,219643018,219643018,8.134,0.629,haSGl4qKM855MwAhCzybEn1cNmSjDI1N,
1742584702952,cbs,1,timer,11,jaber1,219643018,219643018,9.889,0.629,haSGl4qKM855MwAhCzybEn1cNmSjDI1N,
1742584703180,cbs,1,timer,11,jaber1,219643018,219643018,9.635,0.629,haSGl4qKM855MwAhCzybEn1cNmSjDI1N,
1742584703428,cbs,1,timer,11,jaber1,219643018,219643018,9.393,0.629,haSGl4qKM855MwAhCzybEn1cNmSjDI1N,
1742584703679,cbs,1,timer,11,jaber1,219643018,219643018,9.136,0.629,haSGl4qKM855MwAhCzybEn1cNmSjDI1N,
1742584703932,cbs,1,timer,11,jaber1,219643018,219643018,8.891,0.629,haSGl4qKM855MwAhCzybEn1cNmSjDI1N,
1742584704177,cbs,1,timer,11,jaber1,219643018,219643018,8.637,0.629,haSGl4qKM855MwAhCzybEn1cNmSjDI1N,
1742584704428,cbs,1,timer,11,jaber1,219643018,219643018,8.392,0.629,haSGl4qKM855MwAhCzybEn1cNmSjDI1N,
1742584704684,cbs,1,timer,11,jaber1,219643018,219643018,10.133,0.629,haSGl4qKM855MwAhCzybEn1cNmSjDI1N,
1742584704933,cbs,1,timer,11,jaber1,219643018,219643018,9.892,0.629,haSGl4qKM855MwAhCzybEn1cNmSjDI1N,
1742584705179,cbs,1,timer,11,jaber1,219643018,219643018,9.638,0.629,haSGl4qKM855MwAhCzybEn1cNmSjDI1N,
1742584705428,cbs,1,timer,11,jaber1,219643018,219643018,9.393,0.629,haSGl4qKM855MwAhCzybEn1cNmSjDI1N,
1742584705684,cbs,1,timer,11,jaber1,219643018,219643018,9.132,0.629,haSGl4qKM855MwAhCzybEn1cNmSjDI1N,
1742584705928,cbs,1,timer,11,jaber1,219643018,219643018,8.898,0.629,haSGl4qKM855MwAhCzybEn1cNmSjDI1N,
1742584706180,cbs,1,timer,11,jaber1,219643018,219643018,8.637,0.629,haSGl4qKM855MwAhCzybEn1cNmSjDI1N,
1742584706427,cbs,1,timer,11,jaber1,219643018,219643018,8.395,0.629,haSGl4qKM855MwAhCzybEn1cNmSjDI1N,
1742584706684,cbs,1,timer,11,jaber1,219643018,219643018,10.135,0.629,haSGl4qKM855MwAhCzybEn1cNmSjDI1N,
1742584706932,cbs,1,timer,11,jaber1,219643018,219643018,9.893,0.629,haSGl4qKM855MwAhCzybEn1cNmSjDI1N,
1742584707180,cbs,1,timer,11,jaber1,219643018,219643018,9.639,0.629,haSGl4qKM855MwAhCzybEn1cNmSjDI1N,
1742584707428,cbs,1,timer,11,jaber1,219643018,219643018,9.395,0.629,haSGl4qKM855MwAhCzybEn1cNmSjDI1N,
1742584707682,cbs,1,timer,11,jaber1,219643018,219643018,9.137,0.629,haSGl4qKM855MwAhCzybEn1cNmSjDI1N,
1742584707930,cbs,1,timer,11,jaber1,219643018,219643018,8.897,0.629,haSGl4qKM855MwAhCzybEn1cNmSjDI1N,
1742584708180,cbs,1,timer,11,jaber1,219643018,219643018,8.639,0.629,haSGl4qKM855MwAhCzybEn1cNmSjDI1N,
1742584708428,cbs,1,timer,11,jaber1,219643018,219643018,8.395,0.629,haSGl4qKM855MwAhCzybEn1cNmSjDI1N,
1742584708685,cbs,1,timer,11,jaber1,219643018,219643018,10.136,0.629,haSGl4qKM855MwAhCzybEn1cNmSjDI1N,
1742584708932,cbs,1,timer,11,jaber1,219643018,219643018,9.916,0.629,haSGl4qKM855MwAhCzybEn1cNmSjDI1N,
1742584709180,cbs,1,timer,11,jaber1,219643018,219643018,9.661,0.629,haSGl4qKM855MwAhCzybEn1cNmSjDI1N,
1742584709428,cbs,1,timer,11,jaber1,219643018,219643018,9.419,0.629,haSGl4qKM855MwAhCzybEn1cNmSjDI1N,
1742584758301,cbs,1,init,11,jaber1,1403997279,1403997279,0,0,EqLtZVw76zWqYh0xXFgWavgRGXep41Vh,
1742584758493,cbs,1,startup,11,jaber1,1403997279,1403997279,2.002,0.206,EqLtZVw76zWqYh0xXFgWavgRGXep41Vh,
1742584758556,cbs,1,timer,11,jaber1,1403997279,1403997279,1.959,0.206,EqLtZVw76zWqYh0xXFgWavgRGXep41Vh,
1742584758806,cbs,1,timer,11,jaber1,1403997279,1403997279,3.711,0.206,EqLtZVw76zWqYh0xXFgWavgRGXep41Vh,
1742584759055,cbs,1,timer,11,jaber1,1403997279,1403997279,3.462,0.206,EqLtZVw76zWqYh0xXFgWavgRGXep41Vh,
1742584759306,cbs,1,timer,11,jaber1,1403997279,1403997279,5.213,0.206,EqLtZVw76zWqYh0xXFgWavgRGXep41Vh,
1742584759556,cbs,1,timer,11,jaber1,1403997279,1403997279,4.964,0.206,EqLtZVw76zWqYh0xXFgWavgRGXep41Vh,
1742584759807,cbs,1,timer,11,jaber1,1403997279,1403997279,4.713,0.206,EqLtZVw76zWqYh0xXFgWavgRGXep41Vh,
1742584760056,cbs,1,timer,11,jaber1,1403997279,1403997279,6.465,0.206,EqLtZVw76zWqYh0xXFgWavgRGXep41Vh,
1742584760307,cbs,1,timer,11,jaber1,1403997279,1403997279,6.215,0.206,EqLtZVw76zWqYh0xXFgWavgRGXep41Vh,
1742584760556,cbs,1,timer,11,jaber1,1403997279,1403997279,7.968,0.206,EqLtZVw76zWqYh0xXFgWavgRGXep41Vh,
1742584760806,cbs,1,timer,11,jaber1,1403997279,1403997279,7.718,0.206,EqLtZVw76zWqYh0xXFgWavgRGXep41Vh,
1742584761057,cbs,1,timer,11,jaber1,1403997279,1403997279,7.467,0.206,EqLtZVw76zWqYh0xXFgWavgRGXep41Vh,
1742584761307,cbs,1,timer,11,jaber1,1403997279,1403997279,7.217,0.206,EqLtZVw76zWqYh0xXFgWavgRGXep41Vh,
1742584761556,cbs,1,timer,11,jaber1,1403997279,1403997279,8.970,0.206,EqLtZVw76zWqYh0xXFgWavgRGXep41Vh,
1742584761805,cbs,1,timer,11,jaber1,1403997279,1403997279,8.720,0.206,EqLtZVw76zWqYh0xXFgWavgRGXep41Vh,
1742584762056,cbs,1,timer,11,jaber1,1403997279,1403997279,8.470,0.206,EqLtZVw76zWqYh0xXFgWavgRGXep41Vh,
1742584762307,cbs,1,timer,11,jaber1,1403997279,1403997279,8.219,0.206,EqLtZVw76zWqYh0xXFgWavgRGXep41Vh,
1742584762556,cbs,1,timer,11,jaber1,1403997279,1403997279,9.972,0.206,EqLtZVw76zWqYh0xXFgWavgRGXep41Vh,
1742584762810,cbs,1,timer,11,jaber1,1403997279,1403997279,9.722,0.206,EqLtZVw76zWqYh0xXFgWavgRGXep41Vh,
1742584763057,cbs,1,timer,11,jaber1,1403997279,1403997279,9.471,0.206,EqLtZVw76zWqYh0xXFgWavgRGXep41Vh,
1742584763308,cbs,1,timer,11,jaber1,1403997279,1403997279,9.219,0.206,EqLtZVw76zWqYh0xXFgWavgRGXep41Vh,
1742584763556,cbs,1,timer,11,jaber1,1403997279,1403997279,8.972,0.206,EqLtZVw76zWqYh0xXFgWavgRGXep41Vh,
1742584763806,cbs,1,timer,11,jaber1,1403997279,1403997279,10.724,0.206,EqLtZVw76zWqYh0xXFgWavgRGXep41Vh,
1742584764056,cbs,1,timer,11,jaber1,1403997279,1403997279,10.474,0.206,EqLtZVw76zWqYh0xXFgWavgRGXep41Vh,
1742584764308,cbs,1,timer,11,jaber1,1403997279,1403997279,10.221,0.206,EqLtZVw76zWqYh0xXFgWavgRGXep41Vh,
1742584764556,cbs,1,timer,11,jaber1,1403997279,1403997279,9.994,0.206,EqLtZVw76zWqYh0xXFgWavgRGXep41Vh,
1742584764811,cbs,1,timer,11,jaber1,1403997279,1403997279,9.739,0.206,EqLtZVw76zWqYh0xXFgWavgRGXep41Vh,
1742584765059,cbs,1,timer,11,jaber1,1403997279,1403997279,9.505,0.206,EqLtZVw76zWqYh0xXFgWavgRGXep41Vh,
1742584765309,cbs,1,timer,11,jaber1,1403997279,1403997279,11.243,0.206,EqLtZVw76zWqYh0xXFgWavgRGXep41Vh,
1742584765556,cbs,1,timer,11,jaber1,1403997279,1403997279,10.997,0.206,EqLtZVw76zWqYh0xXFgWavgRGXep41Vh,
1742584765809,cbs,1,timer,11,jaber1,1403997279,1403997279,10.743,0.206,EqLtZVw76zWqYh0xXFgWavgRGXep41Vh,
1742584766057,cbs,1,timer,11,jaber1,1403997279,1403997279,10.503,0.206,EqLtZVw76zWqYh0xXFgWavgRGXep41Vh,
1742584766307,cbs,1,timer,11,jaber1,1403997279,1403997279,10.245,0.206,EqLtZVw76zWqYh0xXFgWavgRGXep41Vh,
1742584766556,cbs,1,timer,11,jaber1,1403997279,1403997279,9.998,0.206,EqLtZVw76zWqYh0xXFgWavgRGXep41Vh,
1742584766806,cbs,1,timer,11,jaber1,1403997279,1403997279,9.745,0.206,EqLtZVw76zWqYh0xXFgWavgRGXep41Vh,
1742584767070,cbs,1,timer,11,jaber1,1403997279,1403997279,11.510,0.206,EqLtZVw76zWqYh0xXFgWavgRGXep41Vh,
1742584767308,cbs,1,timer,11,jaber1,1403997279,1403997279,11.245,0.206,EqLtZVw76zWqYh0xXFgWavgRGXep41Vh,
1742584767555,cbs,1,timer,11,jaber1,1403997279,1403997279,11.004,0.206,EqLtZVw76zWqYh0xXFgWavgRGXep41Vh,
1742584767806,cbs,1,timer,11,jaber1,1403997279,1403997279,10.748,0.206,EqLtZVw76zWqYh0xXFgWavgRGXep41Vh,
1742584768057,cbs,1,timer,11,jaber1,1403997279,1403997279,12.501,0.206,EqLtZVw76zWqYh0xXFgWavgRGXep41Vh,
1742584768306,cbs,1,timer,11,jaber1,1403997279,1403997279,12.250,0.206,EqLtZVw76zWqYh0xXFgWavgRGXep41Vh,
1742584768555,cbs,1,timer,11,jaber1,1403997279,1403997279,12.005,0.206,EqLtZVw76zWqYh0xXFgWavgRGXep41Vh,
1742584768818,cbs,1,timer,11,jaber1,1403997279,1403997279,11.750,0.206,EqLtZVw76zWqYh0xXFgWavgRGXep41Vh,
1742584769057,cbs,1,timer,11,jaber1,1403997279,1403997279,13.513,0.206,EqLtZVw76zWqYh0xXFgWavgRGXep41Vh,
1742584769306,cbs,1,timer,11,jaber1,1403997279,1403997279,13.252,0.206,EqLtZVw76zWqYh0xXFgWavgRGXep41Vh,
1742584769556,cbs,1,timer,11,jaber1,1403997279,1403997279,13.004,0.206,EqLtZVw76zWqYh0xXFgWavgRGXep41Vh,
1742584769806,cbs,1,timer,11,jaber1,1403997279,1403997279,12.752,0.206,EqLtZVw76zWqYh0xXFgWavgRGXep41Vh,
1742584770057,cbs,1,timer,11,jaber1,1403997279,1403997279,14.506,0.206,EqLtZVw76zWqYh0xXFgWavgRGXep41Vh,
1742584770305,cbs,1,timer,11,jaber1,1403997279,1403997279,14.254,0.206,EqLtZVw76zWqYh0xXFgWavgRGXep41Vh,
1742584770556,cbs,1,timer,11,jaber1,1403997279,1403997279,14.006,0.206,EqLtZVw76zWqYh0xXFgWavgRGXep41Vh,
1742584770806,cbs,1,timer,11,jaber1,1403997279,1403997279,13.753,0.206,EqLtZVw76zWqYh0xXFgWavgRGXep41Vh,
1742584771060,cbs,1,timer,11,jaber1,1403997279,1403997279,13.502,0.206,EqLtZVw76zWqYh0xXFgWavgRGXep41Vh,
1742584771308,cbs,1,timer,11,jaber1,1403997279,1403997279,13.251,0.206,EqLtZVw76zWqYh0xXFgWavgRGXep41Vh,
1742584771556,cbs,1,timer,11,jaber1,1403997279,1403997279,13.010,0.206,EqLtZVw76zWqYh0xXFgWavgRGXep41Vh,
1742584771840,cbs,1,timer,11,jaber1,1403997279,1403997279,12.747,0.206,EqLtZVw76zWqYh0xXFgWavgRGXep41Vh,
1742584772056,cbs,1,timer,11,jaber1,1403997279,1403997279,14.514,0.206,EqLtZVw76zWqYh0xXFgWavgRGXep41Vh,
1742584772308,cbs,1,timer,11,jaber1,1403997279,1403997279,14.253,0.206,EqLtZVw76zWqYh0xXFgWavgRGXep41Vh,
1742584772556,cbs,1,timer,11,jaber1,1403997279,1403997279,14.016,0.206,EqLtZVw76zWqYh0xXFgWavgRGXep41Vh,
1742584772806,cbs,1,timer,11,jaber1,1403997279,1403997279,13.756,0.206,EqLtZVw76zWqYh0xXFgWavgRGXep41Vh,
1742584773056,cbs,1,timer,11,jaber1,1403997279,1403997279,13.511,0.206,EqLtZVw76zWqYh0xXFgWavgRGXep41Vh,
1742584773306,cbs,1,timer,11,jaber1,1403997279,1403997279,15.258,0.206,EqLtZVw76zWqYh0xXFgWavgRGXep41Vh,
1742584773556,cbs,1,timer,11,jaber1,1403997279,1403997279,15.020,0.206,EqLtZVw76zWqYh0xXFgWavgRGXep41Vh,
1742584773812,cbs,1,timer,11,jaber1,1403997279,1403997279,14.751,0.206,EqLtZVw76zWqYh0xXFgWavgRGXep41Vh,
1742584774056,cbs,1,timer,11,jaber1,1403997279,1403997279,14.510,0.206,EqLtZVw76zWqYh0xXFgWavgRGXep41Vh,
1742584774309,cbs,1,timer,11,jaber1,1403997279,1403997279,14.258,0.206,EqLtZVw76zWqYh0xXFgWavgRGXep41Vh,
1742584774556,cbs,1,timer,11,jaber1,1403997279,1403997279,14.010,0.206,EqLtZVw76zWqYh0xXFgWavgRGXep41Vh,
1742584774853,cbs,1,timer,11,jaber1,1403997279,1403997279,15.753,0.206,EqLtZVw76zWqYh0xXFgWavgRGXep41Vh,
1742584775061,cbs,1,timer,11,jaber1,1403997279,1403997279,15.507,0.206,EqLtZVw76zWqYh0xXFgWavgRGXep41Vh,
1742584775308,cbs,1,timer,11,jaber1,1403997279,1403997279,15.257,0.206,EqLtZVw76zWqYh0xXFgWavgRGXep41Vh,
1742584775556,cbs,1,timer,11,jaber1,1403997279,1403997279,15.011,0.206,EqLtZVw76zWqYh0xXFgWavgRGXep41Vh,
1742584775812,cbs,1,timer,11,jaber1,1403997279,1403997279,14.755,0.206,EqLtZVw76zWqYh0xXFgWavgRGXep41Vh,
1742584776060,cbs,1,timer,11,jaber1,1403997279,1403997279,14.510,0.206,EqLtZVw76zWqYh0xXFgWavgRGXep41Vh,
1742584776306,cbs,1,timer,11,jaber1,1403997279,1403997279,14.259,0.206,EqLtZVw76zWqYh0xXFgWavgRGXep41Vh,
1742584776556,cbs,1,timer,11,jaber1,1403997279,1403997279,14.030,0.206,EqLtZVw76zWqYh0xXFgWavgRGXep41Vh,
1742584776812,cbs,1,timer,11,jaber1,1403997279,1403997279,13.774,0.206,EqLtZVw76zWqYh0xXFgWavgRGXep41Vh,
1742584777056,cbs,1,timer,11,jaber1,1403997279,1403997279,13.532,0.206,EqLtZVw76zWqYh0xXFgWavgRGXep41Vh,
1742584777308,cbs,1,timer,11,jaber1,1403997279,1403997279,15.279,0.206,EqLtZVw76zWqYh0xXFgWavgRGXep41Vh,
1742584777556,cbs,1,timer,11,jaber1,1403997279,1403997279,15.056,0.206,EqLtZVw76zWqYh0xXFgWavgRGXep41Vh,
1742584777893,cbs,1,timer,11,jaber1,1403997279,1403997279,14.795,0.206,EqLtZVw76zWqYh0xXFgWavgRGXep41Vh,
1742584778057,cbs,1,timer,11,jaber1,1403997279,1403997279,14.555,0.206,EqLtZVw76zWqYh0xXFgWavgRGXep41Vh,
1742584778321,cbs,1,timer,11,jaber1,1403997279,1403997279,14.299,0.206,EqLtZVw76zWqYh0xXFgWavgRGXep41Vh,
1742584778556,cbs,1,timer,11,jaber1,1403997279,1403997279,14.072,0.206,EqLtZVw76zWqYh0xXFgWavgRGXep41Vh,
1742584778807,cbs,1,timer,11,jaber1,1403997279,1403997279,13.821,0.206,EqLtZVw76zWqYh0xXFgWavgRGXep41Vh,
1742584779055,cbs,1,timer,11,jaber1,1403997279,1403997279,13.583,0.206,EqLtZVw76zWqYh0xXFgWavgRGXep41Vh,
1742584779308,cbs,1,timer,11,jaber1,1403997279,1403997279,15.321,0.206,EqLtZVw76zWqYh0xXFgWavgRGXep41Vh,
1742584779556,cbs,1,timer,11,jaber1,1403997279,1403997279,15.075,0.206,EqLtZVw76zWqYh0xXFgWavgRGXep41Vh,
1742584779812,cbs,1,timer,11,jaber1,1403997279,1403997279,14.817,0.206,EqLtZVw76zWqYh0xXFgWavgRGXep41Vh,
1742584780056,cbs,1,timer,11,jaber1,1403997279,1403997279,14.575,0.206,EqLtZVw76zWqYh0xXFgWavgRGXep41Vh,
1742584780306,cbs,1,timer,11,jaber1,1403997279,1403997279,14.323,0.206,EqLtZVw76zWqYh0xXFgWavgRGXep41Vh,
1742584780556,cbs,1,timer,11,jaber1,1403997279,1403997279,14.094,0.206,EqLtZVw76zWqYh0xXFgWavgRGXep41Vh,
1742584780892,cbs,1,timer,11,jaber1,1403997279,1403997279,13.844,0.206,EqLtZVw76zWqYh0xXFgWavgRGXep41Vh,
1742584781060,cbs,1,timer,11,jaber1,1403997279,1403997279,15.597,0.206,EqLtZVw76zWqYh0xXFgWavgRGXep41Vh,
1742584781308,cbs,1,timer,11,jaber1,1403997279,1403997279,15.343,0.206,EqLtZVw76zWqYh0xXFgWavgRGXep41Vh,
1742584781557,cbs,1,timer,11,jaber1,1403997279,1403997279,15.096,0.206,EqLtZVw76zWqYh0xXFgWavgRGXep41Vh,
1742584781812,cbs,1,timer,11,jaber1,1403997279,1403997279,14.840,0.206,EqLtZVw76zWqYh0xXFgWavgRGXep41Vh,
1742584782058,cbs,1,timer,11,jaber1,1403997279,1403997279,14.599,0.206,EqLtZVw76zWqYh0xXFgWavgRGXep41Vh,
1742584782305,cbs,1,timer,11,jaber1,1403997279,1403997279,14.346,0.206,EqLtZVw76zWqYh0xXFgWavgRGXep41Vh,
1742584782556,cbs,1,timer,11,jaber1,1403997279,1403997279,14.116,0.206,EqLtZVw76zWqYh0xXFgWavgRGXep41Vh,
1742584782806,cbs,1,timer,11,jaber1,1403997279,1403997279,13.865,0.206,EqLtZVw76zWqYh0xXFgWavgRGXep41Vh,
1742584783060,cbs,1,timer,11,jaber1,1403997279,1403997279,15.615,0.206,EqLtZVw76zWqYh0xXFgWavgRGXep41Vh,
1742584783308,cbs,1,timer,11,jaber1,1403997279,1403997279,15.365,0.206,EqLtZVw76zWqYh0xXFgWavgRGXep41Vh,
1742584783572,cbs,1,timer,11,jaber1,1403997279,1403997279,15.123,0.206,EqLtZVw76zWqYh0xXFgWavgRGXep41Vh,
1742584783861,cbs,1,timer,11,jaber1,1403997279,1403997279,14.861,0.206,EqLtZVw76zWqYh0xXFgWavgRGXep41Vh,
1742584784055,cbs,1,timer,11,jaber1,1403997279,1403997279,14.619,0.206,EqLtZVw76zWqYh0xXFgWavgRGXep41Vh,
1742584784307,cbs,1,timer,11,jaber1,1403997279,1403997279,14.367,0.206,EqLtZVw76zWqYh0xXFgWavgRGXep41Vh,
1742584784564,cbs,1,timer,11,jaber1,1403997279,1403997279,14.118,0.206,EqLtZVw76zWqYh0xXFgWavgRGXep41Vh,
1742584784807,cbs,1,timer,11,jaber1,1403997279,1403997279,13.887,0.206,EqLtZVw76zWqYh0xXFgWavgRGXep41Vh,
1742584785060,cbs,1,timer,11,jaber1,1403997279,1403997279,15.638,0.206,EqLtZVw76zWqYh0xXFgWavgRGXep41Vh,
1742584785308,cbs,1,timer,11,jaber1,1403997279,1403997279,15.388,0.206,EqLtZVw76zWqYh0xXFgWavgRGXep41Vh,
1742584785556,cbs,1,timer,11,jaber1,1403997279,1403997279,15.142,0.206,EqLtZVw76zWqYh0xXFgWavgRGXep41Vh,
1742584785812,cbs,1,timer,11,jaber1,1403997279,1403997279,14.883,0.206,EqLtZVw76zWqYh0xXFgWavgRGXep41Vh,
1742584786056,cbs,1,timer,11,jaber1,1403997279,1403997279,14.642,0.206,EqLtZVw76zWqYh0xXFgWavgRGXep41Vh,
1742584786306,cbs,1,timer,11,jaber1,1403997279,1403997279,14.390,0.206,EqLtZVw76zWqYh0xXFgWavgRGXep41Vh,
1742584786555,cbs,1,timer,11,jaber1,1403997279,1403997279,14.145,0.206,EqLtZVw76zWqYh0xXFgWavgRGXep41Vh,
1742584786871,cbs,1,timer,11,jaber1,1403997279,1403997279,15.906,0.206,EqLtZVw76zWqYh0xXFgWavgRGXep41Vh,
1742584787060,cbs,1,timer,11,jaber1,1403997279,1403997279,15.663,0.206,EqLtZVw76zWqYh0xXFgWavgRGXep41Vh,
1742584787312,cbs,1,timer,11,jaber1,1403997279,1403997279,15.409,0.206,EqLtZVw76zWqYh0xXFgWavgRGXep41Vh,
1742584787556,cbs,1,timer,11,jaber1,1403997279,1403997279,15.163,0.206,EqLtZVw76zWqYh0xXFgWavgRGXep41Vh,
1742584787812,cbs,1,timer,11,jaber1,1403997279,1403997279,14.906,0.206,EqLtZVw76zWqYh0xXFgWavgRGXep41Vh,
1742584788056,cbs,1,timer,11,jaber1,1403997279,1403997279,14.667,0.206,EqLtZVw76zWqYh0xXFgWavgRGXep41Vh,
1742584788305,cbs,1,timer,11,jaber1,1403997279,1403997279,14.412,0.206,EqLtZVw76zWqYh0xXFgWavgRGXep41Vh,
1742584788556,cbs,1,timer,11,jaber1,1403997279,1403997279,14.163,0.206,EqLtZVw76zWqYh0xXFgWavgRGXep41Vh,
1742584788812,cbs,1,timer,11,jaber1,1403997279,1403997279,15.927,0.206,EqLtZVw76zWqYh0xXFgWavgRGXep41Vh,
1742584789060,cbs,1,timer,11,jaber1,1403997279,1403997279,15.680,0.206,EqLtZVw76zWqYh0xXFgWavgRGXep41Vh,
1742584789308,cbs,1,timer,11,jaber1,1403997279,1403997279,15.432,0.206,EqLtZVw76zWqYh0xXFgWavgRGXep41Vh,
1742584789556,cbs,1,timer,11,jaber1,1403997279,1403997279,15.187,0.206,EqLtZVw76zWqYh0xXFgWavgRGXep41Vh,
1742584789873,cbs,1,timer,11,jaber1,1403997279,1403997279,14.927,0.206,EqLtZVw76zWqYh0xXFgWavgRGXep41Vh,
1742584790060,cbs,1,timer,11,jaber1,1403997279,1403997279,14.680,0.206,EqLtZVw76zWqYh0xXFgWavgRGXep41Vh,
1742584790308,cbs,1,timer,11,jaber1,1403997279,1403997279,14.432,0.206,EqLtZVw76zWqYh0xXFgWavgRGXep41Vh,
1742584790556,cbs,1,timer,11,jaber1,1403997279,1403997279,14.188,0.206,EqLtZVw76zWqYh0xXFgWavgRGXep41Vh,
1742584790807,cbs,1,timer,11,jaber1,1403997279,1403997279,13.953,0.206,EqLtZVw76zWqYh0xXFgWavgRGXep41Vh,
1742584791062,cbs,1,timer,11,jaber1,1403997279,1403997279,13.702,0.206,EqLtZVw76zWqYh0xXFgWavgRGXep41Vh,
1742584791306,cbs,1,timer,11,jaber1,1403997279,1403997279,13.453,0.206,EqLtZVw76zWqYh0xXFgWavgRGXep41Vh,
1742584791556,cbs,1,timer,11,jaber1,1403997279,1403997279,13.204,0.206,EqLtZVw76zWqYh0xXFgWavgRGXep41Vh,
1742584791812,cbs,1,timer,11,jaber1,1403997279,1403997279,12.947,0.206,EqLtZVw76zWqYh0xXFgWavgRGXep41Vh,
1742584792056,cbs,1,timer,11,jaber1,1403997279,1403997279,12.714,0.206,EqLtZVw76zWqYh0xXFgWavgRGXep41Vh,
1742584792308,cbs,1,timer,11,jaber1,1403997279,1403997279,12.451,0.206,EqLtZVw76zWqYh0xXFgWavgRGXep41Vh,
1742584792555,cbs,1,timer,11,jaber1,1403997279,1403997279,14.206,0.206,EqLtZVw76zWqYh0xXFgWavgRGXep41Vh,
1742584792812,cbs,1,timer,11,jaber1,1403997279,1403997279,13.949,0.206,EqLtZVw76zWqYh0xXFgWavgRGXep41Vh,
1742584793056,cbs,1,timer,11,jaber1,1403997279,1403997279,13.707,0.206,EqLtZVw76zWqYh0xXFgWavgRGXep41Vh,
1742584793308,cbs,1,timer,11,jaber1,1403997279,1403997279,13.453,0.206,EqLtZVw76zWqYh0xXFgWavgRGXep41Vh,
1742584793556,cbs,1,timer,11,jaber1,1403997279,1403997279,13.205,0.206,EqLtZVw76zWqYh0xXFgWavgRGXep41Vh,
1742584793812,cbs,1,timer,11,jaber1,1403997279,1403997279,12.950,0.206,EqLtZVw76zWqYh0xXFgWavgRGXep41Vh,
1742584794056,cbs,1,timer,11,jaber1,1403997279,1403997279,12.717,0.206,EqLtZVw76zWqYh0xXFgWavgRGXep41Vh,
1742584794308,cbs,1,timer,11,jaber1,1403997279,1403997279,12.453,0.206,EqLtZVw76zWqYh0xXFgWavgRGXep41Vh,
1742584794556,cbs,1,timer,11,jaber1,1403997279,1403997279,12.205,0.206,EqLtZVw76zWqYh0xXFgWavgRGXep41Vh,
1742584794812,cbs,1,timer,11,jaber1,1403997279,1403997279,13.951,0.206,EqLtZVw76zWqYh0xXFgWavgRGXep41Vh,
1742584795056,cbs,1,timer,11,jaber1,1403997279,1403997279,13.707,0.206,EqLtZVw76zWqYh0xXFgWavgRGXep41Vh,
1742584795308,cbs,1,timer,11,jaber1,1403997279,1403997279,13.455,0.206,EqLtZVw76zWqYh0xXFgWavgRGXep41Vh,
1742584795563,cbs,1,timer,11,jaber1,1403997279,1403997279,13.208,0.206,EqLtZVw76zWqYh0xXFgWavgRGXep41Vh,
1742584795812,cbs,1,timer,11,jaber1,1403997279,1403997279,12.953,0.206,EqLtZVw76zWqYh0xXFgWavgRGXep41Vh,
1742584796055,cbs,1,timer,11,jaber1,1403997279,1403997279,12.713,0.206,EqLtZVw76zWqYh0xXFgWavgRGXep41Vh,
1742584796308,cbs,1,timer,11,jaber1,1403997279,1403997279,12.455,0.206,EqLtZVw76zWqYh0xXFgWavgRGXep41Vh,
1742584796556,cbs,1,timer,11,jaber1,1403997279,1403997279,12.209,0.206,EqLtZVw76zWqYh0xXFgWavgRGXep41Vh,
1742584796812,cbs,1,timer,11,jaber1,1403997279,1403997279,13.973,0.206,EqLtZVw76zWqYh0xXFgWavgRGXep41Vh,
1742584797060,cbs,1,timer,11,jaber1,1403997279,1403997279,13.726,0.206,EqLtZVw76zWqYh0xXFgWavgRGXep41Vh,
1742584797339,cbs,1,timer,11,jaber1,1403997279,1403997279,13.477,0.206,EqLtZVw76zWqYh0xXFgWavgRGXep41Vh,
1742584797556,cbs,1,timer,11,jaber1,1403997279,1403997279,13.230,0.206,EqLtZVw76zWqYh0xXFgWavgRGXep41Vh,
1742584797812,cbs,1,timer,11,jaber1,1403997279,1403997279,12.973,0.206,EqLtZVw76zWqYh0xXFgWavgRGXep41Vh,
1742584798067,cbs,1,timer,11,jaber1,1403997279,1403997279,12.727,0.206,EqLtZVw76zWqYh0xXFgWavgRGXep41Vh,
1742584798306,cbs,1,timer,11,jaber1,1403997279,1403997279,12.479,0.206,EqLtZVw76zWqYh0xXFgWavgRGXep41Vh,
1742584798561,cbs,1,timer,11,jaber1,1403997279,1403997279,12.231,0.206,EqLtZVw76zWqYh0xXFgWavgRGXep41Vh,
1742584798807,cbs,1,timer,11,jaber1,1403997279,1403997279,12.000,0.206,EqLtZVw76zWqYh0xXFgWavgRGXep41Vh,
1742584799060,cbs,1,timer,11,jaber1,1403997279,1403997279,13.749,0.206,EqLtZVw76zWqYh0xXFgWavgRGXep41Vh,
1742584799308,cbs,1,timer,11,jaber1,1403997279,1403997279,13.499,0.206,EqLtZVw76zWqYh0xXFgWavgRGXep41Vh,
1742584799556,cbs,1,timer,11,jaber1,1403997279,1403997279,13.255,0.206,EqLtZVw76zWqYh0xXFgWavgRGXep41Vh,
1742584799807,cbs,1,timer,11,jaber1,1403997279,1403997279,13.001,0.206,EqLtZVw76zWqYh0xXFgWavgRGXep41Vh,
1742584800060,cbs,1,timer,11,jaber1,1403997279,1403997279,12.747,0.206,EqLtZVw76zWqYh0xXFgWavgRGXep41Vh,
1742584800305,cbs,1,timer,11,jaber1,1403997279,1403997279,12.502,0.206,EqLtZVw76zWqYh0xXFgWavgRGXep41Vh,
1742584800556,cbs,1,timer,11,jaber1,1403997279,1403997279,12.255,0.206,EqLtZVw76zWqYh0xXFgWavgRGXep41Vh,
1742584800808,cbs,1,timer,11,jaber1,1403997279,1403997279,11.999,0.206,EqLtZVw76zWqYh0xXFgWavgRGXep41Vh,
1742584801060,cbs,1,timer,11,jaber1,1403997279,1403997279,11.751,0.206,EqLtZVw76zWqYh0xXFgWavgRGXep41Vh,
1742584801307,cbs,1,timer,11,jaber1,1403997279,1403997279,11.501,0.206,EqLtZVw76zWqYh0xXFgWavgRGXep41Vh,
1742584801556,cbs,1,timer,11,jaber1,1403997279,1403997279,11.252,0.206,EqLtZVw76zWqYh0xXFgWavgRGXep41Vh,
1742584801812,cbs,1,timer,11,jaber1,1403997279,1403997279,10.995,0.206,EqLtZVw76zWqYh0xXFgWavgRGXep41Vh,
1742584802068,cbs,1,timer,11,jaber1,1403997279,1403997279,12.752,0.206,EqLtZVw76zWqYh0xXFgWavgRGXep41Vh,
1742584802308,cbs,1,timer,11,jaber1,1403997279,1403997279,12.501,0.206,EqLtZVw76zWqYh0xXFgWavgRGXep41Vh,
1742584802564,cbs,1,timer,11,jaber1,1403997279,1403997279,12.255,0.206,EqLtZVw76zWqYh0xXFgWavgRGXep41Vh,
1742584802828,cbs,1,timer,11,jaber1,1403997279,1403997279,11.997,0.206,EqLtZVw76zWqYh0xXFgWavgRGXep41Vh,
1742584803060,cbs,1,timer,11,jaber1,1403997279,1403997279,11.752,0.206,EqLtZVw76zWqYh0xXFgWavgRGXep41Vh,
1742584803309,cbs,1,timer,11,jaber1,1403997279,1403997279,11.501,0.206,EqLtZVw76zWqYh0xXFgWavgRGXep41Vh,
1742584803556,cbs,1,timer,11,jaber1,1403997279,1403997279,11.255,0.206,EqLtZVw76zWqYh0xXFgWavgRGXep41Vh,
1742584803812,cbs,1,timer,11,jaber1,1403997279,1403997279,10.997,0.206,EqLtZVw76zWqYh0xXFgWavgRGXep41Vh,
1742584804060,cbs,1,timer,11,jaber1,1403997279,1403997279,10.751,0.206,EqLtZVw76zWqYh0xXFgWavgRGXep41Vh,
1742584804308,cbs,1,timer,11,jaber1,1403997279,1403997279,10.501,0.206,EqLtZVw76zWqYh0xXFgWavgRGXep41Vh,
1742584804556,cbs,1,timer,11,jaber1,1403997279,1403997279,10.254,0.206,EqLtZVw76zWqYh0xXFgWavgRGXep41Vh,
1742584804812,cbs,1,timer,11,jaber1,1403997279,1403997279,9.997,0.206,EqLtZVw76zWqYh0xXFgWavgRGXep41Vh,
1742584805060,cbs,1,timer,11,jaber1,1403997279,1403997279,9.752,0.206,EqLtZVw76zWqYh0xXFgWavgRGXep41Vh,
1742584805308,cbs,1,timer,11,jaber1,1403997279,1403997279,11.503,0.206,EqLtZVw76zWqYh0xXFgWavgRGXep41Vh,
1742584805556,cbs,1,timer,11,jaber1,1403997279,1403997279,11.256,0.206,EqLtZVw76zWqYh0xXFgWavgRGXep41Vh,
1742584805813,cbs,1,timer,11,jaber1,1403997279,1403997279,10.999,0.206,EqLtZVw76zWqYh0xXFgWavgRGXep41Vh,
1742584806060,cbs,1,timer,11,jaber1,1403997279,1403997279,10.753,0.206,EqLtZVw76zWqYh0xXFgWavgRGXep41Vh,
1742584806308,cbs,1,timer,11,jaber1,1403997279,1403997279,10.504,0.206,EqLtZVw76zWqYh0xXFgWavgRGXep41Vh,
1742584806556,cbs,1,timer,11,jaber1,1403997279,1403997279,10.256,0.206,EqLtZVw76zWqYh0xXFgWavgRGXep41Vh,
1742584806812,cbs,1,timer,11,jaber1,1403997279,1403997279,10.020,0.206,EqLtZVw76zWqYh0xXFgWavgRGXep41Vh,
1742584807060,cbs,1,timer,11,jaber1,1403997279,1403997279,9.776,0.206,EqLtZVw76zWqYh0xXFgWavgRGXep41Vh,
1742584807306,cbs,1,timer,11,jaber1,1403997279,1403997279,9.526,0.206,EqLtZVw76zWqYh0xXFgWavgRGXep41Vh,
1742584807556,cbs,1,timer,11,jaber1,1403997279,1403997279,9.276,0.206,EqLtZVw76zWqYh0xXFgWavgRGXep41Vh,
1742584807812,cbs,1,timer,11,jaber1,1403997279,1403997279,9.020,0.206,EqLtZVw76zWqYh0xXFgWavgRGXep41Vh,
1742584808056,cbs,1,timer,11,jaber1,1403997279,1403997279,10.782,0.206,EqLtZVw76zWqYh0xXFgWavgRGXep41Vh,
1742584808306,cbs,1,timer,11,jaber1,1403997279,1403997279,10.527,0.206,EqLtZVw76zWqYh0xXFgWavgRGXep41Vh,
1742584808556,cbs,1,timer,11,jaber1,1403997279,1403997279,10.278,0.206,EqLtZVw76zWqYh0xXFgWavgRGXep41Vh,
1742584808806,cbs,1,timer,11,jaber1,1403997279,1403997279,10.027,0.206,EqLtZVw76zWqYh0xXFgWavgRGXep41Vh,
1742584809055,cbs,1,timer,11,jaber1,1403997279,1403997279,11.784,0.206,EqLtZVw76zWqYh0xXFgWavgRGXep41Vh,
1742584809306,cbs,1,timer,11,jaber1,1403997279,1403997279,11.530,0.206,EqLtZVw76zWqYh0xXFgWavgRGXep41Vh,
