1742584681432,cbs,1,11,jaber1,219643018,219643018,122,82,93931,319206,275965,7.243,0.629,haSGl4qKM855MwAhCzybEn1cNmSjDI1N,,0
1742584681632,cbs,1,11,jaber1,219643018,219643018,124,86,93931,340539,307948,7.150,0.629,haSGl4qKM855MwAhCzybEn1cNmSjDI1N,,0
1742584681832,cbs,1,11,jaber1,219643018,219643018,124,82,93931,387865,300113,6.870,0.629,haSGl4qKM855MwAhCzybEn1cNmSjDI1N,,0
1742584682032,cbs,1,11,jaber1,219643018,219643018,124,94,93931,393878,315686,6.739,0.629,haSGl4qKM855MwAhCzybEn1cNmSjDI1N,,0
1742584682233,cbs,1,11,jaber1,219643018,219643018,124,88,93931,432343,256499,6.450,0.629,haSGl4qKM855MwAhCzybEn1cNmSjDI1N,,0
1742584682433,cbs,1,11,jaber1,219643018,219643018,132,48,93931,450974,291488,6.243,0.629,haSGl4qKM855MwAhCzybEn1cNmSjDI1N,,0
1742584682633,cbs,1,11,jaber1,219643018,219643018,132,29,93931,479310,283595,8.155,0.629,haSGl4qKM855MwAhCzybEn1cNmSjDI1N,,0
1742584682833,cbs,1,11,jaber1,219643018,219643018,132,71,93931,489040,269636,8.009,0.629,haSGl4qKM855MwAhCzybEn1cNmSjDI1N,,0
1742584683034,cbs,1,11,jaber1,219643018,219643018,132,95,93931,410508,269636,7.771,0.629,haSGl4qKM855MwAhCzybEn1cNmSjDI1N,,0
1742584683234,cbs,1,11,jaber1,219643018,219643018,134,102,93931,414386,269636,7.513,0.629,haSGl4qKM855MwAhCzybEn1cNmSjDI1N,,0
1742584683434,cbs,1,11,jaber1,219643018,219643018,132,121,93931,440521,296458,7.272,0.629,haSGl4qKM855MwAhCzybEn1cNmSjDI1N,,0
1742584683634,cbs,1,11,jaber1,219643018,219643018,132,118,93931,467970,279633,7.067,0.629,haSGl4qKM855MwAhCzybEn1cNmSjDI1N,,0
1742584683835,cbs,1,11,jaber1,219643018,219643018,132,111,93931,510660,325349,7.015,0.629,haSGl4qKM855MwAhCzybEn1cNmSjDI1N,,0
1742584684035,cbs,1,11,jaber1,219643018,219643018,132,126,93931,555438,287657,6.766,0.629,haSGl4qKM855MwAhCzybEn1cNmSjDI1N,,0
1742584684235,cbs,1,11,jaber1,219643018,219643018,132,106,93931,561459,279504,6.512,0.629,haSGl4qKM855MwAhCzybEn1cNmSjDI1N,,0
1742584684435,cbs,1,11,jaber1,219643018,219643018,132,63,93931,587489,268185,6.272,0.629,haSGl4qKM855MwAhCzybEn1cNmSjDI1N,,0
1742584684636,cbs,1,11,jaber1,219643018,219643018,132,12,93931,605135,302672,6.272,0.629,haSGl4qKM855MwAhCzybEn1cNmSjDI1N,,0
1742584684836,cbs,1,11,jaber1,219643018,219643018,132,22,93931,624864,276398,7.994,0.629,haSGl4qKM855MwAhCzybEn1cNmSjDI1N,,0
1742584685036,cbs,1,11,jaber1,219643018,219643018,132,71,93931,624864,276398,7.790,0.629,haSGl4qKM855MwAhCzybEn1cNmSjDI1N,,0
1742584685236,cbs,1,11,jaber1,219643018,219643018,134,104,93931,503239,276398,7.535,0.629,haSGl4qKM855MwAhCzybEn1cNmSjDI1N,,0
1742584685437,cbs,1,11,jaber1,219643018,219643018,132,128,93931,464011,276398,7.295,0.629,haSGl4qKM855MwAhCzybEn1cNmSjDI1N,,0
1742584685637,cbs,1,11,jaber1,219643018,219643018,132,124,93931,482366,276398,7.169,0.629,haSGl4qKM855MwAhCzybEn1cNmSjDI1N,,0
1742584685837,cbs,1,11,jaber1,219643018,219643018,132,114,93931,520882,334156,6.891,0.629,haSGl4qKM855MwAhCzybEn1cNmSjDI1N,,0
1742584686037,cbs,1,11,jaber1,219643018,219643018,132,129,93931,523310,341297,6.789,0.629,haSGl4qKM855MwAhCzybEn1cNmSjDI1N,,0
1742584686238,cbs,1,11,jaber1,219643018,219643018,132,94,93931,568024,297884,6.535,0.629,haSGl4qKM855MwAhCzybEn1cNmSjDI1N,,0
1742584686438,cbs,1,11,jaber1,219643018,219643018,132,37,93931,554402,279425,6.295,0.629,haSGl4qKM855MwAhCzybEn1cNmSjDI1N,,0
1742584686638,cbs,1,11,jaber1,219643018,219643018,132,0,93931,606548,277091,8.111,0.629,haSGl4qKM855MwAhCzybEn1cNmSjDI1N,,0
1742584686838,cbs,1,11,jaber1,219643018,219643018,132,46,93931,606548,277091,8.053,0.629,haSGl4qKM855MwAhCzybEn1cNmSjDI1N,,0
1742584687039,cbs,1,11,jaber1,219643018,219643018,132,94,93931,606548,277091,7.813,0.629,haSGl4qKM855MwAhCzybEn1cNmSjDI1N,,0
1742584687239,cbs,1,11,jaber1,219643018,219643018,132,105,93931,448945,277091,7.557,0.629,haSGl4qKM855MwAhCzybEn1cNmSjDI1N,,0
1742584687439,cbs,1,11,jaber1,219643018,219643018,134,123,93931,464318,277091,7.309,0.629,haSGl4qKM855MwAhCzybEn1cNmSjDI1N,,0
1742584687639,cbs,1,11,jaber1,219643018,219643018,130,124,93931,486489,278150,7.309,0.629,haSGl4qKM855MwAhCzybEn1cNmSjDI1N,,0
1742584687840,cbs,1,11,jaber1,219643018,219643018,130,115,93931,520939,316806,6.939,0.629,haSGl4qKM855MwAhCzybEn1cNmSjDI1N,,0
1742584688040,cbs,1,11,jaber1,219643018,219643018,130,125,93931,553618,297943,6.816,0.629,haSGl4qKM855MwAhCzybEn1cNmSjDI1N,,0
1742584688240,cbs,1,11,jaber1,219643018,219643018,130,115,93931,583563,308988,6.558,0.629,haSGl4qKM855MwAhCzybEn1cNmSjDI1N,,0
1742584688440,cbs,1,11,jaber1,219643018,219643018,4,77,93931,582791,277850,6.309,0.629,haSGl4qKM855MwAhCzybEn1cNmSjDI1N,,0
1742584688641,cbs,1,11,jaber1,219643018,219643018,4,38,93931,614555,287225,6.244,0.629,haSGl4qKM855MwAhCzybEn1cNmSjDI1N,,0
1742584688841,cbs,1,11,jaber1,219643018,219643018,4,4,93931,651236,261521,8.016,0.629,haSGl4qKM855MwAhCzybEn1cNmSjDI1N,,0
1742584689041,cbs,1,11,jaber1,219643018,219643018,4,4,93931,651628,262106,7.813,0.629,haSGl4qKM855MwAhCzybEn1cNmSjDI1N,,0
1742584689241,cbs,1,11,jaber1,219643018,219643018,4,4,93931,651628,262106,7.559,0.629,haSGl4qKM855MwAhCzybEn1cNmSjDI1N,,0
1742584689442,cbs,1,11,jaber1,219643018,219643018,134,40,93931,606636,262106,7.311,0.629,haSGl4qKM855MwAhCzybEn1cNmSjDI1N,,0
1742584689642,cbs,1,11,jaber1,219643018,219643018,148,74,93931,426706,262106,7.311,0.629,haSGl4qKM855MwAhCzybEn1cNmSjDI1N,,0
1742584689842,cbs,1,11,jaber1,219643018,219643018,174,85,93931,353782,262106,7.055,0.629,haSGl4qKM855MwAhCzybEn1cNmSjDI1N,,0
1742584690042,cbs,1,11,jaber1,219643018,219643018,172,83,93931,321864,333757,6.817,0.629,haSGl4qKM855MwAhCzybEn1cNmSjDI1N,,0
1742584690243,cbs,1,11,jaber1,219643018,219643018,172,92,93931,361695,304411,6.559,0.629,haSGl4qKM855MwAhCzybEn1cNmSjDI1N,,0
1742584690443,cbs,1,11,jaber1,219643018,219643018,172,94,93931,388082,277642,6.311,0.629,haSGl4qKM855MwAhCzybEn1cNmSjDI1N,,0
1742584690643,cbs,1,11,jaber1,219643018,219643018,172,89,93931,420096,306542,6.132,0.629,haSGl4qKM855MwAhCzybEn1cNmSjDI1N,,0
1742584690843,cbs,1,11,jaber1,219643018,219643018,172,54,93931,457394,289817,6.061,0.629,haSGl4qKM855MwAhCzybEn1cNmSjDI1N,,0
1742584691044,cbs,1,11,jaber1,219643018,219643018,172,13,93931,476167,277722,5.784,0.629,haSGl4qKM855MwAhCzybEn1cNmSjDI1N,,0
1742584691244,cbs,1,11,jaber1,219643018,219643018,172,32,93931,490575,305965,7.561,0.629,haSGl4qKM855MwAhCzybEn1cNmSjDI1N,,0
1742584691444,cbs,1,11,jaber1,219643018,219643018,170,73,93931,431013,305965,7.313,0.629,haSGl4qKM855MwAhCzybEn1cNmSjDI1N,,0
1742584691644,cbs,1,11,jaber1,219643018,219643018,170,101,93931,370019,305965,7.313,0.629,haSGl4qKM855MwAhCzybEn1cNmSjDI1N,,0
1742584691844,cbs,1,11,jaber1,219643018,219643018,168,109,93931,375437,266802,6.961,0.629,haSGl4qKM855MwAhCzybEn1cNmSjDI1N,,0
1742584692045,cbs,1,11,jaber1,219643018,219643018,168,90,93931,413030,311453,6.816,0.629,haSGl4qKM855MwAhCzybEn1cNmSjDI1N,,0
1742584692245,cbs,1,11,jaber1,219643018,219643018,172,100,93931,456190,310302,6.561,0.629,haSGl4qKM855MwAhCzybEn1cNmSjDI1N,,0
1742584692445,cbs,1,11,jaber1,219643018,219643018,172,106,93931,471832,284354,6.317,0.629,haSGl4qKM855MwAhCzybEn1cNmSjDI1N,,0
1742584692645,cbs,1,11,jaber1,219643018,219643018,172,69,93931,484956,267762,6.268,0.629,haSGl4qKM855MwAhCzybEn1cNmSjDI1N,,0
1742584692846,cbs,1,11,jaber1,219643018,219643018,172,24,93931,512469,284423,7.928,0.629,haSGl4qKM855MwAhCzybEn1cNmSjDI1N,,0
1742584693046,cbs,1,11,jaber1,219643018,219643018,172,51,93931,531864,273646,7.810,0.629,haSGl4qKM855MwAhCzybEn1cNmSjDI1N,,0
1742584693246,cbs,1,11,jaber1,219643018,219643018,172,94,93931,482419,273646,7.563,0.629,haSGl4qKM855MwAhCzybEn1cNmSjDI1N,,0
1742584693446,cbs,1,11,jaber1,219643018,219643018,172,100,93931,422907,273646,7.320,0.629,haSGl4qKM855MwAhCzybEn1cNmSjDI1N,,0
1742584693647,cbs,1,11,jaber1,219643018,219643018,172,105,93931,435256,273646,7.196,0.629,haSGl4qKM855MwAhCzybEn1cNmSjDI1N,,0
1742584693847,cbs,1,11,jaber1,219643018,219643018,178,100,93931,388101,349467,6.923,0.629,haSGl4qKM855MwAhCzybEn1cNmSjDI1N,,0
1742584694047,cbs,1,11,jaber1,219643018,219643018,178,94,93931,437712,345991,6.818,0.629,haSGl4qKM855MwAhCzybEn1cNmSjDI1N,,0
1742584694247,cbs,1,11,jaber1,219643018,219643018,180,58,93931,453759,263229,6.563,0.629,haSGl4qKM855MwAhCzybEn1cNmSjDI1N,,0
1742584694448,cbs,1,11,jaber1,219643018,219643018,180,16,93931,482204,286864,6.320,0.629,haSGl4qKM855MwAhCzybEn1cNmSjDI1N,,0
1742584694648,cbs,1,11,jaber1,219643018,219643018,180,24,93931,517164,288858,8.237,0.629,haSGl4qKM855MwAhCzybEn1cNmSjDI1N,,0
1742584694848,cbs,1,11,jaber1,219643018,219643018,180,83,93931,517164,288858,8.061,0.629,haSGl4qKM855MwAhCzybEn1cNmSjDI1N,,0
1742584695048,cbs,1,11,jaber1,219643018,219643018,178,107,93931,385169,288858,7.837,0.629,haSGl4qKM855MwAhCzybEn1cNmSjDI1N,,0
1742584695249,cbs,1,11,jaber1,219643018,219643018,178,86,93931,396165,288858,7.563,0.629,haSGl4qKM855MwAhCzybEn1cNmSjDI1N,,0
1742584695449,cbs,1,11,jaber1,219643018,219643018,182,91,93931,425009,324651,7.343,0.629,haSGl4qKM855MwAhCzybEn1cNmSjDI1N,,0
1742584695649,cbs,1,11,jaber1,219643018,219643018,182,106,93931,445471,273059,7.187,0.629,haSGl4qKM855MwAhCzybEn1cNmSjDI1N,,0
1742584695849,cbs,1,11,jaber1,219643018,219643018,182,123,93931,473296,228129,7.081,0.629,haSGl4qKM855MwAhCzybEn1cNmSjDI1N,,0
1742584696050,cbs,1,11,jaber1,219643018,219643018,182,87,93931,491899,303000,6.798,0.629,haSGl4qKM855MwAhCzybEn1cNmSjDI1N,,0
1742584696250,cbs,1,11,jaber1,219643018,219643018,182,38,93931,523434,314273,6.585,0.629,haSGl4qKM855MwAhCzybEn1cNmSjDI1N,,0
1742584696450,cbs,1,11,jaber1,219643018,219643018,182,28,93931,568519,288437,8.345,0.629,haSGl4qKM855MwAhCzybEn1cNmSjDI1N,,0
1742584696650,cbs,1,11,jaber1,219643018,219643018,182,77,93931,569694,285471,8.315,0.629,haSGl4qKM855MwAhCzybEn1cNmSjDI1N,,0
1742584696851,cbs,1,11,jaber1,219643018,219643018,182,100,93931,446074,285471,8.103,0.629,haSGl4qKM855MwAhCzybEn1cNmSjDI1N,,0
1742584697051,cbs,1,11,jaber1,219643018,219643018,182,106,93931,427360,285471,7.863,0.629,haSGl4qKM855MwAhCzybEn1cNmSjDI1N,,0
1742584697251,cbs,1,11,jaber1,219643018,219643018,184,87,93931,449819,285471,7.607,0.629,haSGl4qKM855MwAhCzybEn1cNmSjDI1N,,0
1742584697451,cbs,1,11,jaber1,219643018,219643018,184,45,93931,475471,299693,7.367,0.629,haSGl4qKM855MwAhCzybEn1cNmSjDI1N,,0
1742584697652,cbs,1,11,jaber1,219643018,219643018,184,0,93931,498518,325352,9.164,0.629,haSGl4qKM855MwAhCzybEn1cNmSjDI1N,,0
1742584697852,cbs,1,11,jaber1,219643018,219643018,184,51,93931,498518,325352,9.106,0.629,haSGl4qKM855MwAhCzybEn1cNmSjDI1N,,0
1742584698052,cbs,1,11,jaber1,219643018,219643018,184,94,93931,426160,325352,8.864,0.629,haSGl4qKM855MwAhCzybEn1cNmSjDI1N,,0
1742584698252,cbs,1,11,jaber1,219643018,219643018,182,98,93931,388174,325352,8.612,0.629,haSGl4qKM855MwAhCzybEn1cNmSjDI1N,,0
1742584698453,cbs,1,11,jaber1,219643018,219643018,182,90,93931,414760,301263,8.370,0.629,haSGl4qKM855MwAhCzybEn1cNmSjDI1N,,0
1742584698653,cbs,1,11,jaber1,219643018,219643018,182,88,93931,463281,306771,8.370,0.629,haSGl4qKM855MwAhCzybEn1cNmSjDI1N,,0
1742584698853,cbs,1,11,jaber1,219643018,219643018,182,57,93931,480828,257378,8.117,0.629,haSGl4qKM855MwAhCzybEn1cNmSjDI1N,,0
1742584699053,cbs,1,11,jaber1,219643018,219643018,176,8,93931,485579,266932,7.866,0.629,haSGl4qKM855MwAhCzybEn1cNmSjDI1N,,0
1742584699254,cbs,1,11,jaber1,219643018,219643018,176,32,93931,497062,261977,9.611,0.629,haSGl4qKM855MwAhCzybEn1cNmSjDI1N,,0
1742584699454,cbs,1,11,jaber1,219643018,219643018,176,81,93931,497062,261977,9.369,0.629,haSGl4qKM855MwAhCzybEn1cNmSjDI1N,,0
1742584699654,cbs,1,11,jaber1,219643018,219643018,176,92,93931,374703,261977,9.369,0.629,haSGl4qKM855MwAhCzybEn1cNmSjDI1N,,0
1742584699854,cbs,1,11,jaber1,219643018,219643018,176,102,93931,382025,261977,8.998,0.629,haSGl4qKM855MwAhCzybEn1cNmSjDI1N,,0
1742584700055,cbs,1,11,jaber1,219643018,219643018,4,88,93931,411054,317110,8.865,0.629,haSGl4qKM855MwAhCzybEn1cNmSjDI1N,,0
1742584700255,cbs,1,11,jaber1,219643018,219643018,4,43,93931,455788,289173,8.610,0.629,haSGl4qKM855MwAhCzybEn1cNmSjDI1N,,0
1742584700455,cbs,1,11,jaber1,219643018,219643018,4,10,93931,479250,267097,8.370,0.629,haSGl4qKM855MwAhCzybEn1cNmSjDI1N,,0
1742584700655,cbs,1,11,jaber1,219643018,219643018,4,4,93931,492060,277585,8.370,0.629,haSGl4qKM855MwAhCzybEn1cNmSjDI1N,,0
1742584700856,cbs,1,11,jaber1,219643018,219643018,180,10,93931,459674,277585,8.129,0.629,haSGl4qKM855MwAhCzybEn1cNmSjDI1N,,0
1742584701056,cbs,1,11,jaber1,219643018,219643018,128,57,93931,428758,277585,7.780,0.629,haSGl4qKM855MwAhCzybEn1cNmSjDI1N,,0
1742584701256,cbs,1,11,jaber1,219643018,219643018,128,26,93931,281184,277585,7.631,0.629,haSGl4qKM855MwAhCzybEn1cNmSjDI1N,,0
1742584701456,cbs,1,11,jaber1,219643018,219643018,124,55,93931,286009,289935,9.385,0.629,haSGl4qKM855MwAhCzybEn1cNmSjDI1N,,0
1742584701657,cbs,1,11,jaber1,219643018,219643018,122,60,93931,234856,289935,9.385,0.629,haSGl4qKM855MwAhCzybEn1cNmSjDI1N,,0
1742584701857,cbs,1,11,jaber1,219643018,219643018,126,48,93931,196512,344473,9.072,0.629,haSGl4qKM855MwAhCzybEn1cNmSjDI1N,,0
1742584702057,cbs,1,11,jaber1,219643018,219643018,126,69,93931,234965,296253,8.768,0.629,haSGl4qKM855MwAhCzybEn1cNmSjDI1N,,0
1742584702257,cbs,1,11,jaber1,219643018,219643018,130,94,93931,291957,268836,8.637,0.629,haSGl4qKM855MwAhCzybEn1cNmSjDI1N,,0
1742584702457,cbs,1,11,jaber1,219643018,219643018,130,96,93931,321146,340704,8.385,0.629,haSGl4qKM855MwAhCzybEn1cNmSjDI1N,,0
1742584702658,cbs,1,11,jaber1,219643018,219643018,130,62,93931,364776,335980,8.385,0.629,haSGl4qKM855MwAhCzybEn1cNmSjDI1N,,0
1742584702858,cbs,1,11,jaber1,219643018,219643018,132,12,93931,392232,323787,8.134,0.629,haSGl4qKM855MwAhCzybEn1cNmSjDI1N,,0
1742584703058,cbs,1,11,jaber1,219643018,219643018,132,32,93931,411581,321553,9.889,0.629,haSGl4qKM855MwAhCzybEn1cNmSjDI1N,,0
1742584703258,cbs,1,11,jaber1,219643018,219643018,130,90,93931,380891,321553,9.635,0.629,haSGl4qKM855MwAhCzybEn1cNmSjDI1N,,0
1742584703459,cbs,1,11,jaber1,219643018,219643018,130,86,93931,316668,321553,9.393,0.629,haSGl4qKM855MwAhCzybEn1cNmSjDI1N,,0
1742584703659,cbs,1,11,jaber1,219643018,219643018,130,105,93931,358878,309595,9.270,0.629,haSGl4qKM855MwAhCzybEn1cNmSjDI1N,,0
1742584703859,cbs,1,11,jaber1,219643018,219643018,130,125,93931,382852,314024,9.136,0.629,haSGl4qKM855MwAhCzybEn1cNmSjDI1N,,0
1742584704059,cbs,1,11,jaber1,219643018,219643018,130,121,93931,434954,318011,8.891,0.629,haSGl4qKM855MwAhCzybEn1cNmSjDI1N,,0
1742584704260,cbs,1,11,jaber1,219643018,219643018,130,105,93931,473267,314010,8.637,0.629,haSGl4qKM855MwAhCzybEn1cNmSjDI1N,,0
1742584704460,cbs,1,11,jaber1,219643018,219643018,130,52,93931,515884,329786,8.392,0.629,haSGl4qKM855MwAhCzybEn1cNmSjDI1N,,0
1742584704660,cbs,1,11,jaber1,219643018,219643018,124,36,93931,564687,320302,10.275,0.629,haSGl4qKM855MwAhCzybEn1cNmSjDI1N,,0
1742584704860,cbs,1,11,jaber1,219643018,219643018,124,104,93931,561885,327896,10.113,0.629,haSGl4qKM855MwAhCzybEn1cNmSjDI1N,,0
1742584705061,cbs,1,11,jaber1,219643018,219643018,122,116,93931,469403,327896,9.892,0.629,haSGl4qKM855MwAhCzybEn1cNmSjDI1N,,0
1742584705261,cbs,1,11,jaber1,219643018,219643018,124,121,93931,477613,327896,9.638,0.629,haSGl4qKM855MwAhCzybEn1cNmSjDI1N,,0
1742584705461,cbs,1,11,jaber1,219643018,219643018,124,114,93931,553374,327896,9.393,0.629,haSGl4qKM855MwAhCzybEn1cNmSjDI1N,,0
1742584705661,cbs,1,11,jaber1,219643018,219643018,124,123,93931,525143,330974,9.174,0.629,haSGl4qKM855MwAhCzybEn1cNmSjDI1N,,0
1742584705861,cbs,1,11,jaber1,219643018,219643018,124,124,93931,553001,291765,9.132,0.629,haSGl4qKM855MwAhCzybEn1cNmSjDI1N,,0
1742584706062,cbs,1,11,jaber1,219643018,219643018,124,97,93931,599642,274292,8.818,0.629,haSGl4qKM855MwAhCzybEn1cNmSjDI1N,,0
1742584706262,cbs,1,11,jaber1,219643018,219643018,118,68,93931,635531,281998,8.637,0.629,haSGl4qKM855MwAhCzybEn1cNmSjDI1N,,0
1742584706462,cbs,1,11,jaber1,219643018,219643018,120,27,93931,633543,281286,8.395,0.629,haSGl4qKM855MwAhCzybEn1cNmSjDI1N,,0
1742584706662,cbs,1,11,jaber1,219643018,219643018,120,0,93931,647829,262884,10.186,0.629,haSGl4qKM855MwAhCzybEn1cNmSjDI1N,,0
1742584706863,cbs,1,11,jaber1,219643018,219643018,120,67,93931,647829,262884,10.135,0.629,haSGl4qKM855MwAhCzybEn1cNmSjDI1N,,0
1742584707063,cbs,1,11,jaber1,219643018,219643018,120,120,93931,647829,262884,9.893,0.629,haSGl4qKM855MwAhCzybEn1cNmSjDI1N,,0
1742584707263,cbs,1,11,jaber1,219643018,219643018,118,114,93931,483015,262884,9.639,0.629,haSGl4qKM855MwAhCzybEn1cNmSjDI1N,,0
1742584707463,cbs,1,11,jaber1,219643018,219643018,118,118,93931,501020,262884,9.395,0.629,haSGl4qKM855MwAhCzybEn1cNmSjDI1N,,0
1742584707664,cbs,1,11,jaber1,219643018,219643018,118,117,93931,523759,323330,9.395,0.629,haSGl4qKM855MwAhCzybEn1cNmSjDI1N,,0
1742584707864,cbs,1,11,jaber1,219643018,219643018,118,109,93931,555865,276467,9.039,0.629,haSGl4qKM855MwAhCzybEn1cNmSjDI1N,,0
1742584708064,cbs,1,11,jaber1,219643018,219643018,118,83,93931,571596,275682,8.897,0.629,haSGl4qKM855MwAhCzybEn1cNmSjDI1N,,0
1742584708264,cbs,1,11,jaber1,219643018,219643018,108,39,93931,565144,290318,8.639,0.629,haSGl4qKM855MwAhCzybEn1cNmSjDI1N,,0
1742584708465,cbs,1,11,jaber1,219643018,219643018,108,12,93931,577028,264600,8.395,0.629,haSGl4qKM855MwAhCzybEn1cNmSjDI1N,,0
1742584708665,cbs,1,11,jaber1,219643018,219643018,108,36,93931,591077,263280,10.324,0.629,haSGl4qKM855MwAhCzybEn1cNmSjDI1N,,0
1742584708865,cbs,1,11,jaber1,219643018,219643018,108,94,93931,591077,263280,10.136,0.629,haSGl4qKM855MwAhCzybEn1cNmSjDI1N,,0
1742584709065,cbs,1,11,jaber1,219643018,219643018,106,104,93931,438109,263280,9.916,0.629,haSGl4qKM855MwAhCzybEn1cNmSjDI1N,,0
1742584709266,cbs,1,11,jaber1,219643018,219643018,106,98,93931,447505,263280,9.589,0.629,haSGl4qKM855MwAhCzybEn1cNmSjDI1N,,0
1742584709466,cbs,1,11,jaber1,219643018,219643018,106,98,93931,464368,335973,9.419,0.629,haSGl4qKM855MwAhCzybEn1cNmSjDI1N,,0
1742584758302,cbs,1,11,jaber1,1403997279,1403997279,11,0,1404,168264,1009971,0.000,0.000,EqLtZVw76zWqYh0xXFgWavgRGXep41Vh,,0
1742584758502,cbs,1,11,jaber1,1403997279,1403997279,35,35,509,48629,680490,2.002,0.206,EqLtZVw76zWqYh0xXFgWavgRGXep41Vh,,0
1742584758702,cbs,1,11,jaber1,1403997279,1403997279,35,17,509,104824,442198,1.959,0.206,EqLtZVw76zWqYh0xXFgWavgRGXep41Vh,,0
1742584758903,cbs,1,11,jaber1,1403997279,1403997279,14,14,509,48870,589249,3.711,0.206,EqLtZVw76zWqYh0xXFgWavgRGXep41Vh,,0
1742584759103,cbs,1,11,jaber1,1403997279,1403997279,12,12,509,24104,514364,3.462,0.206,EqLtZVw76zWqYh0xXFgWavgRGXep41Vh,,0
1742584759303,cbs,1,11,jaber1,1403997279,1403997279,10,10,509,20165,710331,5.364,0.206,EqLtZVw76zWqYh0xXFgWavgRGXep41Vh,,0
1742584759503,cbs,1,11,jaber1,1403997279,1403997279,10,10,509,21844,623543,5.063,0.206,EqLtZVw76zWqYh0xXFgWavgRGXep41Vh,,0
1742584759703,cbs,1,11,jaber1,1403997279,1403997279,10,10,509,21030,680945,4.907,0.206,EqLtZVw76zWqYh0xXFgWavgRGXep41Vh,,0
1742584759904,cbs,1,11,jaber1,1403997279,1403997279,12,12,509,18865,711906,6.688,0.206,EqLtZVw76zWqYh0xXFgWavgRGXep41Vh,,0
1742584760104,cbs,1,11,jaber1,1403997279,1403997279,12,12,509,24751,658539,6.465,0.206,EqLtZVw76zWqYh0xXFgWavgRGXep41Vh,,0
1742584760304,cbs,1,11,jaber1,1403997279,1403997279,10,9,509,21423,704567,6.226,0.206,EqLtZVw76zWqYh0xXFgWavgRGXep41Vh,,0
1742584760504,cbs,1,11,jaber1,1403997279,1403997279,12,12,509,22447,626636,8.039,0.206,EqLtZVw76zWqYh0xXFgWavgRGXep41Vh,,0
1742584760704,cbs,1,11,jaber1,1403997279,1403997279,10,10,509,19812,712383,7.897,0.206,EqLtZVw76zWqYh0xXFgWavgRGXep41Vh,,0
1742584760905,cbs,1,11,jaber1,1403997279,1403997279,18,14,509,27224,716242,7.718,0.206,EqLtZVw76zWqYh0xXFgWavgRGXep41Vh,,0
1742584761105,cbs,1,11,jaber1,1403997279,1403997279,18,16,509,35294,366641,7.446,0.206,EqLtZVw76zWqYh0xXFgWavgRGXep41Vh,,0
1742584761305,cbs,1,11,jaber1,1403997279,1403997279,18,17,509,39594,563467,7.295,0.206,EqLtZVw76zWqYh0xXFgWavgRGXep41Vh,,0
1742584761505,cbs,1,11,jaber1,1403997279,1403997279,22,22,485,49744,331350,9.183,0.206,EqLtZVw76zWqYh0xXFgWavgRGXep41Vh,,0
1742584761705,cbs,1,11,jaber1,1403997279,1403997279,22,22,485,44205,710339,8.945,0.206,EqLtZVw76zWqYh0xXFgWavgRGXep41Vh,,0
1742584761906,cbs,1,11,jaber1,1403997279,1403997279,10,10,485,38387,471357,8.651,0.206,EqLtZVw76zWqYh0xXFgWavgRGXep41Vh,,0
1742584762106,cbs,1,11,jaber1,1403997279,1403997279,10,10,485,20934,659964,8.470,0.206,EqLtZVw76zWqYh0xXFgWavgRGXep41Vh,,0
1742584762306,cbs,1,11,jaber1,1403997279,1403997279,10,5,485,20105,714357,8.358,0.206,EqLtZVw76zWqYh0xXFgWavgRGXep41Vh,,0
1742584762506,cbs,1,11,jaber1,1403997279,1403997279,16,16,485,35270,601901,10.029,0.206,EqLtZVw76zWqYh0xXFgWavgRGXep41Vh,,0
1742584762706,cbs,1,11,jaber1,1403997279,1403997279,16,16,485,51018,316494,9.837,0.206,EqLtZVw76zWqYh0xXFgWavgRGXep41Vh,,0
1742584762907,cbs,1,11,jaber1,1403997279,1403997279,12,8,485,16368,713854,9.694,0.206,EqLtZVw76zWqYh0xXFgWavgRGXep41Vh,,0
1742584763107,cbs,1,11,jaber1,1403997279,1403997279,12,12,485,37947,351019,9.471,0.206,EqLtZVw76zWqYh0xXFgWavgRGXep41Vh,,0
1742584763307,cbs,1,11,jaber1,1403997279,1403997279,10,10,485,27430,661277,9.282,0.206,EqLtZVw76zWqYh0xXFgWavgRGXep41Vh,,0
1742584763507,cbs,1,11,jaber1,1403997279,1403997279,20,20,302,44851,130151,9.219,0.206,EqLtZVw76zWqYh0xXFgWavgRGXep41Vh,,0
1742584763707,cbs,1,11,jaber1,1403997279,1403997279,22,20,302,37668,627105,10.913,0.206,EqLtZVw76zWqYh0xXFgWavgRGXep41Vh,,0
1742584763907,cbs,1,11,jaber1,1403997279,1403997279,22,22,302,60516,422389,10.724,0.206,EqLtZVw76zWqYh0xXFgWavgRGXep41Vh,,0
1742584764108,cbs,1,11,jaber1,1403997279,1403997279,14,14,302,99893,284635,10.474,0.206,EqLtZVw76zWqYh0xXFgWavgRGXep41Vh,,0
1742584764308,cbs,1,11,jaber1,1403997279,1403997279,12,12,302,82366,193528,10.474,0.206,EqLtZVw76zWqYh0xXFgWavgRGXep41Vh,,0
1742584764508,cbs,1,11,jaber1,1403997279,1403997279,12,12,302,48534,159796,10.134,0.206,EqLtZVw76zWqYh0xXFgWavgRGXep41Vh,,0
1742584764708,cbs,1,11,jaber1,1403997279,1403997279,14,12,302,28075,679746,9.923,0.206,EqLtZVw76zWqYh0xXFgWavgRGXep41Vh,,0
1742584764908,cbs,1,11,jaber1,1403997279,1403997279,14,14,302,58308,267547,9.680,0.206,EqLtZVw76zWqYh0xXFgWavgRGXep41Vh,,0
1742584765108,cbs,1,11,jaber1,1403997279,1403997279,14,14,302,51546,390518,9.505,0.206,EqLtZVw76zWqYh0xXFgWavgRGXep41Vh,,0
1742584765309,cbs,1,11,jaber1,1403997279,1403997279,12,10,302,30089,697099,11.362,0.206,EqLtZVw76zWqYh0xXFgWavgRGXep41Vh,,0
1742584765509,cbs,1,11,jaber1,1403997279,1403997279,12,12,302,57347,211377,11.068,0.206,EqLtZVw76zWqYh0xXFgWavgRGXep41Vh,,0
1742584765709,cbs,1,11,jaber1,1403997279,1403997279,10,10,302,27129,545781,10.859,0.206,EqLtZVw76zWqYh0xXFgWavgRGXep41Vh,,0
1742584765909,cbs,1,11,jaber1,1403997279,1403997279,10,10,302,28626,450344,10.698,0.206,EqLtZVw76zWqYh0xXFgWavgRGXep41Vh,,0
1742584766109,cbs,1,11,jaber1,1403997279,1403997279,14,10,302,23291,589289,10.503,0.206,EqLtZVw76zWqYh0xXFgWavgRGXep41Vh,,0
1742584766310,cbs,1,11,jaber1,1403997279,1403997279,12,11,302,33483,476121,10.245,0.206,EqLtZVw76zWqYh0xXFgWavgRGXep41Vh,,0
1742584766510,cbs,1,11,jaber1,1403997279,1403997279,14,14,302,22117,564640,10.166,0.206,EqLtZVw76zWqYh0xXFgWavgRGXep41Vh,,0
1742584766710,cbs,1,11,jaber1,1403997279,1403997279,14,10,302,24185,713495,9.875,0.206,EqLtZVw76zWqYh0xXFgWavgRGXep41Vh,,0
1742584766910,cbs,1,11,jaber1,1403997279,1403997279,16,12,302,25303,715954,9.725,0.206,EqLtZVw76zWqYh0xXFgWavgRGXep41Vh,,0
1742584767110,cbs,1,11,jaber1,1403997279,1403997279,10,10,302,20754,532748,11.461,0.206,EqLtZVw76zWqYh0xXFgWavgRGXep41Vh,,0
1742584767310,cbs,1,11,jaber1,1403997279,1403997279,10,10,302,28898,367950,11.245,0.206,EqLtZVw76zWqYh0xXFgWavgRGXep41Vh,,0
1742584767511,cbs,1,11,jaber1,1403997279,1403997279,12,12,302,20444,709141,11.142,0.206,EqLtZVw76zWqYh0xXFgWavgRGXep41Vh,,0
1742584767711,cbs,1,11,jaber1,1403997279,1403997279,12,12,302,21125,620759,10.849,0.206,EqLtZVw76zWqYh0xXFgWavgRGXep41Vh,,0
1742584767911,cbs,1,11,jaber1,1403997279,1403997279,14,10,302,22028,524447,10.694,0.206,EqLtZVw76zWqYh0xXFgWavgRGXep41Vh,,0
1742584768111,cbs,1,11,jaber1,1403997279,1403997279,16,16,302,32575,673492,12.501,0.206,EqLtZVw76zWqYh0xXFgWavgRGXep41Vh,,0
1742584768311,cbs,1,11,jaber1,1403997279,1403997279,16,16,302,34563,693568,12.250,0.206,EqLtZVw76zWqYh0xXFgWavgRGXep41Vh,,0
1742584768512,cbs,1,11,jaber1,1403997279,1403997279,10,10,302,22419,685752,12.053,0.206,EqLtZVw76zWqYh0xXFgWavgRGXep41Vh,,0
1742584768712,cbs,1,11,jaber1,1403997279,1403997279,24,10,302,24005,316775,11.919,0.206,EqLtZVw76zWqYh0xXFgWavgRGXep41Vh,,0
1742584768912,cbs,1,11,jaber1,1403997279,1403997279,22,18,302,31345,712818,11.747,0.206,EqLtZVw76zWqYh0xXFgWavgRGXep41Vh,,0
1742584769112,cbs,1,11,jaber1,1403997279,1403997279,22,22,302,53424,558191,13.513,0.206,EqLtZVw76zWqYh0xXFgWavgRGXep41Vh,,0
1742584769312,cbs,1,11,jaber1,1403997279,1403997279,14,14,302,36290,502175,13.252,0.206,EqLtZVw76zWqYh0xXFgWavgRGXep41Vh,,0
1742584769512,cbs,1,11,jaber1,1403997279,1403997279,10,10,302,21984,706175,13.155,0.206,EqLtZVw76zWqYh0xXFgWavgRGXep41Vh,,0
1742584769713,cbs,1,11,jaber1,1403997279,1403997279,14,13,302,23070,688041,12.847,0.206,EqLtZVw76zWqYh0xXFgWavgRGXep41Vh,,0
1742584769913,cbs,1,11,jaber1,1403997279,1403997279,16,16,302,24525,688293,12.718,0.206,EqLtZVw76zWqYh0xXFgWavgRGXep41Vh,,0
1742584770113,cbs,1,11,jaber1,1403997279,1403997279,14,14,302,35505,595845,14.506,0.206,EqLtZVw76zWqYh0xXFgWavgRGXep41Vh,,0
1742584770313,cbs,1,11,jaber1,1403997279,1403997279,16,16,302,34075,714605,14.254,0.206,EqLtZVw76zWqYh0xXFgWavgRGXep41Vh,,0
1742584770514,cbs,1,11,jaber1,1403997279,1403997279,12,12,302,56340,150003,14.254,0.206,EqLtZVw76zWqYh0xXFgWavgRGXep41Vh,,0
1742584770714,cbs,1,11,jaber1,1403997279,1403997279,12,12,302,75275,219425,13.934,0.206,EqLtZVw76zWqYh0xXFgWavgRGXep41Vh,,0
1742584770914,cbs,1,11,jaber1,1403997279,1403997279,18,18,302,85627,301146,13.753,0.206,EqLtZVw76zWqYh0xXFgWavgRGXep41Vh,,0
1742584771114,cbs,1,11,jaber1,1403997279,1403997279,18,18,302,99384,263481,13.502,0.206,EqLtZVw76zWqYh0xXFgWavgRGXep41Vh,,0
1742584771314,cbs,1,11,jaber1,1403997279,1403997279,18,18,302,103124,244865,13.251,0.206,EqLtZVw76zWqYh0xXFgWavgRGXep41Vh,,0
1742584771515,cbs,1,11,jaber1,1403997279,1403997279,18,14,302,101190,227558,13.102,0.206,EqLtZVw76zWqYh0xXFgWavgRGXep41Vh,,0
1742584771715,cbs,1,11,jaber1,1403997279,1403997279,16,16,302,99133,211403,13.010,0.206,EqLtZVw76zWqYh0xXFgWavgRGXep41Vh,,0
1742584771915,cbs,1,11,jaber1,1403997279,1403997279,16,12,302,81264,339518,14.707,0.206,EqLtZVw76zWqYh0xXFgWavgRGXep41Vh,,0
1742584772115,cbs,1,11,jaber1,1403997279,1403997279,22,14,302,33244,378963,14.514,0.206,EqLtZVw76zWqYh0xXFgWavgRGXep41Vh,,0
1742584772315,cbs,1,11,jaber1,1403997279,1403997279,22,22,302,68043,274441,14.253,0.206,EqLtZVw76zWqYh0xXFgWavgRGXep41Vh,,0
1742584772516,cbs,1,11,jaber1,1403997279,1403997279,22,22,302,105973,278021,14.253,0.206,EqLtZVw76zWqYh0xXFgWavgRGXep41Vh,,0
1742584772716,cbs,1,11,jaber1,1403997279,1403997279,20,18,302,51332,374513,14.016,0.206,EqLtZVw76zWqYh0xXFgWavgRGXep41Vh,,0
1742584772916,cbs,1,11,jaber1,1403997279,1403997279,10,10,302,31005,319713,13.660,0.206,EqLtZVw76zWqYh0xXFgWavgRGXep41Vh,,0
1742584773116,cbs,1,11,jaber1,1403997279,1403997279,10,10,302,21305,708716,13.446,0.206,EqLtZVw76zWqYh0xXFgWavgRGXep41Vh,,0
1742584773316,cbs,1,11,jaber1,1403997279,1403997279,10,10,302,21370,700835,15.258,0.206,EqLtZVw76zWqYh0xXFgWavgRGXep41Vh,,0
1742584773517,cbs,1,11,jaber1,1403997279,1403997279,4,4,302,47388,210323,15.258,0.206,EqLtZVw76zWqYh0xXFgWavgRGXep41Vh,,0
1742584773717,cbs,1,11,jaber1,1403997279,1403997279,4,0,302,43294,210323,15.020,0.206,EqLtZVw76zWqYh0xXFgWavgRGXep41Vh,,0
1742584773917,cbs,1,11,jaber1,1403997279,1403997279,14,14,302,29407,631565,14.751,0.206,EqLtZVw76zWqYh0xXFgWavgRGXep41Vh,,0
1742584774117,cbs,1,11,jaber1,1403997279,1403997279,10,10,302,24466,703343,14.510,0.206,EqLtZVw76zWqYh0xXFgWavgRGXep41Vh,,0
1742584774317,cbs,1,11,jaber1,1403997279,1403997279,14,8,302,21469,716786,14.258,0.206,EqLtZVw76zWqYh0xXFgWavgRGXep41Vh,,0
1742584774518,cbs,1,11,jaber1,1403997279,1403997279,12,12,302,23674,713407,14.145,0.206,EqLtZVw76zWqYh0xXFgWavgRGXep41Vh,,0
1742584774718,cbs,1,11,jaber1,1403997279,1403997279,12,0,302,21035,560007,15.872,0.206,EqLtZVw76zWqYh0xXFgWavgRGXep41Vh,,0
1742584774918,cbs,1,11,jaber1,1403997279,1403997279,12,0,302,21035,560007,15.753,0.206,EqLtZVw76zWqYh0xXFgWavgRGXep41Vh,,0
1742584775118,cbs,1,11,jaber1,1403997279,1403997279,12,0,302,21035,560007,15.507,0.206,EqLtZVw76zWqYh0xXFgWavgRGXep41Vh,,0
1742584775318,cbs,1,11,jaber1,1403997279,1403997279,12,0,302,21035,560007,15.257,0.206,EqLtZVw76zWqYh0xXFgWavgRGXep41Vh,,0
1742584775518,cbs,1,11,jaber1,1403997279,1403997279,12,0,302,21035,560007,15.257,0.206,EqLtZVw76zWqYh0xXFgWavgRGXep41Vh,,0
1742584775719,cbs,1,11,jaber1,1403997279,1403997279,12,0,302,21035,560007,15.011,0.206,EqLtZVw76zWqYh0xXFgWavgRGXep41Vh,,0
1742584775919,cbs,1,11,jaber1,1403997279,1403997279,14,13,302,28575,587057,14.755,0.206,EqLtZVw76zWqYh0xXFgWavgRGXep41Vh,,0
1742584776119,cbs,1,11,jaber1,1403997279,1403997279,16,16,302,75165,227891,14.510,0.206,EqLtZVw76zWqYh0xXFgWavgRGXep41Vh,,0
1742584776319,cbs,1,11,jaber1,1403997279,1403997279,12,12,302,92632,189470,14.259,0.206,EqLtZVw76zWqYh0xXFgWavgRGXep41Vh,,0
1742584776519,cbs,1,11,jaber1,1403997279,1403997279,10,10,302,25102,660610,14.110,0.206,EqLtZVw76zWqYh0xXFgWavgRGXep41Vh,,0
1742584776719,cbs,1,11,jaber1,1403997279,1403997279,10,10,302,21784,578846,13.964,0.206,EqLtZVw76zWqYh0xXFgWavgRGXep41Vh,,0
1742584776920,cbs,1,11,jaber1,1403997279,1403997279,10,10,302,21766,709141,13.749,0.206,EqLtZVw76zWqYh0xXFgWavgRGXep41Vh,,0
1742584777120,cbs,1,11,jaber1,1403997279,1403997279,18,0,302,24397,697119,15.501,0.206,EqLtZVw76zWqYh0xXFgWavgRGXep41Vh,,0
1742584777320,cbs,1,11,jaber1,1403997279,1403997279,24,3,302,17873,7161616,15.279,0.206,EqLtZVw76zWqYh0xXFgWavgRGXep41Vh,,0
1742584777520,cbs,1,11,jaber1,1403997279,1403997279,30,0,302,44717,664268,15.177,0.206,EqLtZVw76zWqYh0xXFgWavgRGXep41Vh,,0
1742584777720,cbs,1,11,jaber1,1403997279,1403997279,30,0,302,44717,664268,15.056,0.206,EqLtZVw76zWqYh0xXFgWavgRGXep41Vh,,0
1742584777921,cbs,1,11,jaber1,1403997279,1403997279,30,0,302,44717,664268,14.795,0.206,EqLtZVw76zWqYh0xXFgWavgRGXep41Vh,,0
1742584778121,cbs,1,11,jaber1,1403997279,1403997279,22,22,302,53784,587905,14.509,0.206,EqLtZVw76zWqYh0xXFgWavgRGXep41Vh,,0
1742584778321,cbs,1,11,jaber1,1403997279,1403997279,24,24,302,101225,295375,14.509,0.206,EqLtZVw76zWqYh0xXFgWavgRGXep41Vh,,0
1742584778521,cbs,1,11,jaber1,1403997279,1403997279,18,18,302,41767,439442,14.213,0.206,EqLtZVw76zWqYh0xXFgWavgRGXep41Vh,,0
1742584778721,cbs,1,11,jaber1,1403997279,1403997279,16,16,302,36296,653714,13.943,0.206,EqLtZVw76zWqYh0xXFgWavgRGXep41Vh,,0
1742584778921,cbs,1,11,jaber1,1403997279,1403997279,12,12,302,24364,653215,13.785,0.206,EqLtZVw76zWqYh0xXFgWavgRGXep41Vh,,0
1742584779122,cbs,1,11,jaber1,1403997279,1403997279,10,10,302,20423,699901,13.583,0.206,EqLtZVw76zWqYh0xXFgWavgRGXep41Vh,,0
1742584779322,cbs,1,11,jaber1,1403997279,1403997279,10,0,302,21022,703024,15.321,0.206,EqLtZVw76zWqYh0xXFgWavgRGXep41Vh,,0
1742584779522,cbs,1,11,jaber1,1403997279,1403997279,10,0,302,21022,703024,15.321,0.206,EqLtZVw76zWqYh0xXFgWavgRGXep41Vh,,0
1742584779722,cbs,1,11,jaber1,1403997279,1403997279,10,0,302,21022,703024,15.075,0.206,EqLtZVw76zWqYh0xXFgWavgRGXep41Vh,,0
1742584779922,cbs,1,11,jaber1,1403997279,1403997279,16,16,302,28236,712115,14.817,0.206,EqLtZVw76zWqYh0xXFgWavgRGXep41Vh,,0
1742584780123,cbs,1,11,jaber1,1403997279,1403997279,14,14,302,30695,622417,14.575,0.206,EqLtZVw76zWqYh0xXFgWavgRGXep41Vh,,0
1742584780323,cbs,1,11,jaber1,1403997279,1403997279,10,10,302,21415,706773,14.323,0.206,EqLtZVw76zWqYh0xXFgWavgRGXep41Vh,,0
1742584780523,cbs,1,11,jaber1,1403997279,1403997279,10,10,302,20060,678306,14.197,0.206,EqLtZVw76zWqYh0xXFgWavgRGXep41Vh,,0
1742584780723,cbs,1,11,jaber1,1403997279,1403997279,10,10,302,20609,710029,14.067,0.206,EqLtZVw76zWqYh0xXFgWavgRGXep41Vh,,0
1742584780923,cbs,1,11,jaber1,1403997279,1403997279,22,1,302,26040,830210,13.844,0.206,EqLtZVw76zWqYh0xXFgWavgRGXep41Vh,,0
1742584781123,cbs,1,11,jaber1,1403997279,1403997279,22,0,302,27997,589531,15.597,0.206,EqLtZVw76zWqYh0xXFgWavgRGXep41Vh,,0
1742584781324,cbs,1,11,jaber1,1403997279,1403997279,22,0,302,27997,589531,15.343,0.206,EqLtZVw76zWqYh0xXFgWavgRGXep41Vh,,0
1742584781524,cbs,1,11,jaber1,1403997279,1403997279,22,0,302,27997,589531,15.343,0.206,EqLtZVw76zWqYh0xXFgWavgRGXep41Vh,,0
1742584781724,cbs,1,11,jaber1,1403997279,1403997279,22,0,302,27997,589531,15.096,0.206,EqLtZVw76zWqYh0xXFgWavgRGXep41Vh,,0
1742584781924,cbs,1,11,jaber1,1403997279,1403997279,24,24,302,40066,716432,14.840,0.206,EqLtZVw76zWqYh0xXFgWavgRGXep41Vh,,0
1742584782124,cbs,1,11,jaber1,1403997279,1403997279,14,14,302,32787,608957,14.599,0.206,EqLtZVw76zWqYh0xXFgWavgRGXep41Vh,,0
1742584782325,cbs,1,11,jaber1,1403997279,1403997279,10,10,302,22918,621657,14.346,0.206,EqLtZVw76zWqYh0xXFgWavgRGXep41Vh,,0
1742584782525,cbs,1,11,jaber1,1403997279,1403997279,12,12,302,25329,680612,14.216,0.206,EqLtZVw76zWqYh0xXFgWavgRGXep41Vh,,0
1742584782725,cbs,1,11,jaber1,1403997279,1403997279,10,10,302,20755,694485,14.073,0.206,EqLtZVw76zWqYh0xXFgWavgRGXep41Vh,,0
1742584782925,cbs,1,11,jaber1,1403997279,1403997279,10,10,302,27378,277511,15.815,0.206,EqLtZVw76zWqYh0xXFgWavgRGXep41Vh,,0
1742584783125,cbs,1,11,jaber1,1403997279,1403997279,10,0,302,31416,486467,15.615,0.206,EqLtZVw76zWqYh0xXFgWavgRGXep41Vh,,0
1742584783325,cbs,1,11,jaber1,1403997279,1403997279,10,0,302,31416,486467,15.365,0.206,EqLtZVw76zWqYh0xXFgWavgRGXep41Vh,,0
1742584783526,cbs,1,11,jaber1,1403997279,1403997279,10,0,302,31416,486467,15.365,0.206,EqLtZVw76zWqYh0xXFgWavgRGXep41Vh,,0
1742584783726,cbs,1,11,jaber1,1403997279,1403997279,10,0,302,31416,486467,15.123,0.206,EqLtZVw76zWqYh0xXFgWavgRGXep41Vh,,0
1742584783926,cbs,1,11,jaber1,1403997279,1403997279,12,12,302,20549,702476,14.861,0.206,EqLtZVw76zWqYh0xXFgWavgRGXep41Vh,,0
1742584784126,cbs,1,11,jaber1,1403997279,1403997279,14,14,302,24912,709532,14.619,0.206,EqLtZVw76zWqYh0xXFgWavgRGXep41Vh,,0
1742584784326,cbs,1,11,jaber1,1403997279,1403997279,10,10,302,21494,637124,14.367,0.206,EqLtZVw76zWqYh0xXFgWavgRGXep41Vh,,0
1742584784527,cbs,1,11,jaber1,1403997279,1403997279,10,10,302,20859,655146,14.201,0.206,EqLtZVw76zWqYh0xXFgWavgRGXep41Vh,,0
1742584784727,cbs,1,11,jaber1,1403997279,1403997279,16,16,302,29345,537252,14.074,0.206,EqLtZVw76zWqYh0xXFgWavgRGXep41Vh,,0
1742584784927,cbs,1,11,jaber1,1403997279,1403997279,18,0,302,33588,411576,15.858,0.206,EqLtZVw76zWqYh0xXFgWavgRGXep41Vh,,0
1742584785127,cbs,1,11,jaber1,1403997279,1403997279,18,0,302,33588,411576,15.638,0.206,EqLtZVw76zWqYh0xXFgWavgRGXep41Vh,,0
1742584785327,cbs,1,11,jaber1,1403997279,1403997279,18,0,302,33588,411576,15.388,0.206,EqLtZVw76zWqYh0xXFgWavgRGXep41Vh,,0
1742584785527,cbs,1,11,jaber1,1403997279,1403997279,18,0,302,33588,411576,15.388,0.206,EqLtZVw76zWqYh0xXFgWavgRGXep41Vh,,0
1742584785728,cbs,1,11,jaber1,1403997279,1403997279,18,0,302,33588,411576,15.142,0.206,EqLtZVw76zWqYh0xXFgWavgRGXep41Vh,,0
1742584785928,cbs,1,11,jaber1,1403997279,1403997279,20,20,302,36197,709080,14.883,0.206,EqLtZVw76zWqYh0xXFgWavgRGXep41Vh,,0
1742584786128,cbs,1,11,jaber1,1403997279,1403997279,20,20,302,30514,421280,14.642,0.206,EqLtZVw76zWqYh0xXFgWavgRGXep41Vh,,0
1742584786328,cbs,1,11,jaber1,1403997279,1403997279,16,16,302,33220,682058,14.390,0.206,EqLtZVw76zWqYh0xXFgWavgRGXep41Vh,,0
1742584786528,cbs,1,11,jaber1,1403997279,1403997279,10,10,302,48201,325236,14.390,0.206,EqLtZVw76zWqYh0xXFgWavgRGXep41Vh,,0
1742584786728,cbs,1,11,jaber1,1403997279,1403997279,10,10,302,20243,700800,14.037,0.206,EqLtZVw76zWqYh0xXFgWavgRGXep41Vh,,0
1742584786929,cbs,1,11,jaber1,1403997279,1403997279,10,0,302,20613,701980,15.906,0.206,EqLtZVw76zWqYh0xXFgWavgRGXep41Vh,,0
1742584787129,cbs,1,11,jaber1,1403997279,1403997279,10,10,302,25953,353333,15.663,0.206,EqLtZVw76zWqYh0xXFgWavgRGXep41Vh,,0
1742584787329,cbs,1,11,jaber1,1403997279,1403997279,18,0,302,25280,367452,15.409,0.206,EqLtZVw76zWqYh0xXFgWavgRGXep41Vh,,0
1742584787529,cbs,1,11,jaber1,1403997279,1403997279,18,0,302,25280,367452,15.409,0.206,EqLtZVw76zWqYh0xXFgWavgRGXep41Vh,,0
1742584787729,cbs,1,11,jaber1,1403997279,1403997279,18,0,302,25280,367452,15.163,0.206,EqLtZVw76zWqYh0xXFgWavgRGXep41Vh,,0
1742584787929,cbs,1,11,jaber1,1403997279,1403997279,18,18,302,32971,688906,14.906,0.206,EqLtZVw76zWqYh0xXFgWavgRGXep41Vh,,0
1742584788129,cbs,1,11,jaber1,1403997279,1403997279,12,12,302,38445,691859,14.667,0.206,EqLtZVw76zWqYh0xXFgWavgRGXep41Vh,,0
1742584788330,cbs,1,11,jaber1,1403997279,1403997279,10,10,302,20697,570853,14.412,0.206,EqLtZVw76zWqYh0xXFgWavgRGXep41Vh,,0
1742584788530,cbs,1,11,jaber1,1403997279,1403997279,14,12,302,24170,627850,14.282,0.206,EqLtZVw76zWqYh0xXFgWavgRGXep41Vh,,0
1742584788730,cbs,1,11,jaber1,1403997279,1403997279,20,0,302,25448,546698,16.038,0.206,EqLtZVw76zWqYh0xXFgWavgRGXep41Vh,,0
1742584788930,cbs,1,11,jaber1,1403997279,1403997279,20,0,302,25448,546698,15.927,0.206,EqLtZVw76zWqYh0xXFgWavgRGXep41Vh,,0
1742584789130,cbs,1,11,jaber1,1403997279,1403997279,20,0,302,25448,546698,15.680,0.206,EqLtZVw76zWqYh0xXFgWavgRGXep41Vh,,0
1742584789330,cbs,1,11,jaber1,1403997279,1403997279,20,0,302,25448,546698,15.432,0.206,EqLtZVw76zWqYh0xXFgWavgRGXep41Vh,,0
1742584789531,cbs,1,11,jaber1,1403997279,1403997279,20,0,302,25448,546698,15.432,0.206,EqLtZVw76zWqYh0xXFgWavgRGXep41Vh,,0
1742584789731,cbs,1,11,jaber1,1403997279,1403997279,20,0,302,25448,546698,15.187,0.206,EqLtZVw76zWqYh0xXFgWavgRGXep41Vh,,0
1742584789931,cbs,1,11,jaber1,1403997279,1403997279,20,20,302,25448,546698,14.927,0.206,EqLtZVw76zWqYh0xXFgWavgRGXep41Vh,,0
1742584790131,cbs,1,11,jaber1,1403997279,1403997279,20,20,302,85200,265081,14.680,0.206,EqLtZVw76zWqYh0xXFgWavgRGXep41Vh,,0
1742584790331,cbs,1,11,jaber1,1403997279,1403997279,20,20,302,111654,224776,14.432,0.206,EqLtZVw76zWqYh0xXFgWavgRGXep41Vh,,0
1742584790532,cbs,1,11,jaber1,1403997279,1403997279,10,17,302,108760,263470,14.432,0.206,EqLtZVw76zWqYh0xXFgWavgRGXep41Vh,,0
1742584790732,cbs,1,11,jaber1,1403997279,1403997279,10,10,302,98495,145896,14.115,0.206,EqLtZVw76zWqYh0xXFgWavgRGXep41Vh,,0
1742584790932,cbs,1,11,jaber1,1403997279,1403997279,16,13,302,91256,184363,13.953,0.206,EqLtZVw76zWqYh0xXFgWavgRGXep41Vh,,0
1742584791132,cbs,1,11,jaber1,1403997279,1403997279,20,18,302,88779,246651,13.702,0.206,EqLtZVw76zWqYh0xXFgWavgRGXep41Vh,,0
1742584791332,cbs,1,11,jaber1,1403997279,1403997279,20,14,302,93400,256243,13.453,0.206,EqLtZVw76zWqYh0xXFgWavgRGXep41Vh,,0
1742584791533,cbs,1,11,jaber1,1403997279,1403997279,20,18,302,97502,262262,13.453,0.206,EqLtZVw76zWqYh0xXFgWavgRGXep41Vh,,0
1742584791733,cbs,1,11,jaber1,1403997279,1403997279,22,17,302,81207,207662,13.185,0.206,EqLtZVw76zWqYh0xXFgWavgRGXep41Vh,,0
1742584791933,cbs,1,11,jaber1,1403997279,1403997279,22,20,302,98266,243097,12.947,0.206,EqLtZVw76zWqYh0xXFgWavgRGXep41Vh,,0
1742584792133,cbs,1,11,jaber1,1403997279,1403997279,22,21,302,106027,198382,12.714,0.206,EqLtZVw76zWqYh0xXFgWavgRGXep41Vh,,0
1742584792333,cbs,1,11,jaber1,1403997279,1403997279,23,23,302,108546,269418,12.451,0.206,EqLtZVw76zWqYh0xXFgWavgRGXep41Vh,,0
1742584792534,cbs,1,11,jaber1,1403997279,1403997279,22,22,302,119210,277026,14.391,0.206,EqLtZVw76zWqYh0xXFgWavgRGXep41Vh,,0
1742584792734,cbs,1,11,jaber1,1403997279,1403997279,22,16,302,140045,213413,14.084,0.206,EqLtZVw76zWqYh0xXFgWavgRGXep41Vh,,0
1742584792934,cbs,1,11,jaber1,1403997279,1403997279,22,10,302,122089,204501,13.949,0.206,EqLtZVw76zWqYh0xXFgWavgRGXep41Vh,,0
1742584793134,cbs,1,11,jaber1,1403997279,1403997279,22,22,302,121005,158980,13.707,0.206,EqLtZVw76zWqYh0xXFgWavgRGXep41Vh,,0
1742584793334,cbs,1,11,jaber1,1403997279,1403997279,22,18,302,118238,292258,13.453,0.206,EqLtZVw76zWqYh0xXFgWavgRGXep41Vh,,0
1742584793534,cbs,1,11,jaber1,1403997279,1403997279,22,18,302,109515,246145,13.453,0.206,EqLtZVw76zWqYh0xXFgWavgRGXep41Vh,,0
1742584793735,cbs,1,11,jaber1,1403997279,1403997279,23,23,302,123888,186339,13.121,0.206,EqLtZVw76zWqYh0xXFgWavgRGXep41Vh,,0
1742584793935,cbs,1,11,jaber1,1403997279,1403997279,22,17,302,116172,278118,12.950,0.206,EqLtZVw76zWqYh0xXFgWavgRGXep41Vh,,0
1742584794135,cbs,1,11,jaber1,1403997279,1403997279,22,22,302,108997,293695,12.696,0.206,EqLtZVw76zWqYh0xXFgWavgRGXep41Vh,,0
1742584794335,cbs,1,11,jaber1,1403997279,1403997279,22,21,302,127828,158071,12.453,0.206,EqLtZVw76zWqYh0xXFgWavgRGXep41Vh,,0
1742584794535,cbs,1,11,jaber1,1403997279,1403997279,22,6,302,118394,211866,12.270,0.206,EqLtZVw76zWqYh0xXFgWavgRGXep41Vh,,0
1742584794736,cbs,1,11,jaber1,1403997279,1403997279,24,20,302,113108,263919,14.192,0.206,EqLtZVw76zWqYh0xXFgWavgRGXep41Vh,,0
1742584794936,cbs,1,11,jaber1,1403997279,1403997279,24,20,302,100184,254779,13.951,0.206,EqLtZVw76zWqYh0xXFgWavgRGXep41Vh,,0
1742584795136,cbs,1,11,jaber1,1403997279,1403997279,22,19,302,107375,203432,13.707,0.206,EqLtZVw76zWqYh0xXFgWavgRGXep41Vh,,0
1742584795336,cbs,1,11,jaber1,1403997279,1403997279,22,20,302,108686,280428,13.455,0.206,EqLtZVw76zWqYh0xXFgWavgRGXep41Vh,,0
1742584795536,cbs,1,11,jaber1,1403997279,1403997279,22,18,302,107656,281110,13.455,0.206,EqLtZVw76zWqYh0xXFgWavgRGXep41Vh,,0
1742584795736,cbs,1,11,jaber1,1403997279,1403997279,24,23,302,105259,223342,13.208,0.206,EqLtZVw76zWqYh0xXFgWavgRGXep41Vh,,0
1742584795937,cbs,1,11,jaber1,1403997279,1403997279,24,21,302,118487,274154,12.953,0.206,EqLtZVw76zWqYh0xXFgWavgRGXep41Vh,,0
1742584796137,cbs,1,11,jaber1,1403997279,1403997279,24,24,302,131664,264241,12.713,0.206,EqLtZVw76zWqYh0xXFgWavgRGXep41Vh,,0
1742584796337,cbs,1,11,jaber1,1403997279,1403997279,24,24,302,125025,308343,12.455,0.206,EqLtZVw76zWqYh0xXFgWavgRGXep41Vh,,0
1742584796537,cbs,1,11,jaber1,1403997279,1403997279,20,19,302,122022,309861,12.397,0.206,EqLtZVw76zWqYh0xXFgWavgRGXep41Vh,,0
1742584796738,cbs,1,11,jaber1,1403997279,1403997279,22,16,302,110045,154356,14.107,0.206,EqLtZVw76zWqYh0xXFgWavgRGXep41Vh,,0
1742584796938,cbs,1,11,jaber1,1403997279,1403997279,20,14,302,101755,206802,13.973,0.206,EqLtZVw76zWqYh0xXFgWavgRGXep41Vh,,0
1742584797138,cbs,1,11,jaber1,1403997279,1403997279,20,14,302,100445,206621,13.726,0.206,EqLtZVw76zWqYh0xXFgWavgRGXep41Vh,,0
1742584797338,cbs,1,11,jaber1,1403997279,1403997279,20,19,302,103453,264005,13.652,0.206,EqLtZVw76zWqYh0xXFgWavgRGXep41Vh,,0
1742584797539,cbs,1,11,jaber1,1403997279,1403997279,24,21,302,92927,203285,13.477,0.206,EqLtZVw76zWqYh0xXFgWavgRGXep41Vh,,0
1742584797739,cbs,1,11,jaber1,1403997279,1403997279,24,24,302,117220,101621,13.230,0.206,EqLtZVw76zWqYh0xXFgWavgRGXep41Vh,,0
1742584797939,cbs,1,11,jaber1,1403997279,1403997279,4,4,302,126207,201093,12.973,0.206,EqLtZVw76zWqYh0xXFgWavgRGXep41Vh,,0
1742584798139,cbs,1,11,jaber1,1403997279,1403997279,30,14,302,98349,201093,12.679,0.206,EqLtZVw76zWqYh0xXFgWavgRGXep41Vh,,0
1742584798339,cbs,1,11,jaber1,1403997279,1403997279,48,15,302,93806,309523,12.479,0.206,EqLtZVw76zWqYh0xXFgWavgRGXep41Vh,,0
1742584798540,cbs,1,11,jaber1,1403997279,1403997279,52,48,302,100642,351594,12.335,0.206,EqLtZVw76zWqYh0xXFgWavgRGXep41Vh,,0
1742584798740,cbs,1,11,jaber1,1403997279,1403997279,50,38,302,157430,293869,12.231,0.206,EqLtZVw76zWqYh0xXFgWavgRGXep41Vh,,0
1742584798940,cbs,1,11,jaber1,1403997279,1403997279,50,50,302,195107,314546,13.926,0.206,EqLtZVw76zWqYh0xXFgWavgRGXep41Vh,,0
1742584799140,cbs,1,11,jaber1,1403997279,1403997279,54,44,302,217995,223084,13.749,0.206,EqLtZVw76zWqYh0xXFgWavgRGXep41Vh,,0
1742584799341,cbs,1,11,jaber1,1403997279,1403997279,52,52,302,231210,316731,13.499,0.206,EqLtZVw76zWqYh0xXFgWavgRGXep41Vh,,0
1742584799541,cbs,1,11,jaber1,1403997279,1403997279,52,52,302,226257,321463,13.499,0.206,EqLtZVw76zWqYh0xXFgWavgRGXep41Vh,,0
1742584799741,cbs,1,11,jaber1,1403997279,1403997279,52,44,302,248349,295765,13.253,0.206,EqLtZVw76zWqYh0xXFgWavgRGXep41Vh,,0
1742584799941,cbs,1,11,jaber1,1403997279,1403997279,52,52,302,259825,301252,12.902,0.206,EqLtZVw76zWqYh0xXFgWavgRGXep41Vh,,0
1742584800141,cbs,1,11,jaber1,1403997279,1403997279,52,40,302,287101,273152,12.747,0.206,EqLtZVw76zWqYh0xXFgWavgRGXep41Vh,,0
1742584800342,cbs,1,11,jaber1,1403997279,1403997279,52,52,302,233958,239098,12.502,0.206,EqLtZVw76zWqYh0xXFgWavgRGXep41Vh,,0
1742584800542,cbs,1,11,jaber1,1403997279,1403997279,52,46,302,277272,234679,12.502,0.206,EqLtZVw76zWqYh0xXFgWavgRGXep41Vh,,0
1742584800742,cbs,1,11,jaber1,1403997279,1403997279,52,52,302,261930,254264,12.092,0.206,EqLtZVw76zWqYh0xXFgWavgRGXep41Vh,,0
1742584800942,cbs,1,11,jaber1,1403997279,1403997279,52,38,302,301025,246244,11.999,0.206,EqLtZVw76zWqYh0xXFgWavgRGXep41Vh,,0
1742584801142,cbs,1,11,jaber1,1403997279,1403997279,52,52,302,289014,236226,11.676,0.206,EqLtZVw76zWqYh0xXFgWavgRGXep41Vh,,0
1742584801343,cbs,1,11,jaber1,1403997279,1403997279,52,46,302,286765,217152,11.501,0.206,EqLtZVw76zWqYh0xXFgWavgRGXep41Vh,,0
1742584801543,cbs,1,11,jaber1,1403997279,1403997279,52,47,302,301600,245490,11.501,0.206,EqLtZVw76zWqYh0xXFgWavgRGXep41Vh,,0
1742584801743,cbs,1,11,jaber1,1403997279,1403997279,52,37,302,310308,209067,11.191,0.206,EqLtZVw76zWqYh0xXFgWavgRGXep41Vh,,0
1742584801943,cbs,1,11,jaber1,1403997279,1403997279,46,9,302,307442,237879,10.995,0.206,EqLtZVw76zWqYh0xXFgWavgRGXep41Vh,,0
1742584802144,cbs,1,11,jaber1,1403997279,1403997279,46,23,302,309370,225698,12.752,0.206,EqLtZVw76zWqYh0xXFgWavgRGXep41Vh,,0
1742584802344,cbs,1,11,jaber1,1403997279,1403997279,46,39,302,226544,225698,12.501,0.206,EqLtZVw76zWqYh0xXFgWavgRGXep41Vh,,0
1742584802544,cbs,1,11,jaber1,1403997279,1403997279,48,48,302,194157,298946,12.501,0.206,EqLtZVw76zWqYh0xXFgWavgRGXep41Vh,,0
1742584802744,cbs,1,11,jaber1,1403997279,1403997279,46,36,302,258898,220607,12.169,0.206,EqLtZVw76zWqYh0xXFgWavgRGXep41Vh,,0
1742584802944,cbs,1,11,jaber1,1403997279,1403997279,42,31,302,243718,243014,11.997,0.206,EqLtZVw76zWqYh0xXFgWavgRGXep41Vh,,0
1742584803145,cbs,1,11,jaber1,1403997279,1403997279,42,42,302,219291,184844,11.752,0.206,EqLtZVw76zWqYh0xXFgWavgRGXep41Vh,,0
1742584803345,cbs,1,11,jaber1,1403997279,1403997279,42,32,302,231903,277570,11.501,0.206,EqLtZVw76zWqYh0xXFgWavgRGXep41Vh,,0
1742584803545,cbs,1,11,jaber1,1403997279,1403997279,42,40,302,233245,227258,11.330,0.206,EqLtZVw76zWqYh0xXFgWavgRGXep41Vh,,0
1742584803745,cbs,1,11,jaber1,1403997279,1403997279,42,39,302,242826,227954,11.255,0.206,EqLtZVw76zWqYh0xXFgWavgRGXep41Vh,,0
1742584803945,cbs,1,11,jaber1,1403997279,1403997279,42,38,302,239540,228640,10.997,0.206,EqLtZVw76zWqYh0xXFgWavgRGXep41Vh,,0
1742584804146,cbs,1,11,jaber1,1403997279,1403997279,42,42,302,252326,227157,10.751,0.206,EqLtZVw76zWqYh0xXFgWavgRGXep41Vh,,0
1742584804346,cbs,1,11,jaber1,1403997279,1403997279,42,42,302,233284,245726,10.501,0.206,EqLtZVw76zWqYh0xXFgWavgRGXep41Vh,,0
1742584804546,cbs,1,11,jaber1,1403997279,1403997279,42,36,302,248368,268357,10.434,0.206,EqLtZVw76zWqYh0xXFgWavgRGXep41Vh,,0
1742584804746,cbs,1,11,jaber1,1403997279,1403997279,46,46,302,245703,232854,10.254,0.206,EqLtZVw76zWqYh0xXFgWavgRGXep41Vh,,0
1742584804947,cbs,1,11,jaber1,1403997279,1403997279,44,38,302,244164,195625,9.875,0.206,EqLtZVw76zWqYh0xXFgWavgRGXep41Vh,,0
1742584805147,cbs,1,11,jaber1,1403997279,1403997279,48,47,302,276474,214261,9.752,0.206,EqLtZVw76zWqYh0xXFgWavgRGXep41Vh,,0
1742584805347,cbs,1,11,jaber1,1403997279,1403997279,44,41,302,260872,212988,11.503,0.206,EqLtZVw76zWqYh0xXFgWavgRGXep41Vh,,0
1742584805547,cbs,1,11,jaber1,1403997279,1403997279,44,36,302,239469,200794,11.503,0.206,EqLtZVw76zWqYh0xXFgWavgRGXep41Vh,,0
1742584805747,cbs,1,11,jaber1,1403997279,1403997279,46,46,302,224380,284954,11.222,0.206,EqLtZVw76zWqYh0xXFgWavgRGXep41Vh,,0
1742584805948,cbs,1,11,jaber1,1403997279,1403997279,46,38,302,226129,284954,10.999,0.206,EqLtZVw76zWqYh0xXFgWavgRGXep41Vh,,0
1742584806148,cbs,1,11,jaber1,1403997279,1403997279,48,45,302,226167,218812,10.740,0.206,EqLtZVw76zWqYh0xXFgWavgRGXep41Vh,,0
1742584806348,cbs,1,11,jaber1,1403997279,1403997279,46,44,302,264631,264493,10.504,0.206,EqLtZVw76zWqYh0xXFgWavgRGXep41Vh,,0
1742584806548,cbs,1,11,jaber1,1403997279,1403997279,46,42,302,257444,223094,10.320,0.206,EqLtZVw76zWqYh0xXFgWavgRGXep41Vh,,0
1742584806749,cbs,1,11,jaber1,1403997279,1403997279,46,46,302,266831,210111,10.256,0.206,EqLtZVw76zWqYh0xXFgWavgRGXep41Vh,,0
1742584806949,cbs,1,11,jaber1,1403997279,1403997279,46,42,302,262022,228358,10.020,0.206,EqLtZVw76zWqYh0xXFgWavgRGXep41Vh,,0
1742584807149,cbs,1,11,jaber1,1403997279,1403997279,46,46,302,253821,244009,9.776,0.206,EqLtZVw76zWqYh0xXFgWavgRGXep41Vh,,0
1742584807349,cbs,1,11,jaber1,1403997279,1403997279,46,46,302,264245,230407,9.526,0.206,EqLtZVw76zWqYh0xXFgWavgRGXep41Vh,,0
1742584807549,cbs,1,11,jaber1,1403997279,1403997279,46,41,302,270325,227909,9.440,0.206,EqLtZVw76zWqYh0xXFgWavgRGXep41Vh,,0
1742584807750,cbs,1,11,jaber1,1403997279,1403997279,64,1,302,78257,455460,9.180,0.206,EqLtZVw76zWqYh0xXFgWavgRGXep41Vh,,0
1742584807950,cbs,1,11,jaber1,1403997279,1403997279,66,0,302,80472,712934,10.911,0.206,EqLtZVw76zWqYh0xXFgWavgRGXep41Vh,,0
1742584808150,cbs,1,11,jaber1,1403997279,1403997279,60,60,302,113287,716669,10.727,0.206,EqLtZVw76zWqYh0xXFgWavgRGXep41Vh,,0
1742584808350,cbs,1,11,jaber1,1403997279,1403997279,56,56,302,116593,677360,10.527,0.206,EqLtZVw76zWqYh0xXFgWavgRGXep41Vh,,0
1742584808551,cbs,1,11,jaber1,1403997279,1403997279,22,22,302,58575,715273,10.297,0.206,EqLtZVw76zWqYh0xXFgWavgRGXep41Vh,,0
1742584808751,cbs,1,11,jaber1,1403997279,1403997279,10,10,302,26098,572640,10.146,0.206,EqLtZVw76zWqYh0xXFgWavgRGXep41Vh,,0
1742584808951,cbs,1,11,jaber1,1403997279,1403997279,16,16,302,30059,688955,12.021,0.206,EqLtZVw76zWqYh0xXFgWavgRGXep41Vh,,0
1742584809151,cbs,1,11,jaber1,1403997279,1403997279,14,14,302,29518,712077,11.700,0.206,EqLtZVw76zWqYh0xXFgWavgRGXep41Vh,,0
1742584809352,cbs,1,11,jaber1,1403997279,1403997279,10,10,302,20029,713926,11.530,0.206,EqLtZVw76zWqYh0xXFgWavgRGXep41Vh,,0
