1742585948156,cbs,1,init,11,jaber1,1992775935,1992775935,0,0,rDMO82BLcJOvOTCns9Vre8TWQaJG0Jbu,
1742585948884,cbs,1,startup,11,jaber1,1992775935,1992775935,2.002,0.672,rDMO82BLcJOvOTCns9Vre8TWQaJG0Jbu,
1742585948992,cbs,1,timer,11,jaber1,1992775935,1992775935,1.914,0.672,rDMO82BLcJOvOTCns9Vre8TWQaJG0Jbu,
1742585949228,cbs,1,timer,11,jaber1,1992775935,1992775935,1.666,0.672,rDMO82BLcJOvOTCns9Vre8TWQaJG0Jbu,
1742585949482,cbs,1,timer,11,jaber1,1992775935,1992775935,3.419,0.672,rDMO82BLcJOvOTCns9Vre8TWQaJG0Jbu,
1742585949729,cbs,1,timer,11,jaber1,1992775935,1992775935,3.169,0.672,rDMO82BLcJOvOTCns9Vre8TWQaJG0Jbu,
1742585949997,cbs,1,timer,11,jaber1,1992775935,1992775935,4.920,0.672,rDMO82BLcJOvOTCns9Vre8TWQaJG0Jbu,
1742585950228,cbs,1,timer,11,jaber1,1992775935,1992775935,4.670,0.672,rDMO82BLcJOvOTCns9Vre8TWQaJG0Jbu,
1742585950476,cbs,1,timer,11,jaber1,1992775935,1992775935,4.422,0.672,rDMO82BLcJOvOTCns9Vre8TWQaJG0Jbu,
1742585950729,cbs,1,timer,11,jaber1,1992775935,1992775935,4.172,0.672,rDMO82BLcJOvOTCns9Vre8TWQaJG0Jbu,
1742585950976,cbs,1,timer,11,jaber1,1992775935,1992775935,3.922,0.672,rDMO82BLcJOvOTCns9Vre8TWQaJG0Jbu,
1742585951232,cbs,1,timer,11,jaber1,1992775935,1992775935,5.672,0.672,rDMO82BLcJOvOTCns9Vre8TWQaJG0Jbu,
1742585951477,cbs,1,timer,11,jaber1,1992775935,1992775935,5.423,0.672,rDMO82BLcJOvOTCns9Vre8TWQaJG0Jbu,
1742585951732,cbs,1,timer,11,jaber1,1992775935,1992775935,5.168,0.672,rDMO82BLcJOvOTCns9Vre8TWQaJG0Jbu,
1742585951979,cbs,1,timer,11,jaber1,1992775935,1992775935,4.923,0.672,rDMO82BLcJOvOTCns9Vre8TWQaJG0Jbu,
1742585952229,cbs,1,timer,11,jaber1,1992775935,1992775935,4.672,0.672,rDMO82BLcJOvOTCns9Vre8TWQaJG0Jbu,
1742585952484,cbs,1,timer,11,jaber1,1992775935,1992775935,6.418,0.672,rDMO82BLcJOvOTCns9Vre8TWQaJG0Jbu,
1742585952750,cbs,1,timer,11,jaber1,1992775935,1992775935,6.172,0.672,rDMO82BLcJOvOTCns9Vre8TWQaJG0Jbu,
1742585952977,cbs,1,timer,11,jaber1,1992775935,1992775935,5.926,0.672,rDMO82BLcJOvOTCns9Vre8TWQaJG0Jbu,
1742585953230,cbs,1,timer,11,jaber1,1992775935,1992775935,5.674,0.672,rDMO82BLcJOvOTCns9Vre8TWQaJG0Jbu,
1742585953484,cbs,1,timer,11,jaber1,1992775935,1992775935,5.419,0.672,rDMO82BLcJOvOTCns9Vre8TWQaJG0Jbu,
1742585953731,cbs,1,timer,11,jaber1,1992775935,1992775935,5.175,0.672,rDMO82BLcJOvOTCns9Vre8TWQaJG0Jbu,
1742585953980,cbs,1,timer,11,jaber1,1992775935,1992775935,6.924,0.672,rDMO82BLcJOvOTCns9Vre8TWQaJG0Jbu,
1742585954229,cbs,1,timer,11,jaber1,1992775935,1992775935,6.676,0.672,rDMO82BLcJOvOTCns9Vre8TWQaJG0Jbu,
1742585954484,cbs,1,timer,11,jaber1,1992775935,1992775935,6.421,0.672,rDMO82BLcJOvOTCns9Vre8TWQaJG0Jbu,
1742585954733,cbs,1,timer,11,jaber1,1992775935,1992775935,6.172,0.672,rDMO82BLcJOvOTCns9Vre8TWQaJG0Jbu,
1742585954980,cbs,1,timer,11,jaber1,1992775935,1992775935,5.924,0.672,rDMO82BLcJOvOTCns9Vre8TWQaJG0Jbu,
1742585955226,cbs,1,timer,11,jaber1,1992775935,1992775935,5.678,0.672,rDMO82BLcJOvOTCns9Vre8TWQaJG0Jbu,
1742585955510,cbs,1,timer,11,jaber1,1992775935,1992775935,5.422,0.672,rDMO82BLcJOvOTCns9Vre8TWQaJG0Jbu,
1742585955750,cbs,1,timer,11,jaber1,1992775935,1992775935,7.174,0.672,rDMO82BLcJOvOTCns9Vre8TWQaJG0Jbu,
1742585955980,cbs,1,timer,11,jaber1,1992775935,1992775935,6.926,0.672,rDMO82BLcJOvOTCns9Vre8TWQaJG0Jbu,
1742585956228,cbs,1,timer,11,jaber1,1992775935,1992775935,6.678,0.672,rDMO82BLcJOvOTCns9Vre8TWQaJG0Jbu,
1742585956478,cbs,1,timer,11,jaber1,1992775935,1992775935,6.428,0.672,rDMO82BLcJOvOTCns9Vre8TWQaJG0Jbu,
1742585956739,cbs,1,timer,11,jaber1,1992775935,1992775935,6.174,0.672,rDMO82BLcJOvOTCns9Vre8TWQaJG0Jbu,
1742585956980,cbs,1,timer,11,jaber1,1992775935,1992775935,5.946,0.672,rDMO82BLcJOvOTCns9Vre8TWQaJG0Jbu,
1742585957228,cbs,1,timer,11,jaber1,1992775935,1992775935,5.698,0.672,rDMO82BLcJOvOTCns9Vre8TWQaJG0Jbu,
1742585957484,cbs,1,timer,11,jaber1,1992775935,1992775935,7.448,0.672,rDMO82BLcJOvOTCns9Vre8TWQaJG0Jbu,
1742585957732,cbs,1,timer,11,jaber1,1992775935,1992775935,7.196,0.672,rDMO82BLcJOvOTCns9Vre8TWQaJG0Jbu,
1742585957977,cbs,1,timer,11,jaber1,1992775935,1992775935,6.951,0.672,rDMO82BLcJOvOTCns9Vre8TWQaJG0Jbu,
1742585958228,cbs,1,timer,11,jaber1,1992775935,1992775935,6.700,0.672,rDMO82BLcJOvOTCns9Vre8TWQaJG0Jbu,
1742585958484,cbs,1,timer,11,jaber1,1992775935,1992775935,6.448,0.672,rDMO82BLcJOvOTCns9Vre8TWQaJG0Jbu,
1742585958754,cbs,1,timer,11,jaber1,1992775935,1992775935,8.198,0.672,rDMO82BLcJOvOTCns9Vre8TWQaJG0Jbu,
1742585958980,cbs,1,timer,11,jaber1,1992775935,1992775935,7.950,0.672,rDMO82BLcJOvOTCns9Vre8TWQaJG0Jbu,
1742585959228,cbs,1,timer,11,jaber1,1992775935,1992775935,7.702,0.672,rDMO82BLcJOvOTCns9Vre8TWQaJG0Jbu,
1742585959476,cbs,1,timer,11,jaber1,1992775935,1992775935,7.454,0.672,rDMO82BLcJOvOTCns9Vre8TWQaJG0Jbu,
1742585959763,cbs,1,timer,11,jaber1,1992775935,1992775935,7.198,0.672,rDMO82BLcJOvOTCns9Vre8TWQaJG0Jbu,
1742585959978,cbs,1,timer,11,jaber1,1992775935,1992775935,6.953,0.672,rDMO82BLcJOvOTCns9Vre8TWQaJG0Jbu,
1742585960228,cbs,1,timer,11,jaber1,1992775935,1992775935,6.702,0.672,rDMO82BLcJOvOTCns9Vre8TWQaJG0Jbu,
1742585960482,cbs,1,timer,11,jaber1,1992775935,1992775935,6.455,0.672,rDMO82BLcJOvOTCns9Vre8TWQaJG0Jbu,
1742585960728,cbs,1,timer,11,jaber1,1992775935,1992775935,6.202,0.672,rDMO82BLcJOvOTCns9Vre8TWQaJG0Jbu,
1742585960979,cbs,1,timer,11,jaber1,1992775935,1992775935,5.951,0.672,rDMO82BLcJOvOTCns9Vre8TWQaJG0Jbu,
1742585961228,cbs,1,timer,11,jaber1,1992775935,1992775935,5.702,0.672,rDMO82BLcJOvOTCns9Vre8TWQaJG0Jbu,
1742585961482,cbs,1,timer,11,jaber1,1992775935,1992775935,5.448,0.672,rDMO82BLcJOvOTCns9Vre8TWQaJG0Jbu,
1742585961727,cbs,1,timer,11,jaber1,1992775935,1992775935,5.203,0.672,rDMO82BLcJOvOTCns9Vre8TWQaJG0Jbu,
1742585961992,cbs,1,timer,11,jaber1,1992775935,1992775935,6.953,0.672,rDMO82BLcJOvOTCns9Vre8TWQaJG0Jbu,
1742585962229,cbs,1,timer,11,jaber1,1992775935,1992775935,6.704,0.672,rDMO82BLcJOvOTCns9Vre8TWQaJG0Jbu,
1742585962477,cbs,1,timer,11,jaber1,1992775935,1992775935,6.456,0.672,rDMO82BLcJOvOTCns9Vre8TWQaJG0Jbu,
1742585962732,cbs,1,timer,11,jaber1,1992775935,1992775935,6.200,0.672,rDMO82BLcJOvOTCns9Vre8TWQaJG0Jbu,
1742585962976,cbs,1,timer,11,jaber1,1992775935,1992775935,5.958,0.672,rDMO82BLcJOvOTCns9Vre8TWQaJG0Jbu,
1742585963229,cbs,1,timer,11,jaber1,1992775935,1992775935,5.704,0.672,rDMO82BLcJOvOTCns9Vre8TWQaJG0Jbu,
1742585963484,cbs,1,timer,11,jaber1,1992775935,1992775935,5.449,0.672,rDMO82BLcJOvOTCns9Vre8TWQaJG0Jbu,
1742585963728,cbs,1,timer,11,jaber1,1992775935,1992775935,5.205,0.672,rDMO82BLcJOvOTCns9Vre8TWQaJG0Jbu,
1742585963980,cbs,1,timer,11,jaber1,1992775935,1992775935,6.955,0.672,rDMO82BLcJOvOTCns9Vre8TWQaJG0Jbu,
1742585964227,cbs,1,timer,11,jaber1,1992775935,1992775935,6.707,0.672,rDMO82BLcJOvOTCns9Vre8TWQaJG0Jbu,
1742585964484,cbs,1,timer,11,jaber1,1992775935,1992775935,6.450,0.672,rDMO82BLcJOvOTCns9Vre8TWQaJG0Jbu,
1742585964727,cbs,1,timer,11,jaber1,1992775935,1992775935,6.208,0.672,rDMO82BLcJOvOTCns9Vre8TWQaJG0Jbu,
1742585964980,cbs,1,timer,11,jaber1,1992775935,1992775935,5.955,0.672,rDMO82BLcJOvOTCns9Vre8TWQaJG0Jbu,
1742585965228,cbs,1,timer,11,jaber1,1992775935,1992775935,5.706,0.672,rDMO82BLcJOvOTCns9Vre8TWQaJG0Jbu,
1742585965482,cbs,1,timer,11,jaber1,1992775935,1992775935,5.452,0.672,rDMO82BLcJOvOTCns9Vre8TWQaJG0Jbu,
1742585965728,cbs,1,timer,11,jaber1,1992775935,1992775935,7.208,0.672,rDMO82BLcJOvOTCns9Vre8TWQaJG0Jbu,
1742585965980,cbs,1,timer,11,jaber1,1992775935,1992775935,6.959,0.672,rDMO82BLcJOvOTCns9Vre8TWQaJG0Jbu,
1742585966228,cbs,1,timer,11,jaber1,1992775935,1992775935,6.708,0.672,rDMO82BLcJOvOTCns9Vre8TWQaJG0Jbu,
1742585966484,cbs,1,timer,11,jaber1,1992775935,1992775935,6.452,0.672,rDMO82BLcJOvOTCns9Vre8TWQaJG0Jbu,
1742585966732,cbs,1,timer,11,jaber1,1992775935,1992775935,6.204,0.672,rDMO82BLcJOvOTCns9Vre8TWQaJG0Jbu,
1742585966980,cbs,1,timer,11,jaber1,1992775935,1992775935,5.977,0.672,rDMO82BLcJOvOTCns9Vre8TWQaJG0Jbu,
1742585967228,cbs,1,timer,11,jaber1,1992775935,1992775935,5.728,0.672,rDMO82BLcJOvOTCns9Vre8TWQaJG0Jbu,
1742585967484,cbs,1,timer,11,jaber1,1992775935,1992775935,7.475,0.672,rDMO82BLcJOvOTCns9Vre8TWQaJG0Jbu,
1742585967753,cbs,1,timer,11,jaber1,1992775935,1992775935,7.226,0.672,rDMO82BLcJOvOTCns9Vre8TWQaJG0Jbu,
1742585967980,cbs,1,timer,11,jaber1,1992775935,1992775935,7.020,0.672,rDMO82BLcJOvOTCns9Vre8TWQaJG0Jbu,
1742585968228,cbs,1,timer,11,jaber1,1992775935,1992775935,6.770,0.672,rDMO82BLcJOvOTCns9Vre8TWQaJG0Jbu,
1742585968477,cbs,1,timer,11,jaber1,1992775935,1992775935,6.523,0.672,rDMO82BLcJOvOTCns9Vre8TWQaJG0Jbu,
1742585968732,cbs,1,timer,11,jaber1,1992775935,1992775935,6.266,0.672,rDMO82BLcJOvOTCns9Vre8TWQaJG0Jbu,
1742585968980,cbs,1,timer,11,jaber1,1992775935,1992775935,8.040,0.672,rDMO82BLcJOvOTCns9Vre8TWQaJG0Jbu,
1742585969228,cbs,1,timer,11,jaber1,1992775935,1992775935,7.792,0.672,rDMO82BLcJOvOTCns9Vre8TWQaJG0Jbu,
1742585969480,cbs,1,timer,11,jaber1,1992775935,1992775935,7.543,0.672,rDMO82BLcJOvOTCns9Vre8TWQaJG0Jbu,
1742585969727,cbs,1,timer,11,jaber1,1992775935,1992775935,7.293,0.672,rDMO82BLcJOvOTCns9Vre8TWQaJG0Jbu,
1742585969980,cbs,1,timer,11,jaber1,1992775935,1992775935,7.047,0.672,rDMO82BLcJOvOTCns9Vre8TWQaJG0Jbu,
1742585970232,cbs,1,timer,11,jaber1,1992775935,1992775935,6.792,0.672,rDMO82BLcJOvOTCns9Vre8TWQaJG0Jbu,
1742585970478,cbs,1,timer,11,jaber1,1992775935,1992775935,6.543,0.672,rDMO82BLcJOvOTCns9Vre8TWQaJG0Jbu,
1742585970734,cbs,1,timer,11,jaber1,1992775935,1992775935,6.288,0.672,rDMO82BLcJOvOTCns9Vre8TWQaJG0Jbu,
1742585970980,cbs,1,timer,11,jaber1,1992775935,1992775935,8.065,0.672,rDMO82BLcJOvOTCns9Vre8TWQaJG0Jbu,
1742585971236,cbs,1,timer,11,jaber1,1992775935,1992775935,7.815,0.672,rDMO82BLcJOvOTCns9Vre8TWQaJG0Jbu,
1742585971483,cbs,1,timer,11,jaber1,1992775935,1992775935,7.569,0.672,rDMO82BLcJOvOTCns9Vre8TWQaJG0Jbu,
1742585971732,cbs,1,timer,11,jaber1,1992775935,1992775935,7.311,0.672,rDMO82BLcJOvOTCns9Vre8TWQaJG0Jbu,
1742585971981,cbs,1,timer,11,jaber1,1992775935,1992775935,7.064,0.672,rDMO82BLcJOvOTCns9Vre8TWQaJG0Jbu,
1742585972234,cbs,1,timer,11,jaber1,1992775935,1992775935,8.816,0.672,rDMO82BLcJOvOTCns9Vre8TWQaJG0Jbu,
1742585972486,cbs,1,timer,11,jaber1,1992775935,1992775935,8.570,0.672,rDMO82BLcJOvOTCns9Vre8TWQaJG0Jbu,
1742585972729,cbs,1,timer,11,jaber1,1992775935,1992775935,8.315,0.672,rDMO82BLcJOvOTCns9Vre8TWQaJG0Jbu,
1742585972984,cbs,1,timer,11,jaber1,1992775935,1992775935,8.084,0.672,rDMO82BLcJOvOTCns9Vre8TWQaJG0Jbu,
1742585973228,cbs,1,timer,11,jaber1,1992775935,1992775935,7.837,0.672,rDMO82BLcJOvOTCns9Vre8TWQaJG0Jbu,
1742585973480,cbs,1,timer,11,jaber1,1992775935,1992775935,7.593,0.672,rDMO82BLcJOvOTCns9Vre8TWQaJG0Jbu,
1742585973732,cbs,1,timer,11,jaber1,1992775935,1992775935,9.334,0.672,rDMO82BLcJOvOTCns9Vre8TWQaJG0Jbu,
1742585973986,cbs,1,timer,11,jaber1,1992775935,1992775935,9.088,0.672,rDMO82BLcJOvOTCns9Vre8TWQaJG0Jbu,
1742585974227,cbs,1,timer,11,jaber1,1992775935,1992775935,8.840,0.672,rDMO82BLcJOvOTCns9Vre8TWQaJG0Jbu,
1742585974491,cbs,1,timer,11,jaber1,1992775935,1992775935,8.589,0.672,rDMO82BLcJOvOTCns9Vre8TWQaJG0Jbu,
1742585974732,cbs,1,timer,11,jaber1,1992775935,1992775935,8.334,0.672,rDMO82BLcJOvOTCns9Vre8TWQaJG0Jbu,
1742585974988,cbs,1,timer,11,jaber1,1992775935,1992775935,8.109,0.672,rDMO82BLcJOvOTCns9Vre8TWQaJG0Jbu,
1742585975228,cbs,1,timer,11,jaber1,1992775935,1992775935,7.858,0.672,rDMO82BLcJOvOTCns9Vre8TWQaJG0Jbu,
1742585975477,cbs,1,timer,11,jaber1,1992775935,1992775935,7.610,0.672,rDMO82BLcJOvOTCns9Vre8TWQaJG0Jbu,
1742585975732,cbs,1,timer,11,jaber1,1992775935,1992775935,7.354,0.672,rDMO82BLcJOvOTCns9Vre8TWQaJG0Jbu,
1742585975980,cbs,1,timer,11,jaber1,1992775935,1992775935,7.111,0.672,rDMO82BLcJOvOTCns9Vre8TWQaJG0Jbu,
1742585976228,cbs,1,timer,11,jaber1,1992775935,1992775935,8.860,0.672,rDMO82BLcJOvOTCns9Vre8TWQaJG0Jbu,
1742585976477,cbs,1,timer,11,jaber1,1992775935,1992775935,8.613,0.672,rDMO82BLcJOvOTCns9Vre8TWQaJG0Jbu,
1742585976729,cbs,1,timer,11,jaber1,1992775935,1992775935,8.362,0.672,rDMO82BLcJOvOTCns9Vre8TWQaJG0Jbu,
1742585976980,cbs,1,timer,11,jaber1,1992775935,1992775935,8.108,0.672,rDMO82BLcJOvOTCns9Vre8TWQaJG0Jbu,
1742585977228,cbs,1,timer,11,jaber1,1992775935,1992775935,7.880,0.672,rDMO82BLcJOvOTCns9Vre8TWQaJG0Jbu,
1742585977480,cbs,1,timer,11,jaber1,1992775935,1992775935,7.631,0.672,rDMO82BLcJOvOTCns9Vre8TWQaJG0Jbu,
1742585977727,cbs,1,timer,11,jaber1,1992775935,1992775935,7.382,0.672,rDMO82BLcJOvOTCns9Vre8TWQaJG0Jbu,
1742585977980,cbs,1,timer,11,jaber1,1992775935,1992775935,7.129,0.672,rDMO82BLcJOvOTCns9Vre8TWQaJG0Jbu,
1742585978228,cbs,1,timer,11,jaber1,1992775935,1992775935,6.880,0.672,rDMO82BLcJOvOTCns9Vre8TWQaJG0Jbu,
1742585978477,cbs,1,timer,11,jaber1,1992775935,1992775935,6.634,0.672,rDMO82BLcJOvOTCns9Vre8TWQaJG0Jbu,
1742585978732,cbs,1,timer,11,jaber1,1992775935,1992775935,6.376,0.672,rDMO82BLcJOvOTCns9Vre8TWQaJG0Jbu,
1742585978977,cbs,1,timer,11,jaber1,1992775935,1992775935,6.137,0.672,rDMO82BLcJOvOTCns9Vre8TWQaJG0Jbu,
1742585979226,cbs,1,timer,11,jaber1,1992775935,1992775935,5.902,0.672,rDMO82BLcJOvOTCns9Vre8TWQaJG0Jbu,
1742585979480,cbs,1,timer,11,jaber1,1992775935,1992775935,7.656,0.672,rDMO82BLcJOvOTCns9Vre8TWQaJG0Jbu,
1742585979728,cbs,1,timer,11,jaber1,1992775935,1992775935,7.403,0.672,rDMO82BLcJOvOTCns9Vre8TWQaJG0Jbu,
1742585979980,cbs,1,timer,11,jaber1,1992775935,1992775935,7.154,0.672,rDMO82BLcJOvOTCns9Vre8TWQaJG0Jbu,
1742585980228,cbs,1,timer,11,jaber1,1992775935,1992775935,6.902,0.672,rDMO82BLcJOvOTCns9Vre8TWQaJG0Jbu,
1742585980484,cbs,1,timer,11,jaber1,1992775935,1992775935,6.648,0.672,rDMO82BLcJOvOTCns9Vre8TWQaJG0Jbu,
1742585980732,cbs,1,timer,11,jaber1,1992775935,1992775935,6.398,0.672,rDMO82BLcJOvOTCns9Vre8TWQaJG0Jbu,
1742585980984,cbs,1,timer,11,jaber1,1992775935,1992775935,6.154,0.672,rDMO82BLcJOvOTCns9Vre8TWQaJG0Jbu,
1742585981228,cbs,1,timer,11,jaber1,1992775935,1992775935,5.922,0.672,rDMO82BLcJOvOTCns9Vre8TWQaJG0Jbu,
1742585981477,cbs,1,timer,11,jaber1,1992775935,1992775935,5.675,0.672,rDMO82BLcJOvOTCns9Vre8TWQaJG0Jbu,
1742585981727,cbs,1,timer,11,jaber1,1992775935,1992775935,5.424,0.672,rDMO82BLcJOvOTCns9Vre8TWQaJG0Jbu,
1742585981980,cbs,1,timer,11,jaber1,1992775935,1992775935,5.175,0.672,rDMO82BLcJOvOTCns9Vre8TWQaJG0Jbu,
1742585982228,cbs,1,timer,11,jaber1,1992775935,1992775935,6.924,0.672,rDMO82BLcJOvOTCns9Vre8TWQaJG0Jbu,
1742585982494,cbs,1,timer,11,jaber1,1992775935,1992775935,6.673,0.672,rDMO82BLcJOvOTCns9Vre8TWQaJG0Jbu,
1742585982736,cbs,1,timer,11,jaber1,1992775935,1992775935,6.425,0.672,rDMO82BLcJOvOTCns9Vre8TWQaJG0Jbu,
1742585982977,cbs,1,timer,11,jaber1,1992775935,1992775935,6.179,0.672,rDMO82BLcJOvOTCns9Vre8TWQaJG0Jbu,
1742585983228,cbs,1,timer,11,jaber1,1992775935,1992775935,5.924,0.672,rDMO82BLcJOvOTCns9Vre8TWQaJG0Jbu,
1742585983478,cbs,1,timer,11,jaber1,1992775935,1992775935,5.677,0.672,rDMO82BLcJOvOTCns9Vre8TWQaJG0Jbu,
1742585983729,cbs,1,timer,11,jaber1,1992775935,1992775935,5.423,0.672,rDMO82BLcJOvOTCns9Vre8TWQaJG0Jbu,
1742585983980,cbs,1,timer,11,jaber1,1992775935,1992775935,5.176,0.672,rDMO82BLcJOvOTCns9Vre8TWQaJG0Jbu,
1742585984230,cbs,1,timer,11,jaber1,1992775935,1992775935,4.924,0.672,rDMO82BLcJOvOTCns9Vre8TWQaJG0Jbu,
1742585984484,cbs,1,timer,11,jaber1,1992775935,1992775935,4.669,0.672,rDMO82BLcJOvOTCns9Vre8TWQaJG0Jbu,
1742585984732,cbs,1,timer,11,jaber1,1992775935,1992775935,4.431,0.672,rDMO82BLcJOvOTCns9Vre8TWQaJG0Jbu,
1742585984980,cbs,1,timer,11,jaber1,1992775935,1992775935,6.175,0.672,rDMO82BLcJOvOTCns9Vre8TWQaJG0Jbu,
1742585985232,cbs,1,timer,11,jaber1,1992775935,1992775935,5.926,0.672,rDMO82BLcJOvOTCns9Vre8TWQaJG0Jbu,
1742585985484,cbs,1,timer,11,jaber1,1992775935,1992775935,5.671,0.672,rDMO82BLcJOvOTCns9Vre8TWQaJG0Jbu,
1742585985732,cbs,1,timer,11,jaber1,1992775935,1992775935,5.423,0.672,rDMO82BLcJOvOTCns9Vre8TWQaJG0Jbu,
1742585985976,cbs,1,timer,11,jaber1,1992775935,1992775935,5.182,0.672,rDMO82BLcJOvOTCns9Vre8TWQaJG0Jbu,
1742585986228,cbs,1,timer,11,jaber1,1992775935,1992775935,4.926,0.672,rDMO82BLcJOvOTCns9Vre8TWQaJG0Jbu,
1742585986476,cbs,1,timer,11,jaber1,1992775935,1992775935,4.678,0.672,rDMO82BLcJOvOTCns9Vre8TWQaJG0Jbu,
1742585986732,cbs,1,timer,11,jaber1,1992775935,1992775935,4.424,0.672,rDMO82BLcJOvOTCns9Vre8TWQaJG0Jbu,
1742585986981,cbs,1,timer,11,jaber1,1992775935,1992775935,4.179,0.672,rDMO82BLcJOvOTCns9Vre8TWQaJG0Jbu,
1742585987228,cbs,1,timer,11,jaber1,1992775935,1992775935,3.926,0.672,rDMO82BLcJOvOTCns9Vre8TWQaJG0Jbu,
1742585987483,cbs,1,timer,11,jaber1,1992775935,1992775935,3.672,0.672,rDMO82BLcJOvOTCns9Vre8TWQaJG0Jbu,
1742585987732,cbs,1,timer,11,jaber1,1992775935,1992775935,5.424,0.672,rDMO82BLcJOvOTCns9Vre8TWQaJG0Jbu,
1742585987980,cbs,1,timer,11,jaber1,1992775935,1992775935,5.184,0.672,rDMO82BLcJOvOTCns9Vre8TWQaJG0Jbu,
1742585988228,cbs,1,timer,11,jaber1,1992775935,1992775935,4.928,0.672,rDMO82BLcJOvOTCns9Vre8TWQaJG0Jbu,
1742585988479,cbs,1,timer,11,jaber1,1992775935,1992775935,4.677,0.672,rDMO82BLcJOvOTCns9Vre8TWQaJG0Jbu,
1742585988732,cbs,1,timer,11,jaber1,1992775935,1992775935,4.425,0.672,rDMO82BLcJOvOTCns9Vre8TWQaJG0Jbu,
1742585988980,cbs,1,timer,11,jaber1,1992775935,1992775935,4.179,0.672,rDMO82BLcJOvOTCns9Vre8TWQaJG0Jbu,
1742585989230,cbs,1,timer,11,jaber1,1992775935,1992775935,3.928,0.672,rDMO82BLcJOvOTCns9Vre8TWQaJG0Jbu,
1742585989484,cbs,1,timer,11,jaber1,1992775935,1992775935,5.675,0.672,rDMO82BLcJOvOTCns9Vre8TWQaJG0Jbu,
1742585989733,cbs,1,timer,11,jaber1,1992775935,1992775935,5.426,0.672,rDMO82BLcJOvOTCns9Vre8TWQaJG0Jbu,
1742585989982,cbs,1,timer,11,jaber1,1992775935,1992775935,5.179,0.672,rDMO82BLcJOvOTCns9Vre8TWQaJG0Jbu,
1742585990229,cbs,1,timer,11,jaber1,1992775935,1992775935,4.930,0.672,rDMO82BLcJOvOTCns9Vre8TWQaJG0Jbu,
1742585990484,cbs,1,timer,11,jaber1,1992775935,1992775935,4.675,0.672,rDMO82BLcJOvOTCns9Vre8TWQaJG0Jbu,
1742585990733,cbs,1,timer,11,jaber1,1992775935,1992775935,4.430,0.672,rDMO82BLcJOvOTCns9Vre8TWQaJG0Jbu,
1742585990977,cbs,1,timer,11,jaber1,1992775935,1992775935,4.184,0.672,rDMO82BLcJOvOTCns9Vre8TWQaJG0Jbu,
1742585991233,cbs,1,timer,11,jaber1,1992775935,1992775935,3.950,0.672,rDMO82BLcJOvOTCns9Vre8TWQaJG0Jbu,
1742585991495,cbs,1,timer,11,jaber1,1992775935,1992775935,5.708,0.672,rDMO82BLcJOvOTCns9Vre8TWQaJG0Jbu,
1742585991741,cbs,1,timer,11,jaber1,1992775935,1992775935,5.448,0.672,rDMO82BLcJOvOTCns9Vre8TWQaJG0Jbu,
1742585991987,cbs,1,timer,11,jaber1,1992775935,1992775935,5.202,0.672,rDMO82BLcJOvOTCns9Vre8TWQaJG0Jbu,
1742585992228,cbs,1,timer,11,jaber1,1992775935,1992775935,4.954,0.672,rDMO82BLcJOvOTCns9Vre8TWQaJG0Jbu,
1742585992484,cbs,1,timer,11,jaber1,1992775935,1992775935,4.704,0.672,rDMO82BLcJOvOTCns9Vre8TWQaJG0Jbu,
1742585992732,cbs,1,timer,11,jaber1,1992775935,1992775935,4.448,0.672,rDMO82BLcJOvOTCns9Vre8TWQaJG0Jbu,
1742585992978,cbs,1,timer,11,jaber1,1992775935,1992775935,4.204,0.672,rDMO82BLcJOvOTCns9Vre8TWQaJG0Jbu,
1742585993230,cbs,1,timer,11,jaber1,1992775935,1992775935,5.974,0.672,rDMO82BLcJOvOTCns9Vre8TWQaJG0Jbu,
1742585993479,cbs,1,timer,11,jaber1,1992775935,1992775935,5.728,0.672,rDMO82BLcJOvOTCns9Vre8TWQaJG0Jbu,
1742585993732,cbs,1,timer,11,jaber1,1992775935,1992775935,5.470,0.672,rDMO82BLcJOvOTCns9Vre8TWQaJG0Jbu,
1742585993980,cbs,1,timer,11,jaber1,1992775935,1992775935,5.225,0.672,rDMO82BLcJOvOTCns9Vre8TWQaJG0Jbu,
1742585994228,cbs,1,timer,11,jaber1,1992775935,1992775935,4.975,0.672,rDMO82BLcJOvOTCns9Vre8TWQaJG0Jbu,
1742585994484,cbs,1,timer,11,jaber1,1992775935,1992775935,6.721,0.672,rDMO82BLcJOvOTCns9Vre8TWQaJG0Jbu,
1742585994732,cbs,1,timer,11,jaber1,1992775935,1992775935,6.472,0.672,rDMO82BLcJOvOTCns9Vre8TWQaJG0Jbu,
1742585994979,cbs,1,timer,11,jaber1,1992775935,1992775935,6.229,0.672,rDMO82BLcJOvOTCns9Vre8TWQaJG0Jbu,
1742585995228,cbs,1,timer,11,jaber1,1992775935,1992775935,5.996,0.672,rDMO82BLcJOvOTCns9Vre8TWQaJG0Jbu,
1742585995482,cbs,1,timer,11,jaber1,1992775935,1992775935,5.748,0.672,rDMO82BLcJOvOTCns9Vre8TWQaJG0Jbu,
1742585995729,cbs,1,timer,11,jaber1,1992775935,1992775935,5.498,0.672,rDMO82BLcJOvOTCns9Vre8TWQaJG0Jbu,
1742585995980,cbs,1,timer,11,jaber1,1992775935,1992775935,7.247,0.672,rDMO82BLcJOvOTCns9Vre8TWQaJG0Jbu,
1742585996226,cbs,1,timer,11,jaber1,1992775935,1992775935,7.000,0.672,rDMO82BLcJOvOTCns9Vre8TWQaJG0Jbu,
1742585996476,cbs,1,timer,11,jaber1,1992775935,1992775935,6.752,0.672,rDMO82BLcJOvOTCns9Vre8TWQaJG0Jbu,
1742585996734,cbs,1,timer,11,jaber1,1992775935,1992775935,6.494,0.672,rDMO82BLcJOvOTCns9Vre8TWQaJG0Jbu,
1742585996976,cbs,1,timer,11,jaber1,1992775935,1992775935,6.252,0.672,rDMO82BLcJOvOTCns9Vre8TWQaJG0Jbu,
1742585997227,cbs,1,timer,11,jaber1,1992775935,1992775935,5.999,0.672,rDMO82BLcJOvOTCns9Vre8TWQaJG0Jbu,
1742585997478,cbs,1,timer,11,jaber1,1992775935,1992775935,5.751,0.672,rDMO82BLcJOvOTCns9Vre8TWQaJG0Jbu,
1742585997727,cbs,1,timer,11,jaber1,1992775935,1992775935,5.499,0.672,rDMO82BLcJOvOTCns9Vre8TWQaJG0Jbu,
1742585997980,cbs,1,timer,11,jaber1,1992775935,1992775935,7.250,0.672,rDMO82BLcJOvOTCns9Vre8TWQaJG0Jbu,
1742585998228,cbs,1,timer,11,jaber1,1992775935,1992775935,7.000,0.672,rDMO82BLcJOvOTCns9Vre8TWQaJG0Jbu,
1742585998479,cbs,1,timer,11,jaber1,1992775935,1992775935,6.753,0.672,rDMO82BLcJOvOTCns9Vre8TWQaJG0Jbu,
1742585998726,cbs,1,timer,11,jaber1,1992775935,1992775935,6.502,0.672,rDMO82BLcJOvOTCns9Vre8TWQaJG0Jbu,
1742585998980,cbs,1,timer,11,jaber1,1992775935,1992775935,6.250,0.672,rDMO82BLcJOvOTCns9Vre8TWQaJG0Jbu,
1742585999228,cbs,1,timer,11,jaber1,1992775935,1992775935,6.020,0.672,rDMO82BLcJOvOTCns9Vre8TWQaJG0Jbu,
1742585999484,cbs,1,timer,11,jaber1,1992775935,1992775935,5.766,0.672,rDMO82BLcJOvOTCns9Vre8TWQaJG0Jbu,
1742585999727,cbs,1,timer,11,jaber1,1992775935,1992775935,6.072,0.672,rDMO82BLcJOvOTCns9Vre8TWQaJG0Jbu,
1742585999980,cbs,1,timer,11,jaber1,1992775935,1992775935,7.272,0.672,rDMO82BLcJOvOTCns9Vre8TWQaJG0Jbu,
1742586000227,cbs,1,timer,11,jaber1,1992775935,1992775935,7.023,0.672,rDMO82BLcJOvOTCns9Vre8TWQaJG0Jbu,
1742586000484,cbs,1,timer,11,jaber1,1992775935,1992775935,6.771,0.672,rDMO82BLcJOvOTCns9Vre8TWQaJG0Jbu,
1742586000732,cbs,1,timer,11,jaber1,1992775935,1992775935,6.518,0.672,rDMO82BLcJOvOTCns9Vre8TWQaJG0Jbu,
1742586000980,cbs,1,timer,11,jaber1,1992775935,1992775935,6.271,0.672,rDMO82BLcJOvOTCns9Vre8TWQaJG0Jbu,
1742586001228,cbs,1,timer,11,jaber1,1992775935,1992775935,6.022,0.672,rDMO82BLcJOvOTCns9Vre8TWQaJG0Jbu,
1742586001484,cbs,1,timer,11,jaber1,1992775935,1992775935,5.769,0.672,rDMO82BLcJOvOTCns9Vre8TWQaJG0Jbu,
1742586001753,cbs,1,timer,11,jaber1,1992775935,1992775935,5.523,0.672,rDMO82BLcJOvOTCns9Vre8TWQaJG0Jbu,
1742586001980,cbs,1,timer,11,jaber1,1992775935,1992775935,7.273,0.672,rDMO82BLcJOvOTCns9Vre8TWQaJG0Jbu,
1742586002228,cbs,1,timer,11,jaber1,1992775935,1992775935,7.024,0.672,rDMO82BLcJOvOTCns9Vre8TWQaJG0Jbu,
1742586002478,cbs,1,timer,11,jaber1,1992775935,1992775935,6.780,0.672,rDMO82BLcJOvOTCns9Vre8TWQaJG0Jbu,
1742586002727,cbs,1,timer,11,jaber1,1992775935,1992775935,6.526,0.672,rDMO82BLcJOvOTCns9Vre8TWQaJG0Jbu,
1742586002981,cbs,1,timer,11,jaber1,1992775935,1992775935,6.273,0.672,rDMO82BLcJOvOTCns9Vre8TWQaJG0Jbu,
