1742585948156,cbs,1,11,jaber1,1992775935,1992775935,11,0,142767,258366,9932,0.000,0.000,rDMO82BLcJOvOTCns9Vre8TWQaJG0Jbu,,0
1742585948356,cbs,1,11,jaber1,1992775935,1992775935,11,11,142767,258366,9932,0.000,0.000,rDMO82BLcJOvOTCns9Vre8TWQaJG0Jbu,,0
1742585948557,cbs,1,11,jaber1,1992775935,1992775935,29,20,142767,185951,69169,0.000,0.000,rDMO82BLcJOvOTCns9Vre8TWQaJG0Jbu,,0
1742585948757,cbs,1,11,jaber1,1992775935,1992775935,47,0,142767,197224,154349,0.000,0.000,rDMO82BLcJOvOTCns9Vre8TWQaJG0Jbu,,0
1742585948957,cbs,1,11,jaber1,1992775935,1992775935,47,24,142767,197224,154349,2.002,0.672,rDMO82BLcJOvOTCns9Vre8TWQaJG0Jbu,,0
1742585949158,cbs,1,11,jaber1,1992775935,1992775935,53,37,119851,149712,182883,1.914,0.672,rDMO82BLcJOvOTCns9Vre8TWQaJG0Jbu,,0
1742585949358,cbs,1,11,jaber1,1992775935,1992775935,88,28,119851,185128,299032,3.590,0.672,rDMO82BLcJOvOTCns9Vre8TWQaJG0Jbu,,0
1742585949558,cbs,1,11,jaber1,1992775935,1992775935,90,90,119851,178108,299032,3.419,0.672,rDMO82BLcJOvOTCns9Vre8TWQaJG0Jbu,,0
1742585949758,cbs,1,11,jaber1,1992775935,1992775935,92,70,119851,255586,462729,3.169,0.672,rDMO82BLcJOvOTCns9Vre8TWQaJG0Jbu,,0
1742585949958,cbs,1,11,jaber1,1992775935,1992775935,120,16,119851,322625,387062,3.169,0.672,rDMO82BLcJOvOTCns9Vre8TWQaJG0Jbu,,0
1742585950159,cbs,1,11,jaber1,1992775935,1992775935,120,120,119851,337454,347980,4.872,0.672,rDMO82BLcJOvOTCns9Vre8TWQaJG0Jbu,,0
1742585950359,cbs,1,11,jaber1,1992775935,1992775935,120,119,119851,304137,347980,4.670,0.672,rDMO82BLcJOvOTCns9Vre8TWQaJG0Jbu,,0
1742585950559,cbs,1,11,jaber1,1992775935,1992775935,120,85,119851,418091,347980,4.422,0.672,rDMO82BLcJOvOTCns9Vre8TWQaJG0Jbu,,0
1742585950759,cbs,1,11,jaber1,1992775935,1992775935,120,61,119851,448089,376732,4.172,0.672,rDMO82BLcJOvOTCns9Vre8TWQaJG0Jbu,,0
1742585950960,cbs,1,11,jaber1,1992775935,1992775935,120,13,119851,490285,331118,4.084,0.672,rDMO82BLcJOvOTCns9Vre8TWQaJG0Jbu,,0
1742585951160,cbs,1,11,jaber1,1992775935,1992775935,120,108,119851,515395,308484,5.903,0.672,rDMO82BLcJOvOTCns9Vre8TWQaJG0Jbu,,0
1742585951360,cbs,1,11,jaber1,1992775935,1992775935,120,120,119851,515395,308484,5.672,0.672,rDMO82BLcJOvOTCns9Vre8TWQaJG0Jbu,,0
1742585951560,cbs,1,11,jaber1,1992775935,1992775935,120,120,119851,415502,308484,5.356,0.672,rDMO82BLcJOvOTCns9Vre8TWQaJG0Jbu,,0
1742585951761,cbs,1,11,jaber1,1992775935,1992775935,120,120,119851,485454,308484,5.168,0.672,rDMO82BLcJOvOTCns9Vre8TWQaJG0Jbu,,0
1742585951961,cbs,1,11,jaber1,1992775935,1992775935,120,108,119851,455739,363575,5.012,0.672,rDMO82BLcJOvOTCns9Vre8TWQaJG0Jbu,,0
1742585952161,cbs,1,11,jaber1,1992775935,1992775935,120,50,119851,520116,325436,4.767,0.672,rDMO82BLcJOvOTCns9Vre8TWQaJG0Jbu,,0
1742585952361,cbs,1,11,jaber1,1992775935,1992775935,114,29,119851,513451,338657,6.597,0.672,rDMO82BLcJOvOTCns9Vre8TWQaJG0Jbu,,0
1742585952562,cbs,1,11,jaber1,1992775935,1992775935,114,75,119851,518801,318382,6.418,0.672,rDMO82BLcJOvOTCns9Vre8TWQaJG0Jbu,,0
1742585952762,cbs,1,11,jaber1,1992775935,1992775935,114,112,119851,473935,318382,6.172,0.672,rDMO82BLcJOvOTCns9Vre8TWQaJG0Jbu,,0
1742585952962,cbs,1,11,jaber1,1992775935,1992775935,114,112,119851,450772,318382,6.172,0.672,rDMO82BLcJOvOTCns9Vre8TWQaJG0Jbu,,0
1742585953162,cbs,1,11,jaber1,1992775935,1992775935,116,115,119851,485770,318382,5.887,0.672,rDMO82BLcJOvOTCns9Vre8TWQaJG0Jbu,,0
1742585953362,cbs,1,11,jaber1,1992775935,1992775935,108,98,119851,506489,309277,5.674,0.672,rDMO82BLcJOvOTCns9Vre8TWQaJG0Jbu,,0
1742585953563,cbs,1,11,jaber1,1992775935,1992775935,108,56,119851,549118,296316,5.419,0.672,rDMO82BLcJOvOTCns9Vre8TWQaJG0Jbu,,0
1742585953763,cbs,1,11,jaber1,1992775935,1992775935,108,18,119851,579104,271631,5.175,0.672,rDMO82BLcJOvOTCns9Vre8TWQaJG0Jbu,,0
1742585953963,cbs,1,11,jaber1,1992775935,1992775935,108,18,119851,569174,267766,7.017,0.672,rDMO82BLcJOvOTCns9Vre8TWQaJG0Jbu,,0
1742585954163,cbs,1,11,jaber1,1992775935,1992775935,108,81,119851,569174,267766,6.924,0.672,rDMO82BLcJOvOTCns9Vre8TWQaJG0Jbu,,0
1742585954364,cbs,1,11,jaber1,1992775935,1992775935,108,108,119851,469424,267766,6.676,0.672,rDMO82BLcJOvOTCns9Vre8TWQaJG0Jbu,,0
1742585954564,cbs,1,11,jaber1,1992775935,1992775935,110,109,119851,444710,267766,6.421,0.672,rDMO82BLcJOvOTCns9Vre8TWQaJG0Jbu,,0
1742585954764,cbs,1,11,jaber1,1992775935,1992775935,108,108,119851,499960,267766,6.172,0.672,rDMO82BLcJOvOTCns9Vre8TWQaJG0Jbu,,0
1742585954964,cbs,1,11,jaber1,1992775935,1992775935,108,108,119851,500143,301316,5.946,0.672,rDMO82BLcJOvOTCns9Vre8TWQaJG0Jbu,,0
1742585955165,cbs,1,11,jaber1,1992775935,1992775935,108,77,119851,502295,279450,5.924,0.672,rDMO82BLcJOvOTCns9Vre8TWQaJG0Jbu,,0
1742585955365,cbs,1,11,jaber1,1992775935,1992775935,94,43,119851,521176,293656,5.598,0.672,rDMO82BLcJOvOTCns9Vre8TWQaJG0Jbu,,0
1742585955565,cbs,1,11,jaber1,1992775935,1992775935,100,0,119851,562558,272939,7.354,0.672,rDMO82BLcJOvOTCns9Vre8TWQaJG0Jbu,,0
1742585955765,cbs,1,11,jaber1,1992775935,1992775935,100,53,119851,562558,272939,7.174,0.672,rDMO82BLcJOvOTCns9Vre8TWQaJG0Jbu,,0
1742585955966,cbs,1,11,jaber1,1992775935,1992775935,98,94,119851,466406,272939,7.174,0.672,rDMO82BLcJOvOTCns9Vre8TWQaJG0Jbu,,0
1742585956166,cbs,1,11,jaber1,1992775935,1992775935,98,97,119851,392560,272939,6.926,0.672,rDMO82BLcJOvOTCns9Vre8TWQaJG0Jbu,,0
1742585956366,cbs,1,11,jaber1,1992775935,1992775935,98,97,119851,426881,272939,6.650,0.672,rDMO82BLcJOvOTCns9Vre8TWQaJG0Jbu,,0
1742585956566,cbs,1,11,jaber1,1992775935,1992775935,98,96,119851,448018,293978,6.428,0.672,rDMO82BLcJOvOTCns9Vre8TWQaJG0Jbu,,0
1742585956767,cbs,1,11,jaber1,1992775935,1992775935,98,96,119851,487819,259028,6.174,0.672,rDMO82BLcJOvOTCns9Vre8TWQaJG0Jbu,,0
1742585956967,cbs,1,11,jaber1,1992775935,1992775935,100,96,119851,501994,262868,6.174,0.672,rDMO82BLcJOvOTCns9Vre8TWQaJG0Jbu,,0
1742585957167,cbs,1,11,jaber1,1992775935,1992775935,98,58,119851,510434,278029,5.933,0.672,rDMO82BLcJOvOTCns9Vre8TWQaJG0Jbu,,0
1742585957367,cbs,1,11,jaber1,1992775935,1992775935,98,31,119851,520752,241107,5.698,0.672,rDMO82BLcJOvOTCns9Vre8TWQaJG0Jbu,,0
1742585957568,cbs,1,11,jaber1,1992775935,1992775935,84,38,119851,521314,264475,7.448,0.672,rDMO82BLcJOvOTCns9Vre8TWQaJG0Jbu,,0
1742585957768,cbs,1,11,jaber1,1992775935,1992775935,84,79,119851,482148,264475,7.196,0.672,rDMO82BLcJOvOTCns9Vre8TWQaJG0Jbu,,0
1742585957968,cbs,1,11,jaber1,1992775935,1992775935,84,82,119851,406313,264475,7.196,0.672,rDMO82BLcJOvOTCns9Vre8TWQaJG0Jbu,,0
1742585958168,cbs,1,11,jaber1,1992775935,1992775935,86,86,119851,410010,264475,6.803,0.672,rDMO82BLcJOvOTCns9Vre8TWQaJG0Jbu,,0
1742585958369,cbs,1,11,jaber1,1992775935,1992775935,74,70,119851,411705,276978,6.700,0.672,rDMO82BLcJOvOTCns9Vre8TWQaJG0Jbu,,0
1742585958569,cbs,1,11,jaber1,1992775935,1992775935,74,23,119851,432366,275046,6.404,0.672,rDMO82BLcJOvOTCns9Vre8TWQaJG0Jbu,,0
1742585958769,cbs,1,11,jaber1,1992775935,1992775935,74,4,119851,431515,247923,8.198,0.672,rDMO82BLcJOvOTCns9Vre8TWQaJG0Jbu,,0
1742585958969,cbs,1,11,jaber1,1992775935,1992775935,74,49,119851,431515,247923,8.198,0.672,rDMO82BLcJOvOTCns9Vre8TWQaJG0Jbu,,0
1742585959170,cbs,1,11,jaber1,1992775935,1992775935,4,37,119851,317184,247923,7.950,0.672,rDMO82BLcJOvOTCns9Vre8TWQaJG0Jbu,,0
1742585959370,cbs,1,11,jaber1,1992775935,1992775935,4,4,119851,282451,306685,7.702,0.672,rDMO82BLcJOvOTCns9Vre8TWQaJG0Jbu,,0
1742585959570,cbs,1,11,jaber1,1992775935,1992775935,4,4,119851,260886,306685,7.454,0.672,rDMO82BLcJOvOTCns9Vre8TWQaJG0Jbu,,0
1742585959770,cbs,1,11,jaber1,1992775935,1992775935,60,26,89023,163985,306685,7.198,0.672,rDMO82BLcJOvOTCns9Vre8TWQaJG0Jbu,,0
1742585959971,cbs,1,11,jaber1,1992775935,1992775935,66,29,89023,122610,299334,7.198,0.672,rDMO82BLcJOvOTCns9Vre8TWQaJG0Jbu,,0
1742585960171,cbs,1,11,jaber1,1992775935,1992775935,66,35,89023,141784,274924,6.887,0.672,rDMO82BLcJOvOTCns9Vre8TWQaJG0Jbu,,0
1742585960371,cbs,1,11,jaber1,1992775935,1992775935,66,48,89023,178054,301056,6.702,0.672,rDMO82BLcJOvOTCns9Vre8TWQaJG0Jbu,,0
1742585960571,cbs,1,11,jaber1,1992775935,1992775935,66,49,89023,196299,274843,6.455,0.672,rDMO82BLcJOvOTCns9Vre8TWQaJG0Jbu,,0
1742585960772,cbs,1,11,jaber1,1992775935,1992775935,66,58,89023,225815,283526,6.202,0.672,rDMO82BLcJOvOTCns9Vre8TWQaJG0Jbu,,0
1742585960972,cbs,1,11,jaber1,1992775935,1992775935,66,55,89023,256452,302450,6.124,0.672,rDMO82BLcJOvOTCns9Vre8TWQaJG0Jbu,,0
1742585961172,cbs,1,11,jaber1,1992775935,1992775935,66,60,89023,287925,311497,5.774,0.672,rDMO82BLcJOvOTCns9Vre8TWQaJG0Jbu,,0
1742585961372,cbs,1,11,jaber1,1992775935,1992775935,66,66,89023,303246,233260,5.702,0.672,rDMO82BLcJOvOTCns9Vre8TWQaJG0Jbu,,0
1742585961573,cbs,1,11,jaber1,1992775935,1992775935,66,65,89023,324618,263781,5.427,0.672,rDMO82BLcJOvOTCns9Vre8TWQaJG0Jbu,,0
1742585961773,cbs,1,11,jaber1,1992775935,1992775935,66,66,89023,309290,264305,5.203,0.672,rDMO82BLcJOvOTCns9Vre8TWQaJG0Jbu,,0
1742585961973,cbs,1,11,jaber1,1992775935,1992775935,66,26,89023,317568,280723,6.974,0.672,rDMO82BLcJOvOTCns9Vre8TWQaJG0Jbu,,0
1742585962173,cbs,1,11,jaber1,1992775935,1992775935,64,44,89023,336310,263253,6.803,0.672,rDMO82BLcJOvOTCns9Vre8TWQaJG0Jbu,,0
1742585962374,cbs,1,11,jaber1,1992775935,1992775935,64,59,89023,305720,263253,6.704,0.672,rDMO82BLcJOvOTCns9Vre8TWQaJG0Jbu,,0
1742585962574,cbs,1,11,jaber1,1992775935,1992775935,64,63,89023,309815,263253,6.456,0.672,rDMO82BLcJOvOTCns9Vre8TWQaJG0Jbu,,0
1742585962774,cbs,1,11,jaber1,1992775935,1992775935,64,63,89023,313902,273333,6.200,0.672,rDMO82BLcJOvOTCns9Vre8TWQaJG0Jbu,,0
1742585962974,cbs,1,11,jaber1,1992775935,1992775935,66,62,89023,317026,273213,6.200,0.672,rDMO82BLcJOvOTCns9Vre8TWQaJG0Jbu,,0
1742585963175,cbs,1,11,jaber1,1992775935,1992775935,64,64,89023,316430,262402,5.938,0.672,rDMO82BLcJOvOTCns9Vre8TWQaJG0Jbu,,0
1742585963375,cbs,1,11,jaber1,1992775935,1992775935,64,61,89023,345392,256799,5.704,0.672,rDMO82BLcJOvOTCns9Vre8TWQaJG0Jbu,,0
1742585963575,cbs,1,11,jaber1,1992775935,1992775935,64,44,89023,380096,233629,5.449,0.672,rDMO82BLcJOvOTCns9Vre8TWQaJG0Jbu,,0
1742585963775,cbs,1,11,jaber1,1992775935,1992775935,64,6,89023,370176,243227,5.205,0.672,rDMO82BLcJOvOTCns9Vre8TWQaJG0Jbu,,0
1742585963976,cbs,1,11,jaber1,1992775935,1992775935,64,26,89023,377244,224302,7.095,0.672,rDMO82BLcJOvOTCns9Vre8TWQaJG0Jbu,,0
1742585964176,cbs,1,11,jaber1,1992775935,1992775935,62,60,89023,283616,224302,6.955,0.672,rDMO82BLcJOvOTCns9Vre8TWQaJG0Jbu,,0
1742585964376,cbs,1,11,jaber1,1992775935,1992775935,62,55,89023,274749,224302,6.707,0.672,rDMO82BLcJOvOTCns9Vre8TWQaJG0Jbu,,0
1742585964576,cbs,1,11,jaber1,1992775935,1992775935,62,62,89023,289090,269401,6.450,0.672,rDMO82BLcJOvOTCns9Vre8TWQaJG0Jbu,,0
1742585964777,cbs,1,11,jaber1,1992775935,1992775935,62,59,89023,297022,285799,6.208,0.672,rDMO82BLcJOvOTCns9Vre8TWQaJG0Jbu,,0
1742585964977,cbs,1,11,jaber1,1992775935,1992775935,60,56,89023,327420,251238,6.127,0.672,rDMO82BLcJOvOTCns9Vre8TWQaJG0Jbu,,0
1742585965177,cbs,1,11,jaber1,1992775935,1992775935,60,59,89023,335151,265357,5.955,0.672,rDMO82BLcJOvOTCns9Vre8TWQaJG0Jbu,,0
1742585965377,cbs,1,11,jaber1,1992775935,1992775935,60,59,89023,324997,225586,5.706,0.672,rDMO82BLcJOvOTCns9Vre8TWQaJG0Jbu,,0
1742585965578,cbs,1,11,jaber1,1992775935,1992775935,62,38,89023,336821,235466,5.452,0.672,rDMO82BLcJOvOTCns9Vre8TWQaJG0Jbu,,0
1742585965778,cbs,1,11,jaber1,1992775935,1992775935,60,28,89023,348759,242245,7.208,0.672,rDMO82BLcJOvOTCns9Vre8TWQaJG0Jbu,,0
1742585965978,cbs,1,11,jaber1,1992775935,1992775935,60,57,89023,332624,227232,7.140,0.672,rDMO82BLcJOvOTCns9Vre8TWQaJG0Jbu,,0
1742585966178,cbs,1,11,jaber1,1992775935,1992775935,60,59,89023,313010,227232,6.959,0.672,rDMO82BLcJOvOTCns9Vre8TWQaJG0Jbu,,0
1742585966379,cbs,1,11,jaber1,1992775935,1992775935,60,54,89023,282029,282071,6.634,0.672,rDMO82BLcJOvOTCns9Vre8TWQaJG0Jbu,,0
1742585966579,cbs,1,11,jaber1,1992775935,1992775935,60,48,89023,289322,269907,6.452,0.672,rDMO82BLcJOvOTCns9Vre8TWQaJG0Jbu,,0
1742585966779,cbs,1,11,jaber1,1992775935,1992775935,62,52,89023,293005,280927,6.204,0.672,rDMO82BLcJOvOTCns9Vre8TWQaJG0Jbu,,0
1742585966979,cbs,1,11,jaber1,1992775935,1992775935,62,53,89023,264599,239038,6.204,0.672,rDMO82BLcJOvOTCns9Vre8TWQaJG0Jbu,,0
1742585967180,cbs,1,11,jaber1,1992775935,1992775935,62,44,89023,283395,265793,5.899,0.672,rDMO82BLcJOvOTCns9Vre8TWQaJG0Jbu,,0
1742585967380,cbs,1,11,jaber1,1992775935,1992775935,64,12,89023,287907,272868,5.728,0.672,rDMO82BLcJOvOTCns9Vre8TWQaJG0Jbu,,0
1742585967580,cbs,1,11,jaber1,1992775935,1992775935,62,30,89023,222152,259402,7.475,0.672,rDMO82BLcJOvOTCns9Vre8TWQaJG0Jbu,,0
1742585967780,cbs,1,11,jaber1,1992775935,1992775935,58,33,89023,156896,265539,7.226,0.672,rDMO82BLcJOvOTCns9Vre8TWQaJG0Jbu,,0
1742585967981,cbs,1,11,jaber1,1992775935,1992775935,64,28,89023,130212,298791,7.020,0.672,rDMO82BLcJOvOTCns9Vre8TWQaJG0Jbu,,0
1742585968181,cbs,1,11,jaber1,1992775935,1992775935,64,35,89023,149151,282233,7.020,0.672,rDMO82BLcJOvOTCns9Vre8TWQaJG0Jbu,,0
1742585968381,cbs,1,11,jaber1,1992775935,1992775935,64,43,89023,182411,281971,6.753,0.672,rDMO82BLcJOvOTCns9Vre8TWQaJG0Jbu,,0
1742585968581,cbs,1,11,jaber1,1992775935,1992775935,64,49,89023,223477,254574,6.523,0.672,rDMO82BLcJOvOTCns9Vre8TWQaJG0Jbu,,0
1742585968782,cbs,1,11,jaber1,1992775935,1992775935,64,29,89023,213995,289905,6.266,0.672,rDMO82BLcJOvOTCns9Vre8TWQaJG0Jbu,,0
1742585968982,cbs,1,11,jaber1,1992775935,1992775935,64,12,89023,235080,272362,8.040,0.672,rDMO82BLcJOvOTCns9Vre8TWQaJG0Jbu,,0
1742585969182,cbs,1,11,jaber1,1992775935,1992775935,64,39,89023,184200,272362,8.040,0.672,rDMO82BLcJOvOTCns9Vre8TWQaJG0Jbu,,0
1742585969382,cbs,1,11,jaber1,1992775935,1992775935,64,44,89023,193195,274825,7.792,0.672,rDMO82BLcJOvOTCns9Vre8TWQaJG0Jbu,,0
1742585969583,cbs,1,11,jaber1,1992775935,1992775935,64,51,89023,214068,281921,7.543,0.672,rDMO82BLcJOvOTCns9Vre8TWQaJG0Jbu,,0
1742585969783,cbs,1,11,jaber1,1992775935,1992775935,4,44,89023,238933,261114,7.293,0.672,rDMO82BLcJOvOTCns9Vre8TWQaJG0Jbu,,0
1742585969983,cbs,1,11,jaber1,1992775935,1992775935,4,3,89023,280514,321630,7.047,0.672,rDMO82BLcJOvOTCns9Vre8TWQaJG0Jbu,,0
1742585970183,cbs,1,11,jaber1,1992775935,1992775935,4,4,89023,260693,321630,7.047,0.672,rDMO82BLcJOvOTCns9Vre8TWQaJG0Jbu,,0
1742585970384,cbs,1,11,jaber1,1992775935,1992775935,62,32,89023,200018,321630,6.792,0.672,rDMO82BLcJOvOTCns9Vre8TWQaJG0Jbu,,0
1742585970584,cbs,1,11,jaber1,1992775935,1992775935,66,23,89023,103985,327495,6.543,0.672,rDMO82BLcJOvOTCns9Vre8TWQaJG0Jbu,,0
1742585970784,cbs,1,11,jaber1,1992775935,1992775935,70,26,89023,99588,358866,8.272,0.672,rDMO82BLcJOvOTCns9Vre8TWQaJG0Jbu,,0
1742585970984,cbs,1,11,jaber1,1992775935,1992775935,68,30,89023,130222,349367,8.065,0.672,rDMO82BLcJOvOTCns9Vre8TWQaJG0Jbu,,0
1742585971185,cbs,1,11,jaber1,1992775935,1992775935,78,43,89023,121236,287337,7.864,0.672,rDMO82BLcJOvOTCns9Vre8TWQaJG0Jbu,,0
1742585971385,cbs,1,11,jaber1,1992775935,1992775935,78,53,89023,141421,369833,7.815,0.672,rDMO82BLcJOvOTCns9Vre8TWQaJG0Jbu,,0
1742585971585,cbs,1,11,jaber1,1992775935,1992775935,80,78,89023,215670,246144,7.569,0.672,rDMO82BLcJOvOTCns9Vre8TWQaJG0Jbu,,0
1742585971785,cbs,1,11,jaber1,1992775935,1992775935,78,70,89023,247302,367478,7.286,0.672,rDMO82BLcJOvOTCns9Vre8TWQaJG0Jbu,,0
1742585971986,cbs,1,11,jaber1,1992775935,1992775935,78,28,89023,303153,310334,7.064,0.672,rDMO82BLcJOvOTCns9Vre8TWQaJG0Jbu,,0
1742585972186,cbs,1,11,jaber1,1992775935,1992775935,78,10,89023,345298,306664,8.915,0.672,rDMO82BLcJOvOTCns9Vre8TWQaJG0Jbu,,0
1742585972386,cbs,1,11,jaber1,1992775935,1992775935,78,61,89023,262881,306664,8.816,0.672,rDMO82BLcJOvOTCns9Vre8TWQaJG0Jbu,,0
1742585972586,cbs,1,11,jaber1,1992775935,1992775935,80,80,89023,235688,306664,8.570,0.672,rDMO82BLcJOvOTCns9Vre8TWQaJG0Jbu,,0
1742585972787,cbs,1,11,jaber1,1992775935,1992775935,78,64,89023,290525,361130,8.315,0.672,rDMO82BLcJOvOTCns9Vre8TWQaJG0Jbu,,0
1742585972987,cbs,1,11,jaber1,1992775935,1992775935,78,77,89023,310864,363659,8.084,0.672,rDMO82BLcJOvOTCns9Vre8TWQaJG0Jbu,,0
1742585973187,cbs,1,11,jaber1,1992775935,1992775935,78,78,89023,344083,257991,8.072,0.672,rDMO82BLcJOvOTCns9Vre8TWQaJG0Jbu,,0
1742585973387,cbs,1,11,jaber1,1992775935,1992775935,78,77,89023,366510,288173,7.723,0.672,rDMO82BLcJOvOTCns9Vre8TWQaJG0Jbu,,0
1742585973588,cbs,1,11,jaber1,1992775935,1992775935,78,50,89023,403560,282690,7.593,0.672,rDMO82BLcJOvOTCns9Vre8TWQaJG0Jbu,,0
1742585973788,cbs,1,11,jaber1,1992775935,1992775935,76,37,89023,417118,253196,9.334,0.672,rDMO82BLcJOvOTCns9Vre8TWQaJG0Jbu,,0
1742585973988,cbs,1,11,jaber1,1992775935,1992775935,76,75,89023,423066,254472,9.088,0.672,rDMO82BLcJOvOTCns9Vre8TWQaJG0Jbu,,0
1742585974188,cbs,1,11,jaber1,1992775935,1992775935,78,78,89023,350185,254472,9.088,0.672,rDMO82BLcJOvOTCns9Vre8TWQaJG0Jbu,,0
1742585974389,cbs,1,11,jaber1,1992775935,1992775935,78,78,89023,401975,254472,8.714,0.672,rDMO82BLcJOvOTCns9Vre8TWQaJG0Jbu,,0
1742585974589,cbs,1,11,jaber1,1992775935,1992775935,74,70,89023,388749,280717,8.589,0.672,rDMO82BLcJOvOTCns9Vre8TWQaJG0Jbu,,0
1742585974789,cbs,1,11,jaber1,1992775935,1992775935,74,73,89023,418567,253887,8.302,0.672,rDMO82BLcJOvOTCns9Vre8TWQaJG0Jbu,,0
1742585974989,cbs,1,11,jaber1,1992775935,1992775935,74,69,89023,421105,233414,8.109,0.672,rDMO82BLcJOvOTCns9Vre8TWQaJG0Jbu,,0
1742585975190,cbs,1,11,jaber1,1992775935,1992775935,74,71,89023,421850,236708,7.904,0.672,rDMO82BLcJOvOTCns9Vre8TWQaJG0Jbu,,0
1742585975390,cbs,1,11,jaber1,1992775935,1992775935,74,72,89023,416972,242148,7.858,0.672,rDMO82BLcJOvOTCns9Vre8TWQaJG0Jbu,,0
1742585975590,cbs,1,11,jaber1,1992775935,1992775935,74,73,89023,407766,246036,7.610,0.672,rDMO82BLcJOvOTCns9Vre8TWQaJG0Jbu,,0
1742585975791,cbs,1,11,jaber1,1992775935,1992775935,74,55,89023,412205,254712,7.354,0.672,rDMO82BLcJOvOTCns9Vre8TWQaJG0Jbu,,0
1742585975991,cbs,1,11,jaber1,1992775935,1992775935,74,18,89023,427948,218525,7.111,0.672,rDMO82BLcJOvOTCns9Vre8TWQaJG0Jbu,,0
1742585976191,cbs,1,11,jaber1,1992775935,1992775935,75,18,89023,433568,215451,8.984,0.672,rDMO82BLcJOvOTCns9Vre8TWQaJG0Jbu,,0
1742585976391,cbs,1,11,jaber1,1992775935,1992775935,75,71,89023,433568,215451,8.860,0.672,rDMO82BLcJOvOTCns9Vre8TWQaJG0Jbu,,0
1742585976591,cbs,1,11,jaber1,1992775935,1992775935,74,69,89023,337894,215451,8.613,0.672,rDMO82BLcJOvOTCns9Vre8TWQaJG0Jbu,,0
1742585976792,cbs,1,11,jaber1,1992775935,1992775935,74,74,89023,344391,215451,8.353,0.672,rDMO82BLcJOvOTCns9Vre8TWQaJG0Jbu,,0
1742585976992,cbs,1,11,jaber1,1992775935,1992775935,74,74,89023,356343,261024,8.108,0.672,rDMO82BLcJOvOTCns9Vre8TWQaJG0Jbu,,0
1742585977192,cbs,1,11,jaber1,1992775935,1992775935,64,73,89023,361049,280602,8.010,0.672,rDMO82BLcJOvOTCns9Vre8TWQaJG0Jbu,,0
1742585977392,cbs,1,11,jaber1,1992775935,1992775935,62,58,89023,376430,263448,7.880,0.672,rDMO82BLcJOvOTCns9Vre8TWQaJG0Jbu,,0
1742585977593,cbs,1,11,jaber1,1992775935,1992775935,62,62,89023,402252,227620,7.602,0.672,rDMO82BLcJOvOTCns9Vre8TWQaJG0Jbu,,0
1742585977793,cbs,1,11,jaber1,1992775935,1992775935,62,62,89023,381205,225112,7.382,0.672,rDMO82BLcJOvOTCns9Vre8TWQaJG0Jbu,,0
1742585977993,cbs,1,11,jaber1,1992775935,1992775935,64,63,89023,389518,198665,7.129,0.672,rDMO82BLcJOvOTCns9Vre8TWQaJG0Jbu,,0
1742585978193,cbs,1,11,jaber1,1992775935,1992775935,62,53,89023,392305,230023,7.053,0.672,rDMO82BLcJOvOTCns9Vre8TWQaJG0Jbu,,0
1742585978394,cbs,1,11,jaber1,1992775935,1992775935,62,62,89023,369095,227671,6.880,0.672,rDMO82BLcJOvOTCns9Vre8TWQaJG0Jbu,,0
1742585978594,cbs,1,11,jaber1,1992775935,1992775935,62,62,89023,362304,204974,6.634,0.672,rDMO82BLcJOvOTCns9Vre8TWQaJG0Jbu,,0
1742585978794,cbs,1,11,jaber1,1992775935,1992775935,64,63,89023,347536,237368,6.376,0.672,rDMO82BLcJOvOTCns9Vre8TWQaJG0Jbu,,0
1742585978994,cbs,1,11,jaber1,1992775935,1992775935,62,55,89023,331421,241538,6.137,0.672,rDMO82BLcJOvOTCns9Vre8TWQaJG0Jbu,,0
1742585979195,cbs,1,11,jaber1,1992775935,1992775935,62,26,89023,314245,268320,6.137,0.672,rDMO82BLcJOvOTCns9Vre8TWQaJG0Jbu,,0
1742585979395,cbs,1,11,jaber1,1992775935,1992775935,62,14,89023,292898,237652,7.827,0.672,rDMO82BLcJOvOTCns9Vre8TWQaJG0Jbu,,0
1742585979595,cbs,1,11,jaber1,1992775935,1992775935,58,26,89023,146172,257224,7.656,0.672,rDMO82BLcJOvOTCns9Vre8TWQaJG0Jbu,,0
1742585979795,cbs,1,11,jaber1,1992775935,1992775935,58,37,89023,154805,223800,7.403,0.672,rDMO82BLcJOvOTCns9Vre8TWQaJG0Jbu,,0
1742585979996,cbs,1,11,jaber1,1992775935,1992775935,62,37,89023,159064,288186,7.154,0.672,rDMO82BLcJOvOTCns9Vre8TWQaJG0Jbu,,0
1742585980196,cbs,1,11,jaber1,1992775935,1992775935,62,43,89023,185550,289108,6.949,0.672,rDMO82BLcJOvOTCns9Vre8TWQaJG0Jbu,,0
1742585980396,cbs,1,11,jaber1,1992775935,1992775935,62,54,89023,212184,283045,6.902,0.672,rDMO82BLcJOvOTCns9Vre8TWQaJG0Jbu,,0
1742585980596,cbs,1,11,jaber1,1992775935,1992775935,62,62,89023,232844,291834,6.648,0.672,rDMO82BLcJOvOTCns9Vre8TWQaJG0Jbu,,0
1742585980797,cbs,1,11,jaber1,1992775935,1992775935,4,26,89023,263719,298673,6.398,0.672,rDMO82BLcJOvOTCns9Vre8TWQaJG0Jbu,,0
1742585980997,cbs,1,11,jaber1,1992775935,1992775935,4,4,89023,283252,244626,6.154,0.672,rDMO82BLcJOvOTCns9Vre8TWQaJG0Jbu,,0
1742585981197,cbs,1,11,jaber1,1992775935,1992775935,78,18,89023,261775,244626,6.154,0.672,rDMO82BLcJOvOTCns9Vre8TWQaJG0Jbu,,0
1742585981397,cbs,1,11,jaber1,1992775935,1992775935,76,28,89023,136963,332856,5.922,0.672,rDMO82BLcJOvOTCns9Vre8TWQaJG0Jbu,,0
1742585981598,cbs,1,11,jaber1,1992775935,1992775935,74,41,89023,153160,270168,5.596,0.672,rDMO82BLcJOvOTCns9Vre8TWQaJG0Jbu,,0
1742585981798,cbs,1,11,jaber1,1992775935,1992775935,76,44,89023,185509,279039,5.424,0.672,rDMO82BLcJOvOTCns9Vre8TWQaJG0Jbu,,0
1742585981998,cbs,1,11,jaber1,1992775935,1992775935,76,54,89023,213307,233470,5.175,0.672,rDMO82BLcJOvOTCns9Vre8TWQaJG0Jbu,,0
1742585982198,cbs,1,11,jaber1,1992775935,1992775935,76,25,89023,236176,289496,6.974,0.672,rDMO82BLcJOvOTCns9Vre8TWQaJG0Jbu,,0
1742585982399,cbs,1,11,jaber1,1992775935,1992775935,76,46,89023,246049,289560,6.850,0.672,rDMO82BLcJOvOTCns9Vre8TWQaJG0Jbu,,0
1742585982599,cbs,1,11,jaber1,1992775935,1992775935,76,59,89023,230389,289560,6.673,0.672,rDMO82BLcJOvOTCns9Vre8TWQaJG0Jbu,,0
1742585982799,cbs,1,11,jaber1,1992775935,1992775935,76,56,89023,249797,315398,6.411,0.672,rDMO82BLcJOvOTCns9Vre8TWQaJG0Jbu,,0
1742585982999,cbs,1,11,jaber1,1992775935,1992775935,76,68,89023,285392,281930,6.179,0.672,rDMO82BLcJOvOTCns9Vre8TWQaJG0Jbu,,0
1742585983200,cbs,1,11,jaber1,1992775935,1992775935,76,74,89023,304883,271841,6.037,0.672,rDMO82BLcJOvOTCns9Vre8TWQaJG0Jbu,,0
1742585983400,cbs,1,11,jaber1,1992775935,1992775935,78,77,89023,328730,281508,5.924,0.672,rDMO82BLcJOvOTCns9Vre8TWQaJG0Jbu,,0
1742585983600,cbs,1,11,jaber1,1992775935,1992775935,76,74,89023,359314,279845,5.677,0.672,rDMO82BLcJOvOTCns9Vre8TWQaJG0Jbu,,0
1742585983800,cbs,1,11,jaber1,1992775935,1992775935,76,74,89023,383789,287858,5.423,0.672,rDMO82BLcJOvOTCns9Vre8TWQaJG0Jbu,,0
1742585984001,cbs,1,11,jaber1,1992775935,1992775935,76,74,89023,395380,271859,5.176,0.672,rDMO82BLcJOvOTCns9Vre8TWQaJG0Jbu,,0
1742585984201,cbs,1,11,jaber1,1992775935,1992775935,76,74,89023,406085,254224,5.176,0.672,rDMO82BLcJOvOTCns9Vre8TWQaJG0Jbu,,0
1742585984401,cbs,1,11,jaber1,1992775935,1992775935,78,74,89023,407548,259577,4.867,0.672,rDMO82BLcJOvOTCns9Vre8TWQaJG0Jbu,,0
1742585984601,cbs,1,11,jaber1,1992775935,1992775935,70,47,89023,441843,220437,4.669,0.672,rDMO82BLcJOvOTCns9Vre8TWQaJG0Jbu,,0
1742585984802,cbs,1,11,jaber1,1992775935,1992775935,70,16,89023,441484,218067,4.431,0.672,rDMO82BLcJOvOTCns9Vre8TWQaJG0Jbu,,0
1742585985002,cbs,1,11,jaber1,1992775935,1992775935,70,32,89023,450499,242575,6.175,0.672,rDMO82BLcJOvOTCns9Vre8TWQaJG0Jbu,,0
1742585985202,cbs,1,11,jaber1,1992775935,1992775935,70,67,89023,362600,242575,6.175,0.672,rDMO82BLcJOvOTCns9Vre8TWQaJG0Jbu,,0
1742585985402,cbs,1,11,jaber1,1992775935,1992775935,70,70,89023,327804,242575,5.926,0.672,rDMO82BLcJOvOTCns9Vre8TWQaJG0Jbu,,0
1742585985603,cbs,1,11,jaber1,1992775935,1992775935,72,72,89023,339119,287741,5.643,0.672,rDMO82BLcJOvOTCns9Vre8TWQaJG0Jbu,,0
1742585985803,cbs,1,11,jaber1,1992775935,1992775935,70,70,89023,360062,287897,5.423,0.672,rDMO82BLcJOvOTCns9Vre8TWQaJG0Jbu,,0
1742585986003,cbs,1,11,jaber1,1992775935,1992775935,74,70,89023,361157,266953,5.182,0.672,rDMO82BLcJOvOTCns9Vre8TWQaJG0Jbu,,0
1742585986204,cbs,1,11,jaber1,1992775935,1992775935,74,72,89023,375089,231975,5.182,0.672,rDMO82BLcJOvOTCns9Vre8TWQaJG0Jbu,,0
1742585986404,cbs,1,11,jaber1,1992775935,1992775935,74,70,89023,389483,253737,4.818,0.672,rDMO82BLcJOvOTCns9Vre8TWQaJG0Jbu,,0
1742585986604,cbs,1,11,jaber1,1992775935,1992775935,76,74,89023,393007,262745,4.678,0.672,rDMO82BLcJOvOTCns9Vre8TWQaJG0Jbu,,0
1742585986804,cbs,1,11,jaber1,1992775935,1992775935,74,65,89023,412250,246769,4.406,0.672,rDMO82BLcJOvOTCns9Vre8TWQaJG0Jbu,,0
1742585987004,cbs,1,11,jaber1,1992775935,1992775935,74,67,89023,425730,255211,4.179,0.672,rDMO82BLcJOvOTCns9Vre8TWQaJG0Jbu,,0
1742585987205,cbs,1,11,jaber1,1992775935,1992775935,74,70,89023,414535,234037,3.975,0.672,rDMO82BLcJOvOTCns9Vre8TWQaJG0Jbu,,0
1742585987405,cbs,1,11,jaber1,1992775935,1992775935,76,46,89023,423019,230168,3.926,0.672,rDMO82BLcJOvOTCns9Vre8TWQaJG0Jbu,,0
1742585987605,cbs,1,11,jaber1,1992775935,1992775935,76,30,89023,431990,243817,5.643,0.672,rDMO82BLcJOvOTCns9Vre8TWQaJG0Jbu,,0
1742585987805,cbs,1,11,jaber1,1992775935,1992775935,78,71,89023,425637,247471,5.424,0.672,rDMO82BLcJOvOTCns9Vre8TWQaJG0Jbu,,0
1742585988006,cbs,1,11,jaber1,1992775935,1992775935,76,76,89023,352060,247471,5.184,0.672,rDMO82BLcJOvOTCns9Vre8TWQaJG0Jbu,,0
1742585988206,cbs,1,11,jaber1,1992775935,1992775935,76,66,89023,385267,247471,4.977,0.672,rDMO82BLcJOvOTCns9Vre8TWQaJG0Jbu,,0
1742585988406,cbs,1,11,jaber1,1992775935,1992775935,72,72,89023,392010,276620,4.928,0.672,rDMO82BLcJOvOTCns9Vre8TWQaJG0Jbu,,0
1742585988606,cbs,1,11,jaber1,1992775935,1992775935,72,71,89023,388848,244567,4.555,0.672,rDMO82BLcJOvOTCns9Vre8TWQaJG0Jbu,,0
1742585988807,cbs,1,11,jaber1,1992775935,1992775935,74,72,89023,398185,259323,4.425,0.672,rDMO82BLcJOvOTCns9Vre8TWQaJG0Jbu,,0
1742585989007,cbs,1,11,jaber1,1992775935,1992775935,72,65,89023,420980,231841,4.179,0.672,rDMO82BLcJOvOTCns9Vre8TWQaJG0Jbu,,0
1742585989207,cbs,1,11,jaber1,1992775935,1992775935,72,39,89023,424110,249808,4.124,0.672,rDMO82BLcJOvOTCns9Vre8TWQaJG0Jbu,,0
1742585989407,cbs,1,11,jaber1,1992775935,1992775935,72,9,89023,422308,221309,3.928,0.672,rDMO82BLcJOvOTCns9Vre8TWQaJG0Jbu,,0
1742585989608,cbs,1,11,jaber1,1992775935,1992775935,72,28,89023,416913,224386,5.675,0.672,rDMO82BLcJOvOTCns9Vre8TWQaJG0Jbu,,0
1742585989808,cbs,1,11,jaber1,1992775935,1992775935,72,59,89023,353481,224386,5.426,0.672,rDMO82BLcJOvOTCns9Vre8TWQaJG0Jbu,,0
1742585990008,cbs,1,11,jaber1,1992775935,1992775935,74,60,89023,306669,224386,5.179,0.672,rDMO82BLcJOvOTCns9Vre8TWQaJG0Jbu,,0
1742585990208,cbs,1,11,jaber1,1992775935,1992775935,70,62,89023,329966,270267,5.025,0.672,rDMO82BLcJOvOTCns9Vre8TWQaJG0Jbu,,0
1742585990409,cbs,1,11,jaber1,1992775935,1992775935,70,68,89023,357366,233617,4.930,0.672,rDMO82BLcJOvOTCns9Vre8TWQaJG0Jbu,,0
1742585990609,cbs,1,11,jaber1,1992775935,1992775935,72,71,89023,361326,248771,4.624,0.672,rDMO82BLcJOvOTCns9Vre8TWQaJG0Jbu,,0
1742585990809,cbs,1,11,jaber1,1992775935,1992775935,72,72,89023,359546,253738,4.430,0.672,rDMO82BLcJOvOTCns9Vre8TWQaJG0Jbu,,0
1742585991009,cbs,1,11,jaber1,1992775935,1992775935,72,67,89023,366010,255927,4.184,0.672,rDMO82BLcJOvOTCns9Vre8TWQaJG0Jbu,,0
1742585991210,cbs,1,11,jaber1,1992775935,1992775935,70,65,89023,389595,254075,4.184,0.672,rDMO82BLcJOvOTCns9Vre8TWQaJG0Jbu,,0
1742585991410,cbs,1,11,jaber1,1992775935,1992775935,4,25,89023,397533,244469,5.797,0.672,rDMO82BLcJOvOTCns9Vre8TWQaJG0Jbu,,0
1742585991610,cbs,1,11,jaber1,1992775935,1992775935,4,4,89023,408789,237287,5.604,0.672,rDMO82BLcJOvOTCns9Vre8TWQaJG0Jbu,,0
1742585991810,cbs,1,11,jaber1,1992775935,1992775935,4,4,89023,408789,237287,5.448,0.672,rDMO82BLcJOvOTCns9Vre8TWQaJG0Jbu,,0
1742585992011,cbs,1,11,jaber1,1992775935,1992775935,78,34,89023,381230,237287,5.202,0.672,rDMO82BLcJOvOTCns9Vre8TWQaJG0Jbu,,0
1742585992211,cbs,1,11,jaber1,1992775935,1992775935,100,41,89023,210911,237287,5.202,0.672,rDMO82BLcJOvOTCns9Vre8TWQaJG0Jbu,,0
1742585992411,cbs,1,11,jaber1,1992775935,1992775935,102,63,89023,222743,215056,4.954,0.672,rDMO82BLcJOvOTCns9Vre8TWQaJG0Jbu,,0
1742585992611,cbs,1,11,jaber1,1992775935,1992775935,98,57,89023,256038,231131,4.704,0.672,rDMO82BLcJOvOTCns9Vre8TWQaJG0Jbu,,0
1742585992812,cbs,1,11,jaber1,1992775935,1992775935,112,46,89023,259917,276082,4.439,0.672,rDMO82BLcJOvOTCns9Vre8TWQaJG0Jbu,,0
1742585993012,cbs,1,11,jaber1,1992775935,1992775935,112,9,89023,271169,235731,4.204,0.672,rDMO82BLcJOvOTCns9Vre8TWQaJG0Jbu,,0
1742585993212,cbs,1,11,jaber1,1992775935,1992775935,112,30,89023,289248,229920,6.115,0.672,rDMO82BLcJOvOTCns9Vre8TWQaJG0Jbu,,0
1742585993412,cbs,1,11,jaber1,1992775935,1992775935,106,45,89023,202483,229920,5.974,0.672,rDMO82BLcJOvOTCns9Vre8TWQaJG0Jbu,,0
1742585993613,cbs,1,11,jaber1,1992775935,1992775935,106,56,89023,222439,276368,5.728,0.672,rDMO82BLcJOvOTCns9Vre8TWQaJG0Jbu,,0
1742585993813,cbs,1,11,jaber1,1992775935,1992775935,108,63,89023,244658,270695,5.470,0.672,rDMO82BLcJOvOTCns9Vre8TWQaJG0Jbu,,0
1742585994013,cbs,1,11,jaber1,1992775935,1992775935,106,75,89023,281288,286395,5.225,0.672,rDMO82BLcJOvOTCns9Vre8TWQaJG0Jbu,,0
1742585994213,cbs,1,11,jaber1,1992775935,1992775935,106,25,89023,321965,315328,5.225,0.672,rDMO82BLcJOvOTCns9Vre8TWQaJG0Jbu,,0
1742585994413,cbs,1,11,jaber1,1992775935,1992775935,110,14,89023,334655,302696,6.870,0.672,rDMO82BLcJOvOTCns9Vre8TWQaJG0Jbu,,0
1742585994614,cbs,1,11,jaber1,1992775935,1992775935,110,57,89023,288273,302696,6.721,0.672,rDMO82BLcJOvOTCns9Vre8TWQaJG0Jbu,,0
1742585994814,cbs,1,11,jaber1,1992775935,1992775935,110,68,89023,248620,302696,6.472,0.672,rDMO82BLcJOvOTCns9Vre8TWQaJG0Jbu,,0
1742585995014,cbs,1,11,jaber1,1992775935,1992775935,110,73,89023,272180,275592,6.229,0.672,rDMO82BLcJOvOTCns9Vre8TWQaJG0Jbu,,0
1742585995214,cbs,1,11,jaber1,1992775935,1992775935,110,76,89023,299030,298516,6.229,0.672,rDMO82BLcJOvOTCns9Vre8TWQaJG0Jbu,,0
1742585995415,cbs,1,11,jaber1,1992775935,1992775935,112,94,89023,329631,305015,5.972,0.672,rDMO82BLcJOvOTCns9Vre8TWQaJG0Jbu,,0
1742585995615,cbs,1,11,jaber1,1992775935,1992775935,110,66,89023,373621,295320,5.632,0.672,rDMO82BLcJOvOTCns9Vre8TWQaJG0Jbu,,0
1742585995815,cbs,1,11,jaber1,1992775935,1992775935,110,15,89023,413097,313467,7.433,0.672,rDMO82BLcJOvOTCns9Vre8TWQaJG0Jbu,,0
1742585996015,cbs,1,11,jaber1,1992775935,1992775935,110,49,89023,427655,297740,7.247,0.672,rDMO82BLcJOvOTCns9Vre8TWQaJG0Jbu,,0
1742585996216,cbs,1,11,jaber1,1992775935,1992775935,110,86,89023,381081,297740,7.247,0.672,rDMO82BLcJOvOTCns9Vre8TWQaJG0Jbu,,0
1742585996416,cbs,1,11,jaber1,1992775935,1992775935,110,93,89023,354272,297740,7.000,0.672,rDMO82BLcJOvOTCns9Vre8TWQaJG0Jbu,,0
1742585996616,cbs,1,11,jaber1,1992775935,1992775935,110,99,89023,381178,301847,6.752,0.672,rDMO82BLcJOvOTCns9Vre8TWQaJG0Jbu,,0
1742585996817,cbs,1,11,jaber1,1992775935,1992775935,110,105,89023,415221,301592,6.494,0.672,rDMO82BLcJOvOTCns9Vre8TWQaJG0Jbu,,0
1742585997017,cbs,1,11,jaber1,1992775935,1992775935,112,111,89023,438150,305507,6.252,0.672,rDMO82BLcJOvOTCns9Vre8TWQaJG0Jbu,,0
1742585997217,cbs,1,11,jaber1,1992775935,1992775935,110,102,89023,480613,295873,6.061,0.672,rDMO82BLcJOvOTCns9Vre8TWQaJG0Jbu,,0
1742585997417,cbs,1,11,jaber1,1992775935,1992775935,110,67,89023,516191,302618,5.999,0.672,rDMO82BLcJOvOTCns9Vre8TWQaJG0Jbu,,0
1742585997618,cbs,1,11,jaber1,1992775935,1992775935,110,36,89023,544970,276139,5.711,0.672,rDMO82BLcJOvOTCns9Vre8TWQaJG0Jbu,,0
1742585997818,cbs,1,11,jaber1,1992775935,1992775935,110,4,89023,559331,256775,5.499,0.672,rDMO82BLcJOvOTCns9Vre8TWQaJG0Jbu,,0
1742585998018,cbs,1,11,jaber1,1992775935,1992775935,110,42,89023,561374,266922,7.250,0.672,rDMO82BLcJOvOTCns9Vre8TWQaJG0Jbu,,0
1742585998218,cbs,1,11,jaber1,1992775935,1992775935,110,91,89023,561374,266922,7.250,0.672,rDMO82BLcJOvOTCns9Vre8TWQaJG0Jbu,,0
1742585998419,cbs,1,11,jaber1,1992775935,1992775935,110,99,89023,394311,266922,7.000,0.672,rDMO82BLcJOvOTCns9Vre8TWQaJG0Jbu,,0
1742585998619,cbs,1,11,jaber1,1992775935,1992775935,112,105,89023,423088,266922,6.671,0.672,rDMO82BLcJOvOTCns9Vre8TWQaJG0Jbu,,0
1742585998819,cbs,1,11,jaber1,1992775935,1992775935,108,108,89023,462326,267507,6.502,0.672,rDMO82BLcJOvOTCns9Vre8TWQaJG0Jbu,,0
1742585999019,cbs,1,11,jaber1,1992775935,1992775935,110,100,89023,475317,296890,6.250,0.672,rDMO82BLcJOvOTCns9Vre8TWQaJG0Jbu,,0
1742585999220,cbs,1,11,jaber1,1992775935,1992775935,110,109,89023,507609,313619,6.250,0.672,rDMO82BLcJOvOTCns9Vre8TWQaJG0Jbu,,0
1742585999420,cbs,1,11,jaber1,1992775935,1992775935,104,88,89023,521050,272147,5.964,0.672,rDMO82BLcJOvOTCns9Vre8TWQaJG0Jbu,,0
1742585999620,cbs,1,11,jaber1,1992775935,1992775935,104,51,89023,537674,269790,5.766,0.672,rDMO82BLcJOvOTCns9Vre8TWQaJG0Jbu,,0
1742585999820,cbs,1,11,jaber1,1992775935,1992775935,104,30,89023,558459,272598,7.521,0.672,rDMO82BLcJOvOTCns9Vre8TWQaJG0Jbu,,0
1742586000021,cbs,1,11,jaber1,1992775935,1992775935,104,63,89023,548954,270711,7.272,0.672,rDMO82BLcJOvOTCns9Vre8TWQaJG0Jbu,,0
1742586000221,cbs,1,11,jaber1,1992775935,1992775935,106,100,89023,495893,270711,7.272,0.672,rDMO82BLcJOvOTCns9Vre8TWQaJG0Jbu,,0
1742586000421,cbs,1,11,jaber1,1992775935,1992775935,104,104,89023,450750,270711,7.023,0.672,rDMO82BLcJOvOTCns9Vre8TWQaJG0Jbu,,0
1742586000621,cbs,1,11,jaber1,1992775935,1992775935,104,97,89023,475549,270711,6.712,0.672,rDMO82BLcJOvOTCns9Vre8TWQaJG0Jbu,,0
1742586000822,cbs,1,11,jaber1,1992775935,1992775935,104,93,89023,514138,301046,6.518,0.672,rDMO82BLcJOvOTCns9Vre8TWQaJG0Jbu,,0
1742586001022,cbs,1,11,jaber1,1992775935,1992775935,104,104,89023,512456,280713,6.271,0.672,rDMO82BLcJOvOTCns9Vre8TWQaJG0Jbu,,0
1742586001222,cbs,1,11,jaber1,1992775935,1992775935,104,90,89023,531467,260259,6.271,0.672,rDMO82BLcJOvOTCns9Vre8TWQaJG0Jbu,,0
1742586001422,cbs,1,11,jaber1,1992775935,1992775935,104,59,89023,552035,237732,5.934,0.672,rDMO82BLcJOvOTCns9Vre8TWQaJG0Jbu,,0
1742586001623,cbs,1,11,jaber1,1992775935,1992775935,104,26,89023,572439,245727,5.769,0.672,rDMO82BLcJOvOTCns9Vre8TWQaJG0Jbu,,0
1742586001823,cbs,1,11,jaber1,1992775935,1992775935,106,12,89023,586429,261518,7.512,0.672,rDMO82BLcJOvOTCns9Vre8TWQaJG0Jbu,,0
1742586002023,cbs,1,11,jaber1,1992775935,1992775935,106,57,89023,586429,261518,7.273,0.672,rDMO82BLcJOvOTCns9Vre8TWQaJG0Jbu,,0
1742586002223,cbs,1,11,jaber1,1992775935,1992775935,104,94,89023,502632,261518,7.273,0.672,rDMO82BLcJOvOTCns9Vre8TWQaJG0Jbu,,0
1742586002424,cbs,1,11,jaber1,1992775935,1992775935,104,87,89023,415537,261518,7.024,0.672,rDMO82BLcJOvOTCns9Vre8TWQaJG0Jbu,,0
1742586002624,cbs,1,11,jaber1,1992775935,1992775935,100,89,89023,441957,288318,6.746,0.672,rDMO82BLcJOvOTCns9Vre8TWQaJG0Jbu,,0
1742586002824,cbs,1,11,jaber1,1992775935,1992775935,100,94,89023,451481,283823,6.526,0.672,rDMO82BLcJOvOTCns9Vre8TWQaJG0Jbu,,0
