1742585056517,cbs,1,11,jaber1,1601009462,1601009462,11,0,259,37781,5474903,0.000,0.000,rxDIEqQgnUPsEzQKbi3jWDIEk55QJlkw,,0
1742585056717,cbs,1,11,jaber1,1601009462,1601009462,41,41,259,76606,666196,0.000,0.000,rxDIEqQgnUPsEzQKbi3jWDIEk55QJlkw,,0
1742585056918,cbs,1,11,jaber1,1601009462,1601009462,16,6,259,155810,365209,0.000,0.000,rxDIEqQgnUPsEzQKbi3jWDIEk55QJlkw,,0
1742585057118,cbs,1,11,jaber1,1601009462,1601009462,18,18,259,47007,714417,2.002,0.481,rxDIEqQgnUPsEzQKbi3jWDIEk55QJlkw,,0
1742585057318,cbs,1,11,jaber1,1601009462,1601009462,10,10,259,30216,716463,3.856,0.481,rxDIEqQgnUPsEzQKbi3jWDIEk55QJlkw,,0
1742585057518,cbs,1,11,jaber1,1601009462,1601009462,10,10,259,46283,221569,3.694,0.481,rxDIEqQgnUPsEzQKbi3jWDIEk55QJlkw,,0
1742585057718,cbs,1,11,jaber1,1601009462,1601009462,10,10,259,65067,161781,3.440,0.481,rxDIEqQgnUPsEzQKbi3jWDIEk55QJlkw,,0
1742585057919,cbs,1,11,jaber1,1601009462,1601009462,12,12,259,28155,629327,3.227,0.481,rxDIEqQgnUPsEzQKbi3jWDIEk55QJlkw,,0
1742585058119,cbs,1,11,jaber1,1601009462,1601009462,10,10,259,30875,197851,3.184,0.481,rxDIEqQgnUPsEzQKbi3jWDIEk55QJlkw,,0
1742585058319,cbs,1,11,jaber1,1601009462,1601009462,10,10,259,33417,674980,2.941,0.481,rxDIEqQgnUPsEzQKbi3jWDIEk55QJlkw,,0
1742585058519,cbs,1,11,jaber1,1601009462,1601009462,10,10,259,25130,598842,2.693,0.481,rxDIEqQgnUPsEzQKbi3jWDIEk55QJlkw,,0
1742585058719,cbs,1,11,jaber1,1601009462,1601009462,10,11,259,21034,597278,2.440,0.481,rxDIEqQgnUPsEzQKbi3jWDIEk55QJlkw,,0
1742585058920,cbs,1,11,jaber1,1601009462,1601009462,10,10,259,40320,494076,2.192,0.481,rxDIEqQgnUPsEzQKbi3jWDIEk55QJlkw,,0
1742585059120,cbs,1,11,jaber1,1601009462,1601009462,10,10,259,19516,714069,4.057,0.481,rxDIEqQgnUPsEzQKbi3jWDIEk55QJlkw,,0
1742585059320,cbs,1,11,jaber1,1601009462,1601009462,12,12,259,35062,203314,3.862,0.481,rxDIEqQgnUPsEzQKbi3jWDIEk55QJlkw,,0
1742585059520,cbs,1,11,jaber1,1601009462,1601009462,10,10,259,21010,714069,3.644,0.481,rxDIEqQgnUPsEzQKbi3jWDIEk55QJlkw,,0
1742585059720,cbs,1,11,jaber1,1601009462,1601009462,10,10,259,21224,556558,3.443,0.481,rxDIEqQgnUPsEzQKbi3jWDIEk55QJlkw,,0
1742585059921,cbs,1,11,jaber1,1601009462,1601009462,12,0,259,34914,218534,5.200,0.481,rxDIEqQgnUPsEzQKbi3jWDIEk55QJlkw,,0
1742585060121,cbs,1,11,jaber1,1601009462,1601009462,16,16,259,32198,717248,5.191,0.481,rxDIEqQgnUPsEzQKbi3jWDIEk55QJlkw,,0
1742585060321,cbs,1,11,jaber1,1601009462,1601009462,14,14,259,34496,421683,4.944,0.481,rxDIEqQgnUPsEzQKbi3jWDIEk55QJlkw,,0
1742585060521,cbs,1,11,jaber1,1601009462,1601009462,10,10,259,35914,301291,4.698,0.481,rxDIEqQgnUPsEzQKbi3jWDIEk55QJlkw,,0
1742585060722,cbs,1,11,jaber1,1601009462,1601009462,10,10,259,20422,705472,6.436,0.481,rxDIEqQgnUPsEzQKbi3jWDIEk55QJlkw,,0
1742585060922,cbs,1,11,jaber1,1601009462,1601009462,10,10,259,28519,511820,6.333,0.481,rxDIEqQgnUPsEzQKbi3jWDIEk55QJlkw,,0
1742585061122,cbs,1,11,jaber1,1601009462,1601009462,10,10,259,30985,302126,6.121,0.481,rxDIEqQgnUPsEzQKbi3jWDIEk55QJlkw,,0
1742585061322,cbs,1,11,jaber1,1601009462,1601009462,12,12,259,21769,708504,5.928,0.481,rxDIEqQgnUPsEzQKbi3jWDIEk55QJlkw,,0
1742585061522,cbs,1,11,jaber1,1601009462,1601009462,10,9,259,33314,280481,5.743,0.481,rxDIEqQgnUPsEzQKbi3jWDIEk55QJlkw,,0
1742585061723,cbs,1,11,jaber1,1601009462,1601009462,10,10,259,24370,550947,5.486,0.481,rxDIEqQgnUPsEzQKbi3jWDIEk55QJlkw,,0
1742585061923,cbs,1,11,jaber1,1601009462,1601009462,12,14,259,14720,723469,7.250,0.481,rxDIEqQgnUPsEzQKbi3jWDIEk55QJlkw,,0
1742585062123,cbs,1,11,jaber1,1601009462,1601009462,12,12,259,32378,364048,7.109,0.481,rxDIEqQgnUPsEzQKbi3jWDIEk55QJlkw,,0
1742585062323,cbs,1,11,jaber1,1601009462,1601009462,10,10,259,21926,716523,6.911,0.481,rxDIEqQgnUPsEzQKbi3jWDIEk55QJlkw,,0
1742585062523,cbs,1,11,jaber1,1601009462,1601009462,12,12,259,23532,388397,6.744,0.481,rxDIEqQgnUPsEzQKbi3jWDIEk55QJlkw,,0
1742585062724,cbs,1,11,jaber1,1601009462,1601009462,10,10,259,23603,706351,6.488,0.481,rxDIEqQgnUPsEzQKbi3jWDIEk55QJlkw,,0
1742585062924,cbs,1,11,jaber1,1601009462,1601009462,10,9,259,20894,715727,6.247,0.481,rxDIEqQgnUPsEzQKbi3jWDIEk55QJlkw,,0
1742585063124,cbs,1,11,jaber1,1601009462,1601009462,12,12,259,37369,341172,8.202,0.481,rxDIEqQgnUPsEzQKbi3jWDIEk55QJlkw,,0
1742585063324,cbs,1,11,jaber1,1601009462,1601009462,10,8,259,23934,599627,8.001,0.481,rxDIEqQgnUPsEzQKbi3jWDIEk55QJlkw,,0
1742585063525,cbs,1,11,jaber1,1601009462,1601009462,16,14,259,21488,718422,7.669,0.481,rxDIEqQgnUPsEzQKbi3jWDIEk55QJlkw,,0
1742585063725,cbs,1,11,jaber1,1601009462,1601009462,16,16,259,35202,612312,7.505,0.481,rxDIEqQgnUPsEzQKbi3jWDIEk55QJlkw,,0
1742585063925,cbs,1,11,jaber1,1601009462,1601009462,10,10,259,28300,703799,7.266,0.481,rxDIEqQgnUPsEzQKbi3jWDIEk55QJlkw,,0
1742585064125,cbs,1,11,jaber1,1601009462,1601009462,10,8,259,21270,715836,7.110,0.481,rxDIEqQgnUPsEzQKbi3jWDIEk55QJlkw,,0
1742585064325,cbs,1,11,jaber1,1601009462,1601009462,10,10,259,43833,160380,8.968,0.481,rxDIEqQgnUPsEzQKbi3jWDIEk55QJlkw,,0
1742585064526,cbs,1,11,jaber1,1601009462,1601009462,10,10,259,23535,701494,8.731,0.481,rxDIEqQgnUPsEzQKbi3jWDIEk55QJlkw,,0
1742585064726,cbs,1,11,jaber1,1601009462,1601009462,10,10,259,22985,541204,8.512,0.481,rxDIEqQgnUPsEzQKbi3jWDIEk55QJlkw,,0
1742585064926,cbs,1,11,jaber1,1601009462,1601009462,10,10,259,27294,649796,8.270,0.481,rxDIEqQgnUPsEzQKbi3jWDIEk55QJlkw,,0
1742585065126,cbs,1,11,jaber1,1601009462,1601009462,10,10,259,23850,714285,8.208,0.481,rxDIEqQgnUPsEzQKbi3jWDIEk55QJlkw,,0
1742585065327,cbs,1,11,jaber1,1601009462,1601009462,12,10,259,25211,656228,8.028,0.481,rxDIEqQgnUPsEzQKbi3jWDIEk55QJlkw,,0
1742585065527,cbs,1,11,jaber1,1601009462,1601009462,14,14,259,25907,696805,9.793,0.481,rxDIEqQgnUPsEzQKbi3jWDIEk55QJlkw,,0
1742585065727,cbs,1,11,jaber1,1601009462,1601009462,14,14,259,43320,490839,9.534,0.481,rxDIEqQgnUPsEzQKbi3jWDIEk55QJlkw,,0
1742585065927,cbs,1,11,jaber1,1601009462,1601009462,14,14,259,40141,474394,9.285,0.481,rxDIEqQgnUPsEzQKbi3jWDIEk55QJlkw,,0
1742585066127,cbs,1,11,jaber1,1601009462,1601009462,16,16,259,37877,300241,9.174,0.481,rxDIEqQgnUPsEzQKbi3jWDIEk55QJlkw,,0
1742585066328,cbs,1,11,jaber1,1601009462,1601009462,12,12,259,27462,649892,8.950,0.481,rxDIEqQgnUPsEzQKbi3jWDIEk55QJlkw,,0
1742585066528,cbs,1,11,jaber1,1601009462,1601009462,4,4,259,20222,715258,8.784,0.481,rxDIEqQgnUPsEzQKbi3jWDIEk55QJlkw,,0
1742585066728,cbs,1,11,jaber1,1601009462,1601009462,18,17,259,20560,712003,8.534,0.481,rxDIEqQgnUPsEzQKbi3jWDIEk55QJlkw,,0
1742585066928,cbs,1,11,jaber1,1601009462,1601009462,18,16,259,43255,465859,8.291,0.481,rxDIEqQgnUPsEzQKbi3jWDIEk55QJlkw,,0
1742585067128,cbs,1,11,jaber1,1601009462,1601009462,18,16,259,36805,717228,8.244,0.481,rxDIEqQgnUPsEzQKbi3jWDIEk55QJlkw,,0
1742585067329,cbs,1,11,jaber1,1601009462,1601009462,18,18,259,102993,206857,8.009,0.481,rxDIEqQgnUPsEzQKbi3jWDIEk55QJlkw,,0
1742585067529,cbs,1,11,jaber1,1601009462,1601009462,20,19,259,110830,264885,7.812,0.481,rxDIEqQgnUPsEzQKbi3jWDIEk55QJlkw,,0
1742585067729,cbs,1,11,jaber1,1601009462,1601009462,20,20,259,104128,256853,7.554,0.481,rxDIEqQgnUPsEzQKbi3jWDIEk55QJlkw,,0
1742585067929,cbs,1,11,jaber1,1601009462,1601009462,20,21,259,113383,189707,9.310,0.481,rxDIEqQgnUPsEzQKbi3jWDIEk55QJlkw,,0
1742585068130,cbs,1,11,jaber1,1601009462,1601009462,20,20,259,88072,266799,9.244,0.481,rxDIEqQgnUPsEzQKbi3jWDIEk55QJlkw,,0
1742585068330,cbs,1,11,jaber1,1601009462,1601009462,18,16,259,51070,502025,8.981,0.481,rxDIEqQgnUPsEzQKbi3jWDIEk55QJlkw,,0
1742585068530,cbs,1,11,jaber1,1601009462,1601009462,18,14,259,71484,314736,8.712,0.481,rxDIEqQgnUPsEzQKbi3jWDIEk55QJlkw,,0
1742585068730,cbs,1,11,jaber1,1601009462,1601009462,20,20,259,51034,397785,8.513,0.481,rxDIEqQgnUPsEzQKbi3jWDIEk55QJlkw,,0
1742585068930,cbs,1,11,jaber1,1601009462,1601009462,20,20,259,47969,642276,8.309,0.481,rxDIEqQgnUPsEzQKbi3jWDIEk55QJlkw,,0
1742585069131,cbs,1,11,jaber1,1601009462,1601009462,20,20,259,53168,323186,8.258,0.481,rxDIEqQgnUPsEzQKbi3jWDIEk55QJlkw,,0
1742585069331,cbs,1,11,jaber1,1601009462,1601009462,20,3,259,38179,627069,8.056,0.481,rxDIEqQgnUPsEzQKbi3jWDIEk55QJlkw,,0
1742585069531,cbs,1,11,jaber1,1601009462,1601009462,14,14,259,32892,291444,9.817,0.481,rxDIEqQgnUPsEzQKbi3jWDIEk55QJlkw,,0
1742585069731,cbs,1,11,jaber1,1601009462,1601009462,12,12,259,41187,282751,9.558,0.481,rxDIEqQgnUPsEzQKbi3jWDIEk55QJlkw,,0
1742585069932,cbs,1,11,jaber1,1601009462,1601009462,12,12,259,22301,716161,9.313,0.481,rxDIEqQgnUPsEzQKbi3jWDIEk55QJlkw,,0
1742585070132,cbs,1,11,jaber1,1601009462,1601009462,10,10,259,36744,233081,9.228,0.481,rxDIEqQgnUPsEzQKbi3jWDIEk55QJlkw,,0
1742585070332,cbs,1,11,jaber1,1601009462,1601009462,10,10,259,38627,248006,9.044,0.481,rxDIEqQgnUPsEzQKbi3jWDIEk55QJlkw,,0
1742585070532,cbs,1,11,jaber1,1601009462,1601009462,10,10,259,21656,717139,8.762,0.481,rxDIEqQgnUPsEzQKbi3jWDIEk55QJlkw,,0
1742585070732,cbs,1,11,jaber1,1601009462,1601009462,16,14,259,31181,511004,10.560,0.481,rxDIEqQgnUPsEzQKbi3jWDIEk55QJlkw,,0
1742585070933,cbs,1,11,jaber1,1601009462,1601009462,16,16,259,71108,208771,10.315,0.481,rxDIEqQgnUPsEzQKbi3jWDIEk55QJlkw,,0
1742585071133,cbs,1,11,jaber1,1601009462,1601009462,16,16,259,98054,166224,10.315,0.481,rxDIEqQgnUPsEzQKbi3jWDIEk55QJlkw,,0
1742585071333,cbs,1,11,jaber1,1601009462,1601009462,16,16,259,89521,214944,10.059,0.481,rxDIEqQgnUPsEzQKbi3jWDIEk55QJlkw,,0
1742585071533,cbs,1,11,jaber1,1601009462,1601009462,18,16,259,38148,623827,9.764,0.481,rxDIEqQgnUPsEzQKbi3jWDIEk55QJlkw,,0
1742585071733,cbs,1,11,jaber1,1601009462,1601009462,18,18,259,53815,432698,9.560,0.481,rxDIEqQgnUPsEzQKbi3jWDIEk55QJlkw,,0
1742585071934,cbs,1,11,jaber1,1601009462,1601009462,10,10,259,28725,640437,9.317,0.481,rxDIEqQgnUPsEzQKbi3jWDIEk55QJlkw,,0
1742585072134,cbs,1,11,jaber1,1601009462,1601009462,10,9,259,27085,675914,9.201,0.481,rxDIEqQgnUPsEzQKbi3jWDIEk55QJlkw,,0
1742585072334,cbs,1,11,jaber1,1601009462,1601009462,10,10,259,46223,208351,11.034,0.481,rxDIEqQgnUPsEzQKbi3jWDIEk55QJlkw,,0
1742585072534,cbs,1,11,jaber1,1601009462,1601009462,10,10,259,31979,622639,10.825,0.481,rxDIEqQgnUPsEzQKbi3jWDIEk55QJlkw,,0
1742585072735,cbs,1,11,jaber1,1601009462,1601009462,10,10,259,44906,277088,10.562,0.481,rxDIEqQgnUPsEzQKbi3jWDIEk55QJlkw,,0
1742585072935,cbs,1,11,jaber1,1601009462,1601009462,10,10,259,56159,214982,10.318,0.481,rxDIEqQgnUPsEzQKbi3jWDIEk55QJlkw,,0
1742585073135,cbs,1,11,jaber1,1601009462,1601009462,10,10,259,78482,161496,10.220,0.481,rxDIEqQgnUPsEzQKbi3jWDIEk55QJlkw,,0
1742585073335,cbs,1,11,jaber1,1601009462,1601009462,20,20,259,34148,382033,10.058,0.481,rxDIEqQgnUPsEzQKbi3jWDIEk55QJlkw,,0
1742585073535,cbs,1,11,jaber1,1601009462,1601009462,20,20,259,65614,242345,9.699,0.481,rxDIEqQgnUPsEzQKbi3jWDIEk55QJlkw,,0
1742585073736,cbs,1,11,jaber1,1601009462,1601009462,10,10,259,49135,587406,9.521,0.481,rxDIEqQgnUPsEzQKbi3jWDIEk55QJlkw,,0
1742585073936,cbs,1,11,jaber1,1601009462,1601009462,10,10,259,24910,708557,11.321,0.481,rxDIEqQgnUPsEzQKbi3jWDIEk55QJlkw,,0
1742585074136,cbs,1,11,jaber1,1601009462,1601009462,12,12,259,25004,749233,11.115,0.481,rxDIEqQgnUPsEzQKbi3jWDIEk55QJlkw,,0
1742585074336,cbs,1,11,jaber1,1601009462,1601009462,10,10,259,22519,715114,10.920,0.481,rxDIEqQgnUPsEzQKbi3jWDIEk55QJlkw,,0
1742585074536,cbs,1,11,jaber1,1601009462,1601009462,10,10,259,22722,403173,10.822,0.481,rxDIEqQgnUPsEzQKbi3jWDIEk55QJlkw,,0
1742585074737,cbs,1,11,jaber1,1601009462,1601009462,10,10,259,36092,203595,10.566,0.481,rxDIEqQgnUPsEzQKbi3jWDIEk55QJlkw,,0
1742585074937,cbs,1,11,jaber1,1601009462,1601009462,10,10,259,23264,711883,10.320,0.481,rxDIEqQgnUPsEzQKbi3jWDIEk55QJlkw,,0
1742585075137,cbs,1,11,jaber1,1601009462,1601009462,10,10,259,29294,208833,10.241,0.481,rxDIEqQgnUPsEzQKbi3jWDIEk55QJlkw,,0
1742585075337,cbs,1,11,jaber1,1601009462,1601009462,10,10,259,30211,598640,12.045,0.481,rxDIEqQgnUPsEzQKbi3jWDIEk55QJlkw,,0
1742585075537,cbs,1,11,jaber1,1601009462,1601009462,10,10,259,24558,587001,11.791,0.481,rxDIEqQgnUPsEzQKbi3jWDIEk55QJlkw,,0
1742585075738,cbs,1,11,jaber1,1601009462,1601009462,10,10,259,28564,408488,11.586,0.481,rxDIEqQgnUPsEzQKbi3jWDIEk55QJlkw,,0
1742585075938,cbs,1,11,jaber1,1601009462,1601009462,12,12,259,21369,637017,11.342,0.481,rxDIEqQgnUPsEzQKbi3jWDIEk55QJlkw,,0
1742585076138,cbs,1,11,jaber1,1601009462,1601009462,10,10,259,21680,682978,11.275,0.481,rxDIEqQgnUPsEzQKbi3jWDIEk55QJlkw,,0
1742585076338,cbs,1,11,jaber1,1601009462,1601009462,10,10,259,36346,243885,11.065,0.481,rxDIEqQgnUPsEzQKbi3jWDIEk55QJlkw,,0
1742585076539,cbs,1,11,jaber1,1601009462,1601009462,14,14,259,46040,269256,12.863,0.481,rxDIEqQgnUPsEzQKbi3jWDIEk55QJlkw,,0
1742585076739,cbs,1,11,jaber1,1601009462,1601009462,12,12,259,24673,715589,12.612,0.481,rxDIEqQgnUPsEzQKbi3jWDIEk55QJlkw,,0
1742585076939,cbs,1,11,jaber1,1601009462,1601009462,10,10,259,21947,713100,12.347,0.481,rxDIEqQgnUPsEzQKbi3jWDIEk55QJlkw,,0
1742585077139,cbs,1,11,jaber1,1601009462,1601009462,10,10,259,21181,716125,12.177,0.481,rxDIEqQgnUPsEzQKbi3jWDIEk55QJlkw,,0
1742585077340,cbs,1,11,jaber1,1601009462,1601009462,16,14,259,22268,592982,12.036,0.481,rxDIEqQgnUPsEzQKbi3jWDIEk55QJlkw,,0
1742585077540,cbs,1,11,jaber1,1601009462,1601009462,14,14,259,49460,387564,13.785,0.481,rxDIEqQgnUPsEzQKbi3jWDIEk55QJlkw,,0
1742585077740,cbs,1,11,jaber1,1601009462,1601009462,14,14,259,70548,205023,13.630,0.481,rxDIEqQgnUPsEzQKbi3jWDIEk55QJlkw,,0
1742585077940,cbs,1,11,jaber1,1601009462,1601009462,10,10,259,31399,303926,13.385,0.481,rxDIEqQgnUPsEzQKbi3jWDIEk55QJlkw,,0
1742585078140,cbs,1,11,jaber1,1601009462,1601009462,10,10,259,22460,685659,13.307,0.481,rxDIEqQgnUPsEzQKbi3jWDIEk55QJlkw,,0
1742585078341,cbs,1,11,jaber1,1601009462,1601009462,12,12,259,20435,708858,12.994,0.481,rxDIEqQgnUPsEzQKbi3jWDIEk55QJlkw,,0
1742585078541,cbs,1,11,jaber1,1601009462,1601009462,14,14,259,28276,630923,12.849,0.481,rxDIEqQgnUPsEzQKbi3jWDIEk55QJlkw,,0
1742585078741,cbs,1,11,jaber1,1601009462,1601009462,10,9,259,37011,369615,12.630,0.481,rxDIEqQgnUPsEzQKbi3jWDIEk55QJlkw,,0
1742585078941,cbs,1,11,jaber1,1601009462,1601009462,12,7,259,66381,160665,12.384,0.481,rxDIEqQgnUPsEzQKbi3jWDIEk55QJlkw,,0
1742585079141,cbs,1,11,jaber1,1601009462,1601009462,12,12,259,31203,527081,14.313,0.481,rxDIEqQgnUPsEzQKbi3jWDIEk55QJlkw,,0
1742585079342,cbs,1,11,jaber1,1601009462,1601009462,12,12,259,28850,437532,13.995,0.481,rxDIEqQgnUPsEzQKbi3jWDIEk55QJlkw,,0
1742585079542,cbs,1,11,jaber1,1601009462,1601009462,10,10,259,24177,346665,13.830,0.481,rxDIEqQgnUPsEzQKbi3jWDIEk55QJlkw,,0
1742585079742,cbs,1,11,jaber1,1601009462,1601009462,10,10,259,24896,717097,13.653,0.481,rxDIEqQgnUPsEzQKbi3jWDIEk55QJlkw,,0
1742585079942,cbs,1,11,jaber1,1601009462,1601009462,10,10,259,23291,516349,13.408,0.481,rxDIEqQgnUPsEzQKbi3jWDIEk55QJlkw,,0
1742585080142,cbs,1,11,jaber1,1601009462,1601009462,10,10,259,51333,162966,13.234,0.481,rxDIEqQgnUPsEzQKbi3jWDIEk55QJlkw,,0
1742585080343,cbs,1,11,jaber1,1601009462,1601009462,10,10,259,85546,183738,13.148,0.481,rxDIEqQgnUPsEzQKbi3jWDIEk55QJlkw,,0
1742585080543,cbs,1,11,jaber1,1601009462,1601009462,10,10,259,36438,555512,12.907,0.481,rxDIEqQgnUPsEzQKbi3jWDIEk55QJlkw,,0
1742585080743,cbs,1,11,jaber1,1601009462,1601009462,14,14,259,27776,713023,14.654,0.481,rxDIEqQgnUPsEzQKbi3jWDIEk55QJlkw,,0
1742585080943,cbs,1,11,jaber1,1601009462,1601009462,12,12,259,37826,311101,14.411,0.481,rxDIEqQgnUPsEzQKbi3jWDIEk55QJlkw,,0
1742585081143,cbs,1,11,jaber1,1601009462,1601009462,10,10,259,22445,702223,14.257,0.481,rxDIEqQgnUPsEzQKbi3jWDIEk55QJlkw,,0
1742585081344,cbs,1,11,jaber1,1601009462,1601009462,10,10,259,27610,280442,14.105,0.481,rxDIEqQgnUPsEzQKbi3jWDIEk55QJlkw,,0
1742585081544,cbs,1,11,jaber1,1601009462,1601009462,10,10,259,25168,714789,13.931,0.481,rxDIEqQgnUPsEzQKbi3jWDIEk55QJlkw,,0
1742585081744,cbs,1,11,jaber1,1601009462,1601009462,10,10,259,20773,715944,13.674,0.481,rxDIEqQgnUPsEzQKbi3jWDIEk55QJlkw,,0
1742585081944,cbs,1,11,jaber1,1601009462,1601009462,10,10,259,26353,251650,15.430,0.481,rxDIEqQgnUPsEzQKbi3jWDIEk55QJlkw,,0
1742585082145,cbs,1,11,jaber1,1601009462,1601009462,12,0,259,21460,535004,15.315,0.481,rxDIEqQgnUPsEzQKbi3jWDIEk55QJlkw,,0
1742585082345,cbs,1,11,jaber1,1601009462,1601009462,12,0,259,21460,535004,15.172,0.481,rxDIEqQgnUPsEzQKbi3jWDIEk55QJlkw,,0
1742585082545,cbs,1,11,jaber1,1601009462,1601009462,14,14,259,33544,319235,14.930,0.481,rxDIEqQgnUPsEzQKbi3jWDIEk55QJlkw,,0
1742585082745,cbs,1,11,jaber1,1601009462,1601009462,16,16,259,54781,346143,14.676,0.481,rxDIEqQgnUPsEzQKbi3jWDIEk55QJlkw,,0
1742585082945,cbs,1,11,jaber1,1601009462,1601009462,14,14,259,83272,187232,14.433,0.481,rxDIEqQgnUPsEzQKbi3jWDIEk55QJlkw,,0
1742585083146,cbs,1,11,jaber1,1601009462,1601009462,14,14,259,59328,320054,14.340,0.481,rxDIEqQgnUPsEzQKbi3jWDIEk55QJlkw,,0
1742585083346,cbs,1,11,jaber1,1601009462,1601009462,14,14,259,89743,206475,14.172,0.481,rxDIEqQgnUPsEzQKbi3jWDIEk55QJlkw,,0
1742585083546,cbs,1,11,jaber1,1601009462,1601009462,18,12,259,80003,233158,13.949,0.481,rxDIEqQgnUPsEzQKbi3jWDIEk55QJlkw,,0
1742585083746,cbs,1,11,jaber1,1601009462,1601009462,18,15,259,59234,381621,13.696,0.481,rxDIEqQgnUPsEzQKbi3jWDIEk55QJlkw,,0
1742585083946,cbs,1,11,jaber1,1601009462,1601009462,18,14,259,75774,277813,13.458,0.481,rxDIEqQgnUPsEzQKbi3jWDIEk55QJlkw,,0
1742585084147,cbs,1,11,jaber1,1601009462,1601009462,18,14,259,75612,272319,13.295,0.481,rxDIEqQgnUPsEzQKbi3jWDIEk55QJlkw,,0
1742585084347,cbs,1,11,jaber1,1601009462,1601009462,16,14,259,108507,225987,13.197,0.481,rxDIEqQgnUPsEzQKbi3jWDIEk55QJlkw,,0
1742585084547,cbs,1,11,jaber1,1601009462,1601009462,16,12,259,92854,259045,12.826,0.481,rxDIEqQgnUPsEzQKbi3jWDIEk55QJlkw,,0
1742585084747,cbs,1,11,jaber1,1601009462,1601009462,16,0,259,93286,223329,14.621,0.481,rxDIEqQgnUPsEzQKbi3jWDIEk55QJlkw,,0
1742585084948,cbs,1,11,jaber1,1601009462,1601009462,18,14,259,92050,223749,14.459,0.481,rxDIEqQgnUPsEzQKbi3jWDIEk55QJlkw,,0
1742585085148,cbs,1,11,jaber1,1601009462,1601009462,24,13,259,59143,237098,14.459,0.481,rxDIEqQgnUPsEzQKbi3jWDIEk55QJlkw,,0
1742585085348,cbs,1,11,jaber1,1601009462,1601009462,26,13,259,64181,457005,14.198,0.481,rxDIEqQgnUPsEzQKbi3jWDIEk55QJlkw,,0
1742585085548,cbs,1,11,jaber1,1601009462,1601009462,26,20,259,81790,294598,13.868,0.481,rxDIEqQgnUPsEzQKbi3jWDIEk55QJlkw,,0
1742585085748,cbs,1,11,jaber1,1601009462,1601009462,26,25,259,71540,285523,13.638,0.481,rxDIEqQgnUPsEzQKbi3jWDIEk55QJlkw,,0
1742585085949,cbs,1,11,jaber1,1601009462,1601009462,22,22,259,85705,285569,13.475,0.481,rxDIEqQgnUPsEzQKbi3jWDIEk55QJlkw,,0
1742585086149,cbs,1,11,jaber1,1601009462,1601009462,22,17,259,89761,333739,13.359,0.481,rxDIEqQgnUPsEzQKbi3jWDIEk55QJlkw,,0
1742585086349,cbs,1,11,jaber1,1601009462,1601009462,20,17,259,100621,269141,13.219,0.481,rxDIEqQgnUPsEzQKbi3jWDIEk55QJlkw,,0
1742585086549,cbs,1,11,jaber1,1601009462,1601009462,22,22,259,108679,258433,12.972,0.481,rxDIEqQgnUPsEzQKbi3jWDIEk55QJlkw,,0
1742585086750,cbs,1,11,jaber1,1601009462,1601009462,22,22,259,107689,254388,14.700,0.481,rxDIEqQgnUPsEzQKbi3jWDIEk55QJlkw,,0
1742585086950,cbs,1,11,jaber1,1601009462,1601009462,20,18,259,110421,279631,14.470,0.481,rxDIEqQgnUPsEzQKbi3jWDIEk55QJlkw,,0
1742585087150,cbs,1,11,jaber1,1601009462,1601009462,22,18,259,105390,281212,14.390,0.481,rxDIEqQgnUPsEzQKbi3jWDIEk55QJlkw,,0
1742585087350,cbs,1,11,jaber1,1601009462,1601009462,18,18,259,80748,215873,14.070,0.481,rxDIEqQgnUPsEzQKbi3jWDIEk55QJlkw,,0
1742585087550,cbs,1,11,jaber1,1601009462,1601009462,16,15,259,74621,238006,13.999,0.481,rxDIEqQgnUPsEzQKbi3jWDIEk55QJlkw,,0
1742585087751,cbs,1,11,jaber1,1601009462,1601009462,16,14,259,60103,264367,13.740,0.481,rxDIEqQgnUPsEzQKbi3jWDIEk55QJlkw,,0
1742585087951,cbs,1,11,jaber1,1601009462,1601009462,14,12,259,81832,345012,13.460,0.481,rxDIEqQgnUPsEzQKbi3jWDIEk55QJlkw,,0
1742585088151,cbs,1,11,jaber1,1601009462,1601009462,14,14,259,56034,203662,13.460,0.481,rxDIEqQgnUPsEzQKbi3jWDIEk55QJlkw,,0
1742585088351,cbs,1,11,jaber1,1601009462,1601009462,14,14,259,69833,205000,13.233,0.481,rxDIEqQgnUPsEzQKbi3jWDIEk55QJlkw,,0
1742585088551,cbs,1,11,jaber1,1601009462,1601009462,14,14,259,64041,183247,12.995,0.481,rxDIEqQgnUPsEzQKbi3jWDIEk55QJlkw,,0
1742585088752,cbs,1,11,jaber1,1601009462,1601009462,16,16,259,72446,229670,14.742,0.481,rxDIEqQgnUPsEzQKbi3jWDIEk55QJlkw,,0
1742585088952,cbs,1,11,jaber1,1601009462,1601009462,12,12,259,47548,184531,14.492,0.481,rxDIEqQgnUPsEzQKbi3jWDIEk55QJlkw,,0
1742585089152,cbs,1,11,jaber1,1601009462,1601009462,4,4,259,20585,709443,14.295,0.481,rxDIEqQgnUPsEzQKbi3jWDIEk55QJlkw,,0
1742585089352,cbs,1,11,jaber1,1601009462,1601009462,14,24,259,37435,247979,14.139,0.481,rxDIEqQgnUPsEzQKbi3jWDIEk55QJlkw,,0
1742585089553,cbs,1,11,jaber1,1601009462,1601009462,16,16,259,39344,375092,13.949,0.481,rxDIEqQgnUPsEzQKbi3jWDIEk55QJlkw,,0
1742585089753,cbs,1,11,jaber1,1601009462,1601009462,16,16,259,36315,703024,13.704,0.481,rxDIEqQgnUPsEzQKbi3jWDIEk55QJlkw,,0
1742585089953,cbs,1,11,jaber1,1601009462,1601009462,18,0,259,48654,226626,15.514,0.481,rxDIEqQgnUPsEzQKbi3jWDIEk55QJlkw,,0
1742585090153,cbs,1,11,jaber1,1601009462,1601009462,18,0,259,48654,226626,15.514,0.481,rxDIEqQgnUPsEzQKbi3jWDIEk55QJlkw,,0
1742585090353,cbs,1,11,jaber1,1601009462,1601009462,18,0,259,48654,226626,15.260,0.481,rxDIEqQgnUPsEzQKbi3jWDIEk55QJlkw,,0
1742585090554,cbs,1,11,jaber1,1601009462,1601009462,30,15,259,40405,680733,14.918,0.481,rxDIEqQgnUPsEzQKbi3jWDIEk55QJlkw,,0
1742585090754,cbs,1,11,jaber1,1601009462,1601009462,20,20,259,45495,706911,14.735,0.481,rxDIEqQgnUPsEzQKbi3jWDIEk55QJlkw,,0
1742585090954,cbs,1,11,jaber1,1601009462,1601009462,10,10,259,29159,717357,14.524,0.481,rxDIEqQgnUPsEzQKbi3jWDIEk55QJlkw,,0
1742585091154,cbs,1,11,jaber1,1601009462,1601009462,12,12,259,20649,531643,14.427,0.481,rxDIEqQgnUPsEzQKbi3jWDIEk55QJlkw,,0
1742585091355,cbs,1,11,jaber1,1601009462,1601009462,14,0,259,19201,565115,16.248,0.481,rxDIEqQgnUPsEzQKbi3jWDIEk55QJlkw,,0
1742585091555,cbs,1,11,jaber1,1601009462,1601009462,14,0,259,19201,565115,16.017,0.481,rxDIEqQgnUPsEzQKbi3jWDIEk55QJlkw,,0
1742585091755,cbs,1,11,jaber1,1601009462,1601009462,14,0,259,19201,565115,15.766,0.481,rxDIEqQgnUPsEzQKbi3jWDIEk55QJlkw,,0
1742585091955,cbs,1,11,jaber1,1601009462,1601009462,14,0,259,19201,565115,15.520,0.481,rxDIEqQgnUPsEzQKbi3jWDIEk55QJlkw,,0
1742585092155,cbs,1,11,jaber1,1601009462,1601009462,14,0,259,19201,565115,15.520,0.481,rxDIEqQgnUPsEzQKbi3jWDIEk55QJlkw,,0
1742585092356,cbs,1,11,jaber1,1601009462,1601009462,14,0,259,19201,565115,15.262,0.481,rxDIEqQgnUPsEzQKbi3jWDIEk55QJlkw,,0
1742585092556,cbs,1,11,jaber1,1601009462,1601009462,14,0,259,19201,565115,15.020,0.481,rxDIEqQgnUPsEzQKbi3jWDIEk55QJlkw,,0
1742585092756,cbs,1,11,jaber1,1601009462,1601009462,12,12,259,20890,709650,14.766,0.481,rxDIEqQgnUPsEzQKbi3jWDIEk55QJlkw,,0
1742585092956,cbs,1,11,jaber1,1601009462,1601009462,12,10,259,21117,717720,14.525,0.481,rxDIEqQgnUPsEzQKbi3jWDIEk55QJlkw,,0
1742585093156,cbs,1,11,jaber1,1601009462,1601009462,10,10,259,22260,709851,14.284,0.481,rxDIEqQgnUPsEzQKbi3jWDIEk55QJlkw,,0
1742585093357,cbs,1,11,jaber1,1601009462,1601009462,12,11,259,19835,713782,14.141,0.481,rxDIEqQgnUPsEzQKbi3jWDIEk55QJlkw,,0
1742585093557,cbs,1,11,jaber1,1601009462,1601009462,10,0,259,20256,602797,16.019,0.481,rxDIEqQgnUPsEzQKbi3jWDIEk55QJlkw,,0
1742585093757,cbs,1,11,jaber1,1601009462,1601009462,10,0,259,20256,602797,15.768,0.481,rxDIEqQgnUPsEzQKbi3jWDIEk55QJlkw,,0
1742585093957,cbs,1,11,jaber1,1601009462,1601009462,10,0,259,20256,602797,15.518,0.481,rxDIEqQgnUPsEzQKbi3jWDIEk55QJlkw,,0
1742585094157,cbs,1,11,jaber1,1601009462,1601009462,10,0,259,20256,602797,15.518,0.481,rxDIEqQgnUPsEzQKbi3jWDIEk55QJlkw,,0
1742585094358,cbs,1,11,jaber1,1601009462,1601009462,10,0,259,20256,602797,15.264,0.481,rxDIEqQgnUPsEzQKbi3jWDIEk55QJlkw,,0
1742585094558,cbs,1,11,jaber1,1601009462,1601009462,10,0,259,20256,602797,15.022,0.481,rxDIEqQgnUPsEzQKbi3jWDIEk55QJlkw,,0
1742585094758,cbs,1,11,jaber1,1601009462,1601009462,12,12,259,28771,602797,14.768,0.481,rxDIEqQgnUPsEzQKbi3jWDIEk55QJlkw,,0
1742585094958,cbs,1,11,jaber1,1601009462,1601009462,10,10,259,43427,170389,14.517,0.481,rxDIEqQgnUPsEzQKbi3jWDIEk55QJlkw,,0
1742585095158,cbs,1,11,jaber1,1601009462,1601009462,10,10,259,26152,598135,14.477,0.481,rxDIEqQgnUPsEzQKbi3jWDIEk55QJlkw,,0
1742585095359,cbs,1,11,jaber1,1601009462,1601009462,12,12,259,26201,306164,14.207,0.481,rxDIEqQgnUPsEzQKbi3jWDIEk55QJlkw,,0
1742585095559,cbs,1,11,jaber1,1601009462,1601009462,10,10,259,50965,162780,14.016,0.481,rxDIEqQgnUPsEzQKbi3jWDIEk55QJlkw,,0
1742585095759,cbs,1,11,jaber1,1601009462,1601009462,10,10,259,27317,598590,13.740,0.481,rxDIEqQgnUPsEzQKbi3jWDIEk55QJlkw,,0
1742585095959,cbs,1,11,jaber1,1601009462,1601009462,10,10,259,20629,716915,15.545,0.481,rxDIEqQgnUPsEzQKbi3jWDIEk55QJlkw,,0
1742585096160,cbs,1,11,jaber1,1601009462,1601009462,12,0,259,20305,716306,15.455,0.481,rxDIEqQgnUPsEzQKbi3jWDIEk55QJlkw,,0
1742585096360,cbs,1,11,jaber1,1601009462,1601009462,12,0,259,20305,716306,15.290,0.481,rxDIEqQgnUPsEzQKbi3jWDIEk55QJlkw,,0
1742585096560,cbs,1,11,jaber1,1601009462,1601009462,12,0,259,20305,716306,15.046,0.481,rxDIEqQgnUPsEzQKbi3jWDIEk55QJlkw,,0
1742585096760,cbs,1,11,jaber1,1601009462,1601009462,12,12,259,20730,713249,14.790,0.481,rxDIEqQgnUPsEzQKbi3jWDIEk55QJlkw,,0
1742585096960,cbs,1,11,jaber1,1601009462,1601009462,12,11,259,21671,714969,14.544,0.481,rxDIEqQgnUPsEzQKbi3jWDIEk55QJlkw,,0
1742585097161,cbs,1,11,jaber1,1601009462,1601009462,10,10,259,19972,597228,14.328,0.481,rxDIEqQgnUPsEzQKbi3jWDIEk55QJlkw,,0
1742585097361,cbs,1,11,jaber1,1601009462,1601009462,10,10,259,20554,716342,14.184,0.481,rxDIEqQgnUPsEzQKbi3jWDIEk55QJlkw,,0
1742585097561,cbs,1,11,jaber1,1601009462,1601009462,10,10,259,19945,716921,14.064,0.481,rxDIEqQgnUPsEzQKbi3jWDIEk55QJlkw,,0
1742585097761,cbs,1,11,jaber1,1601009462,1601009462,12,0,259,21086,633233,15.784,0.481,rxDIEqQgnUPsEzQKbi3jWDIEk55QJlkw,,0
1742585097961,cbs,1,11,jaber1,1601009462,1601009462,12,0,259,21086,633233,15.562,0.481,rxDIEqQgnUPsEzQKbi3jWDIEk55QJlkw,,0
1742585098162,cbs,1,11,jaber1,1601009462,1601009462,12,0,259,21086,633233,15.562,0.481,rxDIEqQgnUPsEzQKbi3jWDIEk55QJlkw,,0
1742585098362,cbs,1,11,jaber1,1601009462,1601009462,12,0,259,21086,633233,15.309,0.481,rxDIEqQgnUPsEzQKbi3jWDIEk55QJlkw,,0
1742585098562,cbs,1,11,jaber1,1601009462,1601009462,12,0,259,21086,633233,15.064,0.481,rxDIEqQgnUPsEzQKbi3jWDIEk55QJlkw,,0
1742585098762,cbs,1,11,jaber1,1601009462,1601009462,16,16,259,25100,687640,14.812,0.481,rxDIEqQgnUPsEzQKbi3jWDIEk55QJlkw,,0
1742585098963,cbs,1,11,jaber1,1601009462,1601009462,12,14,259,29363,717067,14.568,0.481,rxDIEqQgnUPsEzQKbi3jWDIEk55QJlkw,,0
1742585099163,cbs,1,11,jaber1,1601009462,1601009462,10,10,259,19686,716958,14.342,0.481,rxDIEqQgnUPsEzQKbi3jWDIEk55QJlkw,,0
1742585099363,cbs,1,11,jaber1,1601009462,1601009462,14,10,259,20511,716704,14.197,0.481,rxDIEqQgnUPsEzQKbi3jWDIEk55QJlkw,,0
1742585099563,cbs,1,11,jaber1,1601009462,1601009462,14,12,259,79816,205059,14.063,0.481,rxDIEqQgnUPsEzQKbi3jWDIEk55QJlkw,,0
1742585099763,cbs,1,11,jaber1,1601009462,1601009462,10,8,259,25954,568564,13.772,0.481,rxDIEqQgnUPsEzQKbi3jWDIEk55QJlkw,,0
1742585099964,cbs,1,11,jaber1,1601009462,1601009462,12,0,259,20669,598514,15.567,0.481,rxDIEqQgnUPsEzQKbi3jWDIEk55QJlkw,,0
1742585100164,cbs,1,11,jaber1,1601009462,1601009462,12,0,259,20669,598514,15.567,0.481,rxDIEqQgnUPsEzQKbi3jWDIEk55QJlkw,,0
1742585100364,cbs,1,11,jaber1,1601009462,1601009462,30,0,259,40821,681309,15.197,0.481,rxDIEqQgnUPsEzQKbi3jWDIEk55QJlkw,,0
1742585100564,cbs,1,11,jaber1,1601009462,1601009462,30,0,259,40821,681309,15.066,0.481,rxDIEqQgnUPsEzQKbi3jWDIEk55QJlkw,,0
1742585100765,cbs,1,11,jaber1,1601009462,1601009462,24,24,259,39963,716638,14.814,0.481,rxDIEqQgnUPsEzQKbi3jWDIEk55QJlkw,,0
1742585100965,cbs,1,11,jaber1,1601009462,1601009462,22,22,259,43654,716375,14.573,0.481,rxDIEqQgnUPsEzQKbi3jWDIEk55QJlkw,,0
1742585101165,cbs,1,11,jaber1,1601009462,1601009462,10,8,259,20416,707902,14.356,0.481,rxDIEqQgnUPsEzQKbi3jWDIEk55QJlkw,,0
1742585101365,cbs,1,11,jaber1,1601009462,1601009462,10,10,259,21780,717278,14.173,0.481,rxDIEqQgnUPsEzQKbi3jWDIEk55QJlkw,,0
1742585101565,cbs,1,11,jaber1,1601009462,1601009462,10,10,259,20329,716813,14.048,0.481,rxDIEqQgnUPsEzQKbi3jWDIEk55QJlkw,,0
1742585101766,cbs,1,11,jaber1,1601009462,1601009462,12,0,259,21090,551607,15.810,0.481,rxDIEqQgnUPsEzQKbi3jWDIEk55QJlkw,,0
1742585101966,cbs,1,11,jaber1,1601009462,1601009462,12,0,259,21090,551607,15.594,0.481,rxDIEqQgnUPsEzQKbi3jWDIEk55QJlkw,,0
1742585102166,cbs,1,11,jaber1,1601009462,1601009462,12,0,259,21090,551607,15.594,0.481,rxDIEqQgnUPsEzQKbi3jWDIEk55QJlkw,,0
1742585102366,cbs,1,11,jaber1,1601009462,1601009462,12,0,259,21090,551607,15.332,0.481,rxDIEqQgnUPsEzQKbi3jWDIEk55QJlkw,,0
1742585102567,cbs,1,11,jaber1,1601009462,1601009462,12,0,259,21090,551607,15.090,0.481,rxDIEqQgnUPsEzQKbi3jWDIEk55QJlkw,,0
1742585102767,cbs,1,11,jaber1,1601009462,1601009462,12,12,259,21709,711923,14.836,0.481,rxDIEqQgnUPsEzQKbi3jWDIEk55QJlkw,,0
1742585102967,cbs,1,11,jaber1,1601009462,1601009462,10,10,259,21603,595923,14.597,0.481,rxDIEqQgnUPsEzQKbi3jWDIEk55QJlkw,,0
1742585103167,cbs,1,11,jaber1,1601009462,1601009462,10,10,259,20603,674210,14.371,0.481,rxDIEqQgnUPsEzQKbi3jWDIEk55QJlkw,,0
1742585103367,cbs,1,11,jaber1,1601009462,1601009462,12,12,259,20254,716463,14.226,0.481,rxDIEqQgnUPsEzQKbi3jWDIEk55QJlkw,,0
1742585103568,cbs,1,11,jaber1,1601009462,1601009462,12,4,259,25968,686793,14.083,0.481,rxDIEqQgnUPsEzQKbi3jWDIEk55QJlkw,,0
1742585103768,cbs,1,11,jaber1,1601009462,1601009462,12,0,259,25542,672835,15.838,0.481,rxDIEqQgnUPsEzQKbi3jWDIEk55QJlkw,,0
1742585103968,cbs,1,11,jaber1,1601009462,1601009462,12,0,259,25542,672835,15.587,0.481,rxDIEqQgnUPsEzQKbi3jWDIEk55QJlkw,,0
1742585104168,cbs,1,11,jaber1,1601009462,1601009462,12,0,259,25542,672835,15.587,0.481,rxDIEqQgnUPsEzQKbi3jWDIEk55QJlkw,,0
1742585104368,cbs,1,11,jaber1,1601009462,1601009462,12,0,259,25542,672835,15.334,0.481,rxDIEqQgnUPsEzQKbi3jWDIEk55QJlkw,,0
1742585104569,cbs,1,11,jaber1,1601009462,1601009462,12,0,259,25542,672835,15.093,0.481,rxDIEqQgnUPsEzQKbi3jWDIEk55QJlkw,,0
1742585104769,cbs,1,11,jaber1,1601009462,1601009462,18,18,259,27627,716614,14.838,0.481,rxDIEqQgnUPsEzQKbi3jWDIEk55QJlkw,,0
1742585104969,cbs,1,11,jaber1,1601009462,1601009462,14,14,259,28343,716368,14.593,0.481,rxDIEqQgnUPsEzQKbi3jWDIEk55QJlkw,,0
1742585105169,cbs,1,11,jaber1,1601009462,1601009462,10,10,259,20403,716849,14.337,0.481,rxDIEqQgnUPsEzQKbi3jWDIEk55QJlkw,,0
1742585105369,cbs,1,11,jaber1,1601009462,1601009462,14,6,259,21107,475240,16.163,0.481,rxDIEqQgnUPsEzQKbi3jWDIEk55QJlkw,,0
1742585105570,cbs,1,11,jaber1,1601009462,1601009462,16,0,259,20804,661998,16.055,0.481,rxDIEqQgnUPsEzQKbi3jWDIEk55QJlkw,,0
1742585105770,cbs,1,11,jaber1,1601009462,1601009462,16,0,259,20804,661998,15.840,0.481,rxDIEqQgnUPsEzQKbi3jWDIEk55QJlkw,,0
1742585105970,cbs,1,11,jaber1,1601009462,1601009462,16,0,259,20804,661998,15.589,0.481,rxDIEqQgnUPsEzQKbi3jWDIEk55QJlkw,,0
1742585106170,cbs,1,11,jaber1,1601009462,1601009462,16,0,259,20804,661998,15.589,0.481,rxDIEqQgnUPsEzQKbi3jWDIEk55QJlkw,,0
1742585106371,cbs,1,11,jaber1,1601009462,1601009462,16,0,259,20804,661998,15.336,0.481,rxDIEqQgnUPsEzQKbi3jWDIEk55QJlkw,,0
1742585106571,cbs,1,11,jaber1,1601009462,1601009462,16,0,259,20804,661998,15.093,0.481,rxDIEqQgnUPsEzQKbi3jWDIEk55QJlkw,,0
1742585106771,cbs,1,11,jaber1,1601009462,1601009462,22,22,259,31881,714717,14.840,0.481,rxDIEqQgnUPsEzQKbi3jWDIEk55QJlkw,,0
1742585106971,cbs,1,11,jaber1,1601009462,1601009462,20,20,259,97632,228933,14.595,0.481,rxDIEqQgnUPsEzQKbi3jWDIEk55QJlkw,,0
1742585107171,cbs,1,11,jaber1,1601009462,1601009462,20,20,259,106434,279371,14.595,0.481,rxDIEqQgnUPsEzQKbi3jWDIEk55QJlkw,,0
1742585107372,cbs,1,11,jaber1,1601009462,1601009462,14,14,259,105966,261127,14.174,0.481,rxDIEqQgnUPsEzQKbi3jWDIEk55QJlkw,,0
1742585107572,cbs,1,11,jaber1,1601009462,1601009462,12,12,259,52707,215023,14.108,0.481,rxDIEqQgnUPsEzQKbi3jWDIEk55QJlkw,,0
1742585107772,cbs,1,11,jaber1,1601009462,1601009462,14,14,259,84896,183253,13.821,0.481,rxDIEqQgnUPsEzQKbi3jWDIEk55QJlkw,,0
1742585107972,cbs,1,11,jaber1,1601009462,1601009462,24,11,259,67459,278963,13.615,0.481,rxDIEqQgnUPsEzQKbi3jWDIEk55QJlkw,,0
