1748300160000,1,1
1748300220000,1,1
1748300280000,1,1
1748300340000,1,1
1748300400000,1,1
1748300460000,1,1
1748300520000,1,1
1748300580000,1,1
1748300640000,1,1
1748300700000,1,1
1748300760000,1,1
1748300820000,1,1
1748300880000,1,1
1748300940000,1,1
1748301000000,1,1
1748301060000,1,1
1748301120000,1,1
1748301180000,1,1
1748301240000,1,1
1748301300000,1,1
1748301360000,1,1
1748301420000,1,1
1748301480000,1,1
1748301540000,1,1
1748301600000,1,1
1748301660000,1,1
1748301720000,1,1
1748301780000,1,1
1748301840000,1,1
1748301900000,1,1
1748301960000,1,1
1748302020000,1,1
1748302080000,1,1
1748302140000,1,1
1748302200000,1,1
1748302260000,1,1
1748302320000,1,1
1748302380000,1,1
1748302440000,1,1
1748302500000,1,1
1748302560000,1,1
1748302620000,1,1
1748302680000,1,1
1748302740000,1,1
1748302800000,1,1
1748302860000,1,1
1748302920000,1,1
1748302980000,1,1
1748303040000,1,1
1748303100000,1,1
1748303160000,1,1
1748303220000,1,1
1748303280000,1,1
1748303340000,1,1
1748303400000,1,1
1748303460000,1,1
1748303520000,1,1
1748303580000,1,1
1748303640000,1,1
1748303700000,1,1
1748303760000,1,1
1748303820000,1,1
1748303880000,1,1
1748303940000,1,1
1748304000000,1,1
1748304060000,1,1
1748304120000,1,1
1748304180000,1,1
1748304240000,1,1
1748304300000,1,1
1748304360000,1,1
1748304420000,1,1
1748304480000,1,1
1748304540000,1,1
1748304600000,1,1
1748304660000,1,1
1748304720000,1,1
1748304780000,1,1
1748304840000,1,1
1748304900000,1,1
1748304960000,1,1
1748305020000,1,1
1748305080000,1,1
1748305140000,1,1
1748305200000,1,1
1748305260000,1,1
1748305320000,1,1
1748305380000,1,1
1748305440000,1,1
1748305500000,1,1
1748305560000,1,1
1748305620000,1,1
1748305680000,1,1
1748305740000,1,1
1748305800000,1,1
1748305860000,1,1
1748305920000,1,1
1748305980000,1,1
1748306040000,1,1
1748306100000,1,1
1748306160000,1,1
1748306220000,1,1
1748306280000,1,1
1748306340000,1,1
1748306400000,1,1
1748306460000,1,1
1748306520000,1,1
1748306580000,1,1
1748306640000,1,1
1748306700000,1,1
1748306760000,1,1
1748306820000,1,1
1748306880000,1,1
1748306940000,1,1
1748307000000,1,1
1748307060000,1,1
1748307120000,1,1
1748307180000,1,1
1748307240000,1,1
1748307300000,1,1
1748307360000,1,1
1748307420000,1,1
1748307480000,1,1
1748307540000,1,1
1748307600000,1,1
1748307660000,1,1
1748307720000,1,1
1748307780000,1,1
1748307840000,1,1
1748307900000,1,1
1748307960000,1,1
1748308020000,1,1
1748308080000,1,1
1748308140000,1,1
1748308200000,1,1
1748308260000,1,1
1748308320000,1,1
1748308380000,1,1
1748308440000,1,1
1748308500000,1,1
1748308560000,1,1
1748308620000,1,1
1748308680000,1,1
1748308740000,1,1
1748308800000,1,1
1748308860000,1,1
1748308920000,1,1
1748308980000,1,1
1748309040000,1,1
1748309100000,1,1
1748309160000,1,1
1748309220000,1,1
1748309280000,1,1
1748309340000,1,1
